 4.0000000E-04  0.0000000E+00
 8.0000000E-04  0.0000000E+00
 1.2000000E-03  0.0000000E+00
 1.6000000E-03  0.0000000E+00
 2.0000000E-03  0.0000000E+00
 2.4000000E-03  0.0000000E+00
 2.8000000E-03  0.0000000E+00
 3.2000000E-03  0.0000000E+00
 3.6000000E-03  0.0000000E+00
 4.0000000E-03  0.0000000E+00
 4.4000000E-03  0.0000000E+00
 4.8000000E-03  0.0000000E+00
 5.2000000E-03  0.0000000E+00
 5.6000000E-03  0.0000000E+00
 6.0000000E-03  0.0000000E+00
 6.4000000E-03  0.0000000E+00
 6.8000000E-03  0.0000000E+00
 7.2000000E-03  0.0000000E+00
 7.6000000E-03  0.0000000E+00
 8.0000000E-03  0.0000000E+00
 8.4000000E-03  0.0000000E+00
 8.8000000E-03  0.0000000E+00
 9.2000000E-03  0.0000000E+00
 9.6000000E-03  0.0000000E+00
 1.0000000E-02  0.0000000E+00
 1.0400000E-02  0.0000000E+00
 1.0800000E-02  0.0000000E+00
 1.1200000E-02  0.0000000E+00
 1.1600000E-02  0.0000000E+00
 1.2000000E-02  0.0000000E+00
 1.2400000E-02  0.0000000E+00
 1.2800000E-02  0.0000000E+00
 1.3200000E-02  0.0000000E+00
 1.3600000E-02  0.0000000E+00
 1.4000000E-02  0.0000000E+00
 1.4400000E-02  0.0000000E+00
 1.4800000E-02  0.0000000E+00
 1.5200000E-02  0.0000000E+00
 1.5600000E-02  0.0000000E+00
 1.6000000E-02  0.0000000E+00
 1.6400000E-02  0.0000000E+00
 1.6800000E-02  0.0000000E+00
 1.7200000E-02  0.0000000E+00
 1.7600000E-02  0.0000000E+00
 1.8000000E-02  0.0000000E+00
 1.8400000E-02  0.0000000E+00
 1.8800000E-02  0.0000000E+00
 1.9200000E-02  0.0000000E+00
 1.9600000E-02  0.0000000E+00
 2.0000000E-02  0.0000000E+00
 2.0400000E-02  0.0000000E+00
 2.0800000E-02  0.0000000E+00
 2.1200000E-02  0.0000000E+00
 2.1600000E-02  0.0000000E+00
 2.2000000E-02  0.0000000E+00
 2.2400000E-02  0.0000000E+00
 2.2800000E-02  0.0000000E+00
 2.3200000E-02  0.0000000E+00
 2.3600000E-02  0.0000000E+00
 2.4000000E-02  0.0000000E+00
 2.4400000E-02  0.0000000E+00
 2.4800000E-02  0.0000000E+00
 2.5200000E-02  0.0000000E+00
 2.5600000E-02  0.0000000E+00
 2.6000000E-02  0.0000000E+00
 2.6400000E-02  0.0000000E+00
 2.6800000E-02  0.0000000E+00
 2.7200000E-02  0.0000000E+00
 2.7600000E-02  0.0000000E+00
 2.8000000E-02  0.0000000E+00
 2.8400000E-02  0.0000000E+00
 2.8800000E-02  0.0000000E+00
 2.9200000E-02  0.0000000E+00
 2.9600000E-02  0.0000000E+00
 3.0000000E-02  0.0000000E+00
 3.0400000E-02  0.0000000E+00
 3.0800000E-02  0.0000000E+00
 3.1200000E-02  0.0000000E+00
 3.1600000E-02  0.0000000E+00
 3.2000000E-02  0.0000000E+00
 3.2400000E-02  0.0000000E+00
 3.2800000E-02  0.0000000E+00
 3.3200000E-02  0.0000000E+00
 3.3600000E-02  0.0000000E+00
 3.4000000E-02  0.0000000E+00
 3.4400000E-02  0.0000000E+00
 3.4800000E-02  0.0000000E+00
 3.5200000E-02  0.0000000E+00
 3.5600000E-02  0.0000000E+00
 3.6000000E-02  0.0000000E+00
 3.6400000E-02  0.0000000E+00
 3.6800000E-02  0.0000000E+00
 3.7200000E-02  0.0000000E+00
 3.7600000E-02  0.0000000E+00
 3.8000000E-02  0.0000000E+00
 3.8400000E-02  0.0000000E+00
 3.8800000E-02  0.0000000E+00
 3.9200000E-02  0.0000000E+00
 3.9600000E-02  0.0000000E+00
 4.0000000E-02  0.0000000E+00
 4.0400000E-02  0.0000000E+00
 4.0800000E-02  0.0000000E+00
 4.1200000E-02  0.0000000E+00
 4.1600000E-02  0.0000000E+00
 4.2000000E-02  0.0000000E+00
 4.2400000E-02  0.0000000E+00
 4.2800000E-02  0.0000000E+00
 4.3200000E-02  0.0000000E+00
 4.3600000E-02  0.0000000E+00
 4.4000000E-02  0.0000000E+00
 4.4400000E-02  0.0000000E+00
 4.4800000E-02  0.0000000E+00
 4.5200000E-02  0.0000000E+00
 4.5600000E-02  0.0000000E+00
 4.6000000E-02  0.0000000E+00
 4.6400000E-02  0.0000000E+00
 4.6800000E-02  0.0000000E+00
 4.7200000E-02  0.0000000E+00
 4.7600000E-02  0.0000000E+00
 4.8000000E-02  0.0000000E+00
 4.8400000E-02  0.0000000E+00
 4.8800000E-02  0.0000000E+00
 4.9200000E-02  0.0000000E+00
 4.9600000E-02  0.0000000E+00
 5.0000000E-02  0.0000000E+00
 5.0400000E-02  0.0000000E+00
 5.0800000E-02  0.0000000E+00
 5.1200000E-02  0.0000000E+00
 5.1600000E-02  0.0000000E+00
 5.2000000E-02  0.0000000E+00
 5.2400000E-02  0.0000000E+00
 5.2800000E-02  0.0000000E+00
 5.3200000E-02  0.0000000E+00
 5.3600000E-02  0.0000000E+00
 5.4000000E-02  0.0000000E+00
 5.4400000E-02  0.0000000E+00
 5.4800000E-02  0.0000000E+00
 5.5200000E-02  0.0000000E+00
 5.5600000E-02  0.0000000E+00
 5.6000000E-02  0.0000000E+00
 5.6400000E-02  0.0000000E+00
 5.6800000E-02  0.0000000E+00
 5.7200000E-02  0.0000000E+00
 5.7600000E-02  0.0000000E+00
 5.8000000E-02  0.0000000E+00
 5.8400000E-02  0.0000000E+00
 5.8800000E-02  0.0000000E+00
 5.9200000E-02  0.0000000E+00
 5.9600000E-02  0.0000000E+00
 6.0000000E-02  0.0000000E+00
 6.0400000E-02  0.0000000E+00
 6.0800000E-02  0.0000000E+00
 6.1200000E-02  0.0000000E+00
 6.1600000E-02  0.0000000E+00
 6.2000000E-02  0.0000000E+00
 6.2400000E-02  0.0000000E+00
 6.2800000E-02  0.0000000E+00
 6.3200000E-02  0.0000000E+00
 6.3600000E-02  0.0000000E+00
 6.4000000E-02  0.0000000E+00
 6.4400000E-02  0.0000000E+00
 6.4800000E-02  0.0000000E+00
 6.5200000E-02  0.0000000E+00
 6.5600000E-02  0.0000000E+00
 6.6000000E-02  0.0000000E+00
 6.6400000E-02  0.0000000E+00
 6.6800000E-02  0.0000000E+00
 6.7200000E-02  0.0000000E+00
 6.7600000E-02  0.0000000E+00
 6.8000000E-02  0.0000000E+00
 6.8400000E-02  0.0000000E+00
 6.8800000E-02  0.0000000E+00
 6.9200000E-02  0.0000000E+00
 6.9600000E-02  0.0000000E+00
 7.0000000E-02  0.0000000E+00
 7.0400000E-02  0.0000000E+00
 7.0800000E-02  0.0000000E+00
 7.1200000E-02  0.0000000E+00
 7.1600000E-02  0.0000000E+00
 7.2000000E-02  0.0000000E+00
 7.2400000E-02  0.0000000E+00
 7.2800000E-02  0.0000000E+00
 7.3200000E-02  0.0000000E+00
 7.3600000E-02  0.0000000E+00
 7.4000000E-02  0.0000000E+00
 7.4400000E-02  0.0000000E+00
 7.4800000E-02  0.0000000E+00
 7.5200000E-02  0.0000000E+00
 7.5600000E-02  0.0000000E+00
 7.6000000E-02  0.0000000E+00
 7.6400000E-02  0.0000000E+00
 7.6800000E-02  0.0000000E+00
 7.7200000E-02  0.0000000E+00
 7.7600000E-02  0.0000000E+00
 7.8000000E-02  0.0000000E+00
 7.8400000E-02  0.0000000E+00
 7.8800000E-02  0.0000000E+00
 7.9200000E-02  0.0000000E+00
 7.9600000E-02  0.0000000E+00
 8.0000000E-02  0.0000000E+00
 8.0400000E-02  0.0000000E+00
 8.0800000E-02  0.0000000E+00
 8.1200000E-02  0.0000000E+00
 8.1600000E-02  0.0000000E+00
 8.2000000E-02  0.0000000E+00
 8.2400000E-02  0.0000000E+00
 8.2800000E-02  0.0000000E+00
 8.3200000E-02  0.0000000E+00
 8.3600000E-02  0.0000000E+00
 8.4000000E-02  0.0000000E+00
 8.4400000E-02  0.0000000E+00
 8.4800000E-02  0.0000000E+00
 8.5200000E-02  0.0000000E+00
 8.5600000E-02  0.0000000E+00
 8.6000000E-02  0.0000000E+00
 8.6400000E-02  0.0000000E+00
 8.6800000E-02  0.0000000E+00
 8.7200000E-02  0.0000000E+00
 8.7600000E-02  0.0000000E+00
 8.8000000E-02  0.0000000E+00
 8.8400000E-02  0.0000000E+00
 8.8800000E-02  0.0000000E+00
 8.9200000E-02  0.0000000E+00
 8.9600000E-02  0.0000000E+00
 9.0000000E-02  0.0000000E+00
 9.0400000E-02  0.0000000E+00
 9.0800000E-02  0.0000000E+00
 9.1200000E-02  0.0000000E+00
 9.1600000E-02  0.0000000E+00
 9.2000000E-02  0.0000000E+00
 9.2400000E-02  0.0000000E+00
 9.2800000E-02  0.0000000E+00
 9.3200000E-02  0.0000000E+00
 9.3600000E-02  0.0000000E+00
 9.4000000E-02  0.0000000E+00
 9.4400000E-02  0.0000000E+00
 9.4800000E-02  0.0000000E+00
 9.5200000E-02  0.0000000E+00
 9.5600000E-02  0.0000000E+00
 9.6000000E-02  0.0000000E+00
 9.6400000E-02  0.0000000E+00
 9.6800000E-02  0.0000000E+00
 9.7200000E-02  0.0000000E+00
 9.7600000E-02  0.0000000E+00
 9.8000000E-02  0.0000000E+00
 9.8400000E-02  0.0000000E+00
 9.8800000E-02  0.0000000E+00
 9.9200000E-02  0.0000000E+00
 9.9600000E-02  0.0000000E+00
 1.0000000E-01  0.0000000E+00
 1.0040000E-01  0.0000000E+00
 1.0080000E-01  0.0000000E+00
 1.0120000E-01  0.0000000E+00
 1.0160000E-01  0.0000000E+00
 1.0200000E-01  0.0000000E+00
 1.0240000E-01  0.0000000E+00
 1.0280000E-01  0.0000000E+00
 1.0320000E-01  0.0000000E+00
 1.0360000E-01  0.0000000E+00
 1.0400000E-01  0.0000000E+00
 1.0440000E-01  0.0000000E+00
 1.0480000E-01  0.0000000E+00
 1.0520000E-01  0.0000000E+00
 1.0560000E-01  0.0000000E+00
 1.0600000E-01  0.0000000E+00
 1.0640000E-01  0.0000000E+00
 1.0680000E-01  0.0000000E+00
 1.0720000E-01  0.0000000E+00
 1.0760000E-01  0.0000000E+00
 1.0800000E-01  0.0000000E+00
 1.0840000E-01  0.0000000E+00
 1.0880000E-01  0.0000000E+00
 1.0920000E-01  0.0000000E+00
 1.0960000E-01  0.0000000E+00
 1.1000000E-01  0.0000000E+00
 1.1040000E-01  0.0000000E+00
 1.1080000E-01  0.0000000E+00
 1.1120000E-01  0.0000000E+00
 1.1160000E-01  0.0000000E+00
 1.1200000E-01  0.0000000E+00
 1.1240000E-01  0.0000000E+00
 1.1280000E-01  0.0000000E+00
 1.1320000E-01  0.0000000E+00
 1.1360000E-01  0.0000000E+00
 1.1400000E-01  0.0000000E+00
 1.1440000E-01  0.0000000E+00
 1.1480000E-01  0.0000000E+00
 1.1520000E-01  0.0000000E+00
 1.1560000E-01  0.0000000E+00
 1.1600000E-01  0.0000000E+00
 1.1640000E-01  0.0000000E+00
 1.1680000E-01  0.0000000E+00
 1.1720000E-01  0.0000000E+00
 1.1760000E-01  0.0000000E+00
 1.1800000E-01  0.0000000E+00
 1.1840000E-01  0.0000000E+00
 1.1880000E-01  0.0000000E+00
 1.1920000E-01  0.0000000E+00
 1.1960000E-01  0.0000000E+00
 1.2000000E-01  0.0000000E+00
 1.2040000E-01  0.0000000E+00
 1.2080000E-01  0.0000000E+00
 1.2120000E-01  0.0000000E+00
 1.2160000E-01  0.0000000E+00
 1.2200000E-01  0.0000000E+00
 1.2240000E-01  0.0000000E+00
 1.2280000E-01  0.0000000E+00
 1.2320000E-01  0.0000000E+00
 1.2360000E-01  0.0000000E+00
 1.2400000E-01  0.0000000E+00
 1.2440000E-01  0.0000000E+00
 1.2480000E-01  0.0000000E+00
 1.2520000E-01  0.0000000E+00
 1.2560000E-01  0.0000000E+00
 1.2600000E-01  0.0000000E+00
 1.2640000E-01  0.0000000E+00
 1.2680000E-01  0.0000000E+00
 1.2720000E-01  0.0000000E+00
 1.2760000E-01  0.0000000E+00
 1.2800000E-01  0.0000000E+00
 1.2840000E-01  0.0000000E+00
 1.2880000E-01  0.0000000E+00
 1.2920000E-01  0.0000000E+00
 1.2960000E-01  0.0000000E+00
 1.3000000E-01  0.0000000E+00
 1.3040000E-01  0.0000000E+00
 1.3080000E-01  0.0000000E+00
 1.3120000E-01  0.0000000E+00
 1.3160000E-01  0.0000000E+00
 1.3200000E-01  0.0000000E+00
 1.3240000E-01  0.0000000E+00
 1.3280000E-01  0.0000000E+00
 1.3320000E-01  0.0000000E+00
 1.3360000E-01  0.0000000E+00
 1.3400000E-01  0.0000000E+00
 1.3440000E-01  0.0000000E+00
 1.3480000E-01  0.0000000E+00
 1.3520000E-01  0.0000000E+00
 1.3560000E-01  0.0000000E+00
 1.3600000E-01  0.0000000E+00
 1.3640000E-01  0.0000000E+00
 1.3680000E-01  0.0000000E+00
 1.3720000E-01  0.0000000E+00
 1.3760000E-01  0.0000000E+00
 1.3800000E-01  0.0000000E+00
 1.3840000E-01  0.0000000E+00
 1.3880000E-01  0.0000000E+00
 1.3920000E-01  0.0000000E+00
 1.3960000E-01  0.0000000E+00
 1.4000000E-01  0.0000000E+00
 1.4040000E-01  0.0000000E+00
 1.4080000E-01  0.0000000E+00
 1.4120000E-01  0.0000000E+00
 1.4160000E-01  0.0000000E+00
 1.4200000E-01  0.0000000E+00
 1.4240000E-01  0.0000000E+00
 1.4280000E-01  0.0000000E+00
 1.4320000E-01  0.0000000E+00
 1.4360000E-01  0.0000000E+00
 1.4400000E-01  0.0000000E+00
 1.4440000E-01  0.0000000E+00
 1.4480000E-01  0.0000000E+00
 1.4520000E-01  0.0000000E+00
 1.4560000E-01  0.0000000E+00
 1.4600000E-01  0.0000000E+00
 1.4640000E-01  0.0000000E+00
 1.4680000E-01  0.0000000E+00
 1.4720000E-01  0.0000000E+00
 1.4760000E-01  0.0000000E+00
 1.4800000E-01  0.0000000E+00
 1.4840000E-01  0.0000000E+00
 1.4880000E-01  0.0000000E+00
 1.4920000E-01  0.0000000E+00
 1.4960000E-01  0.0000000E+00
 1.5000000E-01  0.0000000E+00
 1.5040000E-01  0.0000000E+00
 1.5080000E-01  0.0000000E+00
 1.5120000E-01  0.0000000E+00
 1.5160000E-01  0.0000000E+00
 1.5200000E-01  0.0000000E+00
 1.5240000E-01  0.0000000E+00
 1.5280000E-01  0.0000000E+00
 1.5320000E-01  0.0000000E+00
 1.5360000E-01  0.0000000E+00
 1.5400000E-01  0.0000000E+00
 1.5440000E-01  0.0000000E+00
 1.5480000E-01  0.0000000E+00
 1.5520000E-01  0.0000000E+00
 1.5560000E-01  0.0000000E+00
 1.5600000E-01  0.0000000E+00
 1.5640000E-01  0.0000000E+00
 1.5680000E-01  0.0000000E+00
 1.5720000E-01  0.0000000E+00
 1.5760000E-01  0.0000000E+00
 1.5800000E-01  0.0000000E+00
 1.5840000E-01  0.0000000E+00
 1.5880000E-01  0.0000000E+00
 1.5920000E-01  0.0000000E+00
 1.5960000E-01  0.0000000E+00
 1.6000000E-01  0.0000000E+00
 1.6040000E-01  0.0000000E+00
 1.6080000E-01  0.0000000E+00
 1.6120000E-01  0.0000000E+00
 1.6160000E-01  0.0000000E+00
 1.6200000E-01  0.0000000E+00
 1.6240000E-01  0.0000000E+00
 1.6280000E-01  0.0000000E+00
 1.6320000E-01  0.0000000E+00
 1.6360000E-01  0.0000000E+00
 1.6400000E-01  0.0000000E+00
 1.6440000E-01  0.0000000E+00
 1.6480000E-01  0.0000000E+00
 1.6520000E-01  0.0000000E+00
 1.6560000E-01  0.0000000E+00
 1.6600000E-01  0.0000000E+00
 1.6640000E-01  0.0000000E+00
 1.6680000E-01  0.0000000E+00
 1.6720000E-01  0.0000000E+00
 1.6760000E-01  0.0000000E+00
 1.6800000E-01  0.0000000E+00
 1.6840000E-01  0.0000000E+00
 1.6880000E-01  0.0000000E+00
 1.6920000E-01  0.0000000E+00
 1.6960000E-01  0.0000000E+00
 1.7000000E-01  0.0000000E+00
 1.7040000E-01  0.0000000E+00
 1.7080000E-01  0.0000000E+00
 1.7120000E-01  0.0000000E+00
 1.7160000E-01  0.0000000E+00
 1.7200000E-01  0.0000000E+00
 1.7240000E-01  0.0000000E+00
 1.7280000E-01  0.0000000E+00
 1.7320000E-01  0.0000000E+00
 1.7360000E-01  0.0000000E+00
 1.7400000E-01  0.0000000E+00
 1.7440000E-01  0.0000000E+00
 1.7480000E-01  0.0000000E+00
 1.7520000E-01  0.0000000E+00
 1.7560000E-01  0.0000000E+00
 1.7600000E-01  0.0000000E+00
 1.7640000E-01  0.0000000E+00
 1.7680000E-01  0.0000000E+00
 1.7720000E-01  0.0000000E+00
 1.7760000E-01  0.0000000E+00
 1.7800000E-01  0.0000000E+00
 1.7840000E-01  0.0000000E+00
 1.7880000E-01  0.0000000E+00
 1.7920000E-01  0.0000000E+00
 1.7960000E-01  0.0000000E+00
 1.8000000E-01  0.0000000E+00
 1.8040000E-01  0.0000000E+00
 1.8080000E-01  0.0000000E+00
 1.8120000E-01  0.0000000E+00
 1.8160000E-01  0.0000000E+00
 1.8200000E-01  0.0000000E+00
 1.8240000E-01  0.0000000E+00
 1.8280000E-01  0.0000000E+00
 1.8320000E-01  0.0000000E+00
 1.8360000E-01  0.0000000E+00
 1.8400000E-01  0.0000000E+00
 1.8440000E-01  0.0000000E+00
 1.8480000E-01  0.0000000E+00
 1.8520000E-01  0.0000000E+00
 1.8560000E-01  0.0000000E+00
 1.8600000E-01  0.0000000E+00
 1.8640000E-01  0.0000000E+00
 1.8680000E-01  0.0000000E+00
 1.8720000E-01  0.0000000E+00
 1.8760000E-01  0.0000000E+00
 1.8800000E-01  0.0000000E+00
 1.8840000E-01  0.0000000E+00
 1.8880000E-01  0.0000000E+00
 1.8920000E-01  0.0000000E+00
 1.8960000E-01  0.0000000E+00
 1.9000000E-01  0.0000000E+00
 1.9040000E-01  0.0000000E+00
 1.9080000E-01  0.0000000E+00
 1.9120000E-01  0.0000000E+00
 1.9160000E-01  0.0000000E+00
 1.9200000E-01  0.0000000E+00
 1.9240000E-01  0.0000000E+00
 1.9280000E-01  0.0000000E+00
 1.9320000E-01  0.0000000E+00
 1.9360000E-01  0.0000000E+00
 1.9400000E-01  0.0000000E+00
 1.9440000E-01  0.0000000E+00
 1.9480000E-01  0.0000000E+00
 1.9520000E-01  0.0000000E+00
 1.9560000E-01  0.0000000E+00
 1.9600000E-01  0.0000000E+00
 1.9640000E-01  0.0000000E+00
 1.9680000E-01  0.0000000E+00
 1.9720000E-01  0.0000000E+00
 1.9760000E-01  0.0000000E+00
 1.9800000E-01  0.0000000E+00
 1.9840000E-01  0.0000000E+00
 1.9880000E-01  0.0000000E+00
 1.9920000E-01  0.0000000E+00
 1.9960000E-01  0.0000000E+00
 2.0000000E-01  0.0000000E+00
 2.0040000E-01  0.0000000E+00
 2.0080000E-01  0.0000000E+00
 2.0120000E-01  0.0000000E+00
 2.0160000E-01  0.0000000E+00
 2.0200000E-01  0.0000000E+00
 2.0240000E-01  0.0000000E+00
 2.0280000E-01  0.0000000E+00
 2.0320000E-01  0.0000000E+00
 2.0360000E-01  0.0000000E+00
 2.0400000E-01  0.0000000E+00
 2.0440000E-01  0.0000000E+00
 2.0480000E-01  0.0000000E+00
 2.0520000E-01  0.0000000E+00
 2.0560000E-01  0.0000000E+00
 2.0600000E-01  0.0000000E+00
 2.0640000E-01  0.0000000E+00
 2.0680000E-01  0.0000000E+00
 2.0720000E-01  0.0000000E+00
 2.0760000E-01  0.0000000E+00
 2.0800000E-01  0.0000000E+00
 2.0840000E-01  0.0000000E+00
 2.0880000E-01  0.0000000E+00
 2.0920000E-01  0.0000000E+00
 2.0960000E-01  0.0000000E+00
 2.1000000E-01  0.0000000E+00
 2.1040000E-01  0.0000000E+00
 2.1080000E-01  0.0000000E+00
 2.1120000E-01  0.0000000E+00
 2.1160000E-01  0.0000000E+00
 2.1200000E-01  0.0000000E+00
 2.1240000E-01  0.0000000E+00
 2.1280000E-01  0.0000000E+00
 2.1320000E-01  0.0000000E+00
 2.1360000E-01  0.0000000E+00
 2.1400000E-01  0.0000000E+00
 2.1440000E-01  0.0000000E+00
 2.1480000E-01  0.0000000E+00
 2.1520000E-01  0.0000000E+00
 2.1560000E-01  0.0000000E+00
 2.1600000E-01  0.0000000E+00
 2.1640000E-01  0.0000000E+00
 2.1680000E-01  0.0000000E+00
 2.1720000E-01  0.0000000E+00
 2.1760000E-01  0.0000000E+00
 2.1800000E-01  0.0000000E+00
 2.1840000E-01  0.0000000E+00
 2.1880000E-01  0.0000000E+00
 2.1920000E-01  0.0000000E+00
 2.1960000E-01  0.0000000E+00
 2.2000000E-01  0.0000000E+00
 2.2040000E-01  0.0000000E+00
 2.2080000E-01  0.0000000E+00
 2.2120000E-01  0.0000000E+00
 2.2160000E-01  0.0000000E+00
 2.2200000E-01  0.0000000E+00
 2.2240000E-01  0.0000000E+00
 2.2280000E-01  0.0000000E+00
 2.2320000E-01  0.0000000E+00
 2.2360000E-01  0.0000000E+00
 2.2400000E-01  0.0000000E+00
 2.2440000E-01  0.0000000E+00
 2.2480000E-01  0.0000000E+00
 2.2520000E-01  0.0000000E+00
 2.2560000E-01  0.0000000E+00
 2.2600000E-01  0.0000000E+00
 2.2640000E-01  0.0000000E+00
 2.2680000E-01  0.0000000E+00
 2.2720000E-01  0.0000000E+00
 2.2760000E-01  0.0000000E+00
 2.2800000E-01  0.0000000E+00
 2.2840000E-01  0.0000000E+00
 2.2880000E-01  0.0000000E+00
 2.2920000E-01  0.0000000E+00
 2.2960000E-01  0.0000000E+00
 2.3000000E-01  0.0000000E+00
 2.3040000E-01  0.0000000E+00
 2.3080000E-01  0.0000000E+00
 2.3120000E-01  0.0000000E+00
 2.3160000E-01  0.0000000E+00
 2.3200000E-01  0.0000000E+00
 2.3240000E-01  0.0000000E+00
 2.3280000E-01  0.0000000E+00
 2.3320000E-01  0.0000000E+00
 2.3360000E-01  0.0000000E+00
 2.3400000E-01  0.0000000E+00
 2.3440000E-01  0.0000000E+00
 2.3480000E-01  0.0000000E+00
 2.3520000E-01  0.0000000E+00
 2.3560000E-01  0.0000000E+00
 2.3600000E-01  0.0000000E+00
 2.3640000E-01  0.0000000E+00
 2.3680000E-01  0.0000000E+00
 2.3720000E-01  0.0000000E+00
 2.3760000E-01  0.0000000E+00
 2.3800000E-01  0.0000000E+00
 2.3840000E-01  0.0000000E+00
 2.3880000E-01  0.0000000E+00
 2.3920000E-01  0.0000000E+00
 2.3960000E-01  0.0000000E+00
 2.4000000E-01  0.0000000E+00
 2.4040000E-01  0.0000000E+00
 2.4080000E-01  0.0000000E+00
 2.4120000E-01  0.0000000E+00
 2.4160000E-01  0.0000000E+00
 2.4200000E-01  0.0000000E+00
 2.4240000E-01  0.0000000E+00
 2.4280000E-01  0.0000000E+00
 2.4320000E-01  0.0000000E+00
 2.4360000E-01  0.0000000E+00
 2.4400000E-01  0.0000000E+00
 2.4440000E-01  0.0000000E+00
 2.4480000E-01  0.0000000E+00
 2.4520000E-01  0.0000000E+00
 2.4560000E-01  0.0000000E+00
 2.4600000E-01  0.0000000E+00
 2.4640000E-01  0.0000000E+00
 2.4680000E-01  0.0000000E+00
 2.4720000E-01  0.0000000E+00
 2.4760000E-01  0.0000000E+00
 2.4800000E-01  0.0000000E+00
 2.4840000E-01  0.0000000E+00
 2.4880000E-01  0.0000000E+00
 2.4920000E-01  0.0000000E+00
 2.4960000E-01  0.0000000E+00
 2.5000000E-01  0.0000000E+00
 2.5040000E-01  0.0000000E+00
 2.5080000E-01  0.0000000E+00
 2.5120000E-01  0.0000000E+00
 2.5160000E-01  0.0000000E+00
 2.5200000E-01  0.0000000E+00
 2.5240000E-01  0.0000000E+00
 2.5280000E-01  0.0000000E+00
 2.5320000E-01  0.0000000E+00
 2.5360000E-01  0.0000000E+00
 2.5400000E-01  0.0000000E+00
 2.5440000E-01  0.0000000E+00
 2.5480000E-01  0.0000000E+00
 2.5520000E-01  0.0000000E+00
 2.5560000E-01  0.0000000E+00
 2.5600000E-01  0.0000000E+00
 2.5640000E-01  0.0000000E+00
 2.5680000E-01  0.0000000E+00
 2.5720000E-01  0.0000000E+00
 2.5760000E-01  0.0000000E+00
 2.5800000E-01  0.0000000E+00
 2.5840000E-01  0.0000000E+00
 2.5880000E-01  0.0000000E+00
 2.5920000E-01  0.0000000E+00
 2.5960000E-01  0.0000000E+00
 2.6000000E-01  0.0000000E+00
 2.6040000E-01  0.0000000E+00
 2.6080000E-01  0.0000000E+00
 2.6120000E-01  0.0000000E+00
 2.6160000E-01  0.0000000E+00
 2.6200000E-01  0.0000000E+00
 2.6240000E-01  0.0000000E+00
 2.6280000E-01  0.0000000E+00
 2.6320000E-01  0.0000000E+00
 2.6360000E-01  0.0000000E+00
 2.6400000E-01  0.0000000E+00
 2.6440000E-01  0.0000000E+00
 2.6480000E-01  0.0000000E+00
 2.6520000E-01  0.0000000E+00
 2.6560000E-01  0.0000000E+00
 2.6600000E-01  0.0000000E+00
 2.6640000E-01  0.0000000E+00
 2.6680000E-01  0.0000000E+00
 2.6720000E-01  0.0000000E+00
 2.6760000E-01  0.0000000E+00
 2.6800000E-01  0.0000000E+00
 2.6840000E-01  0.0000000E+00
 2.6880000E-01  0.0000000E+00
 2.6920000E-01  0.0000000E+00
 2.6960000E-01  0.0000000E+00
 2.7000000E-01  0.0000000E+00
 2.7040000E-01  0.0000000E+00
 2.7080000E-01  0.0000000E+00
 2.7120000E-01  0.0000000E+00
 2.7160000E-01  0.0000000E+00
 2.7200000E-01  0.0000000E+00
 2.7240000E-01  0.0000000E+00
 2.7280000E-01  0.0000000E+00
 2.7320000E-01  0.0000000E+00
 2.7360000E-01  0.0000000E+00
 2.7400000E-01  0.0000000E+00
 2.7440000E-01  0.0000000E+00
 2.7480000E-01  0.0000000E+00
 2.7520000E-01  0.0000000E+00
 2.7560000E-01  0.0000000E+00
 2.7600000E-01  0.0000000E+00
 2.7640000E-01  0.0000000E+00
 2.7680000E-01  0.0000000E+00
 2.7720000E-01  0.0000000E+00
 2.7760000E-01  0.0000000E+00
 2.7800000E-01  0.0000000E+00
 2.7840000E-01  0.0000000E+00
 2.7880000E-01  0.0000000E+00
 2.7920000E-01  0.0000000E+00
 2.7960000E-01  0.0000000E+00
 2.8000000E-01  0.0000000E+00
 2.8040000E-01  0.0000000E+00
 2.8080000E-01  0.0000000E+00
 2.8120000E-01  0.0000000E+00
 2.8160000E-01  0.0000000E+00
 2.8200000E-01  0.0000000E+00
 2.8240000E-01  0.0000000E+00
 2.8280000E-01  0.0000000E+00
 2.8320000E-01  0.0000000E+00
 2.8360000E-01  0.0000000E+00
 2.8400000E-01  0.0000000E+00
 2.8440000E-01  0.0000000E+00
 2.8480000E-01  0.0000000E+00
 2.8520000E-01  0.0000000E+00
 2.8560000E-01  0.0000000E+00
 2.8600000E-01  0.0000000E+00
 2.8640000E-01  0.0000000E+00
 2.8680000E-01  0.0000000E+00
 2.8720000E-01  0.0000000E+00
 2.8760000E-01  0.0000000E+00
 2.8800000E-01  0.0000000E+00
 2.8840000E-01  0.0000000E+00
 2.8880000E-01  0.0000000E+00
 2.8920000E-01  0.0000000E+00
 2.8960000E-01  0.0000000E+00
 2.9000000E-01  0.0000000E+00
 2.9040000E-01  0.0000000E+00
 2.9080000E-01  0.0000000E+00
 2.9120000E-01  0.0000000E+00
 2.9160000E-01  0.0000000E+00
 2.9200000E-01  0.0000000E+00
 2.9240000E-01  0.0000000E+00
 2.9280000E-01  0.0000000E+00
 2.9320000E-01  0.0000000E+00
 2.9360000E-01  0.0000000E+00
 2.9400000E-01  0.0000000E+00
 2.9440000E-01  0.0000000E+00
 2.9480000E-01  0.0000000E+00
 2.9520000E-01  0.0000000E+00
 2.9560000E-01  0.0000000E+00
 2.9600000E-01  0.0000000E+00
 2.9640000E-01  0.0000000E+00
 2.9680000E-01  0.0000000E+00
 2.9720000E-01  0.0000000E+00
 2.9760000E-01  0.0000000E+00
 2.9800000E-01  0.0000000E+00
 2.9840000E-01  0.0000000E+00
 2.9880000E-01  0.0000000E+00
 2.9920000E-01  0.0000000E+00
 2.9960000E-01  0.0000000E+00
 3.0000000E-01  0.0000000E+00
 3.0040000E-01  0.0000000E+00
 3.0080000E-01  0.0000000E+00
 3.0120000E-01  0.0000000E+00
 3.0160000E-01  0.0000000E+00
 3.0200000E-01  0.0000000E+00
 3.0240000E-01  0.0000000E+00
 3.0280000E-01  0.0000000E+00
 3.0320000E-01  0.0000000E+00
 3.0360000E-01  0.0000000E+00
 3.0400000E-01  0.0000000E+00
 3.0440000E-01  0.0000000E+00
 3.0480000E-01  0.0000000E+00
 3.0520000E-01  0.0000000E+00
 3.0560000E-01  0.0000000E+00
 3.0600000E-01  0.0000000E+00
 3.0640000E-01  0.0000000E+00
 3.0680000E-01  0.0000000E+00
 3.0720000E-01  0.0000000E+00
 3.0760000E-01  0.0000000E+00
 3.0800000E-01  0.0000000E+00
 3.0840000E-01  0.0000000E+00
 3.0880000E-01  0.0000000E+00
 3.0920000E-01  0.0000000E+00
 3.0960000E-01  0.0000000E+00
 3.1000000E-01  0.0000000E+00
 3.1040000E-01  0.0000000E+00
 3.1080000E-01  0.0000000E+00
 3.1120000E-01  0.0000000E+00
 3.1124685E-01  6.3661465E+05
 3.1129371E-01  6.3681884E+05
 3.1134056E-01  6.3681884E+05
 3.1138741E-01  6.3913505E+05
 3.1143427E-01  6.4067489E+05
 3.1148112E-01  6.4215276E+05
 3.1152797E-01  6.4215276E+05
 3.1157482E-01  6.4361482E+05
 3.1162168E-01  6.4507504E+05
 3.1166853E-01  6.4653502E+05
 3.1171538E-01  6.4653502E+05
 3.1176224E-01  6.4799851E+05
 3.1180909E-01  6.4946655E+05
 3.1185594E-01  6.5093828E+05
 3.1190280E-01  6.5093828E+05
 3.1194965E-01  6.5241404E+05
 3.1199650E-01  6.5389576E+05
 3.1204336E-01  6.5538363E+05
 3.1209021E-01  6.5538363E+05
 3.1213706E-01  6.5687781E+05
 3.1218392E-01  6.5837673E+05
 3.1223077E-01  6.5988066E+05
 3.1227762E-01  6.5988066E+05
 3.1232447E-01  6.6139127E+05
 3.1237133E-01  6.6290861E+05
 3.1241818E-01  6.6443104E+05
 3.1246503E-01  6.6443104E+05
 3.1251189E-01  6.6596032E+05
 3.1255874E-01  6.6749497E+05
 3.1260559E-01  6.6903664E+05
 3.1265245E-01  6.6903664E+05
 3.1269930E-01  6.7058361E+05
 3.1274615E-01  6.7213768E+05
 3.1279301E-01  6.7369890E+05
 3.1283986E-01  6.7369890E+05
 3.1288671E-01  6.7526574E+05
 3.1293357E-01  6.7683806E+05
 3.1298042E-01  6.7841770E+05
 3.1302727E-01  6.7841770E+05
 3.1307412E-01  6.8000469E+05
 3.1312098E-01  6.8159909E+05
 3.1316783E-01  6.8159909E+05
 3.1321468E-01  6.8319911E+05
 3.1326154E-01  6.8480499E+05
 3.1330839E-01  6.8641843E+05
 3.1335524E-01  6.8641843E+05
 3.1340210E-01  6.8803948E+05
 3.1344895E-01  6.8966631E+05
 3.1349580E-01  6.9130083E+05
 3.1354266E-01  6.9130083E+05
 3.1358951E-01  6.9294142E+05
 3.1363636E-01  6.9458982E+05
 3.1368322E-01  6.9624417E+05
 3.1373007E-01  6.9624417E+05
 3.1377692E-01  6.9790640E+05
 3.1382377E-01  6.9957658E+05
 3.1387063E-01  7.0125281E+05
 3.1391748E-01  7.0125281E+05
 3.1396433E-01  7.0293535E+05
 3.1401119E-01  7.0462597E+05
 3.1405804E-01  7.0632475E+05
 3.1410489E-01  7.0632475E+05
 3.1415175E-01  7.0802974E+05
 3.1419860E-01  7.0974297E+05
 3.1424545E-01  7.1146272E+05
 3.1429231E-01  7.1146272E+05
 3.1433916E-01  7.1319083E+05
 3.1438601E-01  7.1492532E+05
 3.1443287E-01  7.1666827E+05
 3.1447972E-01  7.1666827E+05
 3.1452657E-01  7.1841971E+05
 3.1457342E-01  7.2017790E+05
 3.1462028E-01  7.2194265E+05
 3.1466713E-01  7.2194265E+05
 3.1471398E-01  7.2371607E+05
 3.1476084E-01  7.2549821E+05
 3.1480769E-01  7.2728728E+05
 3.1485454E-01  7.2728728E+05
 3.1490140E-01  7.2908308E+05
 3.1494825E-01  7.3088778E+05
 3.1499510E-01  7.3270142E+05
 3.1504196E-01  7.3270142E+05
 3.1508881E-01  7.3452407E+05
 3.1513566E-01  7.3635364E+05
 3.1518252E-01  7.3819039E+05
 3.1522937E-01  7.3819039E+05
 3.1527622E-01  7.4003633E+05
 3.1532307E-01  7.4189151E+05
 3.1536993E-01  7.4375379E+05
 3.1541678E-01  7.4375379E+05
 3.1546363E-01  7.4562542E+05
 3.1551049E-01  7.4750450E+05
 3.1555734E-01  7.4939306E+05
 3.1560419E-01  7.4939306E+05
 3.1565105E-01  7.5128890E+05
 3.1569790E-01  7.5319435E+05
 3.1574475E-01  7.5510946E+05
 3.1579161E-01  7.5510946E+05
 3.1583846E-01  7.5703227E+05
 3.1588531E-01  7.5896257E+05
 3.1593217E-01  7.6090272E+05
 3.1597902E-01  7.6090272E+05
 3.1602587E-01  7.6285279E+05
 3.1607272E-01  7.6481285E+05
 3.1611958E-01  7.6678060E+05
 3.1616643E-01  7.6678060E+05
 3.1621328E-01  7.6875636E+05
 3.1626014E-01  7.7074230E+05
 3.1630699E-01  7.7273849E+05
 3.1635384E-01  7.7273849E+05
 3.1640070E-01  7.7474259E+05
 3.1644755E-01  7.7675707E+05
 3.1649440E-01  7.7877985E+05
 3.1654126E-01  7.7877985E+05
 3.1658811E-01  7.8081315E+05
 3.1663496E-01  7.8285458E+05
 3.1668182E-01  7.8490667E+05
 3.1672867E-01  7.8490667E+05
 3.1677552E-01  7.8696950E+05
 3.1682237E-01  7.8904091E+05
 3.1686923E-01  7.9112068E+05
 3.1691608E-01  7.9112068E+05
 3.1696293E-01  7.9321140E+05
 3.1700979E-01  7.9531314E+05
 3.1705664E-01  7.9742600E+05
 3.1710349E-01  7.9742600E+05
 3.1715035E-01  7.9954744E+05
 3.1719720E-01  8.0167783E+05
 3.1724405E-01  8.0381955E+05
 3.1729091E-01  8.0381955E+05
 3.1733776E-01  8.0597268E+05
 3.1738461E-01  8.0813465E+05
 3.1743147E-01  8.1030817E+05
 3.1747832E-01  8.1030817E+05
 3.1752517E-01  8.1249097E+05
 3.1757202E-01  8.1468549E+05
 3.1761888E-01  8.1688910E+05
 3.1766573E-01  8.1688910E+05
 3.1771258E-01  8.1910460E+05
 3.1775944E-01  8.2133206E+05
 3.1780629E-01  8.2356913E+05
 3.1785314E-01  8.2356913E+05
 3.1790000E-01  8.2581556E+05
 3.1794685E-01  8.2807419E+05
 3.1799370E-01  8.3034513E+05
 3.1804056E-01  8.3034513E+05
 3.1808741E-01  8.3262846E+05
 3.1813426E-01  8.3492142E+05
 3.1818112E-01  8.3722440E+05
 3.1822797E-01  8.3722440E+05
 3.1827482E-01  8.3954004E+05
 3.1832167E-01  8.4186842E+05
 3.1836853E-01  8.4420671E+05
 3.1841538E-01  8.4655792E+05
 3.1846223E-01  8.4655792E+05
 3.1850909E-01  8.4891953E+05
 3.1855594E-01  8.5129426E+05
 3.1860279E-01  8.5367918E+05
 3.1864965E-01  8.5367918E+05
 3.1869650E-01  8.5607739E+05
 3.1874335E-01  8.5848899E+05
 3.1879021E-01  8.6091139E+05
 3.1883706E-01  8.6091139E+05
 3.1888391E-01  8.6334429E+05
 3.1893076E-01  8.6579087E+05
 3.1897762E-01  8.6825121E+05
 3.1902447E-01  8.6825121E+05
 3.1907132E-01  8.7072545E+05
 3.1911818E-01  8.7321051E+05
 3.1916503E-01  8.7570685E+05
 3.1921188E-01  8.7570685E+05
 3.1925874E-01  8.7821737E+05
 3.1930559E-01  8.8074218E+05
 3.1935244E-01  8.8327814E+05
 3.1939930E-01  8.8327814E+05
 3.1944615E-01  8.8582859E+05
 3.1949300E-01  8.8839077E+05
 3.1953986E-01  8.9096765E+05
 3.1958671E-01  8.9096765E+05
 3.1963356E-01  8.9355603E+05
 3.1968041E-01  8.9615932E+05
 3.1972727E-01  8.9877765E+05
 3.1977412E-01  8.9877765E+05
 3.1982097E-01  9.0140817E+05
 3.1986783E-01  9.0405053E+05
 3.1991468E-01  9.0670825E+05
 3.1996153E-01  9.0670825E+05
 3.2000839E-01  9.0938146E+05
 3.2005524E-01  9.1207028E+05
 3.2010209E-01  9.1477132E+05
 3.2014895E-01  9.1748512E+05
 3.2019580E-01  9.1748512E+05
 3.2024265E-01  9.2021486E+05
 3.2028951E-01  9.2296069E+05
 3.2033636E-01  9.2571913E+05
 3.2038321E-01  9.2571913E+05
 3.2043006E-01  9.2849388E+05
 3.2047692E-01  9.3128190E+05
 3.2052377E-01  9.3408649E+05
 3.2057062E-01  9.3408649E+05
 3.2061748E-01  9.3690408E+05
 3.2066433E-01  9.3973849E+05
 3.2071118E-01  9.4258985E+05
 3.2075804E-01  9.4258985E+05
 3.2080489E-01  9.4545502E+05
 3.2085174E-01  9.4833742E+05
 3.2089860E-01  9.5123335E+05
 3.2094545E-01  9.5123335E+05
 3.2099230E-01  9.5414677E+05
 3.2103916E-01  9.5707781E+05
 3.2108601E-01  9.6002324E+05
 3.2113286E-01  9.6298263E+05
 3.2117971E-01  9.6298263E+05
 3.2122657E-01  9.6596006E+05
 3.2127342E-01  9.6895567E+05
 3.2132027E-01  9.7196961E+05
 3.2136713E-01  9.7196961E+05
 3.2141398E-01  9.7499800E+05
 3.2146083E-01  9.7804146E+05
 3.2150769E-01  9.8110367E+05
 3.2155454E-01  9.8110367E+05
 3.2160139E-01  9.8418481E+05
 3.2164825E-01  9.8728086E+05
 3.2169510E-01  9.9039612E+05
 3.2174195E-01  9.9039612E+05
 3.2178881E-01  9.9352709E+05
 3.2183566E-01  9.9667759E+05
 3.2188251E-01  9.9984349E+05
 3.2192936E-01  1.0030292E+06
 3.2197622E-01  1.0030292E+06
 3.2202307E-01  1.0062349E+06
 3.2206992E-01  1.0094570E+06
 3.2211678E-01  1.0126951E+06
 3.2216363E-01  1.0126951E+06
 3.2221048E-01  1.0159536E+06
 3.2225734E-01  1.0192327E+06
 3.2230419E-01  1.0225327E+06
 3.2235104E-01  1.0225327E+06
 3.2239790E-01  1.0258491E+06
 3.2244475E-01  1.0291828E+06
 3.2249160E-01  1.0325378E+06
 3.2253846E-01  1.0359143E+06
 3.2258531E-01  1.0359143E+06
 3.2263216E-01  1.0393079E+06
 3.2267901E-01  1.0427233E+06
 3.2272587E-01  1.0461566E+06
 3.2277272E-01  1.0461566E+06
 3.2281957E-01  1.0496122E+06
 3.2286643E-01  1.0530854E+06
 3.2291328E-01  1.0565812E+06
 3.2296013E-01  1.0565812E+06
 3.2300699E-01  1.0600998E+06
 3.2305384E-01  1.0636372E+06
 3.2310069E-01  1.0671977E+06
 3.2314755E-01  1.0707767E+06
 3.2319440E-01  1.0707767E+06
 3.2324125E-01  1.0743792E+06
 3.2328811E-01  1.0780055E+06
 3.2333496E-01  1.0816515E+06
 3.2338181E-01  1.0816515E+06
 3.2342866E-01  1.0853164E+06
 3.2347552E-01  1.0890058E+06
 3.2352237E-01  1.0927197E+06
 3.2356922E-01  1.0927197E+06
 3.2361608E-01  1.0964585E+06
 3.2366293E-01  1.1002170E+06
 3.2370978E-01  1.1039962E+06
 3.2375664E-01  1.1078009E+06
 3.2380349E-01  1.1078009E+06
 3.2385034E-01  1.1116312E+06
 3.2389720E-01  1.1154820E+06
 3.2394405E-01  1.1193589E+06
 3.2399090E-01  1.1193589E+06
 3.2403776E-01  1.1232622E+06
 3.2408461E-01  1.1271873E+06
 3.2413146E-01  1.1311336E+06
 3.2417831E-01  1.1351069E+06
 3.2422517E-01  1.1351069E+06
 3.2427202E-01  1.1391076E+06
 3.2431887E-01  1.1431358E+06
 3.2436573E-01  1.1471868E+06
 3.2441258E-01  1.1471868E+06
 3.2445943E-01  1.1512601E+06
 3.2450629E-01  1.1553616E+06
 3.2455314E-01  1.1594917E+06
 3.2459999E-01  1.1636506E+06
 3.2464685E-01  1.1636506E+06
 3.2469370E-01  1.1678326E+06
 3.2474055E-01  1.1720388E+06
 3.2478741E-01  1.1762744E+06
 3.2483426E-01  1.1762744E+06
 3.2488111E-01  1.1805400E+06
 3.2492796E-01  1.1848295E+06
 3.2497482E-01  1.1891494E+06
 3.2502167E-01  1.1934946E+06
 3.2506852E-01  1.1934946E+06
 3.2511538E-01  1.1978707E+06
 3.2516223E-01  1.2022717E+06
 3.2520908E-01  1.2067042E+06
 3.2525594E-01  1.2067042E+06
 3.2530279E-01  1.2111686E+06
 3.2534964E-01  1.2156594E+06
 3.2539650E-01  1.2201827E+06
 3.2544335E-01  1.2247321E+06
 3.2549020E-01  1.2247321E+06
 3.2553706E-01  1.2293144E+06
 3.2558391E-01  1.2339302E+06
 3.2563076E-01  1.2385738E+06
 3.2567761E-01  1.2385738E+06
 3.2572447E-01  1.2432444E+06
 3.2577132E-01  1.2479494E+06
 3.2581817E-01  1.2526889E+06
 3.2586503E-01  1.2574634E+06
 3.2591188E-01  1.2574634E+06
 3.2595873E-01  1.2622662E+06
 3.2600559E-01  1.2670984E+06
 3.2605244E-01  1.2719665E+06
 3.2609929E-01  1.2768710E+06
 3.2614615E-01  1.2768710E+06
 3.2619300E-01  1.2818121E+06
 3.2623985E-01  1.2867829E+06
 3.2628670E-01  1.2917847E+06
 3.2633356E-01  1.2917847E+06
 3.2638041E-01  1.2968242E+06
 3.2642726E-01  1.3019019E+06
 3.2647412E-01  1.3070103E+06
 3.2652097E-01  1.3121576E+06
 3.2656782E-01  1.3121576E+06
 3.2661468E-01  1.3173375E+06
 3.2666153E-01  1.3225571E+06
 3.2670838E-01  1.3278087E+06
 3.2675524E-01  1.3331007E+06
 3.2680209E-01  1.3331007E+06
 3.2684894E-01  1.3384336E+06
 3.2689580E-01  1.3438076E+06
 3.2694265E-01  1.3492164E+06
 3.2698950E-01  1.3546590E+06
 3.2703635E-01  1.3546590E+06
 3.2708321E-01  1.3601441E+06
 3.2713006E-01  1.3656721E+06
 3.2717691E-01  1.3712435E+06
 3.2722377E-01  1.3712435E+06
 3.2727062E-01  1.3768501E+06
 3.2731747E-01  1.3824937E+06
 3.2736433E-01  1.3881819E+06
 3.2741118E-01  1.3939153E+06
 3.2745803E-01  1.3939153E+06
 3.2750489E-01  1.3996854E+06
 3.2755174E-01  1.4055017E+06
 3.2759859E-01  1.4113568E+06
 3.2764545E-01  1.4172590E+06
 3.2769230E-01  1.4172590E+06
 3.2773915E-01  1.4232087E+06
 3.2778600E-01  1.4291972E+06
 3.2783286E-01  1.4352343E+06
 3.2787971E-01  1.4413124E+06
 3.2792656E-01  1.4413124E+06
 3.2797342E-01  1.4474401E+06
 3.2802027E-01  1.4536083E+06
 3.2806712E-01  1.4598270E+06
 3.2811398E-01  1.4660970E+06
 3.2816083E-01  1.4660970E+06
 3.2820768E-01  1.4724102E+06
 3.2825454E-01  1.4787758E+06
 3.2830139E-01  1.4851841E+06
 3.2834824E-01  1.4916458E+06
 3.2839510E-01  1.4916458E+06
 3.2844195E-01  1.4981615E+06
 3.2848880E-01  1.5047319E+06
 3.2853565E-01  1.5113470E+06
 3.2858251E-01  1.5180089E+06
 3.2862936E-01  1.5180089E+06
 3.2867621E-01  1.5247272E+06
 3.2872307E-01  1.5315025E+06
 3.2876992E-01  1.5383355E+06
 3.2881677E-01  1.5452159E+06
 3.2886363E-01  1.5452159E+06
 3.2891048E-01  1.5521459E+06
 3.2895733E-01  1.5591354E+06
 3.2900419E-01  1.5661852E+06
 3.2905104E-01  1.5732845E+06
 3.2909789E-01  1.5732845E+06
 3.2914475E-01  1.5804454E+06
 3.2919160E-01  1.5876589E+06
 3.2923845E-01  1.5949353E+06
 3.2928530E-01  1.6022754E+06
 3.2933216E-01  1.6022754E+06
 3.2937901E-01  1.6096681E+06
 3.2942586E-01  1.6171259E+06
 3.2947272E-01  1.6246395E+06
 3.2951957E-01  1.6322197E+06
 3.2956642E-01  1.6398549E+06
 3.2961328E-01  1.6398549E+06
 3.2966013E-01  1.6475582E+06
 3.2970698E-01  1.6553306E+06
 3.2975384E-01  1.6631729E+06
 3.2980069E-01  1.6710750E+06
 3.2984754E-01  1.6710750E+06
 3.2989440E-01  1.6790355E+06
 3.2994125E-01  1.6870683E+06
 3.2998810E-01  1.6951743E+06
 3.3003495E-01  1.7033543E+06
 3.3008181E-01  1.7033543E+06
 3.3012866E-01  1.7115957E+06
 3.3017551E-01  1.7199014E+06
 3.3022237E-01  1.7282838E+06
 3.3026922E-01  1.7367438E+06
 3.3031607E-01  1.7367438E+06
 3.3036293E-01  1.7452825E+06
 3.3040978E-01  1.7538864E+06
 3.3045663E-01  1.7625587E+06
 3.3050349E-01  1.7713125E+06
 3.3055034E-01  1.7801487E+06
 3.3059719E-01  1.7801487E+06
 3.3064405E-01  1.7890685E+06
 3.3069090E-01  1.7980578E+06
 3.3073775E-01  1.8071327E+06
 3.3078460E-01  1.8162815E+06
 3.3083146E-01  1.8162815E+06
 3.3087831E-01  1.8255179E+06
 3.3092516E-01  1.8348274E+06
 3.3097202E-01  1.8442267E+06
 3.3101887E-01  1.8537171E+06
 3.3106572E-01  1.8632862E+06
 3.3111258E-01  1.8632862E+06
 3.3115943E-01  1.8729487E+06
 3.3120628E-01  1.8826891E+06
 3.3125314E-01  1.8925252E+06
 3.3129999E-01  1.9024583E+06
 3.3134684E-01  1.9024583E+06
 3.3139370E-01  1.9124754E+06
 3.3144055E-01  1.9225920E+06
 3.3148740E-01  1.9327918E+06
 3.3153425E-01  1.9430937E+06
 3.3158111E-01  1.9534990E+06
 3.3162796E-01  1.9534990E+06
 3.3167481E-01  1.9640092E+06
 3.3172167E-01  1.9746106E+06
 3.3176852E-01  1.9853008E+06
 3.3181537E-01  1.9961001E+06
 3.3186223E-01  1.9961001E+06
 3.3190908E-01  2.0070097E+06
 3.3195593E-01  2.0180314E+06
 3.3200279E-01  2.0291471E+06
 3.3204964E-01  2.0403615E+06
 3.3209649E-01  2.0403615E+06
 3.3214335E-01  2.0516922E+06
 3.3219020E-01  2.0631410E+06
 3.3223705E-01  2.0747096E+06
 3.3228390E-01  2.0863788E+06
 3.3233076E-01  2.0981539E+06
 3.3237761E-01  2.0981539E+06
 3.3242446E-01  2.1100535E+06
 3.3247132E-01  2.1220794E+06
 3.3251817E-01  2.1342335E+06
 3.3256502E-01  2.1464956E+06
 3.3261188E-01  2.1464956E+06
 3.3265873E-01  2.1588895E+06
 3.3270558E-01  2.1713986E+06
 3.3275244E-01  2.1840431E+06
 3.3279929E-01  2.1968250E+06
 3.3284614E-01  2.1968250E+06
 3.3289300E-01  2.2097230E+06
 3.3293985E-01  2.2227623E+06
 3.3298670E-01  2.2359254E+06
 3.3303355E-01  2.2492337E+06
 3.3308041E-01  2.2492337E+06
 3.3312726E-01  2.2626896E+06
 3.3317411E-01  2.2762703E+06
 3.3322097E-01  2.2900027E+06
 3.3326782E-01  2.2900027E+06
 3.3331467E-01  2.3038891E+06
 3.3336153E-01  2.3179109E+06
 3.3340838E-01  2.3320913E+06
 3.3345523E-01  2.3464060E+06
 3.3350209E-01  2.3464060E+06
 3.3354894E-01  2.3608840E+06
 3.3359579E-01  2.3755276E+06
 3.3364265E-01  2.3903171E+06
 3.3368950E-01  2.3903171E+06
 3.3373635E-01  2.4052773E+06
 3.3378320E-01  2.4203824E+06
 3.3383006E-01  2.4356632E+06
 3.3387691E-01  2.4356632E+06
 3.3392376E-01  2.4511224E+06
 3.3397062E-01  2.4667630E+06
 3.3401747E-01  2.4667630E+06
 3.3406432E-01  2.4825638E+06
 3.3411118E-01  2.4985211E+06
 3.3415803E-01  2.5146680E+06
 3.3420488E-01  2.5146680E+06
 3.3425174E-01  2.5310072E+06
 3.3429859E-01  2.5475420E+06
 3.3434544E-01  2.5475420E+06
 3.3439229E-01  2.5642502E+06
 3.3443915E-01  2.5811277E+06
 3.3448600E-01  2.5811277E+06
 3.3453285E-01  2.5982098E+06
 3.3457971E-01  2.6154996E+06
 3.3462656E-01  2.6154996E+06
 3.3467341E-01  2.6330009E+06
 3.3472027E-01  2.6330009E+06
 3.3476712E-01  2.6507172E+06
 3.3481397E-01  2.6507172E+06
 3.3486083E-01  2.6686173E+06
 3.3490768E-01  2.6867112E+06
 3.3495453E-01  2.6867112E+06
 3.3500139E-01  2.7050300E+06
 3.3504824E-01  2.7050300E+06
 3.3509509E-01  2.7235776E+06
 3.3514194E-01  2.7235776E+06
 3.3518880E-01  2.7235776E+06
 3.3523565E-01  2.7423578E+06
 3.3528250E-01  2.7423578E+06
 3.3532936E-01  2.7613452E+06
 3.3537621E-01  2.7613452E+06
 3.3542306E-01  2.7613452E+06
 3.3546992E-01  2.7613452E+06
 3.3551677E-01  2.7805352E+06
 3.3556362E-01  2.7805352E+06
 3.3561048E-01  2.7805352E+06
 3.3565733E-01  2.7805352E+06
 3.3570418E-01  2.7805352E+06
 3.3575104E-01  2.7805352E+06
 3.3579789E-01  2.7805352E+06
 3.3584474E-01  2.7805352E+06
 3.3589159E-01  2.7805352E+06
 3.3593845E-01  2.7805352E+06
 3.3598530E-01  2.7805352E+06
 3.3603215E-01  2.7805352E+06
 3.3607901E-01  2.7805352E+06
 3.3612586E-01  2.7805352E+06
 3.3617271E-01  2.7805352E+06
 3.3621957E-01  2.7805352E+06
 3.3626642E-01  2.7613452E+06
 3.3631327E-01  2.7613452E+06
 3.3636013E-01  2.7423578E+06
 3.3640698E-01  2.7235776E+06
 3.3645383E-01  2.7235776E+06
 3.3650069E-01  2.7050300E+06
 3.3654754E-01  2.7050300E+06
 3.3659439E-01  2.7050300E+06
 3.3664124E-01  2.7050300E+06
 3.3668810E-01  2.7050300E+06
 3.3673495E-01  2.7050300E+06
 3.3678180E-01  2.7050300E+06
 3.3682866E-01  2.7050300E+06
 3.3687551E-01  2.7050300E+06
 3.3692236E-01  2.7050300E+06
 3.3696922E-01  2.7050300E+06
 3.3701607E-01  2.7050300E+06
 3.3706292E-01  2.7050300E+06
 3.3710978E-01  2.7050300E+06
 3.3715663E-01  2.7050300E+06
 3.3720348E-01  2.7050300E+06
 3.3725034E-01  2.7050300E+06
 3.3729719E-01  2.7050300E+06
 3.3734404E-01  2.7050300E+06
 3.3739089E-01  2.7050300E+06
 3.3743775E-01  2.7050300E+06
 3.3748460E-01  2.7050300E+06
 3.3753145E-01  2.7050300E+06
 3.3757831E-01  2.7050300E+06
 3.3762516E-01  2.7050300E+06
 3.3767201E-01  2.7050300E+06
 3.3771887E-01  2.7050300E+06
 3.3776572E-01  2.7050300E+06
 3.3781257E-01  2.7050300E+06
 3.3785943E-01  2.7050300E+06
 3.3790628E-01  2.7050300E+06
 3.3795313E-01  2.7050300E+06
 3.3799999E-01  2.7050300E+06
 3.3804684E-01  2.7050300E+06
 3.3809369E-01  2.7050300E+06
 3.3814054E-01  2.7050300E+06
 3.3818740E-01  2.7050300E+06
 3.3823425E-01  2.7050300E+06
 3.3828110E-01  2.7050300E+06
 3.3832796E-01  2.7050300E+06
 3.3837481E-01  2.7050300E+06
 3.3842166E-01  2.7050300E+06
 3.3846852E-01  2.7050300E+06
 3.3851537E-01  2.7050300E+06
 3.3856222E-01  2.7050300E+06
 3.3860908E-01  2.7050300E+06
 3.3865593E-01  2.7050300E+06
 3.3870278E-01  2.7050300E+06
 3.3874964E-01  2.7050300E+06
 3.3879649E-01  2.7050300E+06
 3.3884334E-01  2.7050300E+06
 3.3889019E-01  2.7050300E+06
 3.3893705E-01  2.7050300E+06
 3.3898390E-01  2.7050300E+06
 3.3903075E-01  2.7050300E+06
 3.3907761E-01  2.7050300E+06
 3.3912446E-01  2.7050300E+06
 3.3917131E-01  2.7050300E+06
 3.3921817E-01  2.7050300E+06
 3.3926502E-01  2.7050300E+06
 3.3931187E-01  2.7050300E+06
 3.3935873E-01  2.7050300E+06
 3.3940558E-01  2.7050300E+06
 3.3945243E-01  2.7050300E+06
 3.3949929E-01  2.7050300E+06
 3.3954614E-01  2.7050300E+06
 3.3959299E-01  2.7050300E+06
 3.3963984E-01  2.7050300E+06
 3.3968670E-01  2.7050300E+06
 3.3973355E-01  2.7050300E+06
 3.3978040E-01  2.7050300E+06
 3.3982726E-01  2.7050300E+06
 3.3987411E-01  2.7050300E+06
 3.3992096E-01  2.7050300E+06
 3.3996782E-01  2.7050300E+06
 3.4001467E-01  2.7050300E+06
 3.4006152E-01  2.7050300E+06
 3.4010838E-01  2.7050300E+06
 3.4015523E-01  2.7050300E+06
 3.4020208E-01  2.7050300E+06
 3.4024894E-01  2.7050300E+06
 3.4029579E-01  2.7050300E+06
 3.4034264E-01  2.7050300E+06
 3.4038949E-01  2.7050300E+06
 3.4043635E-01  2.7050300E+06
 3.4048320E-01  2.7050300E+06
 3.4053005E-01  2.7050300E+06
 3.4057691E-01  2.7050300E+06
 3.4062376E-01  2.7050300E+06
 3.4067061E-01  2.7050300E+06
 3.4071747E-01  2.7050300E+06
 3.4076432E-01  2.7050300E+06
 3.4081117E-01  2.7050300E+06
 3.4085803E-01  2.7050300E+06
 3.4090488E-01  2.7050300E+06
 3.4095173E-01  2.7050300E+06
 3.4099859E-01  2.7050300E+06
 3.4104544E-01  2.7050300E+06
 3.4109229E-01  2.7050300E+06
 3.4113914E-01  2.7050300E+06
 3.4118600E-01  2.7050300E+06
 3.4123285E-01  2.7050300E+06
 3.4127970E-01  2.7050300E+06
 3.4132656E-01  2.7050300E+06
 3.4137341E-01  2.7050300E+06
 3.4142026E-01  2.7050300E+06
 3.4146712E-01  2.7050300E+06
 3.4151397E-01  2.7050300E+06
 3.4156082E-01  2.7050300E+06
 3.4160768E-01  2.7050300E+06
 3.4165453E-01  2.7050300E+06
 3.4170138E-01  2.7050300E+06
 3.4174823E-01  2.7050300E+06
 3.4179509E-01  2.7050300E+06
 3.4184194E-01  2.7050300E+06
 3.4188879E-01  2.7050300E+06
 3.4193565E-01  2.7050300E+06
 3.4198250E-01  2.7050300E+06
 3.4202935E-01  2.7050300E+06
 3.4207621E-01  2.7050300E+06
 3.4212306E-01  2.7050300E+06
 3.4216991E-01  2.7050300E+06
 3.4221677E-01  2.7050300E+06
 3.4226362E-01  2.7050300E+06
 3.4231047E-01  2.7050300E+06
 3.4235733E-01  2.7050300E+06
 3.4240418E-01  2.7050300E+06
 3.4245103E-01  2.7050300E+06
 3.4249788E-01  2.7050300E+06
 3.4254474E-01  2.7050300E+06
 3.4259159E-01  2.7050300E+06
 3.4263844E-01  2.7050300E+06
 3.4268530E-01  2.7050300E+06
 3.4273215E-01  2.7050300E+06
 3.4277900E-01  2.7050300E+06
 3.4282586E-01  2.7050300E+06
 3.4287271E-01  2.7050300E+06
 3.4291956E-01  2.7050300E+06
 3.4296642E-01  2.7050300E+06
 3.4301327E-01  2.7050300E+06
 3.4306012E-01  2.7050300E+06
 3.4310698E-01  2.7050300E+06
 3.4315383E-01  2.7050300E+06
 3.4320068E-01  2.7050300E+06
 3.4324753E-01  2.7050300E+06
 3.4329439E-01  2.7050300E+06
 3.4334124E-01  2.7050300E+06
 3.4338809E-01  2.7050300E+06
 3.4343495E-01  2.7050300E+06
 3.4348180E-01  2.7050300E+06
 3.4352865E-01  2.7050300E+06
 3.4357551E-01  2.7050300E+06
 3.4362236E-01  2.7050300E+06
 3.4366921E-01  2.7050300E+06
 3.4371607E-01  2.7050300E+06
 3.4376292E-01  2.7050300E+06
 3.4380977E-01  2.7050300E+06
 3.4385663E-01  2.7050300E+06
 3.4390348E-01  2.7050300E+06
 3.4395033E-01  2.7050300E+06
 3.4399718E-01  2.7050300E+06
 3.4404404E-01  2.7050300E+06
 3.4409089E-01  2.7050300E+06
 3.4413774E-01  2.7050300E+06
 3.4418460E-01  2.7050300E+06
 3.4423145E-01  2.7050300E+06
 3.4427830E-01  2.7050300E+06
 3.4432516E-01  2.7050300E+06
 3.4437201E-01  2.7050300E+06
 3.4441886E-01  2.7050300E+06
 3.4446572E-01  2.7050300E+06
 3.4451257E-01  2.7050300E+06
 3.4455942E-01  2.7050300E+06
 3.4460628E-01  2.7050300E+06
 3.4465313E-01  2.7050300E+06
 3.4469998E-01  2.7050300E+06
 3.4474683E-01  2.7050300E+06
 3.4479369E-01  2.7050300E+06
 3.4484054E-01  2.7050300E+06
 3.4488739E-01  2.7050300E+06
 3.4493425E-01  2.7050300E+06
 3.4498110E-01  2.7050300E+06
 3.4502795E-01  2.7050300E+06
 3.4507481E-01  2.7050300E+06
 3.4512166E-01  2.7050300E+06
 3.4512166E-01  6.5737535E+06
 3.4513103E-01  6.5737535E+06
 3.4514040E-01  6.5733107E+06
 3.4514977E-01  6.5728678E+06
 3.4515914E-01  6.5724249E+06
 3.4516851E-01  6.5719820E+06
 3.4517788E-01  6.5715391E+06
 3.4518725E-01  6.5710962E+06
 3.4519662E-01  6.5706534E+06
 3.4520600E-01  6.5702105E+06
 3.4521537E-01  6.5697675E+06
 3.4522474E-01  6.5693246E+06
 3.4523411E-01  6.5688817E+06
 3.4524348E-01  6.5684388E+06
 3.4525285E-01  6.5679959E+06
 3.4526222E-01  6.5675530E+06
 3.4527159E-01  6.5671100E+06
 3.4528096E-01  6.5666671E+06
 3.4529033E-01  6.5662242E+06
 3.4529970E-01  6.5657812E+06
 3.4530907E-01  6.5653383E+06
 3.4531844E-01  6.5648953E+06
 3.4532781E-01  6.5644524E+06
 3.4533718E-01  6.5640094E+06
 3.4534655E-01  6.5635665E+06
 3.4535593E-01  6.5631235E+06
 3.4536530E-01  6.5626805E+06
 3.4537467E-01  6.5622376E+06
 3.4538404E-01  6.5617946E+06
 3.4539341E-01  6.5613516E+06
 3.4540278E-01  6.5609086E+06
 3.4541215E-01  6.5604656E+06
 3.4542152E-01  6.5600226E+06
 3.4543089E-01  6.5595796E+06
 3.4544026E-01  6.5591366E+06
 3.4544963E-01  6.5586936E+06
 3.4545900E-01  6.5582506E+06
 3.4546837E-01  6.5578076E+06
 3.4547774E-01  6.5573646E+06
 3.4548711E-01  6.5569216E+06
 3.4549648E-01  6.5564786E+06
 3.4550586E-01  6.5560355E+06
 3.4551523E-01  6.5555925E+06
 3.4552460E-01  6.5551495E+06
 3.4553397E-01  6.5547065E+06
 3.4554334E-01  6.5542634E+06
 3.4555271E-01  6.5538204E+06
 3.4556208E-01  6.5533773E+06
 3.4557145E-01  6.5529343E+06
 3.4558082E-01  6.5524912E+06
 3.4559019E-01  6.5520482E+06
 3.4559956E-01  6.5516051E+06
 3.4560893E-01  6.5511621E+06
 3.4561830E-01  6.5507190E+06
 3.4562767E-01  6.5502759E+06
 3.4563704E-01  6.5498329E+06
 3.4564641E-01  6.5493898E+06
 3.4565579E-01  6.5489467E+06
 3.4566516E-01  6.5485037E+06
 3.4567453E-01  6.5480606E+06
 3.4568390E-01  6.5476175E+06
 3.4569327E-01  6.5471744E+06
 3.4570264E-01  6.5467313E+06
 3.4571201E-01  6.5462882E+06
 3.4572138E-01  6.5458451E+06
 3.4573075E-01  6.5454020E+06
 3.4574012E-01  6.5449589E+06
 3.4574949E-01  6.5445158E+06
 3.4575886E-01  6.5440727E+06
 3.4576823E-01  6.5436296E+06
 3.4577760E-01  6.5431865E+06
 3.4578697E-01  6.5427434E+06
 3.4579634E-01  6.5423003E+06
 3.4580572E-01  6.5418571E+06
 3.4581509E-01  6.5414140E+06
 3.4582446E-01  6.5409709E+06
 3.4583383E-01  6.5405278E+06
 3.4584320E-01  6.5400846E+06
 3.4585257E-01  6.5396415E+06
 3.4586194E-01  6.5391984E+06
 3.4587131E-01  6.5387552E+06
 3.4588068E-01  6.5383121E+06
 3.4589005E-01  6.5378690E+06
 3.4589942E-01  6.5374258E+06
 3.4590879E-01  6.5369827E+06
 3.4591816E-01  6.5365395E+06
 3.4592753E-01  6.5360964E+06
 3.4593690E-01  6.5356532E+06
 3.4594627E-01  6.5352101E+06
 3.4595565E-01  6.5347669E+06
 3.4596502E-01  6.5343237E+06
 3.4597439E-01  6.5338806E+06
 3.4598376E-01  6.5334374E+06
 3.4599313E-01  6.5329942E+06
 3.4600250E-01  6.5325511E+06
 3.4601187E-01  6.5321079E+06
 3.4602124E-01  6.5316647E+06
 3.4603061E-01  6.5312216E+06
 3.4603998E-01  6.5307784E+06
 3.4604935E-01  6.5303352E+06
 3.4605872E-01  6.5298920E+06
 3.4606809E-01  6.5294488E+06
 3.4607746E-01  6.5290057E+06
 3.4608683E-01  6.5285625E+06
 3.4609620E-01  6.5281193E+06
 3.4610558E-01  6.5276761E+06
 3.4611495E-01  6.5272329E+06
 3.4612432E-01  6.5267897E+06
 3.4613369E-01  6.5263465E+06
 3.4614306E-01  6.5259033E+06
 3.4615243E-01  6.5254601E+06
 3.4616180E-01  6.5250169E+06
 3.4617117E-01  6.5245737E+06
 3.4618054E-01  6.5241305E+06
 3.4618991E-01  6.5236873E+06
 3.4619928E-01  6.5232441E+06
 3.4620865E-01  6.5228009E+06
 3.4621802E-01  6.5223577E+06
 3.4622739E-01  6.5219145E+06
 3.4623676E-01  6.5214713E+06
 3.4624613E-01  6.5210281E+06
 3.4625551E-01  6.5205848E+06
 3.4626488E-01  6.5201416E+06
 3.4627425E-01  6.5196984E+06
 3.4628362E-01  6.5192552E+06
 3.4629299E-01  6.5188120E+06
 3.4630236E-01  6.5183688E+06
 3.4631173E-01  6.5179255E+06
 3.4632110E-01  6.5174823E+06
 3.4633047E-01  6.5170391E+06
 3.4633984E-01  6.5165959E+06
 3.4634921E-01  6.5161526E+06
 3.4635858E-01  6.5157094E+06
 3.4636795E-01  6.5152662E+06
 3.4637732E-01  6.5148229E+06
 3.4638669E-01  6.5143797E+06
 3.4639606E-01  6.5139365E+06
 3.4640544E-01  6.5134933E+06
 3.4641481E-01  6.5130500E+06
 3.4642418E-01  6.5126068E+06
 3.4643355E-01  6.5121635E+06
 3.4644292E-01  6.5117203E+06
 3.4645229E-01  6.5112771E+06
 3.4646166E-01  6.5108338E+06
 3.4647103E-01  6.5103906E+06
 3.4648040E-01  6.5099474E+06
 3.4648977E-01  6.5095041E+06
 3.4649914E-01  6.5090609E+06
 3.4650851E-01  6.5086176E+06
 3.4651788E-01  6.5081744E+06
 3.4652725E-01  6.5077311E+06
 3.4653662E-01  6.5072879E+06
 3.4654599E-01  6.5068447E+06
 3.4655537E-01  6.5064014E+06
 3.4656474E-01  6.5059582E+06
 3.4657411E-01  6.5055149E+06
 3.4658348E-01  6.5050717E+06
 3.4659285E-01  6.5046284E+06
 3.4660222E-01  6.5041852E+06
 3.4661159E-01  6.5037419E+06
 3.4662096E-01  6.5032987E+06
 3.4663033E-01  6.5028554E+06
 3.4663970E-01  6.5024122E+06
 3.4664907E-01  6.5019689E+06
 3.4665844E-01  6.5015257E+06
 3.4666781E-01  6.5010824E+06
 3.4667718E-01  6.5006392E+06
 3.4668655E-01  6.5001959E+06
 3.4669592E-01  6.4997527E+06
 3.4670530E-01  6.4993094E+06
 3.4671467E-01  6.4988662E+06
 3.4672404E-01  6.4984229E+06
 3.4673341E-01  6.4979797E+06
 3.4674278E-01  6.4975364E+06
 3.4675215E-01  6.4970932E+06
 3.4676152E-01  6.4966499E+06
 3.4677089E-01  6.4962067E+06
 3.4678026E-01  6.4957634E+06
 3.4678963E-01  6.4953202E+06
 3.4679900E-01  6.4948769E+06
 3.4680837E-01  6.4944337E+06
 3.4681774E-01  6.4939904E+06
 3.4682711E-01  6.4935472E+06
 3.4683648E-01  6.4931039E+06
 3.4684585E-01  6.4926607E+06
 3.4685523E-01  6.4922174E+06
 3.4686460E-01  6.4917742E+06
 3.4687397E-01  6.4913309E+06
 3.4688334E-01  6.4908877E+06
 3.4689271E-01  6.4904444E+06
 3.4690208E-01  6.4900012E+06
 3.4691145E-01  6.4895579E+06
 3.4692082E-01  6.4891147E+06
 3.4693019E-01  6.4886714E+06
 3.4693956E-01  6.4882282E+06
 3.4694893E-01  6.4877849E+06
 3.4695830E-01  6.4873417E+06
 3.4696767E-01  6.4868984E+06
 3.4697704E-01  6.4864552E+06
 3.4698641E-01  6.4860119E+06
 3.4699578E-01  6.4855687E+06
 3.4700516E-01  6.4851255E+06
 3.4701453E-01  6.4846822E+06
 3.4702390E-01  6.4842390E+06
 3.4703327E-01  6.4837957E+06
 3.4704264E-01  6.4833525E+06
 3.4705201E-01  6.4829092E+06
 3.4706138E-01  6.4824660E+06
 3.4707075E-01  6.4820228E+06
 3.4708012E-01  6.4815795E+06
 3.4708949E-01  6.4811363E+06
 3.4709886E-01  6.4806931E+06
 3.4710823E-01  6.4802498E+06
 3.4711760E-01  6.4798066E+06
 3.4712697E-01  6.4793633E+06
 3.4713634E-01  6.4789201E+06
 3.4714571E-01  6.4784769E+06
 3.4715509E-01  6.4780336E+06
 3.4716446E-01  6.4775904E+06
 3.4717383E-01  6.4771472E+06
 3.4718320E-01  6.4767040E+06
 3.4719257E-01  6.4762607E+06
 3.4720194E-01  6.4758175E+06
 3.4721131E-01  6.4753743E+06
 3.4722068E-01  6.4749311E+06
 3.4723005E-01  6.4744878E+06
 3.4723942E-01  6.4740446E+06
 3.4724879E-01  6.4736014E+06
 3.4725816E-01  6.4731582E+06
 3.4726753E-01  6.4727150E+06
 3.4727690E-01  6.4722717E+06
 3.4728627E-01  6.4718285E+06
 3.4729564E-01  6.4713853E+06
 3.4730502E-01  6.4709421E+06
 3.4731439E-01  6.4704989E+06
 3.4732376E-01  6.4700557E+06
 3.4733313E-01  6.4696125E+06
 3.4734250E-01  6.4691693E+06
 3.4735187E-01  6.4687260E+06
 3.4736124E-01  6.4682828E+06
 3.4737061E-01  6.4678396E+06
 3.4737998E-01  6.4673964E+06
 3.4738935E-01  6.4669532E+06
 3.4739872E-01  6.4665100E+06
 3.4740809E-01  6.4660668E+06
 3.4741746E-01  6.4656236E+06
 3.4742683E-01  6.4651805E+06
 3.4743620E-01  6.4647373E+06
 3.4744557E-01  6.4642941E+06
 3.4745495E-01  6.4638509E+06
 3.4746432E-01  6.4634077E+06
 3.4747369E-01  6.4629645E+06
 3.4748306E-01  6.4625213E+06
 3.4749243E-01  6.4620781E+06
 3.4750180E-01  6.4616350E+06
 3.4751117E-01  6.4611918E+06
 3.4752054E-01  6.4607486E+06
 3.4752991E-01  6.4603054E+06
 3.4753928E-01  6.4598623E+06
 3.4754865E-01  6.4594191E+06
 3.4755802E-01  6.4589759E+06
 3.4756739E-01  6.4585328E+06
 3.4757676E-01  6.4580896E+06
 3.4758613E-01  6.4576464E+06
 3.4759550E-01  6.4572033E+06
 3.4760488E-01  6.4567601E+06
 3.4761425E-01  6.4563170E+06
 3.4762362E-01  6.4558738E+06
 3.4763299E-01  6.4554307E+06
 3.4764236E-01  6.4549875E+06
 3.4765173E-01  6.4545444E+06
 3.4766110E-01  6.4541012E+06
 3.4767047E-01  6.4536581E+06
 3.4767984E-01  6.4532149E+06
 3.4768921E-01  6.4527718E+06
 3.4769858E-01  6.4523287E+06
 3.4770795E-01  6.4518855E+06
 3.4771732E-01  6.4514424E+06
 3.4772669E-01  6.4509993E+06
 3.4773606E-01  6.4505561E+06
 3.4774543E-01  6.4501130E+06
 3.4775481E-01  6.4496699E+06
 3.4776418E-01  6.4492268E+06
 3.4777355E-01  6.4487837E+06
 3.4778292E-01  6.4483405E+06
 3.4779229E-01  6.4478974E+06
 3.4780166E-01  6.4474543E+06
 3.4781103E-01  6.4470112E+06
 3.4782040E-01  6.4465681E+06
 3.4782977E-01  6.4461250E+06
 3.4783914E-01  6.4456819E+06
 3.4784851E-01  6.4452388E+06
 3.4785788E-01  6.4447957E+06
 3.4786725E-01  6.4443526E+06
 3.4787662E-01  6.4439095E+06
 3.4788599E-01  6.4434664E+06
 3.4789536E-01  6.4430234E+06
 3.4790474E-01  6.4425803E+06
 3.4791411E-01  6.4421372E+06
 3.4792348E-01  6.4416941E+06
 3.4793285E-01  6.4412511E+06
 3.4794222E-01  6.4408080E+06
 3.4795159E-01  6.4403649E+06
 3.4796096E-01  6.4399219E+06
 3.4797033E-01  6.4394788E+06
 3.4797970E-01  6.4390357E+06
 3.4798907E-01  6.4385927E+06
 3.4799844E-01  6.4381496E+06
 3.4800781E-01  6.4377066E+06
 3.4801718E-01  6.4372635E+06
 3.4802655E-01  6.4368205E+06
 3.4803592E-01  6.4363775E+06
 3.4804529E-01  6.4359344E+06
 3.4805467E-01  6.4354914E+06
 3.4806404E-01  6.4350484E+06
 3.4807341E-01  6.4346053E+06
 3.4808278E-01  6.4341623E+06
 3.4809215E-01  6.4337193E+06
 3.4810152E-01  6.4332763E+06
 3.4811089E-01  6.4328333E+06
 3.4812026E-01  6.4323903E+06
 3.4812963E-01  6.4319473E+06
 3.4813900E-01  6.4315042E+06
 3.4814837E-01  6.4310612E+06
 3.4815774E-01  6.4306183E+06
 3.4816711E-01  6.4301753E+06
 3.4817648E-01  6.4297323E+06
 3.4818585E-01  6.4292893E+06
 3.4819522E-01  6.4288463E+06
 3.4820460E-01  6.4284033E+06
 3.4821397E-01  6.4279603E+06
 3.4822334E-01  6.4275174E+06
 3.4823271E-01  6.4270744E+06
 3.4824208E-01  6.4266314E+06
 3.4825145E-01  6.4261885E+06
 3.4826082E-01  6.4257455E+06
 3.4827019E-01  6.4253026E+06
 3.4827956E-01  6.4248596E+06
 3.4828893E-01  6.4244167E+06
 3.4829830E-01  6.4239737E+06
 3.4830767E-01  6.4235308E+06
 3.4831704E-01  6.4230878E+06
 3.4832641E-01  6.4226449E+06
 3.4833578E-01  6.4222020E+06
 3.4834515E-01  6.4217591E+06
 3.4835453E-01  6.4213161E+06
 3.4836390E-01  6.4208732E+06
 3.4837327E-01  6.4204303E+06
 3.4838264E-01  6.4199874E+06
 3.4839201E-01  6.4195445E+06
 3.4840138E-01  6.4191016E+06
 3.4841075E-01  6.4186587E+06
 3.4842012E-01  6.4182158E+06
 3.4842949E-01  6.4177729E+06
 3.4843886E-01  6.4173300E+06
 3.4844823E-01  6.4168872E+06
 3.4845760E-01  6.4164443E+06
 3.4846697E-01  6.4160014E+06
 3.4847634E-01  6.4155585E+06
 3.4848571E-01  6.4151157E+06
 3.4849508E-01  6.4146728E+06
 3.4850446E-01  6.4142300E+06
 3.4851383E-01  6.4137871E+06
 3.4852320E-01  6.4133442E+06
 3.4853257E-01  6.4129014E+06
 3.4854194E-01  6.4124586E+06
 3.4855131E-01  6.4120157E+06
 3.4856068E-01  6.4115729E+06
 3.4857005E-01  6.4111301E+06
 3.4857942E-01  6.4106873E+06
 3.4858879E-01  6.4102444E+06
 3.4859816E-01  6.4098016E+06
 3.4860753E-01  6.4093588E+06
 3.4861690E-01  6.4089160E+06
 3.4862627E-01  6.4084732E+06
 3.4863564E-01  6.4080304E+06
 3.4864501E-01  6.4075876E+06
 3.4865439E-01  6.4071448E+06
 3.4866376E-01  6.4067020E+06
 3.4867313E-01  6.4062593E+06
 3.4868250E-01  6.4058165E+06
 3.4869187E-01  6.4053737E+06
 3.4870124E-01  6.4049310E+06
 3.4871061E-01  6.4044882E+06
 3.4871998E-01  6.4040454E+06
 3.4872935E-01  6.4036027E+06
 3.4873872E-01  6.4031600E+06
 3.4874809E-01  6.4027172E+06
 3.4875746E-01  6.4022745E+06
 3.4876683E-01  6.4018317E+06
 3.4877620E-01  6.4013890E+06
 3.4878557E-01  6.4009463E+06
 3.4879494E-01  6.4005036E+06
 3.4880432E-01  6.4000609E+06
 3.4881369E-01  6.3996182E+06
 3.4882306E-01  6.3991755E+06
 3.4883243E-01  6.3987328E+06
 3.4884180E-01  6.3982901E+06
 3.4885117E-01  6.3978474E+06
 3.4886054E-01  6.3974047E+06
 3.4886991E-01  6.3969620E+06
 3.4887928E-01  6.3965193E+06
 3.4888865E-01  6.3960767E+06
 3.4889802E-01  6.3956340E+06
 3.4890739E-01  6.3951914E+06
 3.4891676E-01  6.3947487E+06
 3.4892613E-01  6.3943061E+06
 3.4893550E-01  6.3938634E+06
 3.4894487E-01  6.3934208E+06
 3.4895424E-01  6.3929782E+06
 3.4896362E-01  6.3925355E+06
 3.4897299E-01  6.3920929E+06
 3.4898236E-01  6.3916503E+06
 3.4899173E-01  6.3912077E+06
 3.4900110E-01  6.3907651E+06
 3.4901047E-01  6.3903225E+06
 3.4901984E-01  6.3898799E+06
 3.4902921E-01  6.3894373E+06
 3.4903858E-01  6.3889947E+06
 3.4904795E-01  6.3885521E+06
 3.4905732E-01  6.3881095E+06
 3.4906669E-01  6.3876670E+06
 3.4907606E-01  6.3872244E+06
 3.4908543E-01  6.3867819E+06
 3.4909480E-01  6.3863393E+06
 3.4910417E-01  6.3858968E+06
 3.4911355E-01  6.3854542E+06
 3.4912292E-01  6.3850117E+06
 3.4913229E-01  6.3845692E+06
 3.4914166E-01  6.3841266E+06
 3.4915103E-01  6.3836841E+06
 3.4916040E-01  6.3832416E+06
 3.4916977E-01  6.3827991E+06
 3.4917914E-01  6.3823566E+06
 3.4918851E-01  6.3819141E+06
 3.4919788E-01  6.3814716E+06
 3.4920725E-01  6.3810291E+06
 3.4921662E-01  6.3805866E+06
 3.4922599E-01  6.3801442E+06
 3.4923536E-01  6.3797017E+06
 3.4924473E-01  6.3792592E+06
 3.4925410E-01  6.3788168E+06
 3.4926348E-01  6.3783743E+06
 3.4927285E-01  6.3779319E+06
 3.4928222E-01  6.3774894E+06
 3.4929159E-01  6.3770470E+06
 3.4930096E-01  6.3766046E+06
 3.4931033E-01  6.3761622E+06
 3.4931970E-01  6.3757198E+06
 3.4932907E-01  6.3752773E+06
 3.4933844E-01  6.3748349E+06
 3.4934781E-01  6.3743925E+06
 3.4935718E-01  6.3739502E+06
 3.4936655E-01  6.3735078E+06
 3.4937592E-01  6.3730654E+06
 3.4938529E-01  6.3726230E+06
 3.4939466E-01  6.3721807E+06
 3.4940403E-01  6.3717383E+06
 3.4941341E-01  6.3712959E+06
 3.4942278E-01  6.3708536E+06
 3.4943215E-01  6.3704112E+06
 3.4944152E-01  6.3699689E+06
 3.4945089E-01  6.3695266E+06
 3.4946026E-01  6.3690843E+06
 3.4946963E-01  6.3686419E+06
 3.4947900E-01  6.3681996E+06
 3.4948837E-01  6.3677573E+06
 3.4949774E-01  6.3673150E+06
 3.4950711E-01  6.3668727E+06
 3.4951648E-01  6.3664305E+06
 3.4952585E-01  6.3659882E+06
 3.4953522E-01  6.3655459E+06
 3.4954459E-01  6.3651036E+06
 3.4955396E-01  6.3646614E+06
 3.4956334E-01  6.3642191E+06
 3.4957271E-01  6.3637769E+06
 3.4958208E-01  6.3633346E+06
 3.4959145E-01  6.3628924E+06
 3.4960082E-01  6.3624502E+06
 3.4961019E-01  6.3620080E+06
 3.4961956E-01  6.3615657E+06
 3.4962893E-01  6.3611235E+06
 3.4963830E-01  6.3606813E+06
 3.4964767E-01  6.3602391E+06
 3.4965704E-01  6.3597969E+06
 3.4966641E-01  6.3593548E+06
 3.4967578E-01  6.3589126E+06
 3.4968515E-01  6.3584704E+06
 3.4969452E-01  6.3580283E+06
 3.4970389E-01  6.3575861E+06
 3.4971327E-01  6.3571440E+06
 3.4972264E-01  6.3567018E+06
 3.4973201E-01  6.3562597E+06
 3.4974138E-01  6.3558176E+06
 3.4975075E-01  6.3553754E+06
 3.4976012E-01  6.3549333E+06
 3.4976949E-01  6.3544912E+06
 3.4977886E-01  6.3540491E+06
 3.4978823E-01  6.3536070E+06
 3.4979760E-01  6.3531649E+06
 3.4980697E-01  6.3527229E+06
 3.4981634E-01  6.3522808E+06
 3.4982571E-01  6.3518387E+06
 3.4983508E-01  6.3513967E+06
 3.4984445E-01  6.3509546E+06
 3.4985382E-01  6.3505126E+06
 3.4986320E-01  6.3500705E+06
 3.4987257E-01  6.3496285E+06
 3.4988194E-01  6.3491865E+06
 3.4989131E-01  6.3487445E+06
 3.4990068E-01  6.3483025E+06
 3.4991005E-01  6.3478605E+06
 3.4991942E-01  6.3474185E+06
 3.4992879E-01  6.3469765E+06
 3.4993816E-01  6.3465345E+06
 3.4994753E-01  6.3460925E+06
 3.4995690E-01  6.3456506E+06
 3.4996627E-01  6.3452086E+06
 3.4997564E-01  6.3447667E+06
 3.4998501E-01  6.3443247E+06
 3.4999438E-01  6.3438828E+06
 3.5000375E-01  6.3434409E+06
 3.5001313E-01  6.3429989E+06
 3.5002250E-01  6.3425570E+06
 3.5003187E-01  6.3421151E+06
 3.5004124E-01  6.3416732E+06
 3.5005061E-01  6.3412313E+06
 3.5005998E-01  6.3407894E+06
 3.5006935E-01  6.3403476E+06
 3.5007872E-01  6.3399057E+06
 3.5008809E-01  6.3394638E+06
 3.5009746E-01  6.3390220E+06
 3.5010683E-01  6.3385801E+06
 3.5011620E-01  6.3381383E+06
 3.5012557E-01  6.3376965E+06
 3.5013494E-01  6.3372546E+06
 3.5014431E-01  6.3368128E+06
 3.5015368E-01  6.3363710E+06
 3.5016306E-01  6.3359292E+06
 3.5017243E-01  6.3354874E+06
 3.5018180E-01  6.3350456E+06
 3.5019117E-01  6.3346039E+06
 3.5020054E-01  6.3341621E+06
 3.5120054E-01  0.0000000E+00
 3.5220054E-01  0.0000000E+00
 3.5320054E-01  0.0000000E+00
 3.5420054E-01  0.0000000E+00
 3.5520054E-01  0.0000000E+00
 3.5620054E-01  0.0000000E+00
 3.5720054E-01  0.0000000E+00
 3.5820054E-01  0.0000000E+00
 3.5920054E-01  0.0000000E+00
 3.6020054E-01  0.0000000E+00
 3.6120054E-01  0.0000000E+00
 3.6220054E-01  0.0000000E+00
 3.6320054E-01  0.0000000E+00
 3.6420054E-01  0.0000000E+00
 3.6520054E-01  0.0000000E+00
 3.6620054E-01  0.0000000E+00
 3.6720054E-01  0.0000000E+00
 3.6820054E-01  0.0000000E+00
 3.6920054E-01  0.0000000E+00
 3.7020054E-01  0.0000000E+00
 3.7120054E-01  0.0000000E+00
 3.7220054E-01  0.0000000E+00
 3.7320054E-01  0.0000000E+00
 3.7420054E-01  0.0000000E+00
 3.7520054E-01  0.0000000E+00
 3.7620054E-01  0.0000000E+00
 3.7720054E-01  0.0000000E+00
 3.7820054E-01  0.0000000E+00
 3.7920054E-01  0.0000000E+00
 3.8020054E-01  0.0000000E+00
 3.8120054E-01  0.0000000E+00
 3.8220054E-01  0.0000000E+00
 3.8320054E-01  0.0000000E+00
 3.8420054E-01  0.0000000E+00
 3.8520054E-01  0.0000000E+00
 3.8620054E-01  0.0000000E+00
 3.8720054E-01  0.0000000E+00
 3.8820054E-01  0.0000000E+00
 3.8920054E-01  0.0000000E+00
 3.9020054E-01  0.0000000E+00
 3.9120054E-01  0.0000000E+00
 3.9220054E-01  0.0000000E+00
 3.9320054E-01  0.0000000E+00
 3.9420054E-01  0.0000000E+00
 3.9520054E-01  0.0000000E+00
 3.9620054E-01  0.0000000E+00
 3.9720054E-01  0.0000000E+00
 3.9820054E-01  0.0000000E+00
 3.9920054E-01  0.0000000E+00
 4.0020054E-01  0.0000000E+00
 4.0120054E-01  0.0000000E+00
 4.0220054E-01  0.0000000E+00
 4.0320054E-01  0.0000000E+00
 4.0420054E-01  0.0000000E+00
 4.0520054E-01  0.0000000E+00
 4.0620054E-01  0.0000000E+00
 4.0720054E-01  0.0000000E+00
 4.0820054E-01  0.0000000E+00
 4.0920054E-01  0.0000000E+00
 4.1020054E-01  0.0000000E+00
 4.1120054E-01  0.0000000E+00
 4.1220054E-01  0.0000000E+00
 4.1320054E-01  0.0000000E+00
 4.1420054E-01  0.0000000E+00
 4.1520054E-01  0.0000000E+00
 4.1620054E-01  0.0000000E+00
 4.1720054E-01  0.0000000E+00
 4.1820054E-01  0.0000000E+00
 4.1920054E-01  0.0000000E+00
 4.2020054E-01  0.0000000E+00
 4.2120054E-01  0.0000000E+00
 4.2220054E-01  0.0000000E+00
 4.2320054E-01  0.0000000E+00
 4.2420054E-01  0.0000000E+00
 4.2520054E-01  0.0000000E+00
 4.2620054E-01  0.0000000E+00
 4.2720054E-01  0.0000000E+00
 4.2820054E-01  0.0000000E+00
 4.2920054E-01  0.0000000E+00
 4.3020054E-01  0.0000000E+00
 4.3120054E-01  0.0000000E+00
 4.3220054E-01  0.0000000E+00
 4.3320054E-01  0.0000000E+00
 4.3420054E-01  0.0000000E+00
 4.3520054E-01  0.0000000E+00
 4.3620054E-01  0.0000000E+00
 4.3720054E-01  0.0000000E+00
 4.3820054E-01  0.0000000E+00
 4.3920054E-01  0.0000000E+00
 4.4020054E-01  0.0000000E+00
 4.4120054E-01  0.0000000E+00
 4.4220054E-01  0.0000000E+00
 4.4320054E-01  0.0000000E+00
 4.4420054E-01  0.0000000E+00
 4.4520054E-01  0.0000000E+00
 4.4620054E-01  0.0000000E+00
 4.4720054E-01  0.0000000E+00
 4.4820054E-01  0.0000000E+00
 4.4920054E-01  0.0000000E+00
 4.5020054E-01  0.0000000E+00
 4.5120054E-01  0.0000000E+00
 4.5220054E-01  0.0000000E+00
 4.5320054E-01  0.0000000E+00
 4.5420054E-01  0.0000000E+00
 4.5520054E-01  0.0000000E+00
 4.5620054E-01  0.0000000E+00
 4.5720054E-01  0.0000000E+00
 4.5820054E-01  0.0000000E+00
 4.5920054E-01  0.0000000E+00
 4.6020054E-01  0.0000000E+00
 4.6120054E-01  0.0000000E+00
 4.6220054E-01  0.0000000E+00
 4.6320054E-01  0.0000000E+00
 4.6420054E-01  0.0000000E+00
 4.6520054E-01  0.0000000E+00
 4.6620054E-01  0.0000000E+00
 4.6720054E-01  0.0000000E+00
 4.6820054E-01  0.0000000E+00
 4.6920054E-01  0.0000000E+00
 4.7020054E-01  0.0000000E+00
 4.7120054E-01  0.0000000E+00
 4.7220054E-01  0.0000000E+00
 4.7320054E-01  0.0000000E+00
 4.7420054E-01  0.0000000E+00
 4.7520054E-01  0.0000000E+00
 4.7620054E-01  0.0000000E+00
 4.7720054E-01  0.0000000E+00
 4.7820054E-01  0.0000000E+00
 4.7920054E-01  0.0000000E+00
 4.8020054E-01  0.0000000E+00
 4.8120054E-01  0.0000000E+00
 4.8220054E-01  0.0000000E+00
 4.8320054E-01  0.0000000E+00
 4.8420054E-01  0.0000000E+00
 4.8520053E-01  0.0000000E+00
 4.8620053E-01  0.0000000E+00
 4.8720053E-01  0.0000000E+00
 4.8820053E-01  0.0000000E+00
 4.8920053E-01  0.0000000E+00
 4.9020053E-01  0.0000000E+00
 4.9120053E-01  0.0000000E+00
 4.9220053E-01  0.0000000E+00
 4.9320053E-01  0.0000000E+00
 4.9420053E-01  0.0000000E+00
 4.9520053E-01  0.0000000E+00
 4.9620053E-01  0.0000000E+00
 4.9720053E-01  0.0000000E+00
 4.9820053E-01  0.0000000E+00
 4.9920053E-01  0.0000000E+00
 5.0020053E-01  0.0000000E+00
