 7.0271424E+00            NaN -1.3374689-161  2.9569812E+04 -1.3835155-160 -1.1619669-161 -1.1675011E+04  0.0000000E+00
 7.0274786E+00            NaN -2.6758834-161  2.9569812E+04 -2.7680091-160 -2.3247553-161 -1.1683265E+04  0.0000000E+00
 7.0278147E+00            NaN -3.5771399-161  2.9580084E+04 -3.7004591-160 -3.1078417-161 -1.1684015E+04  0.0000000E+00
 7.0281509E+00            NaN -4.1839995-161  2.9590348E+04 -4.3284338-160 -3.6351938-161 -1.1684765E+04  0.0000000E+00
 7.0284871E+00            NaN -4.5925503-161  2.9600610E+04 -4.7512745-160 -3.9902604-161 -1.1685513E+04  0.0000000E+00
 7.0288233E+00            NaN -4.8675467-161  2.9610868E+04 -5.0359397-160 -4.2292845-161 -1.1686259E+04  0.0000000E+00
 7.0291594E+00            NaN -5.0526142-161  2.9621122E+04 -5.2275481-160 -4.3901623-161 -1.1687003E+04  0.0000000E+00
 7.0294956E+00            NaN -5.1771390-161  2.9631373E+04 -5.3564968-160 -4.4984236-161 -1.1687744E+04  0.0000000E+00
 7.0298318E+00            NaN -5.2609121-161  2.9641621E+04 -5.4432614-160 -4.5712641-161 -1.1688484E+04  0.0000000E+00
 7.0301680E+00            NaN -5.3172597-161  2.9651865E+04 -5.5016314-160 -4.6202640-161 -1.1689221E+04  0.0000000E+00
 7.0305041E+00            NaN -5.3551536-161  2.9662106E+04 -5.5408924-160 -4.6532204-161 -1.1689957E+04  0.0000000E+00
 7.0308403E+00            NaN -5.3806328-161  2.9672344E+04 -5.5672954-160 -4.6753824-161 -1.1690690E+04  0.0000000E+00
 7.0311765E+00            NaN -5.3977616-161  2.9682578E+04 -5.5850484-160 -4.6902828-161 -1.1691421E+04  0.0000000E+00
 7.0315127E+00            NaN -5.4092745-161  2.9692808E+04 -5.5969830-160 -4.7002992-161 -1.1692150E+04  0.0000000E+00
 7.0318488E+00            NaN -5.4170115-161  2.9703036E+04 -5.6050048-160 -4.7070312-161 -1.1692878E+04  0.0000000E+00
 7.0321850E+00            NaN -5.4222100-161  2.9713260E+04 -5.6103956-160 -4.7115551-161 -1.1693603E+04  0.0000000E+00
 7.0325212E+00            NaN -5.4257023-161  2.9723480E+04 -5.6140177-160 -4.7145945-161 -1.1694326E+04  0.0000000E+00
 7.0328574E+00            NaN -5.4280480-161  2.9733697E+04 -5.6164510-160 -4.7166362-161 -1.1695047E+04  0.0000000E+00
 7.0331935E+00            NaN -5.4296232-161  2.9743911E+04 -5.6180853-160 -4.7180074-161 -1.1695766E+04  0.0000000E+00
 7.0335297E+00            NaN -5.4306808-161  2.9754121E+04 -5.6191829-160 -4.7189282-161 -1.1696483E+04  0.0000000E+00
 7.0338659E+00            NaN -5.4313908-161  2.9764328E+04 -5.6199198-160 -4.7195465-161 -1.1697198E+04  0.0000000E+00
 7.0342021E+00            NaN -5.4318674-161  2.9774532E+04 -5.6204145-160 -4.7199614-161 -1.1697910E+04  0.0000000E+00
 7.0345382E+00            NaN -5.4321871-161  2.9784732E+04 -5.6207465-160 -4.7202400-161 -1.1698621E+04  0.0000000E+00
 7.0348744E+00            NaN -5.4324017-161  2.9794929E+04 -5.6209693-160 -4.7204269-161 -1.1699330E+04  0.0000000E+00
 7.0352106E+00            NaN -5.4325457-161  2.9805123E+04 -5.6211188-160 -4.7205523-161 -1.1700037E+04  0.0000000E+00
 7.0355467E+00            NaN -5.4326422-161  2.9815313E+04 -5.6212191-160 -4.7206364-161 -1.1700741E+04  0.0000000E+00
 7.0358829E+00            NaN -5.4327069-161  2.9825499E+04 -5.6212864-160 -4.7206928-161 -1.1701444E+04  0.0000000E+00
 7.0362191E+00            NaN -5.4327503-161  2.9835683E+04 -5.6213315-160 -4.7207306-161 -1.1702144E+04  0.0000000E+00
 7.0365553E+00            NaN -5.4327794-161  2.9845863E+04 -5.6213617-160 -4.7207560-161 -1.1702843E+04  0.0000000E+00
 7.0368914E+00            NaN -5.4327989-161  2.9856039E+04 -5.6213820-160 -4.7207730-161 -1.1703539E+04  0.0000000E+00
 7.0372276E+00            NaN -5.4328120-161  2.9866213E+04 -5.6213956-160 -4.7207844-161 -1.1704234E+04  0.0000000E+00
 7.0375638E+00            NaN -5.4328208-161  2.9876383E+04 -5.6214047-160 -4.7207920-161 -1.1704926E+04  0.0000000E+00
 7.0379000E+00            NaN -5.4328266-161  2.9886549E+04 -5.6214108-160 -4.7207971-161 -1.1705616E+04  0.0000000E+00
 7.0382361E+00            NaN -5.4328306-161  2.9896712E+04 -5.6214149-160 -4.7208005-161 -1.1706305E+04  0.0000000E+00
 7.0385723E+00            NaN -5.4328332-161  2.9906872E+04 -5.6214176-160 -4.7208028-161 -1.1706991E+04  0.0000000E+00
 7.0389085E+00            NaN -5.4328350-161  2.9917029E+04 -5.6214195-160 -4.7208044-161 -1.1707675E+04  0.0000000E+00
 7.0392447E+00            NaN -5.4328361-161  2.9927182E+04 -5.6214207-160 -4.7208054-161 -1.1708357E+04  0.0000000E+00
 7.0395808E+00            NaN -5.4328369-161  2.9937332E+04 -5.6214215-160 -4.7208061-161 -1.1709037E+04  0.0000000E+00
 7.0399170E+00            NaN -5.4328375-161  2.9947478E+04 -5.6214221-160 -4.7208065-161 -1.1709716E+04  0.0000000E+00
 7.0402532E+00            NaN -5.4328378-161  2.9957621E+04 -5.6214224-160 -4.7208068-161 -1.1710392E+04  0.0000000E+00
 7.0405894E+00            NaN -5.4328380-161  2.9967761E+04 -5.6214227-160 -4.7208071-161 -1.1711066E+04  0.0000000E+00
 7.0409255E+00            NaN -5.4328382-161  2.9977898E+04 -5.6214228-160 -4.7208072-161 -1.1711738E+04  0.0000000E+00
 7.0412617E+00            NaN -5.4328383-161  2.9988031E+04 -5.6214230-160 -4.7208073-161 -1.1712408E+04  0.0000000E+00
 7.0415979E+00            NaN -5.4328384-161  2.9998160E+04 -5.6214230-160 -4.7208073-161 -1.1713076E+04  0.0000000E+00
 7.0419341E+00            NaN -5.4328384-161  3.0008287E+04 -5.6214231-160 -4.7208074-161 -1.1713742E+04  0.0000000E+00
 7.0422702E+00            NaN -5.4328385-161  3.0018410E+04 -5.6214231-160 -4.7208074-161 -1.1714406E+04  0.0000000E+00
 7.0426064E+00            NaN -5.4328385-161  3.0028530E+04 -5.6214231-160 -4.7208074-161 -1.1715067E+04  0.0000000E+00
 7.0429426E+00            NaN -5.4328385-161  3.0038646E+04 -5.6214231-160 -4.7208074-161 -1.1715727E+04  0.0000000E+00
 7.0432787E+00            NaN -5.4328385-161  3.0048759E+04 -5.6214232-160 -4.7208075-161 -1.1716385E+04  0.0000000E+00
 7.0436149E+00            NaN -5.4328385-161  3.0058869E+04 -5.6214232-160 -4.7208075-161 -1.1717041E+04  0.0000000E+00
 7.0439511E+00            NaN -5.4328385-161  3.0068976E+04 -5.6214232-160 -4.7208075-161 -1.1717695E+04  0.0000000E+00
 7.0442873E+00            NaN -5.4328385-161  3.0079079E+04 -5.6214232-160 -4.7208075-161 -1.1718347E+04  0.0000000E+00
 7.0446234E+00            NaN -5.4328385-161  3.0089179E+04 -5.6214232-160 -4.7208075-161 -1.1718996E+04  0.0000000E+00
 7.0449596E+00            NaN -5.4328385-161  3.0099275E+04 -5.6214232-160 -4.7208075-161 -1.1719644E+04  0.0000000E+00
 7.0452958E+00            NaN -5.4328385-161  3.0109369E+04 -5.6214232-160 -4.7208075-161 -1.1720290E+04  0.0000000E+00
 7.0456320E+00            NaN -5.4328385-161  3.0119459E+04 -5.6214232-160 -4.7208075-161 -1.1720934E+04  0.0000000E+00
 7.0459681E+00            NaN -5.4328385-161  3.0129545E+04 -5.6214232-160 -4.7208075-161 -1.1721575E+04  0.0000000E+00
 7.0463043E+00            NaN -5.4328385-161  3.0139629E+04 -5.6214232-160 -4.7208075-161 -1.1722215E+04  0.0000000E+00
 7.0466405E+00            NaN -5.4328385-161  3.0149709E+04 -5.6214232-160 -4.7208075-161 -1.1722853E+04  0.0000000E+00
 7.0469767E+00            NaN -5.4328385-161  3.0159785E+04 -5.6214232-160 -4.7208075-161 -1.1723488E+04  0.0000000E+00
 7.0473128E+00            NaN -5.4328385-161  3.0169859E+04 -5.6214232-160 -4.7208075-161 -1.1724122E+04  0.0000000E+00
 7.0476490E+00            NaN -5.4328385-161  3.0179929E+04 -5.6214232-160 -4.7208075-161 -1.1724754E+04  0.0000000E+00
 7.0479852E+00            NaN -5.4328385-161  3.0189996E+04 -5.6214232-160 -4.7208075-161 -1.1725383E+04  0.0000000E+00
 7.0483214E+00            NaN -5.4328385-161  3.0200060E+04 -5.6214232-160 -4.7208075-161 -1.1726011E+04  0.0000000E+00
 7.0486575E+00            NaN -5.4328385-161  3.0210120E+04 -5.6214232-160 -4.7208075-161 -1.1726637E+04  0.0000000E+00
 7.0489937E+00            NaN -5.4328385-161  3.0220177E+04 -5.6214232-160 -4.7208075-161 -1.1727260E+04  0.0000000E+00
 7.0493299E+00            NaN -5.4328385-161  3.0230231E+04 -5.6214232-160 -4.7208075-161 -1.1727882E+04  0.0000000E+00
 7.0496661E+00            NaN -5.4328385-161  3.0240281E+04 -5.6214232-160 -4.7208075-161 -1.1728502E+04  0.0000000E+00
 7.0500022E+00            NaN -5.4328385-161  3.0250328E+04 -5.6214232-160 -4.7208075-161 -1.1729119E+04  0.0000000E+00
 7.0503384E+00            NaN -5.4328385-161  3.0260372E+04 -5.6214232-160 -4.7208075-161 -1.1729735E+04  0.0000000E+00
 7.0506746E+00            NaN -5.4328385-161  3.0270413E+04 -5.6214232-160 -4.7208075-161 -1.1730349E+04  0.0000000E+00
 7.0510107E+00            NaN -5.4328385-161  3.0280450E+04 -5.6214232-160 -4.7208075-161 -1.1730960E+04  0.0000000E+00
 7.0513469E+00            NaN -5.4328385-161  3.0290484E+04 -5.6214232-160 -4.7208075-161 -1.1731570E+04  0.0000000E+00
 7.0516831E+00            NaN -5.4328385-161  3.0300515E+04 -5.6214232-160 -4.7208075-161 -1.1732178E+04  0.0000000E+00
 7.0520193E+00            NaN -5.4328385-161  3.0310542E+04 -5.6214232-160 -4.7208075-161 -1.1732783E+04  0.0000000E+00
 7.0523554E+00            NaN -5.4328385-161  3.0320566E+04 -5.6214232-160 -4.7208075-161 -1.1733387E+04  0.0000000E+00
 7.0526916E+00            NaN -5.4328385-161  3.0330587E+04 -5.6214232-160 -4.7208075-161 -1.1733989E+04  0.0000000E+00
 7.0530278E+00            NaN -5.4328385-161  3.0340605E+04 -5.6214232-160 -4.7208075-161 -1.1734588E+04  0.0000000E+00
 7.0533640E+00            NaN -5.4328385-161  3.0350620E+04 -5.6214232-160 -4.7208075-161 -1.1735186E+04  0.0000000E+00
 7.0537001E+00            NaN -5.4328385-161  3.0360631E+04 -5.6214232-160 -4.7208075-161 -1.1735782E+04  0.0000000E+00
 7.0540363E+00            NaN -5.4328385-161  3.0370639E+04 -5.6214232-160 -4.7208075-161 -1.1736376E+04  0.0000000E+00
 7.0543725E+00            NaN -5.4328385-161  3.0380644E+04 -5.6214232-160 -4.7208075-161 -1.1736967E+04  0.0000000E+00
 7.0547087E+00            NaN -5.4328385-161  3.0390645E+04 -5.6214232-160 -4.7208075-161 -1.1737557E+04  0.0000000E+00
 7.0550448E+00            NaN -5.4328385-161  3.0400643E+04 -5.6214232-160 -4.7208075-161 -1.1738145E+04  0.0000000E+00
 7.0553810E+00            NaN -5.4328385-161  3.0410638E+04 -5.6214232-160 -4.7208075-161 -1.1738731E+04  0.0000000E+00
 7.0557172E+00            NaN -5.4328385-161  3.0420630E+04 -5.6214232-160 -4.7208075-161 -1.1739315E+04  0.0000000E+00
 7.0560534E+00            NaN -5.4328385-161  3.0430618E+04 -5.6214232-160 -4.7208075-161 -1.1739896E+04  0.0000000E+00
 7.0563895E+00            NaN -5.4328385-161  3.0440604E+04 -5.6214232-160 -4.7208075-161 -1.1740476E+04  0.0000000E+00
 7.0567257E+00            NaN -5.4328385-161  3.0450586E+04 -5.6214232-160 -4.7208075-161 -1.1741054E+04  0.0000000E+00
 7.0570619E+00            NaN -5.4328385-161  3.0460564E+04 -5.6214232-160 -4.7208075-161 -1.1741630E+04  0.0000000E+00
 7.0573981E+00            NaN -5.4328385-161  3.0470540E+04 -5.6214232-160 -4.7208075-161 -1.1742204E+04  0.0000000E+00
 7.0577342E+00            NaN -5.4328385-161  3.0480512E+04 -5.6214232-160 -4.7208075-161 -1.1742776E+04  0.0000000E+00
 7.0580704E+00            NaN -5.4328385-161  3.0490481E+04 -5.6214232-160 -4.7208075-161 -1.1743346E+04  0.0000000E+00
 7.0584066E+00            NaN -5.4328385-161  3.0500447E+04 -5.6214232-160 -4.7208075-161 -1.1743914E+04  0.0000000E+00
 7.0587427E+00            NaN -5.4328385-161  3.0510410E+04 -5.6214232-160 -4.7208075-161 -1.1744480E+04  0.0000000E+00
 7.0590789E+00            NaN -5.4328385-161  3.0520369E+04 -5.6214232-160 -4.7208075-161 -1.1745044E+04  0.0000000E+00
 7.0594151E+00            NaN -5.4328385-161  3.0530325E+04 -5.6214232-160 -4.7208075-161 -1.1745606E+04  0.0000000E+00
 7.0597513E+00            NaN -5.4328385-161  3.0540278E+04 -5.6214232-160 -4.7208075-161 -1.1746166E+04  0.0000000E+00
 7.0600874E+00            NaN -5.4328385-161  3.0550228E+04 -5.6214232-160 -4.7208075-161 -1.1746725E+04  0.0000000E+00
 7.0604236E+00            NaN -5.4328385-161  3.0560174E+04 -5.6214232-160 -4.7208075-161 -1.1747281E+04  0.0000000E+00
 7.0607598E+00            NaN -5.4328385-161  3.0570117E+04 -5.6214232-160 -4.7208075-161 -1.1747835E+04  0.0000000E+00
 7.0610960E+00            NaN -5.4328385-161  3.0580058E+04 -5.6214232-160 -4.7208075-161 -1.1748387E+04  0.0000000E+00
 7.0614321E+00            NaN -5.4328385-161  3.0589994E+04 -5.6214232-160 -4.7208075-161 -1.1748938E+04  0.0000000E+00
 7.0617683E+00            NaN -5.4328385-161  3.0599928E+04 -5.6214232-160 -4.7208075-161 -1.1749486E+04  0.0000000E+00
 7.0621045E+00            NaN -5.4328385-161  3.0609859E+04 -5.6214232-160 -4.7208075-161 -1.1750032E+04  0.0000000E+00
 7.0624407E+00            NaN -5.4328385-161  3.0619786E+04 -5.6214232-160 -4.7208075-161 -1.1750577E+04  0.0000000E+00
 7.0627768E+00            NaN -5.4328385-161  3.0629710E+04 -5.6214232-160 -4.7208075-161 -1.1751119E+04  0.0000000E+00
 7.0631130E+00            NaN -5.4328385-161  3.0639631E+04 -5.6214232-160 -4.7208075-161 -1.1751660E+04  0.0000000E+00
 7.0634492E+00            NaN -5.4328385-161  3.0649548E+04 -5.6214232-160 -4.7208075-161 -1.1752199E+04  0.0000000E+00
 7.0637854E+00            NaN -5.4328385-161  3.0659463E+04 -5.6214232-160 -4.7208075-161 -1.1752735E+04  0.0000000E+00
 7.0641215E+00            NaN -5.4328385-161  3.0669374E+04 -5.6214232-160 -4.7208075-161 -1.1753270E+04  0.0000000E+00
 7.0644577E+00            NaN -5.4328385-161  3.0679282E+04 -5.6214232-160 -4.7208075-161 -1.1753803E+04  0.0000000E+00
 7.0647939E+00            NaN -5.4328385-161  3.0689187E+04 -5.6214232-160 -4.7208075-161 -1.1754333E+04  0.0000000E+00
 7.0651301E+00            NaN -5.4328385-161  3.0699089E+04 -5.6214232-160 -4.7208075-161 -1.1754862E+04  0.0000000E+00
 7.0654662E+00            NaN -5.4328385-161  3.0708987E+04 -5.6214232-160 -4.7208075-161 -1.1755389E+04  0.0000000E+00
 7.0658024E+00            NaN -5.4328385-161  3.0718882E+04 -5.6214232-160 -4.7208075-161 -1.1755914E+04  0.0000000E+00
 7.0661386E+00            NaN -5.4328385-161  3.0728774E+04 -5.6214232-160 -4.7208075-161 -1.1756437E+04  0.0000000E+00
 7.0664747E+00            NaN -5.4328385-161  3.0738663E+04 -5.6214232-160 -4.7208075-161 -1.1756958E+04  0.0000000E+00
 7.0668109E+00            NaN -5.4328385-161  3.0748549E+04 -5.6214232-160 -4.7208075-161 -1.1757477E+04  0.0000000E+00
 7.0671471E+00            NaN -5.4328385-161  3.0758432E+04 -5.6214232-160 -4.7208075-161 -1.1757994E+04  0.0000000E+00
 7.0674833E+00            NaN -5.4328385-161  3.0768311E+04 -5.6214232-160 -4.7208075-161 -1.1758510E+04  0.0000000E+00
 7.0678194E+00            NaN -5.4328385-161  3.0778187E+04 -5.6214232-160 -4.7208075-161 -1.1759023E+04  0.0000000E+00
 7.0681556E+00            NaN -5.4328385-161  3.0788061E+04 -5.6214232-160 -4.7208075-161 -1.1759534E+04  0.0000000E+00
 7.0684918E+00            NaN -5.4328385-161  3.0797930E+04 -5.6214232-160 -4.7208075-161 -1.1760044E+04  0.0000000E+00
 7.0688280E+00            NaN -5.4328385-161  3.0807797E+04 -5.6214232-160 -4.7208075-161 -1.1760551E+04  0.0000000E+00
 7.0691641E+00            NaN -5.4328385-161  3.0817661E+04 -5.6214232-160 -4.7208075-161 -1.1761057E+04  0.0000000E+00
 7.0695003E+00            NaN -5.4328385-161  3.0827521E+04 -5.6214232-160 -4.7208075-161 -1.1761560E+04  0.0000000E+00
 7.0698365E+00            NaN -5.4328385-161  3.0837378E+04 -5.6214232-160 -4.7208075-161 -1.1762062E+04  0.0000000E+00
 7.0701727E+00            NaN -5.4328385-161  3.0847233E+04 -5.6214232-160 -4.7208075-161 -1.1762562E+04  0.0000000E+00
 7.0705088E+00            NaN -5.4328385-161  3.0857083E+04 -5.6214232-160 -4.7208075-161 -1.1763059E+04  0.0000000E+00
 7.0708450E+00            NaN -5.4328385-161  3.0866931E+04 -5.6214232-160 -4.7208075-161 -1.1763555E+04  0.0000000E+00
 7.0711812E+00            NaN -5.4328385-161  3.0876776E+04 -5.6214232-160 -4.7208075-161 -1.1764049E+04  0.0000000E+00
 7.0715174E+00            NaN -5.4328385-161  3.0886617E+04 -5.6214232-160 -4.7208075-161 -1.1764541E+04  0.0000000E+00
 7.0718535E+00            NaN -5.4328385-161  3.0896456E+04 -5.6214232-160 -4.7208075-161 -1.1765031E+04  0.0000000E+00
 7.0721897E+00            NaN -5.4328385-161  3.0906291E+04 -5.6214232-160 -4.7208075-161 -1.1765520E+04  0.0000000E+00
 7.0725259E+00            NaN -5.4328385-161  3.0916123E+04 -5.6214232-160 -4.7208075-161 -1.1766006E+04  0.0000000E+00
 7.0728621E+00            NaN -5.4328385-161  3.0925952E+04 -5.6214232-160 -4.7208075-161 -1.1766490E+04  0.0000000E+00
 7.0731982E+00            NaN -5.4328385-161  3.0935778E+04 -5.6214232-160 -4.7208075-161 -1.1766973E+04  0.0000000E+00
 7.0735344E+00            NaN -5.4328385-161  3.0945600E+04 -5.6214232-160 -4.7208075-161 -1.1767453E+04  0.0000000E+00
 7.0738706E+00            NaN -5.4328385-161  3.0955420E+04 -5.6214232-160 -4.7208075-161 -1.1767932E+04  0.0000000E+00
 7.0742067E+00            NaN -5.4328385-161  3.0965236E+04 -5.6214232-160 -4.7208075-161 -1.1768408E+04  0.0000000E+00
 7.0745429E+00            NaN -5.4328385-161  3.0975049E+04 -5.6214232-160 -4.7208075-161 -1.1768883E+04  0.0000000E+00
 7.0748791E+00            NaN -5.4328385-161  3.0984859E+04 -5.6214232-160 -4.7208075-161 -1.1769356E+04  0.0000000E+00
 7.0752153E+00            NaN -5.4328385-161  3.0994666E+04 -5.6214232-160 -4.7208075-161 -1.1769827E+04  0.0000000E+00
 7.0755514E+00            NaN -5.4328385-161  3.1004470E+04 -5.6214232-160 -4.7208075-161 -1.1770296E+04  0.0000000E+00
 7.0758876E+00            NaN -5.4328385-161  3.1014271E+04 -5.6214232-160 -4.7208075-161 -1.1770763E+04  0.0000000E+00
 7.0762238E+00            NaN -5.4328385-161  3.1024068E+04 -5.6214232-160 -4.7208075-161 -1.1771228E+04  0.0000000E+00
 7.0765600E+00            NaN -5.4328385-161  3.1033863E+04 -5.6214232-160 -4.7208075-161 -1.1771691E+04  0.0000000E+00
 7.0768961E+00            NaN -5.4328385-161  3.1043654E+04 -5.6214232-160 -4.7208075-161 -1.1772153E+04  0.0000000E+00
 7.0772323E+00            NaN -5.4328385-161  3.1053442E+04 -5.6214232-160 -4.7208075-161 -1.1772612E+04  0.0000000E+00
 7.0775685E+00            NaN -5.4328385-161  3.1063227E+04 -5.6214232-160 -4.7208075-161 -1.1773070E+04  0.0000000E+00
 7.0779047E+00            NaN -5.4328385-161  3.1073009E+04 -5.6214232-160 -4.7208075-161 -1.1773525E+04  0.0000000E+00
 7.0782408E+00            NaN -5.4328385-161  3.1082788E+04 -5.6214232-160 -4.7208075-161 -1.1773979E+04  0.0000000E+00
 7.0785770E+00            NaN -5.4328385-161  3.1092564E+04 -5.6214232-160 -4.7208075-161 -1.1774431E+04  0.0000000E+00
 7.0789132E+00            NaN -5.4328385-161  3.1102337E+04 -5.6214232-160 -4.7208075-161 -1.1774881E+04  0.0000000E+00
 7.0792494E+00            NaN -5.4328385-161  3.1112106E+04 -5.6214232-160 -4.7208075-161 -1.1775329E+04  0.0000000E+00
 7.0795855E+00            NaN -5.4328385-161  3.1121873E+04 -5.6214232-160 -4.7208075-161 -1.1775775E+04  0.0000000E+00
 7.0799217E+00            NaN -5.4328385-161  3.1131636E+04 -5.6214232-160 -4.7208075-161 -1.1776219E+04  0.0000000E+00
 7.0802579E+00            NaN -5.4328385-161  3.1141396E+04 -5.6214232-160 -4.7208075-161 -1.1776662E+04  0.0000000E+00
 7.0805941E+00            NaN -5.4328385-161  3.1151153E+04 -5.6214232-160 -4.7208075-161 -1.1777102E+04  0.0000000E+00
 7.0809302E+00            NaN -5.4328385-161  3.1160908E+04 -5.6214232-160 -4.7208075-161 -1.1777541E+04  0.0000000E+00
 7.0812664E+00            NaN -5.4328385-161  3.1170658E+04 -5.6214232-160 -4.7208075-161 -1.1777977E+04  0.0000000E+00
 7.0816026E+00            NaN -5.4328385-161  3.1180406E+04 -5.6214232-160 -4.7208075-161 -1.1778412E+04  0.0000000E+00
 7.0819387E+00            NaN -5.4328385-161  3.1190151E+04 -5.6214232-160 -4.7208075-161 -1.1778845E+04  0.0000000E+00
 7.0822749E+00            NaN -5.4328385-161  3.1199893E+04 -5.6214232-160 -4.7208075-161 -1.1779276E+04  0.0000000E+00
 7.0826111E+00            NaN -5.4328385-161  3.1209631E+04 -5.6214232-160 -4.7208075-161 -1.1779705E+04  0.0000000E+00
 7.0829473E+00            NaN -5.4328385-161  3.1219367E+04 -5.6214232-160 -4.7208075-161 -1.1780132E+04  0.0000000E+00
 7.0832834E+00            NaN -5.4328385-161  3.1229099E+04 -5.6214232-160 -4.7208075-161 -1.1780557E+04  0.0000000E+00
 7.0836196E+00            NaN -5.4328385-161  3.1238829E+04 -5.6214232-160 -4.7208075-161 -1.1780981E+04  0.0000000E+00
 7.0839558E+00            NaN -5.4328385-161  3.1248555E+04 -5.6214232-160 -4.7208075-161 -1.1781402E+04  0.0000000E+00
 7.0842920E+00            NaN -5.4328385-161  3.1258278E+04 -5.6214232-160 -4.7208075-161 -1.1781822E+04  0.0000000E+00
 7.0846281E+00            NaN -5.4328385-161  3.1267998E+04 -5.6214232-160 -4.7208075-161 -1.1782240E+04  0.0000000E+00
 7.0849643E+00            NaN -5.4328385-161  3.1277715E+04 -5.6214232-160 -4.7208075-161 -1.1782656E+04  0.0000000E+00
 7.0853005E+00            NaN -5.4328385-161  3.1287429E+04 -5.6214232-160 -4.7208075-161 -1.1783070E+04  0.0000000E+00
 7.0856367E+00            NaN -5.4328385-161  3.1297140E+04 -5.6214232-160 -4.7208075-161 -1.1783482E+04  0.0000000E+00
 7.0859728E+00            NaN -5.4328385-161  3.1306848E+04 -5.6214232-160 -4.7208075-161 -1.1783892E+04  0.0000000E+00
 7.0863090E+00            NaN -5.4328385-161  3.1316553E+04 -5.6214232-160 -4.7208075-161 -1.1784301E+04  0.0000000E+00
 7.0866452E+00            NaN -5.4328385-161  3.1326254E+04 -5.6214232-160 -4.7208075-161 -1.1784707E+04  0.0000000E+00
 7.0869814E+00            NaN -5.4328385-161  3.1335953E+04 -5.6214232-160 -4.7208075-161 -1.1785112E+04  0.0000000E+00
 7.0873175E+00            NaN -5.4328385-161  3.1345649E+04 -5.6214232-160 -4.7208075-161 -1.1785515E+04  0.0000000E+00
 7.0876537E+00            NaN -5.4328385-161  3.1355341E+04 -5.6214232-160 -4.7208075-161 -1.1785916E+04  0.0000000E+00
 7.0879899E+00            NaN -5.4328385-161  3.1365031E+04 -5.6214232-160 -4.7208075-161 -1.1786315E+04  0.0000000E+00
 7.0883261E+00            NaN -5.4328385-161  3.1374717E+04 -5.6214232-160 -4.7208075-161 -1.1786712E+04  0.0000000E+00
 7.0886622E+00            NaN -5.4328385-161  3.1384400E+04 -5.6214232-160 -4.7208075-161 -1.1787107E+04  0.0000000E+00
 7.0889984E+00            NaN -5.4328385-161  3.1394081E+04 -5.6214232-160 -4.7208075-161 -1.1787500E+04  0.0000000E+00
 7.0893346E+00            NaN -5.4328385-161  3.1403758E+04 -5.6214232-160 -4.7208075-161 -1.1787892E+04  0.0000000E+00
 7.0896707E+00            NaN -5.4328385-161  3.1413432E+04 -5.6214232-160 -4.7208075-161 -1.1788282E+04  0.0000000E+00
 7.0900069E+00            NaN -5.4328385-161  3.1423103E+04 -5.6214232-160 -4.7208075-161 -1.1788670E+04  0.0000000E+00
 7.0903431E+00            NaN -5.4328385-161  3.1432771E+04 -5.6214232-160 -4.7208075-161 -1.1789056E+04  0.0000000E+00
 7.0906793E+00            NaN -5.4328385-161  3.1442436E+04 -5.6214232-160 -4.7208075-161 -1.1789440E+04  0.0000000E+00
 7.0910154E+00            NaN -5.4328385-161  3.1452098E+04 -5.6214232-160 -4.7208075-161 -1.1789822E+04  0.0000000E+00
 7.0913516E+00            NaN -5.4328385-161  3.1461757E+04 -5.6214232-160 -4.7208075-161 -1.1790202E+04  0.0000000E+00
 7.0916878E+00            NaN -5.4328385-161  3.1471413E+04 -5.6214232-160 -4.7208075-161 -1.1790581E+04  0.0000000E+00
 7.0920240E+00            NaN -5.4328385-161  3.1481066E+04 -5.6214232-160 -4.7208075-161 -1.1790958E+04  0.0000000E+00
 7.0923601E+00            NaN -5.4328385-161  3.1490716E+04 -5.6214232-160 -4.7208075-161 -1.1791333E+04  0.0000000E+00
 7.0926963E+00            NaN -5.4328385-161  3.1500363E+04 -5.6214232-160 -4.7208075-161 -1.1791706E+04  0.0000000E+00
 7.0930325E+00            NaN -5.4328385-161  3.1510007E+04 -5.6214232-160 -4.7208075-161 -1.1792077E+04  0.0000000E+00
 7.0933687E+00            NaN -5.4328385-161  3.1519648E+04 -5.6214232-160 -4.7208075-161 -1.1792446E+04  0.0000000E+00
 7.0937048E+00            NaN -5.4328385-161  3.1529285E+04 -5.6214232-160 -4.7208075-161 -1.1792813E+04  0.0000000E+00
 7.0940410E+00            NaN -5.4328385-161  3.1538920E+04 -5.6214232-160 -4.7208075-161 -1.1793179E+04  0.0000000E+00
 7.0943772E+00            NaN -5.4328385-161  3.1548552E+04 -5.6214232-160 -4.7208075-161 -1.1793543E+04  0.0000000E+00
 7.0947134E+00            NaN -5.4328385-161  3.1558181E+04 -5.6214232-160 -4.7208075-161 -1.1793905E+04  0.0000000E+00
 7.0950495E+00            NaN -5.4328385-161  3.1567806E+04 -5.6214232-160 -4.7208075-161 -1.1794265E+04  0.0000000E+00
 7.0953857E+00            NaN -5.4328385-161  3.1577429E+04 -5.6214232-160 -4.7208075-161 -1.1794623E+04  0.0000000E+00
 7.0957219E+00            NaN -5.4328385-161  3.1587049E+04 -5.6214232-160 -4.7208075-161 -1.1794979E+04  0.0000000E+00
 7.0960580E+00            NaN -5.4328385-161  3.1596665E+04 -5.6214232-160 -4.7208075-161 -1.1795334E+04  0.0000000E+00
 7.0963942E+00            NaN -5.4328385-161  3.1606279E+04 -5.6214232-160 -4.7208075-161 -1.1795687E+04  0.0000000E+00
 7.0967304E+00            NaN -5.4328385-161  3.1615890E+04 -5.6214232-160 -4.7208075-161 -1.1796037E+04  0.0000000E+00
 7.0970666E+00            NaN -5.4328385-161  3.1625497E+04 -5.6214232-160 -4.7208075-161 -1.1796386E+04  0.0000000E+00
 7.0974027E+00            NaN -5.4328385-161  3.1635102E+04 -5.6214232-160 -4.7208075-161 -1.1796734E+04  0.0000000E+00
 7.0977389E+00            NaN -5.4328385-161  3.1644703E+04 -5.6214232-160 -4.7208075-161 -1.1797079E+04  0.0000000E+00
 7.0980751E+00            NaN -5.4328385-161  3.1654302E+04 -5.6214232-160 -4.7208075-161 -1.1797422E+04  0.0000000E+00
 7.0984113E+00            NaN -5.4328385-161  3.1663898E+04 -5.6214232-160 -4.7208075-161 -1.1797764E+04  0.0000000E+00
 7.0987474E+00            NaN -5.4328385-161  3.1673490E+04 -5.6214232-160 -4.7208075-161 -1.1798104E+04  0.0000000E+00
 7.0990836E+00            NaN -5.4328385-161  3.1683080E+04 -5.6214232-160 -4.7208075-161 -1.1798442E+04  0.0000000E+00
 7.0994198E+00            NaN -5.4328385-161  3.1692666E+04 -5.6214232-160 -4.7208075-161 -1.1798778E+04  0.0000000E+00
 7.0997560E+00            NaN -5.4328385-161  3.1702250E+04 -5.6214232-160 -4.7208075-161 -1.1799113E+04  0.0000000E+00
 7.1000921E+00            NaN -5.4328385-161  3.1711831E+04 -5.6214232-160 -4.7208075-161 -1.1799445E+04  0.0000000E+00
 7.1004283E+00            NaN -5.4328385-161  3.1721408E+04 -5.6214232-160 -4.7208075-161 -1.1799776E+04  0.0000000E+00
 7.1007645E+00            NaN -5.4328385-161  3.1730983E+04 -5.6214232-160 -4.7208075-161 -1.1800105E+04  0.0000000E+00
 7.1011007E+00            NaN -5.4328385-161  3.1740555E+04 -5.6214232-160 -4.7208075-161 -1.1800432E+04  0.0000000E+00
 7.1014368E+00            NaN -5.4328385-161  3.1750123E+04 -5.6214232-160 -4.7208075-161 -1.1800757E+04  0.0000000E+00
 7.1017730E+00            NaN -5.4328385-161  3.1759689E+04 -5.6214232-160 -4.7208075-161 -1.1801080E+04  0.0000000E+00
 7.1021092E+00            NaN -5.4328385-161  3.1769252E+04 -5.6214232-160 -4.7208075-161 -1.1801402E+04  0.0000000E+00
 7.1024454E+00            NaN -5.4328385-161  3.1778812E+04 -5.6214232-160 -4.7208075-161 -1.1801722E+04  0.0000000E+00
 7.1027815E+00            NaN -5.4328385-161  3.1788368E+04 -5.6214232-160 -4.7208075-161 -1.1802040E+04  0.0000000E+00
 7.1031177E+00            NaN -5.4328385-161  3.1797922E+04 -5.6214232-160 -4.7208075-161 -1.1802356E+04  0.0000000E+00
 7.1034539E+00            NaN -5.4328385-161  3.1807473E+04 -5.6214232-160 -4.7208075-161 -1.1802670E+04  0.0000000E+00
 7.1037900E+00            NaN -5.4328385-161  3.1817021E+04 -5.6214232-160 -4.7208075-161 -1.1802983E+04  0.0000000E+00
 7.1041262E+00            NaN -5.4328385-161  3.1826566E+04 -5.6214232-160 -4.7208075-161 -1.1803293E+04  0.0000000E+00
 7.1044624E+00            NaN -5.4328385-161  3.1836108E+04 -5.6214232-160 -4.7208075-161 -1.1803602E+04  0.0000000E+00
 7.1047986E+00            NaN -5.4328385-161  3.1845647E+04 -5.6214232-160 -4.7208075-161 -1.1803909E+04  0.0000000E+00
 7.1051347E+00            NaN -5.4328385-161  3.1855183E+04 -5.6214232-160 -4.7208075-161 -1.1804215E+04  0.0000000E+00
 7.1054709E+00            NaN -5.4328385-161  3.1864716E+04 -5.6214232-160 -4.7208075-161 -1.1804518E+04  0.0000000E+00
 7.1058071E+00            NaN -5.4328385-161  3.1874246E+04 -5.6214232-160 -4.7208075-161 -1.1804820E+04  0.0000000E+00
 7.1061433E+00            NaN -5.4328385-161  3.1883773E+04 -5.6214232-160 -4.7208075-161 -1.1805120E+04  0.0000000E+00
 7.1064794E+00            NaN -5.4328385-161  3.1893297E+04 -5.6214232-160 -4.7208075-161 -1.1805418E+04  0.0000000E+00
 7.1068156E+00            NaN -5.4328385-161  3.1902818E+04 -5.6214232-160 -4.7208075-161 -1.1805714E+04  0.0000000E+00
 7.1071518E+00            NaN -5.4328385-161  3.1912336E+04 -5.6214232-160 -4.7208075-161 -1.1806008E+04  0.0000000E+00
 7.1074880E+00            NaN -5.4328385-161  3.1921852E+04 -5.6214232-160 -4.7208075-161 -1.1806301E+04  0.0000000E+00
 7.1078241E+00            NaN -5.4328385-161  3.1931364E+04 -5.6214232-160 -4.7208075-161 -1.1806592E+04  0.0000000E+00
 7.1081603E+00            NaN -5.4328385-161  3.1940873E+04 -5.6214232-160 -4.7208075-161 -1.1806881E+04  0.0000000E+00
 7.1084965E+00            NaN -5.4328385-161  3.1950380E+04 -5.6214232-160 -4.7208075-161 -1.1807168E+04  0.0000000E+00
 7.1088327E+00            NaN -5.4328385-161  3.1959883E+04 -5.6214232-160 -4.7208075-161 -1.1807454E+04  0.0000000E+00
 7.1091688E+00            NaN -5.4328385-161  3.1969384E+04 -5.6214232-160 -4.7208075-161 -1.1807737E+04  0.0000000E+00
 7.1095050E+00            NaN -5.4328385-161  3.1978881E+04 -5.6214232-160 -4.7208075-161 -1.1808019E+04  0.0000000E+00
 7.1098412E+00            NaN -5.4328385-161  3.1988376E+04 -5.6214232-160 -4.7208075-161 -1.1808299E+04  0.0000000E+00
 7.1101774E+00            NaN -5.4328385-161  3.1997868E+04 -5.6214232-160 -4.7208075-161 -1.1808578E+04  0.0000000E+00
 7.1105135E+00            NaN -5.4328385-161  3.2007357E+04 -5.6214232-160 -4.7208075-161 -1.1808854E+04  0.0000000E+00
 7.1108497E+00            NaN -5.4328385-161  3.2016842E+04 -5.6214232-160 -4.7208075-161 -1.1809129E+04  0.0000000E+00
 7.1111859E+00            NaN -5.4328385-161  3.2026325E+04 -5.6214232-160 -4.7208075-161 -1.1809402E+04  0.0000000E+00
 7.1115220E+00            NaN -5.4328385-161  3.2035805E+04 -5.6214232-160 -4.7208075-161 -1.1809673E+04  0.0000000E+00
 7.1118582E+00            NaN -5.4328385-161  3.2045282E+04 -5.6214232-160 -4.7208075-161 -1.1809942E+04  0.0000000E+00
 7.1121944E+00            NaN -5.4328385-161  3.2054757E+04 -5.6214232-160 -4.7208075-161 -1.1810210E+04  0.0000000E+00
 7.1125306E+00            NaN -5.4328385-161  3.2064228E+04 -5.6214232-160 -4.7208075-161 -1.1810476E+04  0.0000000E+00
 7.1128667E+00            NaN -5.4328385-161  3.2073696E+04 -5.6214232-160 -4.7208075-161 -1.1810740E+04  0.0000000E+00
 7.1132029E+00            NaN -5.4328385-161  3.2083161E+04 -5.6214232-160 -4.7208075-161 -1.1811002E+04  0.0000000E+00
 7.1135391E+00            NaN -5.4328385-161  3.2092624E+04 -5.6214232-160 -4.7208075-161 -1.1811262E+04  0.0000000E+00
 7.1138753E+00            NaN -5.4328385-161  3.2102083E+04 -5.6214232-160 -4.7208075-161 -1.1811521E+04  0.0000000E+00
 7.1142114E+00            NaN -5.4328385-161  3.2111540E+04 -5.6214232-160 -4.7208075-161 -1.1811778E+04  0.0000000E+00
 7.1145476E+00            NaN -5.4328385-161  3.2120994E+04 -5.6214232-160 -4.7208075-161 -1.1812033E+04  0.0000000E+00
 7.1148838E+00            NaN -5.4328385-161  3.2130445E+04 -5.6214232-160 -4.7208075-161 -1.1812286E+04  0.0000000E+00
 7.1152200E+00            NaN -5.4328385-161  3.2139892E+04 -5.6214232-160 -4.7208075-161 -1.1812538E+04  0.0000000E+00
 7.1155561E+00            NaN -5.4328385-161  3.2149337E+04 -5.6214232-160 -4.7208075-161 -1.1812788E+04  0.0000000E+00
 7.1158923E+00            NaN -5.4328385-161  3.2158779E+04 -5.6214232-160 -4.7208075-161 -1.1813036E+04  0.0000000E+00
 7.1162285E+00            NaN -5.4328385-161  3.2168219E+04 -5.6214232-160 -4.7208075-161 -1.1813282E+04  0.0000000E+00
 7.1165647E+00            NaN -5.4328385-161  3.2177655E+04 -5.6214232-160 -4.7208075-161 -1.1813527E+04  0.0000000E+00
 7.1169008E+00            NaN -5.4328385-161  3.2187088E+04 -5.6214232-160 -4.7208075-161 -1.1813769E+04  0.0000000E+00
 7.1172370E+00            NaN -5.4328385-161  3.2196519E+04 -5.6214232-160 -4.7208075-161 -1.1814010E+04  0.0000000E+00
 7.1175732E+00            NaN -5.4328385-161  3.2205946E+04 -5.6214232-160 -4.7208075-161 -1.1814249E+04  0.0000000E+00
 7.1179094E+00            NaN -5.4328385-161  3.2215371E+04 -5.6214232-160 -4.7208075-161 -1.1814487E+04  0.0000000E+00
 7.1182455E+00            NaN -5.4328385-161  3.2224793E+04 -5.6214232-160 -4.7208075-161 -1.1814723E+04  0.0000000E+00
 7.1185817E+00            NaN -5.4328385-161  3.2234211E+04 -5.6214232-160 -4.7208075-161 -1.1814956E+04  0.0000000E+00
 7.1189179E+00            NaN -5.4328385-161  3.2243627E+04 -5.6214232-160 -4.7208075-161 -1.1815189E+04  0.0000000E+00
 7.1192540E+00            NaN -5.4328385-161  3.2253040E+04 -5.6214232-160 -4.7208075-161 -1.1815419E+04  0.0000000E+00
 7.1195902E+00            NaN -5.4328385-161  3.2262451E+04 -5.6214232-160 -4.7208075-161 -1.1815648E+04  0.0000000E+00
 7.1199264E+00            NaN -5.4328385-161  3.2271858E+04 -5.6214232-160 -4.7208075-161 -1.1815875E+04  0.0000000E+00
 7.1202626E+00            NaN -5.4328385-161  3.2281262E+04 -5.6214232-160 -4.7208075-161 -1.1816100E+04  0.0000000E+00
 7.1205987E+00            NaN -5.4328385-161  3.2290664E+04 -5.6214232-160 -4.7208075-161 -1.1816323E+04  0.0000000E+00
 7.1209349E+00            NaN -5.4328385-161  3.2300063E+04 -5.6214232-160 -4.7208075-161 -1.1816545E+04  0.0000000E+00
 7.1212711E+00            NaN -5.4328385-161  3.2309458E+04 -5.6214232-160 -4.7208075-161 -1.1816765E+04  0.0000000E+00
 7.1216073E+00            NaN -5.4328385-161  3.2318851E+04 -5.6214232-160 -4.7208075-161 -1.1816983E+04  0.0000000E+00
 7.1219434E+00            NaN -5.4328385-161  3.2328241E+04 -5.6214232-160 -4.7208075-161 -1.1817199E+04  0.0000000E+00
 7.1222796E+00            NaN -5.4328385-161  3.2337628E+04 -5.6214232-160 -4.7208075-161 -1.1817414E+04  0.0000000E+00
 7.1226158E+00            NaN -5.4328385-161  3.2347013E+04 -5.6214232-160 -4.7208075-161 -1.1817627E+04  0.0000000E+00
 7.1229520E+00            NaN -5.4328385-161  3.2356394E+04 -5.6214232-160 -4.7208075-161 -1.1817838E+04  0.0000000E+00
 7.1232881E+00            NaN -5.4328385-161  3.2365772E+04 -5.6214232-160 -4.7208075-161 -1.1818047E+04  0.0000000E+00
 7.1236243E+00            NaN -5.4328385-161  3.2375148E+04 -5.6214232-160 -4.7208075-161 -1.1818255E+04  0.0000000E+00
 7.1239605E+00            NaN -5.4328385-161  3.2384521E+04 -5.6214232-160 -4.7208075-161 -1.1818461E+04  0.0000000E+00
 7.1242967E+00            NaN -5.4328385-161  3.2393891E+04 -5.6214232-160 -4.7208075-161 -1.1818665E+04  0.0000000E+00
 7.1246328E+00            NaN -5.4328385-161  3.2403258E+04 -5.6214232-160 -4.7208075-161 -1.1818867E+04  0.0000000E+00
 7.1249690E+00            NaN -5.4328385-161  3.2412622E+04 -5.6214232-160 -4.7208075-161 -1.1819068E+04  0.0000000E+00
 7.1253052E+00            NaN -5.4328385-161  3.2421983E+04 -5.6214232-160 -4.7208075-161 -1.1819267E+04  0.0000000E+00
 7.1256414E+00            NaN -5.4328385-161  3.2431342E+04 -5.6214232-160 -4.7208075-161 -1.1819464E+04  0.0000000E+00
 7.1259775E+00            NaN -5.4328385-161  3.2440697E+04 -5.6214232-160 -4.7208075-161 -1.1819660E+04  0.0000000E+00
 7.1263137E+00            NaN -5.4328385-161  3.2450050E+04 -5.6214232-160 -4.7208075-161 -1.1819853E+04  0.0000000E+00
 7.1266499E+00            NaN -5.4328385-161  3.2459400E+04 -5.6214232-160 -4.7208075-161 -1.1820045E+04  0.0000000E+00
 7.1269860E+00            NaN -5.4328385-161  3.2468747E+04 -5.6214232-160 -4.7208075-161 -1.1820236E+04  0.0000000E+00
 7.1273222E+00            NaN -5.4328385-161  3.2478091E+04 -5.6214232-160 -4.7208075-161 -1.1820424E+04  0.0000000E+00
 7.1276584E+00            NaN -5.4328385-161  3.2487433E+04 -5.6214232-160 -4.7208075-161 -1.1820611E+04  0.0000000E+00
 7.1279946E+00            NaN -5.4328385-161  3.2496771E+04 -5.6214232-160 -4.7208075-161 -1.1820796E+04  0.0000000E+00
 7.1283307E+00            NaN -5.4328385-161  3.2506107E+04 -5.6214232-160 -4.7208075-161 -1.1820979E+04  0.0000000E+00
 7.1286669E+00            NaN -5.4328385-161  3.2515440E+04 -5.6214232-160 -4.7208075-161 -1.1821161E+04  0.0000000E+00
 7.1290031E+00            NaN -5.4328385-161  3.2524770E+04 -5.6214232-160 -4.7208075-161 -1.1821341E+04  0.0000000E+00
 7.1293393E+00            NaN -5.4328385-161  3.2534097E+04 -5.6214232-160 -4.7208075-161 -1.1821519E+04  0.0000000E+00
 7.1296754E+00            NaN -5.4328385-161  3.2543421E+04 -5.6214232-160 -4.7208075-161 -1.1821696E+04  0.0000000E+00
 7.1300116E+00            NaN -5.4328385-161  3.2552742E+04 -5.6214232-160 -4.7208075-161 -1.1821871E+04  0.0000000E+00
 7.1303478E+00            NaN -5.4328385-161  3.2562061E+04 -5.6214232-160 -4.7208075-161 -1.1822044E+04  0.0000000E+00
 7.1306840E+00            NaN -5.4328385-161  3.2571377E+04 -5.6214232-160 -4.7208075-161 -1.1822215E+04  0.0000000E+00
 7.1310201E+00            NaN -5.4328385-161  3.2580690E+04 -5.6214232-160 -4.7208075-161 -1.1822385E+04  0.0000000E+00
 7.1313563E+00            NaN -5.4328385-161  3.2590000E+04 -5.6214232-160 -4.7208075-161 -1.1822552E+04  0.0000000E+00
 7.1316925E+00            NaN -5.4328385-161  3.2599307E+04 -5.6214232-160 -4.7208075-161 -1.1822719E+04  0.0000000E+00
 7.1320287E+00            NaN -5.4328385-161  3.2608612E+04 -5.6214232-160 -4.7208075-161 -1.1822883E+04  0.0000000E+00
 7.1323648E+00            NaN -5.4328385-161  3.2617913E+04 -5.6214232-160 -4.7208075-161 -1.1823046E+04  0.0000000E+00
 7.1327010E+00            NaN -5.4328385-161  3.2627212E+04 -5.6214232-160 -4.7208075-161 -1.1823207E+04  0.0000000E+00
 7.1330372E+00            NaN -5.4328385-161  3.2636508E+04 -5.6214232-160 -4.7208075-161 -1.1823366E+04  0.0000000E+00
 7.1333734E+00            NaN -5.4328385-161  3.2645801E+04 -5.6214232-160 -4.7208075-161 -1.1823524E+04  0.0000000E+00
 7.1337095E+00            NaN -5.4328385-161  3.2655092E+04 -5.6214232-160 -4.7208075-161 -1.1823680E+04  0.0000000E+00
 7.1340457E+00            NaN -5.4328385-161  3.2664379E+04 -5.6214232-160 -4.7208075-161 -1.1823834E+04  0.0000000E+00
 7.1343819E+00            NaN -5.4328385-161  3.2673664E+04 -5.6214232-160 -4.7208075-161 -1.1823987E+04  0.0000000E+00
 7.1347180E+00            NaN -5.4328385-161  3.2682946E+04 -5.6214232-160 -4.7208075-161 -1.1824137E+04  0.0000000E+00
 7.1350542E+00            NaN -5.4328385-161  3.2692225E+04 -5.6214232-160 -4.7208075-161 -1.1824286E+04  0.0000000E+00
 7.1353904E+00            NaN -5.4328385-161  3.2701501E+04 -5.6214232-160 -4.7208075-161 -1.1824434E+04  0.0000000E+00
 7.1357266E+00            NaN -5.4328385-161  3.2710774E+04 -5.6214232-160 -4.7208075-161 -1.1824580E+04  0.0000000E+00
 7.1360627E+00            NaN -5.4328385-161  3.2720045E+04 -5.6214232-160 -4.7208075-161 -1.1824724E+04  0.0000000E+00
 7.1363989E+00            NaN -5.4328385-161  3.2729313E+04 -5.6214232-160 -4.7208075-161 -1.1824866E+04  0.0000000E+00
 7.1367351E+00            NaN -5.4328385-161  3.2738578E+04 -5.6214232-160 -4.7208075-161 -1.1825007E+04  0.0000000E+00
 7.1370713E+00            NaN -5.4328385-161  3.2747840E+04 -5.6214232-160 -4.7208075-161 -1.1825145E+04  0.0000000E+00
 7.1374074E+00            NaN -5.4328385-161  3.2757100E+04 -5.6214232-160 -4.7208075-161 -1.1825283E+04  0.0000000E+00
 7.1377436E+00            NaN -5.4328385-161  3.2766356E+04 -5.6214232-160 -4.7208075-161 -1.1825418E+04  0.0000000E+00
 7.1380798E+00            NaN -5.4328385-161  3.2775610E+04 -5.6214232-160 -4.7208075-161 -1.1825552E+04  0.0000000E+00
 7.1384160E+00            NaN -5.4328385-161  3.2784861E+04 -5.6214232-160 -4.7208075-161 -1.1825684E+04  0.0000000E+00
 7.1387521E+00            NaN -5.4328385-161  3.2794110E+04 -5.6214232-160 -4.7208075-161 -1.1825815E+04  0.0000000E+00
 7.1390883E+00            NaN -5.4328385-161  3.2803355E+04 -5.6214232-160 -4.7208075-161 -1.1825943E+04  0.0000000E+00
 7.1394245E+00            NaN -5.4328385-161  3.2812598E+04 -5.6214232-160 -4.7208075-161 -1.1826071E+04  0.0000000E+00
 7.1397607E+00            NaN -5.4328385-161  3.2821838E+04 -5.6214232-160 -4.7208075-161 -1.1826196E+04  0.0000000E+00
 7.1400968E+00            NaN -5.4328385-161  3.2831075E+04 -5.6214232-160 -4.7208075-161 -1.1826320E+04  0.0000000E+00
 7.1404330E+00            NaN -5.4328385-161  3.2840309E+04 -5.6214232-160 -4.7208075-161 -1.1826442E+04  0.0000000E+00
 7.1407692E+00            NaN -5.4328385-161  3.2849540E+04 -5.6214232-160 -4.7208075-161 -1.1826562E+04  0.0000000E+00
 7.1411054E+00            NaN -5.4328385-161  3.2858769E+04 -5.6214232-160 -4.7208075-161 -1.1826681E+04  0.0000000E+00
 7.1414415E+00            NaN -5.4328385-161  3.2867995E+04 -5.6214232-160 -4.7208075-161 -1.1826798E+04  0.0000000E+00
 7.1417777E+00            NaN -5.4328385-161  3.2877218E+04 -5.6214232-160 -4.7208075-161 -1.1826913E+04  0.0000000E+00
 7.1421139E+00            NaN -5.4328385-161  3.2886439E+04 -5.6214232-160 -4.7208075-161 -1.1827027E+04  0.0000000E+00
 7.1424500E+00            NaN -5.4328385-161  3.2895656E+04 -5.6214232-160 -4.7208075-161 -1.1827139E+04  0.0000000E+00
 7.1427862E+00            NaN -5.4328385-161  3.2904871E+04 -5.6214232-160 -4.7208075-161 -1.1827249E+04  0.0000000E+00
 7.1431224E+00            NaN -5.4328385-161  3.2914083E+04 -5.6214232-160 -4.7208075-161 -1.1827358E+04  0.0000000E+00
 7.1434586E+00            NaN -5.4328385-161  3.2923293E+04 -5.6214232-160 -4.7208075-161 -1.1827465E+04  0.0000000E+00
 7.1437947E+00            NaN -5.4328385-161  3.2932499E+04 -5.6214232-160 -4.7208075-161 -1.1827570E+04  0.0000000E+00
 7.1441309E+00            NaN -5.4328385-161  3.2941703E+04 -5.6214232-160 -4.7208075-161 -1.1827674E+04  0.0000000E+00
 7.1444671E+00            NaN -5.4328385-161  3.2950904E+04 -5.6214232-160 -4.7208075-161 -1.1827776E+04  0.0000000E+00
 7.1448033E+00            NaN -5.4328385-161  3.2960102E+04 -5.6214232-160 -4.7208075-161 -1.1827876E+04  0.0000000E+00
 7.1451394E+00            NaN -5.4328385-161  3.2969298E+04 -5.6214232-160 -4.7208075-161 -1.1827974E+04  0.0000000E+00
 7.1454756E+00            NaN -5.4328385-161  3.2978490E+04 -5.6214232-160 -4.7208075-161 -1.1828071E+04  0.0000000E+00
 7.1458118E+00            NaN -5.4328385-161  3.2987680E+04 -5.6214232-160 -4.7208075-161 -1.1828167E+04  0.0000000E+00
 7.1461480E+00            NaN -5.4328385-161  3.2996867E+04 -5.6214232-160 -4.7208075-161 -1.1828260E+04  0.0000000E+00
 7.1464841E+00            NaN -5.4328385-161  3.3006052E+04 -5.6214232-160 -4.7208075-161 -1.1828352E+04  0.0000000E+00
 7.1468203E+00            NaN -5.4328385-161  3.3015233E+04 -5.6214232-160 -4.7208075-161 -1.1828443E+04  0.0000000E+00
 7.1471565E+00            NaN -5.4328385-161  3.3024412E+04 -5.6214232-160 -4.7208075-161 -1.1828531E+04  0.0000000E+00
 7.1474927E+00            NaN -5.4328385-161  3.3033589E+04 -5.6214232-160 -4.7208075-161 -1.1828618E+04  0.0000000E+00
 7.1478288E+00            NaN -5.4328385-161  3.3042762E+04 -5.6214232-160 -4.7208075-161 -1.1828704E+04  0.0000000E+00
 7.1481650E+00            NaN -5.4328385-161  3.3051933E+04 -5.6214232-160 -4.7208075-161 -1.1828787E+04  0.0000000E+00
 7.1485012E+00            NaN -5.4328385-161  3.3061100E+04 -5.6214232-160 -4.7208075-161 -1.1828869E+04  0.0000000E+00
 7.1488374E+00            NaN -5.4328385-161  3.3070266E+04 -5.6214232-160 -4.7208075-161 -1.1828950E+04  0.0000000E+00
 7.1491735E+00            NaN -5.4328385-161  3.3079428E+04 -5.6214232-160 -4.7208075-161 -1.1829028E+04  0.0000000E+00
 7.1495097E+00            NaN -5.4328385-161  3.3088588E+04 -5.6214232-160 -4.7208075-161 -1.1829105E+04  0.0000000E+00
 7.1498459E+00            NaN -5.4328385-161  3.3097745E+04 -5.6214232-160 -4.7208075-161 -1.1829181E+04  0.0000000E+00
 7.1501820E+00            NaN -5.4328385-161  3.3106899E+04 -5.6214232-160 -4.7208075-161 -1.1829255E+04  0.0000000E+00
 7.1505182E+00            NaN -5.4328385-161  3.3116050E+04 -5.6214232-160 -4.7208075-161 -1.1829327E+04  0.0000000E+00
 7.1508544E+00            NaN -5.4328385-161  3.3125199E+04 -5.6214232-160 -4.7208075-161 -1.1829397E+04  0.0000000E+00
 7.1511906E+00            NaN -5.4328385-161  3.3134345E+04 -5.6214232-160 -4.7208075-161 -1.1829466E+04  0.0000000E+00
 7.1515267E+00            NaN -5.4328385-161  3.3143488E+04 -5.6214232-160 -4.7208075-161 -1.1829533E+04  0.0000000E+00
 7.1518629E+00            NaN -5.4328385-161  3.3152629E+04 -5.6214232-160 -4.7208075-161 -1.1829599E+04  0.0000000E+00
 7.1521991E+00            NaN -5.4328385-161  3.3161767E+04 -5.6214232-160 -4.7208075-161 -1.1829663E+04  0.0000000E+00
 7.1525353E+00            NaN -5.4328385-161  3.3170902E+04 -5.6214232-160 -4.7208075-161 -1.1829725E+04  0.0000000E+00
 7.1528714E+00            NaN -5.4328385-161  3.3180034E+04 -5.6214232-160 -4.7208075-161 -1.1829786E+04  0.0000000E+00
 7.1532076E+00            NaN -5.4328385-161  3.3189163E+04 -5.6214232-160 -4.7208075-161 -1.1829845E+04  0.0000000E+00
 7.1535438E+00            NaN -5.4328385-161  3.3198290E+04 -5.6214232-160 -4.7208075-161 -1.1829902E+04  0.0000000E+00
 7.1538800E+00            NaN -5.4328385-161  3.3207414E+04 -5.6214232-160 -4.7208075-161 -1.1829958E+04  0.0000000E+00
 7.1542161E+00            NaN -5.4328385-161  3.3216536E+04 -5.6214232-160 -4.7208075-161 -1.1830012E+04  0.0000000E+00
 7.1545523E+00            NaN -5.4328385-161  3.3225655E+04 -5.6214232-160 -4.7208075-161 -1.1830064E+04  0.0000000E+00
 7.1548885E+00            NaN -5.4328385-161  3.3234771E+04 -5.6214232-160 -4.7208075-161 -1.1830115E+04  0.0000000E+00
 7.1552247E+00            NaN -5.4328385-161  3.3243884E+04 -5.6214232-160 -4.7208075-161 -1.1830164E+04  0.0000000E+00
 7.1555608E+00            NaN -5.4328385-161  3.3252994E+04 -5.6214232-160 -4.7208075-161 -1.1830212E+04  0.0000000E+00
 7.1558970E+00            NaN -5.4328385-161  3.3262102E+04 -5.6214232-160 -4.7208075-161 -1.1830258E+04  0.0000000E+00
 7.1562332E+00            NaN -5.4328385-161  3.3271207E+04 -5.6214232-160 -4.7208075-161 -1.1830302E+04  0.0000000E+00
 7.1565694E+00            NaN -5.4328385-161  3.3280310E+04 -5.6214232-160 -4.7208075-161 -1.1830345E+04  0.0000000E+00
 7.1569055E+00            NaN -5.4328385-161  3.3289410E+04 -5.6214232-160 -4.7208075-161 -1.1830386E+04  0.0000000E+00
 7.1572417E+00            NaN -5.4328385-161  3.3298507E+04 -5.6214232-160 -4.7208075-161 -1.1830425E+04  0.0000000E+00
 7.1575779E+00            NaN -5.4328385-161  3.3307601E+04 -5.6214232-160 -4.7208075-161 -1.1830463E+04  0.0000000E+00
 7.1579140E+00            NaN -5.4328385-161  3.3316692E+04 -5.6214232-160 -4.7208075-161 -1.1830499E+04  0.0000000E+00
 7.1582502E+00            NaN -5.4328385-161  3.3325781E+04 -5.6214232-160 -4.7208075-161 -1.1830534E+04  0.0000000E+00
 7.1585864E+00            NaN -5.4328385-161  3.3334867E+04 -5.6214232-160 -4.7208075-161 -1.1830567E+04  0.0000000E+00
 7.1589226E+00            NaN -5.4328385-161  3.3343951E+04 -5.6214232-160 -4.7208075-161 -1.1830598E+04  0.0000000E+00
 7.1592587E+00            NaN -5.4328385-161  3.3353032E+04 -5.6214232-160 -4.7208075-161 -1.1830628E+04  0.0000000E+00
 7.1595949E+00            NaN -5.4328385-161  3.3362110E+04 -5.6214232-160 -4.7208075-161 -1.1830656E+04  0.0000000E+00
 7.1599311E+00            NaN -5.4328385-161  3.3371185E+04 -5.6214232-160 -4.7208075-161 -1.1830683E+04  0.0000000E+00
 7.1602673E+00            NaN -5.4328385-161  3.3380258E+04 -5.6214232-160 -4.7208075-161 -1.1830708E+04  0.0000000E+00
 7.1606034E+00            NaN -5.4328385-161  3.3389328E+04 -5.6214232-160 -4.7208075-161 -1.1830731E+04  0.0000000E+00
 7.1609396E+00            NaN -5.4328385-161  3.3398395E+04 -5.6214232-160 -4.7208075-161 -1.1830752E+04  0.0000000E+00
 7.1612758E+00            NaN -5.4328385-161  3.3407460E+04 -5.6214232-160 -4.7208075-161 -1.1830773E+04  0.0000000E+00
 7.1616120E+00            NaN -5.4328385-161  3.3416522E+04 -5.6214232-160 -4.7208075-161 -1.1830791E+04  0.0000000E+00
 7.1619481E+00            NaN -5.4328385-161  3.3425581E+04 -5.6214232-160 -4.7208075-161 -1.1830808E+04  0.0000000E+00
 7.1622843E+00            NaN -5.4328385-161  3.3434638E+04 -5.6214232-160 -4.7208075-161 -1.1830823E+04  0.0000000E+00
 7.1626205E+00            NaN -5.4328385-161  3.3443691E+04 -5.6214232-160 -4.7208075-161 -1.1830837E+04  0.0000000E+00
 7.1629567E+00            NaN -5.4328385-161  3.3452743E+04 -5.6214232-160 -4.7208075-161 -1.1830849E+04  0.0000000E+00
 7.1632928E+00            NaN -5.4328385-161  3.3461791E+04 -5.6214232-160 -4.7208075-161 -1.1830859E+04  0.0000000E+00
 7.1636290E+00            NaN -5.4328385-161  3.3470837E+04 -5.6214232-160 -4.7208075-161 -1.1830868E+04  0.0000000E+00
 7.1639652E+00            NaN -5.4328385-161  3.3479880E+04 -5.6214232-160 -4.7208075-161 -1.1830875E+04  0.0000000E+00
 7.1643013E+00            NaN -5.4328385-161  3.3488921E+04 -5.6214232-160 -4.7208075-161 -1.1830881E+04  0.0000000E+00
 7.1646375E+00            NaN -5.4328385-161  3.3497958E+04 -5.6214232-160 -4.7208075-161 -1.1830885E+04  0.0000000E+00
 7.1649737E+00            NaN -5.4328385-161  3.3506994E+04 -5.6214232-160 -4.7208075-161 -1.1830887E+04  0.0000000E+00
 7.1653099E+00            NaN -5.4328385-161  3.3516026E+04 -5.6214232-160 -4.7208075-161 -1.1830888E+04  0.0000000E+00
 7.1656460E+00            NaN -5.4328385-161  3.3525056E+04 -5.6214232-160 -4.7208075-161 -1.1830888E+04  0.0000000E+00
 7.1659822E+00            NaN -5.4328385-161  3.3534083E+04 -5.6214232-160 -4.7208075-161 -1.1830885E+04  0.0000000E+00
 7.1663184E+00            NaN -5.4328385-161  3.3543107E+04 -5.6214232-160 -4.7208075-161 -1.1830881E+04  0.0000000E+00
 7.1666546E+00            NaN -5.4328385-161  3.3552129E+04 -5.6214232-160 -4.7208075-161 -1.1830876E+04  0.0000000E+00
 7.1669907E+00            NaN -5.4328385-161  3.3561148E+04 -5.6214232-160 -4.7208075-161 -1.1830869E+04  0.0000000E+00
 7.1673269E+00            NaN -5.4328385-161  3.3570165E+04 -5.6214232-160 -4.7208075-161 -1.1830860E+04  0.0000000E+00
 7.1676631E+00            NaN -5.4328385-161  3.3579179E+04 -5.6214232-160 -4.7208075-161 -1.1830850E+04  0.0000000E+00
 7.1679993E+00            NaN -5.4328385-161  3.3588190E+04 -5.6214232-160 -4.7208075-161 -1.1830838E+04  0.0000000E+00
 7.1683354E+00            NaN -5.4328385-161  3.3597198E+04 -5.6214232-160 -4.7208075-161 -1.1830824E+04  0.0000000E+00
 7.1686716E+00            NaN -5.4328385-161  3.3606204E+04 -5.6214232-160 -4.7208075-161 -1.1830809E+04  0.0000000E+00
 7.1690078E+00            NaN -5.4328385-161  3.3615207E+04 -5.6214232-160 -4.7208075-161 -1.1830793E+04  0.0000000E+00
 7.1693440E+00            NaN -5.4328385-161  3.3624208E+04 -5.6214232-160 -4.7208075-161 -1.1830775E+04  0.0000000E+00
 7.1696801E+00            NaN -5.4328385-161  3.3633206E+04 -5.6214232-160 -4.7208075-161 -1.1830755E+04  0.0000000E+00
 7.1700163E+00            NaN -5.4328385-161  3.3642201E+04 -5.6214232-160 -4.7208075-161 -1.1830734E+04  0.0000000E+00
 7.1703525E+00            NaN -5.4328385-161  3.3651193E+04 -5.6214232-160 -4.7208075-161 -1.1830711E+04  0.0000000E+00
 7.1706887E+00            NaN -5.4328385-161  3.3660183E+04 -5.6214232-160 -4.7208075-161 -1.1830686E+04  0.0000000E+00
 7.1710248E+00            NaN -5.4328385-161  3.3669171E+04 -5.6214232-160 -4.7208075-161 -1.1830660E+04  0.0000000E+00
 7.1713610E+00            NaN -5.4328385-161  3.3678155E+04 -5.6214232-160 -4.7208075-161 -1.1830632E+04  0.0000000E+00
 7.1716972E+00            NaN -5.4328385-161  3.3687137E+04 -5.6214232-160 -4.7208075-161 -1.1830603E+04  0.0000000E+00
 7.1720333E+00            NaN -5.4328385-161  3.3696117E+04 -5.6214232-160 -4.7208075-161 -1.1830572E+04  0.0000000E+00
 7.1723695E+00            NaN -5.4328385-161  3.3705093E+04 -5.6214232-160 -4.7208075-161 -1.1830540E+04  0.0000000E+00
 7.1727057E+00            NaN -5.4328385-161  3.3714067E+04 -5.6214232-160 -4.7208075-161 -1.1830506E+04  0.0000000E+00
 7.1730419E+00            NaN -5.4328385-161  3.3723039E+04 -5.6214232-160 -4.7208075-161 -1.1830471E+04  0.0000000E+00
 7.1733780E+00            NaN -5.4328385-161  3.3732008E+04 -5.6214232-160 -4.7208075-161 -1.1830434E+04  0.0000000E+00
 7.1737142E+00            NaN -5.4328385-161  3.3740974E+04 -5.6214232-160 -4.7208075-161 -1.1830395E+04  0.0000000E+00
 7.1740504E+00            NaN -5.4328385-161  3.3749937E+04 -5.6214232-160 -4.7208075-161 -1.1830355E+04  0.0000000E+00
 7.1743866E+00            NaN -5.4328385-161  3.3758898E+04 -5.6214232-160 -4.7208075-161 -1.1830313E+04  0.0000000E+00
 7.1747227E+00            NaN -5.4328385-161  3.3767857E+04 -5.6214232-160 -4.7208075-161 -1.1830270E+04  0.0000000E+00
 7.1750589E+00            NaN -5.4328385-161  3.3776812E+04 -5.6214232-160 -4.7208075-161 -1.1830225E+04  0.0000000E+00
 7.1753951E+00            NaN -5.4328385-161  3.3785765E+04 -5.6214232-160 -4.7208075-161 -1.1830179E+04  0.0000000E+00
 7.1757313E+00            NaN -5.4328385-161  3.3794716E+04 -5.6214232-160 -4.7208075-161 -1.1830131E+04  0.0000000E+00
 7.1760674E+00            NaN -5.4328385-161  3.3803663E+04 -5.6214232-160 -4.7208075-161 -1.1830081E+04  0.0000000E+00
 7.1764036E+00            NaN -5.4328385-161  3.3812609E+04 -5.6214232-160 -4.7208075-161 -1.1830030E+04  0.0000000E+00
 7.1767398E+00            NaN -5.4328385-161  3.3821551E+04 -5.6214232-160 -4.7208075-161 -1.1829977E+04  0.0000000E+00
 7.1770760E+00            NaN -5.4328385-161  3.3830491E+04 -5.6214232-160 -4.7208075-161 -1.1829923E+04  0.0000000E+00
 7.1774121E+00            NaN -5.4328385-161  3.3839428E+04 -5.6214232-160 -4.7208075-161 -1.1829867E+04  0.0000000E+00
 7.1777483E+00            NaN -5.4328385-161  3.3848363E+04 -5.6214232-160 -4.7208075-161 -1.1829810E+04  0.0000000E+00
 7.1780845E+00            NaN -5.4328385-161  3.3857295E+04 -5.6214232-160 -4.7208075-161 -1.1829751E+04  0.0000000E+00
 7.1784207E+00            NaN -5.4328385-161  3.3866224E+04 -5.6214232-160 -4.7208075-161 -1.1829691E+04  0.0000000E+00
 7.1787568E+00            NaN -5.4328385-161  3.3875151E+04 -5.6214232-160 -4.7208075-161 -1.1829629E+04  0.0000000E+00
 7.1790930E+00            NaN -5.4328385-161  3.3884075E+04 -5.6214232-160 -4.7208075-161 -1.1829565E+04  0.0000000E+00
 7.1794292E+00            NaN -5.4328385-161  3.3892997E+04 -5.6214232-160 -4.7208075-161 -1.1829500E+04  0.0000000E+00
 7.1797653E+00            NaN -5.4328385-161  3.3901916E+04 -5.6214232-160 -4.7208075-161 -1.1829434E+04  0.0000000E+00
 7.1801015E+00            NaN -5.4328385-161  3.3910832E+04 -5.6214232-160 -4.7208075-161 -1.1829366E+04  0.0000000E+00
 7.1804377E+00            NaN -5.4328385-161  3.3919746E+04 -5.6214232-160 -4.7208075-161 -1.1829296E+04  0.0000000E+00
 7.1807739E+00            NaN -5.4328385-161  3.3928657E+04 -5.6214232-160 -4.7208075-161 -1.1829225E+04  0.0000000E+00
 7.1811100E+00            NaN -5.4328385-161  3.3937566E+04 -5.6214232-160 -4.7208075-161 -1.1829152E+04  0.0000000E+00
 7.1814462E+00            NaN -5.4328385-161  3.3946472E+04 -5.6214232-160 -4.7208075-161 -1.1829078E+04  0.0000000E+00
 7.1817824E+00            NaN -5.4328385-161  3.3955375E+04 -5.6214232-160 -4.7208075-161 -1.1829002E+04  0.0000000E+00
 7.1821186E+00            NaN -5.4328385-161  3.3964276E+04 -5.6214232-160 -4.7208075-161 -1.1828925E+04  0.0000000E+00
 7.1824547E+00            NaN -5.4328385-161  3.3973174E+04 -5.6214232-160 -4.7208075-161 -1.1828846E+04  0.0000000E+00
 7.1827909E+00            NaN -5.4328385-161  3.3982070E+04 -5.6214232-160 -4.7208075-161 -1.1828765E+04  0.0000000E+00
 7.1831271E+00            NaN -5.4328385-161  3.3990963E+04 -5.6214232-160 -4.7208075-161 -1.1828683E+04  0.0000000E+00
 7.1834633E+00            NaN -5.4328385-161  3.3999853E+04 -5.6214232-160 -4.7208075-161 -1.1828600E+04  0.0000000E+00
 7.1837994E+00            NaN -5.4328385-161  3.4008741E+04 -5.6214232-160 -4.7208075-161 -1.1828515E+04  0.0000000E+00
 7.1841356E+00            NaN -5.4328385-161  3.4017626E+04 -5.6214232-160 -4.7208075-161 -1.1828428E+04  0.0000000E+00
 7.1844718E+00            NaN -5.4328385-161  3.4026509E+04 -5.6214232-160 -4.7208075-161 -1.1828340E+04  0.0000000E+00
 7.1848080E+00            NaN -5.4328385-161  3.4035389E+04 -5.6214232-160 -4.7208075-161 -1.1828251E+04  0.0000000E+00
 7.1851441E+00            NaN -5.4328385-161  3.4044267E+04 -5.6214232-160 -4.7208075-161 -1.1828160E+04  0.0000000E+00
 7.1854803E+00            NaN -5.4328385-161  3.4053142E+04 -5.6214232-160 -4.7208075-161 -1.1828067E+04  0.0000000E+00
 7.1858165E+00            NaN -5.4328385-161  3.4062014E+04 -5.6214232-160 -4.7208075-161 -1.1827973E+04  0.0000000E+00
 7.1861527E+00            NaN -5.4328385-161  3.4070884E+04 -5.6214232-160 -4.7208075-161 -1.1827877E+04  0.0000000E+00
 7.1864888E+00            NaN -5.4328385-161  3.4079751E+04 -5.6214232-160 -4.7208075-161 -1.1827780E+04  0.0000000E+00
 7.1868250E+00            NaN -5.4328385-161  3.4088615E+04 -5.6214232-160 -4.7208075-161 -1.1827681E+04  0.0000000E+00
 7.1871612E+00            NaN -5.4328385-161  3.4097477E+04 -5.6214232-160 -4.7208075-161 -1.1827581E+04  0.0000000E+00
 7.1874973E+00            NaN -5.4328385-161  3.4106337E+04 -5.6214232-160 -4.7208075-161 -1.1827479E+04  0.0000000E+00
 7.1878335E+00            NaN -5.4328385-161  3.4115194E+04 -5.6214232-160 -4.7208075-161 -1.1827376E+04  0.0000000E+00
 7.1881697E+00            NaN -5.4328385-161  3.4124048E+04 -5.6214232-160 -4.7208075-161 -1.1827271E+04  0.0000000E+00
 7.1885059E+00            NaN -5.4328385-161  3.4132900E+04 -5.6214232-160 -4.7208075-161 -1.1827165E+04  0.0000000E+00
 7.1888420E+00            NaN -5.4328385-161  3.4141749E+04 -5.6214232-160 -4.7208075-161 -1.1827057E+04  0.0000000E+00
 7.1891782E+00            NaN -5.4328385-161  3.4150595E+04 -5.6214232-160 -4.7208075-161 -1.1826948E+04  0.0000000E+00
 7.1895144E+00            NaN -5.4328385-161  3.4159439E+04 -5.6214232-160 -4.7208075-161 -1.1826837E+04  0.0000000E+00
 7.1898506E+00            NaN -5.4328385-161  3.4168281E+04 -5.6214232-160 -4.7208075-161 -1.1826724E+04  0.0000000E+00
 7.1901867E+00            NaN -5.4328385-161  3.4177120E+04 -5.6214232-160 -4.7208075-161 -1.1826611E+04  0.0000000E+00
 7.1905229E+00            NaN -5.4328385-161  3.4185956E+04 -5.6214232-160 -4.7208075-161 -1.1826495E+04  0.0000000E+00
 7.1908591E+00            NaN -5.4328385-161  3.4194790E+04 -5.6214232-160 -4.7208075-161 -1.1826378E+04  0.0000000E+00
 7.1911953E+00            NaN -5.4328385-161  3.4203621E+04 -5.6214232-160 -4.7208075-161 -1.1826260E+04  0.0000000E+00
 7.1915314E+00            NaN -5.4328385-161  3.4212449E+04 -5.6214232-160 -4.7208075-161 -1.1826140E+04  0.0000000E+00
 7.1918676E+00            NaN -5.4328385-161  3.4221276E+04 -5.6214232-160 -4.7208075-161 -1.1826019E+04  0.0000000E+00
 7.1922038E+00            NaN -5.4328385-161  3.4230099E+04 -5.6214232-160 -4.7208075-161 -1.1825896E+04  0.0000000E+00
 7.1925400E+00            NaN -5.4328385-161  3.4238920E+04 -5.6214232-160 -4.7208075-161 -1.1825772E+04  0.0000000E+00
 7.1928761E+00            NaN -5.4328385-161  3.4247738E+04 -5.6214232-160 -4.7208075-161 -1.1825646E+04  0.0000000E+00
 7.1932123E+00            NaN -5.4328385-161  3.4256554E+04 -5.6214232-160 -4.7208075-161 -1.1825518E+04  0.0000000E+00
 7.1935485E+00            NaN -5.4328385-161  3.4265368E+04 -5.6214232-160 -4.7208075-161 -1.1825390E+04  0.0000000E+00
 7.1938847E+00            NaN -5.4328385-161  3.4274178E+04 -5.6214232-160 -4.7208075-161 -1.1825259E+04  0.0000000E+00
 7.1942208E+00            NaN -5.4328385-161  3.4282987E+04 -5.6214232-160 -4.7208075-161 -1.1825127E+04  0.0000000E+00
 7.1945570E+00            NaN -5.4328385-161  3.4291792E+04 -5.6214232-160 -4.7208075-161 -1.1824994E+04  0.0000000E+00
 7.1948932E+00            NaN -5.4328385-161  3.4300595E+04 -5.6214232-160 -4.7208075-161 -1.1824859E+04  0.0000000E+00
 7.1952293E+00            NaN -5.4328385-161  3.4309396E+04 -5.6214232-160 -4.7208075-161 -1.1824723E+04  0.0000000E+00
 7.1955655E+00            NaN -5.4328385-161  3.4318194E+04 -5.6214232-160 -4.7208075-161 -1.1824585E+04  0.0000000E+00
 7.1959017E+00            NaN -5.4328385-161  3.4326990E+04 -5.6214232-160 -4.7208075-161 -1.1824446E+04  0.0000000E+00
 7.1962379E+00            NaN -5.4328385-161  3.4335783E+04 -5.6214232-160 -4.7208075-161 -1.1824305E+04  0.0000000E+00
 7.1965740E+00            NaN -5.4328385-161  3.4344573E+04 -5.6214232-160 -4.7208075-161 -1.1824163E+04  0.0000000E+00
 7.1969102E+00            NaN -5.4328385-161  3.4353361E+04 -5.6214232-160 -4.7208075-161 -1.1824019E+04  0.0000000E+00
 7.1972464E+00            NaN -5.4328385-161  3.4362146E+04 -5.6214232-160 -4.7208075-161 -1.1823874E+04  0.0000000E+00
 7.1975826E+00            NaN -5.4328385-161  3.4370929E+04 -5.6214232-160 -4.7208075-161 -1.1823727E+04  0.0000000E+00
 7.1979187E+00            NaN -5.4328385-161  3.4379709E+04 -5.6214232-160 -4.7208075-161 -1.1823579E+04  0.0000000E+00
 7.1982549E+00            NaN -5.4328385-161  3.4388487E+04 -5.6214232-160 -4.7208075-161 -1.1823429E+04  0.0000000E+00
 7.1985911E+00            NaN -5.4328385-161  3.4397262E+04 -5.6214232-160 -4.7208075-161 -1.1823278E+04  0.0000000E+00
 7.1989273E+00            NaN -5.4328385-161  3.4406035E+04 -5.6214232-160 -4.7208075-161 -1.1823125E+04  0.0000000E+00
 7.1992634E+00            NaN -5.4328385-161  3.4414805E+04 -5.6214232-160 -4.7208075-161 -1.1822971E+04  0.0000000E+00
 7.1995996E+00            NaN -5.4328385-161  3.4423573E+04 -5.6214232-160 -4.7208075-161 -1.1822816E+04  0.0000000E+00
 7.1999358E+00            NaN -5.4328385-161  3.4432338E+04 -5.6214232-160 -4.7208075-161 -1.1822659E+04  0.0000000E+00
 7.2002720E+00            NaN -5.4328385-161  3.4441101E+04 -5.6214232-160 -4.7208075-161 -1.1822500E+04  0.0000000E+00
 7.2006081E+00            NaN -5.4328385-161  3.4449861E+04 -5.6214232-160 -4.7208075-161 -1.1822340E+04  0.0000000E+00
 7.2009443E+00            NaN -5.4328385-161  3.4458619E+04 -5.6214232-160 -4.7208075-161 -1.1822179E+04  0.0000000E+00
 7.2012805E+00            NaN -5.4328385-161  3.4467374E+04 -5.6214232-160 -4.7208075-161 -1.1822016E+04  0.0000000E+00
 7.2016167E+00            NaN -5.4328385-161  3.4476126E+04 -5.6214232-160 -4.7208075-161 -1.1821851E+04  0.0000000E+00
 7.2019528E+00            NaN -5.4328385-161  3.4484876E+04 -5.6214232-160 -4.7208075-161 -1.1821685E+04  0.0000000E+00
 7.2022890E+00            NaN -5.4328385-161  3.4493624E+04 -5.6214232-160 -4.7208075-161 -1.1821518E+04  0.0000000E+00
 7.2026252E+00            NaN -5.4328385-161  3.4502369E+04 -5.6214232-160 -4.7208075-161 -1.1821349E+04  0.0000000E+00
 7.2029613E+00            NaN -5.4328385-161  3.4511111E+04 -5.6214232-160 -4.7208075-161 -1.1821179E+04  0.0000000E+00
 7.2032975E+00            NaN -5.4328385-161  3.4519851E+04 -5.6214232-160 -4.7208075-161 -1.1821007E+04  0.0000000E+00
 7.2036337E+00            NaN -5.4328385-161  3.4528589E+04 -5.6214232-160 -4.7208075-161 -1.1820834E+04  0.0000000E+00
 7.2039699E+00            NaN -5.4328385-161  3.4537324E+04 -5.6214232-160 -4.7208075-161 -1.1820659E+04  0.0000000E+00
 7.2043060E+00            NaN -5.4328385-161  3.4546056E+04 -5.6214232-160 -4.7208075-161 -1.1820483E+04  0.0000000E+00
 7.2046422E+00            NaN -5.4328385-161  3.4554786E+04 -5.6214232-160 -4.7208075-161 -1.1820306E+04  0.0000000E+00
 7.2049784E+00            NaN -5.4328385-161  3.4563514E+04 -5.6214232-160 -4.7208075-161 -1.1820127E+04  0.0000000E+00
 7.2053146E+00            NaN -5.4328385-161  3.4572239E+04 -5.6214232-160 -4.7208075-161 -1.1819946E+04  0.0000000E+00
 7.2056507E+00            NaN -5.4328385-161  3.4580961E+04 -5.6214232-160 -4.7208075-161 -1.1819764E+04  0.0000000E+00
 7.2059869E+00            NaN -5.4328385-161  3.4589681E+04 -5.6214232-160 -4.7208075-161 -1.1819581E+04  0.0000000E+00
 7.2063231E+00            NaN -5.4328385-161  3.4598399E+04 -5.6214232-160 -4.7208075-161 -1.1819396E+04  0.0000000E+00
 7.2066593E+00            NaN -5.4328385-161  3.4607114E+04 -5.6214232-160 -4.7208075-161 -1.1819210E+04  0.0000000E+00
 7.2069954E+00            NaN -5.4328385-161  3.4615826E+04 -5.6214232-160 -4.7208075-161 -1.1819022E+04  0.0000000E+00
 7.2073316E+00            NaN -5.4328385-161  3.4624536E+04 -5.6214232-160 -4.7208075-161 -1.1818833E+04  0.0000000E+00
 7.2076678E+00            NaN -5.4328385-161  3.4633243E+04 -5.6214232-160 -4.7208075-161 -1.1818642E+04  0.0000000E+00
 7.2080040E+00            NaN -5.4328385-161  3.4641948E+04 -5.6214232-160 -4.7208075-161 -1.1818450E+04  0.0000000E+00
 7.2083401E+00            NaN -5.4328385-161  3.4650651E+04 -5.6214232-160 -4.7208075-161 -1.1818257E+04  0.0000000E+00
 7.2086763E+00            NaN -5.4328385-161  3.4659351E+04 -5.6214232-160 -4.7208075-161 -1.1818062E+04  0.0000000E+00
 7.2090125E+00            NaN -5.4328385-161  3.4668049E+04 -5.6214232-160 -4.7208075-161 -1.1817865E+04  0.0000000E+00
 7.2093487E+00            NaN -5.4328385-161  3.4676744E+04 -5.6214232-160 -4.7208075-161 -1.1817667E+04  0.0000000E+00
 7.2096848E+00            NaN -5.4328385-161  3.4685436E+04 -5.6214232-160 -4.7208075-161 -1.1817468E+04  0.0000000E+00
 7.2100210E+00            NaN -5.4328385-161  3.4694126E+04 -5.6214232-160 -4.7208075-161 -1.1817267E+04  0.0000000E+00
 7.2103572E+00            NaN -5.4328385-161  3.4702814E+04 -5.6214232-160 -4.7208075-161 -1.1817065E+04  0.0000000E+00
 7.2106933E+00            NaN -5.4328385-161  3.4711499E+04 -5.6214232-160 -4.7208075-161 -1.1816862E+04  0.0000000E+00
 7.2110295E+00            NaN -5.4328385-161  3.4720182E+04 -5.6214232-160 -4.7208075-161 -1.1816657E+04  0.0000000E+00
 7.2113657E+00            NaN -5.4328385-161  3.4728862E+04 -5.6214232-160 -4.7208075-161 -1.1816450E+04  0.0000000E+00
 7.2117019E+00            NaN -5.4328385-161  3.4737540E+04 -5.6214232-160 -4.7208075-161 -1.1816242E+04  0.0000000E+00
 7.2120380E+00            NaN -5.4328385-161  3.4746215E+04 -5.6214232-160 -4.7208075-161 -1.1816033E+04  0.0000000E+00
 7.2123742E+00            NaN -5.4328385-161  3.4754888E+04 -5.6214232-160 -4.7208075-161 -1.1815822E+04  0.0000000E+00
 7.2127104E+00            NaN -5.4328385-161  3.4763558E+04 -5.6214232-160 -4.7208075-161 -1.1815610E+04  0.0000000E+00
 7.2130466E+00            NaN -5.4328385-161  3.4772226E+04 -5.6214232-160 -4.7208075-161 -1.1815396E+04  0.0000000E+00
 7.2133827E+00            NaN -5.4328385-161  3.4780891E+04 -5.6214232-160 -4.7208075-161 -1.1815181E+04  0.0000000E+00
 7.2137189E+00            NaN -5.4328385-161  3.4789554E+04 -5.6214232-160 -4.7208075-161 -1.1814965E+04  0.0000000E+00
 7.2140551E+00            NaN -5.4328385-161  3.4798214E+04 -5.6214232-160 -4.7208075-161 -1.1814747E+04  0.0000000E+00
 7.2143913E+00            NaN -5.4328385-161  3.4806872E+04 -5.6214232-160 -4.7208075-161 -1.1814527E+04  0.0000000E+00
 7.2147274E+00            NaN -5.4328385-161  3.4815528E+04 -5.6214232-160 -4.7208075-161 -1.1814307E+04  0.0000000E+00
 7.2150636E+00            NaN -5.4328385-161  3.4824181E+04 -5.6214232-160 -4.7208075-161 -1.1814084E+04  0.0000000E+00
 7.2153998E+00            NaN -5.4328385-161  3.4832831E+04 -5.6214232-160 -4.7208075-161 -1.1813861E+04  0.0000000E+00
 7.2157360E+00            NaN -5.4328385-161  3.4841480E+04 -5.6214232-160 -4.7208075-161 -1.1813636E+04  0.0000000E+00
 7.2160721E+00            NaN -5.4328385-161  3.4850125E+04 -5.6214232-160 -4.7208075-161 -1.1813409E+04  0.0000000E+00
 7.2164083E+00            NaN -5.4328385-161  3.4858768E+04 -5.6214232-160 -4.7208075-161 -1.1813181E+04  0.0000000E+00
 7.2167445E+00            NaN -5.4328385-161  3.4867409E+04 -5.6214232-160 -4.7208075-161 -1.1812952E+04  0.0000000E+00
 7.2170807E+00            NaN -5.4328385-161  3.4876047E+04 -5.6214232-160 -4.7208075-161 -1.1812721E+04  0.0000000E+00
 7.2174168E+00            NaN -5.4328385-161  3.4884683E+04 -5.6214232-160 -4.7208075-161 -1.1812489E+04  0.0000000E+00
 7.2177530E+00            NaN -5.4328385-161  3.4893317E+04 -5.6214232-160 -4.7208075-161 -1.1812256E+04  0.0000000E+00
 7.2180892E+00            NaN -5.4328385-161  3.4901948E+04 -5.6214232-160 -4.7208075-161 -1.1812021E+04  0.0000000E+00
 7.2184253E+00            NaN -5.4328385-161  3.4910576E+04 -5.6214232-160 -4.7208075-161 -1.1811785E+04  0.0000000E+00
 7.2187615E+00            NaN -5.4328385-161  3.4919202E+04 -5.6214232-160 -4.7208075-161 -1.1811547E+04  0.0000000E+00
 7.2190977E+00            NaN -5.4328385-161  3.4927826E+04 -5.6214232-160 -4.7208075-161 -1.1811308E+04  0.0000000E+00
 7.2194339E+00            NaN -5.4328385-161  3.4936447E+04 -5.6214232-160 -4.7208075-161 -1.1811067E+04  0.0000000E+00
 7.2197700E+00            NaN -5.4328385-161  3.4945066E+04 -5.6214232-160 -4.7208075-161 -1.1810825E+04  0.0000000E+00
 7.2201062E+00            NaN -5.4328385-161  3.4953682E+04 -5.6214232-160 -4.7208075-161 -1.1810582E+04  0.0000000E+00
 7.2204424E+00            NaN -5.4328385-161  3.4962296E+04 -5.6214232-160 -4.7208075-161 -1.1810337E+04  0.0000000E+00
 7.2207786E+00            NaN -5.4328385-161  3.4970907E+04 -5.6214232-160 -4.7208075-161 -1.1810091E+04  0.0000000E+00
 7.2211147E+00            NaN -5.4328385-161  3.4979516E+04 -5.6214232-160 -4.7208075-161 -1.1809843E+04  0.0000000E+00
 7.2214509E+00            NaN -5.4328385-161  3.4988123E+04 -5.6214232-160 -4.7208075-161 -1.1809594E+04  0.0000000E+00
 7.2217871E+00            NaN -5.4328385-161  3.4996727E+04 -5.6214232-160 -4.7208075-161 -1.1809344E+04  0.0000000E+00
 7.2221233E+00            NaN -5.4328385-161  3.5005328E+04 -5.6214232-160 -4.7208075-161 -1.1809092E+04  0.0000000E+00
 7.2224594E+00            NaN -5.4328385-161  3.5013927E+04 -5.6214232-160 -4.7208075-161 -1.1808839E+04  0.0000000E+00
 7.2227956E+00            NaN -5.4328385-161  3.5022524E+04 -5.6214232-160 -4.7208075-161 -1.1808584E+04  0.0000000E+00
 7.2231318E+00            NaN -5.4328385-161  3.5031119E+04 -5.6214232-160 -4.7208075-161 -1.1808328E+04  0.0000000E+00
 7.2234680E+00            NaN -5.4328385-161  3.5039710E+04 -5.6214232-160 -4.7208075-161 -1.1808071E+04  0.0000000E+00
 7.2238041E+00            NaN -5.4328385-161  3.5048300E+04 -5.6214232-160 -4.7208075-161 -1.1807812E+04  0.0000000E+00
 7.2241403E+00            NaN -5.4328385-161  3.5056887E+04 -5.6214232-160 -4.7208075-161 -1.1807552E+04  0.0000000E+00
 7.2244765E+00            NaN -5.4328385-161  3.5065472E+04 -5.6214232-160 -4.7208075-161 -1.1807290E+04  0.0000000E+00
 7.2248127E+00            NaN -5.4328385-161  3.5074054E+04 -5.6214232-160 -4.7208075-161 -1.1807027E+04  0.0000000E+00
 7.2251488E+00            NaN -5.4328385-161  3.5082634E+04 -5.6214232-160 -4.7208075-161 -1.1806763E+04  0.0000000E+00
 7.2254850E+00            NaN -5.4328385-161  3.5091211E+04 -5.6214232-160 -4.7208075-161 -1.1806497E+04  0.0000000E+00
 7.2258212E+00            NaN -5.4328385-161  3.5099786E+04 -5.6214232-160 -4.7208075-161 -1.1806230E+04  0.0000000E+00
 7.2261573E+00            NaN -5.4328385-161  3.5108359E+04 -5.6214232-160 -4.7208075-161 -1.1805962E+04  0.0000000E+00
 7.2264935E+00            NaN -5.4328385-161  3.5116929E+04 -5.6214232-160 -4.7208075-161 -1.1805692E+04  0.0000000E+00
 7.2268297E+00            NaN -5.4328385-161  3.5125496E+04 -5.6214232-160 -4.7208075-161 -1.1805420E+04  0.0000000E+00
 7.2271659E+00            NaN -5.4328385-161  3.5134062E+04 -5.6214232-160 -4.7208075-161 -1.1805148E+04  0.0000000E+00
 7.2275020E+00            NaN -5.4328385-161  3.5142624E+04 -5.6214232-160 -4.7208075-161 -1.1804874E+04  0.0000000E+00
 7.2278382E+00            NaN -5.4328385-161  3.5151185E+04 -5.6214232-160 -4.7208075-161 -1.1804598E+04  0.0000000E+00
 7.2281744E+00            NaN -5.4328385-161  3.5159743E+04 -5.6214232-160 -4.7208075-161 -1.1804322E+04  0.0000000E+00
 7.2285106E+00            NaN -5.4328385-161  3.5168299E+04 -5.6214232-160 -4.7208075-161 -1.1804043E+04  0.0000000E+00
 7.2288467E+00            NaN -5.4328385-161  3.5176852E+04 -5.6214232-160 -4.7208075-161 -1.1803764E+04  0.0000000E+00
 7.2291829E+00            NaN -5.4328385-161  3.5185403E+04 -5.6214232-160 -4.7208075-161 -1.1803483E+04  0.0000000E+00
 7.2295191E+00            NaN -5.4328385-161  3.5193951E+04 -5.6214232-160 -4.7208075-161 -1.1803201E+04  0.0000000E+00
 7.2298553E+00            NaN -5.4328385-161  3.5202497E+04 -5.6214232-160 -4.7208075-161 -1.1802917E+04  0.0000000E+00
 7.2301914E+00            NaN -5.4328385-161  3.5211041E+04 -5.6214232-160 -4.7208075-161 -1.1802632E+04  0.0000000E+00
 7.2305276E+00            NaN -5.4328385-161  3.5219582E+04 -5.6214232-160 -4.7208075-161 -1.1802345E+04  0.0000000E+00
 7.2308638E+00            NaN -5.4328385-161  3.5228121E+04 -5.6214232-160 -4.7208075-161 -1.1802058E+04  0.0000000E+00
 7.2312000E+00            NaN -5.4328385-161  3.5236657E+04 -5.6214232-160 -4.7208075-161 -1.1801769E+04  0.0000000E+00
 7.2315361E+00            NaN -5.4328385-161  3.5245191E+04 -5.6214232-160 -4.7208075-161 -1.1801478E+04  0.0000000E+00
 7.2318723E+00            NaN -5.4328385-161  3.5253723E+04 -5.6214232-160 -4.7208075-161 -1.1801186E+04  0.0000000E+00
 7.2322085E+00            NaN -5.4328385-161  3.5262252E+04 -5.6214232-160 -4.7208075-161 -1.1800893E+04  0.0000000E+00
 7.2325447E+00            NaN -5.4328385-161  3.5270779E+04 -5.6214232-160 -4.7208075-161 -1.1800598E+04  0.0000000E+00
 7.2328808E+00            NaN -5.4328385-161  3.5279303E+04 -5.6214232-160 -4.7208075-161 -1.1800302E+04  0.0000000E+00
 7.2332170E+00            NaN -5.4328385-161  3.5287825E+04 -5.6214232-160 -4.7208075-161 -1.1800005E+04  0.0000000E+00
 7.2335532E+00            NaN -5.4328385-161  3.5296345E+04 -5.6214232-160 -4.7208075-161 -1.1799706E+04  0.0000000E+00
 7.2338893E+00            NaN -5.4328385-161  3.5304862E+04 -5.6214232-160 -4.7208075-161 -1.1799406E+04  0.0000000E+00
 7.2342255E+00            NaN -5.4328385-161  3.5313377E+04 -5.6214232-160 -4.7208075-161 -1.1799105E+04  0.0000000E+00
 7.2345617E+00            NaN -5.4328385-161  3.5321889E+04 -5.6214232-160 -4.7208075-161 -1.1798802E+04  0.0000000E+00
 7.2348979E+00            NaN -5.4328385-161  3.5330400E+04 -5.6214232-160 -4.7208075-161 -1.1798498E+04  0.0000000E+00
 7.2352340E+00            NaN -5.4328385-161  3.5338907E+04 -5.6214232-160 -4.7208075-161 -1.1798192E+04  0.0000000E+00
 7.2355702E+00            NaN -5.4328385-161  3.5347413E+04 -5.6214232-160 -4.7208075-161 -1.1797886E+04  0.0000000E+00
 7.2359064E+00            NaN -5.4328385-161  3.5355916E+04 -5.6214232-160 -4.7208075-161 -1.1797577E+04  0.0000000E+00
 7.2362426E+00            NaN -5.4328385-161  3.5364416E+04 -5.6214232-160 -4.7208075-161 -1.1797268E+04  0.0000000E+00
 7.2365787E+00            NaN -5.4328385-161  3.5372914E+04 -5.6214232-160 -4.7208075-161 -1.1796957E+04  0.0000000E+00
 7.2369149E+00            NaN -5.4328385-161  3.5381410E+04 -5.6214232-160 -4.7208075-161 -1.1796645E+04  0.0000000E+00
 7.2372511E+00            NaN -5.4328385-161  3.5389904E+04 -5.6214232-160 -4.7208075-161 -1.1796331E+04  0.0000000E+00
 7.2375873E+00            NaN -5.4328385-161  3.5398395E+04 -5.6214232-160 -4.7208075-161 -1.1796016E+04  0.0000000E+00
 7.2379234E+00            NaN -5.4328385-161  3.5406883E+04 -5.6214232-160 -4.7208075-161 -1.1795700E+04  0.0000000E+00
 7.2382596E+00            NaN -5.4328385-161  3.5415370E+04 -5.6214232-160 -4.7208075-161 -1.1795382E+04  0.0000000E+00
 7.2385958E+00            NaN -5.4328385-161  3.5423854E+04 -5.6214232-160 -4.7208075-161 -1.1795063E+04  0.0000000E+00
