*** The LEE code for plasma focus calculations, CNEA (c) 2019-2020 ***
 Plasma Phys. Control Fusion 56 (2014) 075001 (6pp)                              
 S. T. Ong, K. Chaudhary, J. Ali, S. Lee                                         
*** Input data ***
- Geometry data:
a = 6.2499999E-02 [m]; b = 1.0200000E-01 [m]; zo = 2.2000000E-01 [m]

- Electrical data:
Co = 1.4400000E-04 [F]; Lo = 1.0900000E-07 [Hy]; Vo = 2.0000000E+04 [V]

- Gas data:
Po = 2.2000000E+00 [Torr]; gamma = 1.6666700E+00; Z =  1;

*** General parameters ***
rho = 5.1260000E-04 [Kg/m3]
- Electrical:
Io = 7.2693904E+05 [A]; to = 3.9618178E-06 [s];  ta = 2.6930894E-06 [s]

va = 8.1690567E+04 []

- Pinch parameters:
Vpinch = 5.3118766E+04 [V]; Tpinch = 1.1766086E-06 [s] 

- Adimensional parameters:
c = b/a = 1.6320000E+00; f = zo/a = 3.5200000E+00;  alpha = to/ta = 1.4711052E+00
alpha_1 = 2.2888574E+00; beta = 9.6882779E-02; beta_1 = 5.6192661E-02; delta =  1.0904086E-01
Alt =  1.0238054E+00


*** Phase 1 (axial) parameters ***

I(peak) =  6.1794191E+02 [KA]
v_z(peak) =  6.3794544E+00 [cm/us]
v_z(last) =  6.3794544E+00 [cm/us]
(*) PHASE 1 ends at =  5.6891703E+00 [us]

*** Phase 2 (radial) parameters ***

radial phase starts at =  5.6891703E+00 [us]
EINP= 1.3750613E+03  
Final plasma Temp. = 1.6176276E+01 [eV]; ( 1.8771679E+05 [K] )
(*) PHASE 2 ends at =  6.6691172E+00 [us]
Phase 2 duration =  9.7994690E-01 [us]

*** Phase 3 (radial reflected shock) parameters ***

Radial phase duration =  1.3379721E+03 [us]
(*) PHASE 3 ends at =  7.0271424E+00 [us]
EINP= 1.8393614E+03  

*** Phase 4 (radiative phase) parameters ***

- initial phase parameters:
RPSTART =  1.0746285E-02 []
initial plasma Temp. = 3.8823081E+01 [eV]; ( 4.5052051E+05 [K] )
SDSPEEDSTART =  5.0836352E+04 []
TRAD1 =  2.1138977E-07 []
D =  1.6808695E-17 []
TStart =  7.0271424E-06 []
I_total =  5.4521250E+02 [KA]
I_pinch =  2.5079775E+02 [KA]
amin =  1.0746285E+01 [cm]

(!) Slow compression phase stopped either on preset time or on RP limit.

- final phase parameters:
QLN=-5.6214232-160
Final plasma Temp. = 3.4110409E+01 [eV]; ( 3.9583254E+05 [K] )
ENDFLAG=  2
(*) PHASE 4 ends at = 7.2385958E+00 [us]
TSlowcompressionphase = 2.1145338E+02
T radial= 1.5494255E+00
T radial + T star= 7.2385959E+00
Ipeak= 6.1900191E+02
Ipinch= 2.5079775E+02
SFIpeak= 6.6772962E+01
SFIpinch= 2.7054050E+01
VRMAX= 1.1902489E+01
Kmin= 1.6025920E-01
Ecap= 2.8800000E+01
EINP= 8.0812754E+00
--------------
Y_th= 0.0000000E+00  [neutrons] 
Y_bt= 5.7926468E+08  [neutrons] 
--------------
Ecap= 2.8800000E+01
RESF= 1.0904086E-01
C= 1.6320000E+00
L0= 1.0900000E+02
C0= 1.4400000E+02
R0= 3.0000000E+00
RADB= 1.0200000E+01
RADA= 6.2499999E+00
z0= 2.2000000E+01
V0= 2.0000000E+01
P0= 2.2000000E+00
Spitzer R= 1.7075715E-03 [Ohm]
ID= 9.9040309E-05  [KA/cm] 
Yline=-5.6214232-160  [J] 
Yline= 1.9518830-162  % 
massf= 8.9000000E-02
currf= 4.6000000E-01
massfr= 4.2000000E-01
currfr= 4.6000000E-01
trradialstart= 5.6891703E+00  [] 

*** Final relevant parameters:
Ipeak= 6.1900191E+02  [KA] 
Ipinch start = 2.5079775E+02  [KA] 
peak v_axial= 6.3794544E+00  [cm/us] 
SFIpeak= 6.6772962E+01
peak radial vs=-9.2893723E+00  [cm/us] 
peak radial vp=           NaN  [cm/us] 
amin= 1.0016200E+00  [cm] 
zmax= 1.0391867E+01  [cm] 
TSlowcompressionphase= 2.1145338E+02  [ns] 
VRMAX= 1.1902489E+01
Tpinch max = 4.2588437E+05  [K]
Y = 5.7926468E+08  [neutrons]
nipinch= 4.2441116E+23  [1/m3] 
EINP= 8.0812754E+00  % 
*******************************


*** Phase 5 (expanded axial) parameters ***

Final phase time = 9.9128227E+00  [us] 

*** All phases completed successfully. ***
Stop.

