 7.9236355E-03  0.0000000E+00
 1.5847271E-02  0.0000000E+00
 2.3770907E-02  0.0000000E+00
 3.1694542E-02  0.0000000E+00
 3.9618178E-02  0.0000000E+00
 4.7541813E-02  0.0000000E+00
 5.5465449E-02  0.0000000E+00
 6.3389084E-02  0.0000000E+00
 7.1312720E-02  0.0000000E+00
 7.9236355E-02  0.0000000E+00
 8.7159991E-02  0.0000000E+00
 9.5083626E-02  0.0000000E+00
 1.0300726E-01  0.0000000E+00
 1.1093090E-01  0.0000000E+00
 1.1885453E-01  0.0000000E+00
 1.2677817E-01  0.0000000E+00
 1.3470180E-01  0.0000000E+00
 1.4262544E-01  0.0000000E+00
 1.5054908E-01  0.0000000E+00
 1.5847271E-01  0.0000000E+00
 1.6639635E-01  0.0000000E+00
 1.7431998E-01  0.0000000E+00
 1.8224362E-01  0.0000000E+00
 1.9016725E-01  0.0000000E+00
 1.9809089E-01  0.0000000E+00
 2.0601452E-01  0.0000000E+00
 2.1393816E-01  0.0000000E+00
 2.2186179E-01  0.0000000E+00
 2.2978543E-01  0.0000000E+00
 2.3770907E-01  0.0000000E+00
 2.4563270E-01  0.0000000E+00
 2.5355634E-01  0.0000000E+00
 2.6147997E-01  0.0000000E+00
 2.6940361E-01  0.0000000E+00
 2.7732724E-01  0.0000000E+00
 2.8525088E-01  0.0000000E+00
 2.9317451E-01  0.0000000E+00
 3.0109815E-01  0.0000000E+00
 3.0902179E-01  0.0000000E+00
 3.1694542E-01  0.0000000E+00
 3.2486906E-01  0.0000000E+00
 3.3279269E-01  0.0000000E+00
 3.4071633E-01  0.0000000E+00
 3.4863996E-01  0.0000000E+00
 3.5656360E-01  0.0000000E+00
 3.6448723E-01  0.0000000E+00
 3.7241087E-01  0.0000000E+00
 3.8033451E-01  0.0000000E+00
 3.8825814E-01  0.0000000E+00
 3.9618178E-01  0.0000000E+00
 4.0410541E-01  0.0000000E+00
 4.1202905E-01  0.0000000E+00
 4.1995268E-01  0.0000000E+00
 4.2787632E-01  0.0000000E+00
 4.3579995E-01  0.0000000E+00
 4.4372359E-01  0.0000000E+00
 4.5164723E-01  0.0000000E+00
 4.5957086E-01  0.0000000E+00
 4.6749450E-01  0.0000000E+00
 4.7541813E-01  0.0000000E+00
 4.8334177E-01  0.0000000E+00
 4.9126540E-01  0.0000000E+00
 4.9918904E-01  0.0000000E+00
 5.0711267E-01  0.0000000E+00
 5.1503631E-01  0.0000000E+00
 5.2295994E-01  0.0000000E+00
 5.3088358E-01  0.0000000E+00
 5.3880722E-01  0.0000000E+00
 5.4673085E-01  0.0000000E+00
 5.5465449E-01  0.0000000E+00
 5.6257812E-01  0.0000000E+00
 5.7050176E-01  0.0000000E+00
 5.7842539E-01  0.0000000E+00
 5.8634903E-01  0.0000000E+00
 5.9427266E-01  0.0000000E+00
 6.0219630E-01  0.0000000E+00
 6.1011994E-01  0.0000000E+00
 6.1804357E-01  0.0000000E+00
 6.2596721E-01  0.0000000E+00
 6.3389084E-01  0.0000000E+00
 6.4181448E-01  0.0000000E+00
 6.4973811E-01  0.0000000E+00
 6.5766175E-01  0.0000000E+00
 6.6558538E-01  0.0000000E+00
 6.7350902E-01  0.0000000E+00
 6.8143266E-01  0.0000000E+00
 6.8935629E-01  0.0000000E+00
 6.9727993E-01  0.0000000E+00
 7.0520356E-01  0.0000000E+00
 7.1312720E-01  0.0000000E+00
 7.2105083E-01  0.0000000E+00
 7.2897447E-01  0.0000000E+00
 7.3689810E-01  0.0000000E+00
 7.4482174E-01  0.0000000E+00
 7.5274538E-01  0.0000000E+00
 7.6066901E-01  0.0000000E+00
 7.6859265E-01  0.0000000E+00
 7.7651628E-01  0.0000000E+00
 7.8443992E-01  0.0000000E+00
 7.9236355E-01  0.0000000E+00
 8.0028719E-01  0.0000000E+00
 8.0821082E-01  0.0000000E+00
 8.1613446E-01  0.0000000E+00
 8.2405810E-01  0.0000000E+00
 8.3198173E-01  0.0000000E+00
 8.3990537E-01  0.0000000E+00
 8.4782900E-01  0.0000000E+00
 8.5575264E-01  0.0000000E+00
 8.6367627E-01  0.0000000E+00
 8.7159991E-01  0.0000000E+00
 8.7952354E-01  0.0000000E+00
 8.8744718E-01  0.0000000E+00
 8.9537081E-01  0.0000000E+00
 9.0329445E-01  0.0000000E+00
 9.1121809E-01  0.0000000E+00
 9.1914172E-01  0.0000000E+00
 9.2706536E-01  0.0000000E+00
 9.3498899E-01  0.0000000E+00
 9.4291263E-01  0.0000000E+00
 9.5083626E-01  0.0000000E+00
 9.5875990E-01  0.0000000E+00
 9.6668353E-01  0.0000000E+00
 9.7460717E-01  0.0000000E+00
 9.8253081E-01  0.0000000E+00
 9.9045444E-01  0.0000000E+00
 9.9837808E-01  0.0000000E+00
 1.0063017E+00  0.0000000E+00
 1.0142253E+00  0.0000000E+00
 1.0221490E+00  0.0000000E+00
 1.0300726E+00  0.0000000E+00
 1.0379963E+00  0.0000000E+00
 1.0459199E+00  0.0000000E+00
 1.0538435E+00  0.0000000E+00
 1.0617672E+00  0.0000000E+00
 1.0696908E+00  0.0000000E+00
 1.0776144E+00  0.0000000E+00
 1.0855381E+00  0.0000000E+00
 1.0934617E+00  0.0000000E+00
 1.1013853E+00  0.0000000E+00
 1.1093090E+00  0.0000000E+00
 1.1172326E+00  0.0000000E+00
 1.1251562E+00  0.0000000E+00
 1.1330799E+00  0.0000000E+00
 1.1410035E+00  0.0000000E+00
 1.1489272E+00  0.0000000E+00
 1.1568508E+00  0.0000000E+00
 1.1647744E+00  0.0000000E+00
 1.1726981E+00  0.0000000E+00
 1.1806217E+00  0.0000000E+00
 1.1885453E+00  0.0000000E+00
 1.1964690E+00  0.0000000E+00
 1.2043926E+00  0.0000000E+00
 1.2123162E+00  0.0000000E+00
 1.2202399E+00  0.0000000E+00
 1.2281635E+00  0.0000000E+00
 1.2360871E+00  0.0000000E+00
 1.2440108E+00  0.0000000E+00
 1.2519344E+00  0.0000000E+00
 1.2598580E+00  0.0000000E+00
 1.2677817E+00  0.0000000E+00
 1.2757053E+00  0.0000000E+00
 1.2836290E+00  0.0000000E+00
 1.2915526E+00  0.0000000E+00
 1.2994762E+00  0.0000000E+00
 1.3073999E+00  0.0000000E+00
 1.3153235E+00  0.0000000E+00
 1.3232471E+00  0.0000000E+00
 1.3311708E+00  0.0000000E+00
 1.3390944E+00  0.0000000E+00
 1.3470180E+00  0.0000000E+00
 1.3549417E+00  0.0000000E+00
 1.3628653E+00  0.0000000E+00
 1.3707889E+00  0.0000000E+00
 1.3787126E+00  0.0000000E+00
 1.3866362E+00  0.0000000E+00
 1.3945599E+00  0.0000000E+00
 1.4024835E+00  0.0000000E+00
 1.4104071E+00  0.0000000E+00
 1.4183308E+00  0.0000000E+00
 1.4262544E+00  0.0000000E+00
 1.4341780E+00  0.0000000E+00
 1.4421017E+00  0.0000000E+00
 1.4500253E+00  0.0000000E+00
 1.4579489E+00  0.0000000E+00
 1.4658726E+00  0.0000000E+00
 1.4737962E+00  0.0000000E+00
 1.4817198E+00  0.0000000E+00
 1.4896435E+00  0.0000000E+00
 1.4975671E+00  0.0000000E+00
 1.5054908E+00  0.0000000E+00
 1.5134144E+00  0.0000000E+00
 1.5213380E+00  0.0000000E+00
 1.5292617E+00  0.0000000E+00
 1.5371853E+00  0.0000000E+00
 1.5451089E+00  0.0000000E+00
 1.5530326E+00  0.0000000E+00
 1.5609562E+00  0.0000000E+00
 1.5688798E+00  0.0000000E+00
 1.5768035E+00  0.0000000E+00
 1.5847271E+00  0.0000000E+00
 1.5926507E+00  0.0000000E+00
 1.6005744E+00  0.0000000E+00
 1.6084980E+00  0.0000000E+00
 1.6164216E+00  0.0000000E+00
 1.6243453E+00  0.0000000E+00
 1.6322689E+00  0.0000000E+00
 1.6401926E+00  0.0000000E+00
 1.6481162E+00  0.0000000E+00
 1.6560398E+00  0.0000000E+00
 1.6639635E+00  0.0000000E+00
 1.6718871E+00  0.0000000E+00
 1.6798107E+00  0.0000000E+00
 1.6877344E+00  0.0000000E+00
 1.6956580E+00  0.0000000E+00
 1.7035816E+00  0.0000000E+00
 1.7115053E+00  0.0000000E+00
 1.7194289E+00  0.0000000E+00
 1.7273525E+00  0.0000000E+00
 1.7352762E+00  0.0000000E+00
 1.7431998E+00  0.0000000E+00
 1.7511235E+00  0.0000000E+00
 1.7590471E+00  0.0000000E+00
 1.7669707E+00  0.0000000E+00
 1.7748944E+00  0.0000000E+00
 1.7828180E+00  0.0000000E+00
 1.7907416E+00  0.0000000E+00
 1.7986653E+00  0.0000000E+00
 1.8065889E+00  0.0000000E+00
 1.8145125E+00  0.0000000E+00
 1.8224362E+00  0.0000000E+00
 1.8303598E+00  0.0000000E+00
 1.8382834E+00  0.0000000E+00
 1.8462071E+00  0.0000000E+00
 1.8541307E+00  0.0000000E+00
 1.8620543E+00  0.0000000E+00
 1.8699780E+00  0.0000000E+00
 1.8779016E+00  0.0000000E+00
 1.8858253E+00  0.0000000E+00
 1.8937489E+00  0.0000000E+00
 1.9016725E+00  0.0000000E+00
 1.9095962E+00  0.0000000E+00
 1.9175198E+00  0.0000000E+00
 1.9254434E+00  0.0000000E+00
 1.9333671E+00  0.0000000E+00
 1.9412907E+00  0.0000000E+00
 1.9492143E+00  0.0000000E+00
 1.9571380E+00  0.0000000E+00
 1.9650616E+00  0.0000000E+00
 1.9729852E+00  0.0000000E+00
 1.9809089E+00  0.0000000E+00
 1.9888325E+00  0.0000000E+00
 1.9967562E+00  0.0000000E+00
 2.0046798E+00  0.0000000E+00
 2.0126034E+00  0.0000000E+00
 2.0205271E+00  0.0000000E+00
 2.0284507E+00  0.0000000E+00
 2.0363743E+00  0.0000000E+00
 2.0442980E+00  0.0000000E+00
 2.0522216E+00  0.0000000E+00
 2.0601452E+00  0.0000000E+00
 2.0680689E+00  0.0000000E+00
 2.0759925E+00  0.0000000E+00
 2.0839161E+00  0.0000000E+00
 2.0918398E+00  0.0000000E+00
 2.0997634E+00  0.0000000E+00
 2.1076871E+00  0.0000000E+00
 2.1156107E+00  0.0000000E+00
 2.1235343E+00  0.0000000E+00
 2.1314580E+00  0.0000000E+00
 2.1393816E+00  0.0000000E+00
 2.1473052E+00  0.0000000E+00
 2.1552289E+00  0.0000000E+00
 2.1631525E+00  0.0000000E+00
 2.1710761E+00  0.0000000E+00
 2.1789998E+00  0.0000000E+00
 2.1869234E+00  0.0000000E+00
 2.1948470E+00  0.0000000E+00
 2.2027707E+00  0.0000000E+00
 2.2106943E+00  0.0000000E+00
 2.2186179E+00  0.0000000E+00
 2.2265416E+00  0.0000000E+00
 2.2344652E+00  0.0000000E+00
 2.2423889E+00  0.0000000E+00
 2.2503125E+00  0.0000000E+00
 2.2582361E+00  0.0000000E+00
 2.2661598E+00  0.0000000E+00
 2.2740834E+00  0.0000000E+00
 2.2820070E+00  0.0000000E+00
 2.2899307E+00  0.0000000E+00
 2.2978543E+00  0.0000000E+00
 2.3057779E+00  0.0000000E+00
 2.3137016E+00  0.0000000E+00
 2.3216252E+00  0.0000000E+00
 2.3295488E+00  0.0000000E+00
 2.3374725E+00  0.0000000E+00
 2.3453961E+00  0.0000000E+00
 2.3533198E+00  0.0000000E+00
 2.3612434E+00  0.0000000E+00
 2.3691670E+00  0.0000000E+00
 2.3770907E+00  0.0000000E+00
 2.3850143E+00  0.0000000E+00
 2.3929379E+00  0.0000000E+00
 2.4008616E+00  0.0000000E+00
 2.4087852E+00  0.0000000E+00
 2.4167088E+00  0.0000000E+00
 2.4246325E+00  0.0000000E+00
 2.4325561E+00  0.0000000E+00
 2.4404797E+00  0.0000000E+00
 2.4484034E+00  0.0000000E+00
 2.4563270E+00  0.0000000E+00
 2.4642506E+00  0.0000000E+00
 2.4721743E+00  0.0000000E+00
 2.4800979E+00  0.0000000E+00
 2.4880216E+00  0.0000000E+00
 2.4959452E+00  0.0000000E+00
 2.5038688E+00  0.0000000E+00
 2.5117925E+00  0.0000000E+00
 2.5197161E+00  0.0000000E+00
 2.5276397E+00  0.0000000E+00
 2.5355634E+00  0.0000000E+00
 2.5434870E+00  0.0000000E+00
 2.5514106E+00  0.0000000E+00
 2.5593343E+00  0.0000000E+00
 2.5672579E+00  0.0000000E+00
 2.5751815E+00  0.0000000E+00
 2.5831052E+00  0.0000000E+00
 2.5910288E+00  0.0000000E+00
 2.5989525E+00  0.0000000E+00
 2.6068761E+00  0.0000000E+00
 2.6147997E+00  0.0000000E+00
 2.6227234E+00  0.0000000E+00
 2.6306470E+00  0.0000000E+00
 2.6385706E+00  0.0000000E+00
 2.6464943E+00  0.0000000E+00
 2.6544179E+00  0.0000000E+00
 2.6623415E+00  0.0000000E+00
 2.6702652E+00  0.0000000E+00
 2.6781888E+00  0.0000000E+00
 2.6861124E+00  0.0000000E+00
 2.6940361E+00  0.0000000E+00
 2.7019597E+00  0.0000000E+00
 2.7098834E+00  0.0000000E+00
 2.7178070E+00  0.0000000E+00
 2.7257306E+00  0.0000000E+00
 2.7336543E+00  0.0000000E+00
 2.7415779E+00  0.0000000E+00
 2.7495015E+00  0.0000000E+00
 2.7574252E+00  0.0000000E+00
 2.7653488E+00  0.0000000E+00
 2.7732724E+00  0.0000000E+00
 2.7811961E+00  0.0000000E+00
 2.7891197E+00  0.0000000E+00
 2.7970433E+00  0.0000000E+00
 2.8049670E+00  0.0000000E+00
 2.8128906E+00  0.0000000E+00
 2.8208142E+00  0.0000000E+00
 2.8287379E+00  0.0000000E+00
 2.8366615E+00  0.0000000E+00
 2.8445852E+00  0.0000000E+00
 2.8525088E+00  0.0000000E+00
 2.8604324E+00  0.0000000E+00
 2.8683561E+00  0.0000000E+00
 2.8762797E+00  0.0000000E+00
 2.8842033E+00  0.0000000E+00
 2.8921270E+00  0.0000000E+00
 2.9000506E+00  0.0000000E+00
 2.9079742E+00  0.0000000E+00
 2.9158979E+00  0.0000000E+00
 2.9238215E+00  0.0000000E+00
 2.9317451E+00  0.0000000E+00
 2.9396688E+00  0.0000000E+00
 2.9475924E+00  0.0000000E+00
 2.9555161E+00  0.0000000E+00
 2.9634397E+00  0.0000000E+00
 2.9713633E+00  0.0000000E+00
 2.9792870E+00  0.0000000E+00
 2.9872106E+00  0.0000000E+00
 2.9951342E+00  0.0000000E+00
 3.0030579E+00  0.0000000E+00
 3.0109815E+00  0.0000000E+00
 3.0189051E+00  0.0000000E+00
 3.0268288E+00  0.0000000E+00
 3.0347524E+00  0.0000000E+00
 3.0426760E+00  0.0000000E+00
 3.0505997E+00  0.0000000E+00
 3.0585233E+00  0.0000000E+00
 3.0664469E+00  0.0000000E+00
 3.0743706E+00  0.0000000E+00
 3.0822942E+00  0.0000000E+00
 3.0902179E+00  0.0000000E+00
 3.0981415E+00  0.0000000E+00
 3.1060651E+00  0.0000000E+00
 3.1139888E+00  0.0000000E+00
 3.1219124E+00  0.0000000E+00
 3.1298360E+00  0.0000000E+00
 3.1377597E+00  0.0000000E+00
 3.1456833E+00  0.0000000E+00
 3.1536069E+00  0.0000000E+00
 3.1615306E+00  0.0000000E+00
 3.1694542E+00  0.0000000E+00
 3.1773778E+00  0.0000000E+00
 3.1853015E+00  0.0000000E+00
 3.1932251E+00  0.0000000E+00
 3.2011488E+00  0.0000000E+00
 3.2090724E+00  0.0000000E+00
 3.2169960E+00  0.0000000E+00
 3.2249197E+00  0.0000000E+00
 3.2328433E+00  0.0000000E+00
 3.2407669E+00  0.0000000E+00
 3.2486906E+00  0.0000000E+00
 3.2566142E+00  0.0000000E+00
 3.2645378E+00  0.0000000E+00
 3.2724615E+00  0.0000000E+00
 3.2803851E+00  0.0000000E+00
 3.2883087E+00  0.0000000E+00
 3.2962324E+00  0.0000000E+00
 3.3041560E+00  0.0000000E+00
 3.3120797E+00  0.0000000E+00
 3.3200033E+00  0.0000000E+00
 3.3279269E+00  0.0000000E+00
 3.3358506E+00  0.0000000E+00
 3.3437742E+00  0.0000000E+00
 3.3516978E+00  0.0000000E+00
 3.3596215E+00  0.0000000E+00
 3.3675451E+00  0.0000000E+00
 3.3754687E+00  0.0000000E+00
 3.3833924E+00  0.0000000E+00
 3.3913160E+00  0.0000000E+00
 3.3992396E+00  0.0000000E+00
 3.4071633E+00  0.0000000E+00
 3.4150869E+00  0.0000000E+00
 3.4230105E+00  0.0000000E+00
 3.4309342E+00  0.0000000E+00
 3.4388578E+00  0.0000000E+00
 3.4467815E+00  0.0000000E+00
 3.4547051E+00  0.0000000E+00
 3.4626287E+00  0.0000000E+00
 3.4705524E+00  0.0000000E+00
 3.4784760E+00  0.0000000E+00
 3.4863996E+00  0.0000000E+00
 3.4943233E+00  0.0000000E+00
 3.5022469E+00  0.0000000E+00
 3.5101705E+00  0.0000000E+00
 3.5180942E+00  0.0000000E+00
 3.5260178E+00  0.0000000E+00
 3.5339414E+00  0.0000000E+00
 3.5418651E+00  0.0000000E+00
 3.5497887E+00  0.0000000E+00
 3.5577124E+00  0.0000000E+00
 3.5656360E+00  0.0000000E+00
 3.5735596E+00  0.0000000E+00
 3.5814833E+00  0.0000000E+00
 3.5894069E+00  0.0000000E+00
 3.5973305E+00  0.0000000E+00
 3.6052542E+00  0.0000000E+00
 3.6131778E+00  0.0000000E+00
 3.6211014E+00  0.0000000E+00
 3.6290251E+00  0.0000000E+00
 3.6369487E+00  0.0000000E+00
 3.6448723E+00  0.0000000E+00
 3.6527960E+00  0.0000000E+00
 3.6607196E+00  0.0000000E+00
 3.6686433E+00  0.0000000E+00
 3.6765669E+00  0.0000000E+00
 3.6844905E+00  0.0000000E+00
 3.6924142E+00  0.0000000E+00
 3.7003378E+00  0.0000000E+00
 3.7082614E+00  0.0000000E+00
 3.7161851E+00  0.0000000E+00
 3.7241087E+00  0.0000000E+00
 3.7320323E+00  0.0000000E+00
 3.7399560E+00  0.0000000E+00
 3.7478796E+00  0.0000000E+00
 3.7558032E+00  0.0000000E+00
 3.7637269E+00  0.0000000E+00
 3.7716505E+00  0.0000000E+00
 3.7795741E+00  0.0000000E+00
 3.7874978E+00  0.0000000E+00
 3.7954214E+00  0.0000000E+00
 3.8033451E+00  0.0000000E+00
 3.8112687E+00  0.0000000E+00
 3.8191923E+00  0.0000000E+00
 3.8271160E+00  0.0000000E+00
 3.8350396E+00  0.0000000E+00
 3.8429632E+00  0.0000000E+00
 3.8508869E+00  0.0000000E+00
 3.8588105E+00  0.0000000E+00
 3.8667341E+00  0.0000000E+00
 3.8746578E+00  0.0000000E+00
 3.8825814E+00  0.0000000E+00
 3.8905050E+00  0.0000000E+00
 3.8984287E+00  0.0000000E+00
 3.9063523E+00  0.0000000E+00
 3.9142760E+00  0.0000000E+00
 3.9221996E+00  0.0000000E+00
 3.9301232E+00  0.0000000E+00
 3.9380469E+00  0.0000000E+00
 3.9459705E+00  0.0000000E+00
 3.9538941E+00  0.0000000E+00
 3.9618178E+00  0.0000000E+00
 3.9697414E+00  0.0000000E+00
 3.9776650E+00  0.0000000E+00
 3.9855887E+00  0.0000000E+00
 3.9935123E+00  0.0000000E+00
 4.0014359E+00  0.0000000E+00
 4.0093596E+00  0.0000000E+00
 4.0172832E+00  0.0000000E+00
 4.0252068E+00  0.0000000E+00
 4.0331305E+00  0.0000000E+00
 4.0410541E+00  0.0000000E+00
 4.0489778E+00  0.0000000E+00
 4.0569014E+00  0.0000000E+00
 4.0648250E+00  0.0000000E+00
 4.0727487E+00  0.0000000E+00
 4.0806723E+00  0.0000000E+00
 4.0885959E+00  0.0000000E+00
 4.0965196E+00  0.0000000E+00
 4.1044432E+00  0.0000000E+00
 4.1123668E+00  0.0000000E+00
 4.1202905E+00  0.0000000E+00
 4.1282141E+00  0.0000000E+00
 4.1361377E+00  0.0000000E+00
 4.1440614E+00  0.0000000E+00
 4.1519850E+00  0.0000000E+00
 4.1599087E+00  0.0000000E+00
 4.1678323E+00  0.0000000E+00
 4.1757559E+00  0.0000000E+00
 4.1836796E+00  0.0000000E+00
 4.1916032E+00  0.0000000E+00
 4.1995268E+00  0.0000000E+00
 4.2074505E+00  0.0000000E+00
 4.2153741E+00  0.0000000E+00
 4.2232977E+00  0.0000000E+00
 4.2312214E+00  0.0000000E+00
 4.2391450E+00  0.0000000E+00
 4.2470686E+00  0.0000000E+00
 4.2549923E+00  0.0000000E+00
 4.2629159E+00  0.0000000E+00
 4.2708396E+00  0.0000000E+00
 4.2787632E+00  0.0000000E+00
 4.2866868E+00  0.0000000E+00
 4.2946105E+00  0.0000000E+00
 4.3025341E+00  0.0000000E+00
 4.3104577E+00  0.0000000E+00
 4.3183814E+00  0.0000000E+00
 4.3263050E+00  0.0000000E+00
 4.3342286E+00  0.0000000E+00
 4.3421523E+00  0.0000000E+00
 4.3500759E+00  0.0000000E+00
 4.3579995E+00  0.0000000E+00
 4.3659232E+00  0.0000000E+00
 4.3738468E+00  0.0000000E+00
 4.3817704E+00  0.0000000E+00
 4.3896941E+00  0.0000000E+00
 4.3976177E+00  0.0000000E+00
 4.4055414E+00  0.0000000E+00
 4.4134650E+00  0.0000000E+00
 4.4213886E+00  0.0000000E+00
 4.4293123E+00  0.0000000E+00
 4.4372359E+00  0.0000000E+00
 4.4451595E+00  0.0000000E+00
 4.4530832E+00  0.0000000E+00
 4.4610068E+00  0.0000000E+00
 4.4689304E+00  0.0000000E+00
 4.4768541E+00  0.0000000E+00
 4.4847777E+00  0.0000000E+00
 4.4927013E+00  0.0000000E+00
 4.5006250E+00  0.0000000E+00
 4.5085486E+00  0.0000000E+00
 4.5164723E+00  0.0000000E+00
 4.5243959E+00  0.0000000E+00
 4.5323195E+00  0.0000000E+00
 4.5402432E+00  0.0000000E+00
 4.5481668E+00  0.0000000E+00
 4.5560904E+00  0.0000000E+00
 4.5640141E+00  0.0000000E+00
 4.5719377E+00  0.0000000E+00
 4.5798613E+00  0.0000000E+00
 4.5877850E+00  0.0000000E+00
 4.5957086E+00  0.0000000E+00
 4.6036322E+00  0.0000000E+00
 4.6115559E+00  0.0000000E+00
 4.6194795E+00  0.0000000E+00
 4.6274031E+00  0.0000000E+00
 4.6353268E+00  0.0000000E+00
 4.6432504E+00  0.0000000E+00
 4.6511741E+00  0.0000000E+00
 4.6590977E+00  0.0000000E+00
 4.6670213E+00  0.0000000E+00
 4.6749450E+00  0.0000000E+00
 4.6828686E+00  0.0000000E+00
 4.6907922E+00  0.0000000E+00
 4.6987159E+00  0.0000000E+00
 4.7066395E+00  0.0000000E+00
 4.7145631E+00  0.0000000E+00
 4.7224868E+00  0.0000000E+00
 4.7304104E+00  0.0000000E+00
 4.7383340E+00  0.0000000E+00
 4.7462577E+00  0.0000000E+00
 4.7541813E+00  0.0000000E+00
 4.7621050E+00  0.0000000E+00
 4.7700286E+00  0.0000000E+00
 4.7779522E+00  0.0000000E+00
 4.7858759E+00  0.0000000E+00
 4.7937995E+00  0.0000000E+00
 4.8017231E+00  0.0000000E+00
 4.8096468E+00  0.0000000E+00
 4.8175704E+00  0.0000000E+00
 4.8254940E+00  0.0000000E+00
 4.8334177E+00  0.0000000E+00
 4.8413413E+00  0.0000000E+00
 4.8492649E+00  0.0000000E+00
 4.8571886E+00  0.0000000E+00
 4.8651122E+00  0.0000000E+00
 4.8730359E+00  0.0000000E+00
 4.8809595E+00  0.0000000E+00
 4.8888831E+00  0.0000000E+00
 4.8968068E+00  0.0000000E+00
 4.9047304E+00  0.0000000E+00
 4.9126540E+00  0.0000000E+00
 4.9205777E+00  0.0000000E+00
 4.9285013E+00  0.0000000E+00
 4.9364249E+00  0.0000000E+00
 4.9443486E+00  0.0000000E+00
 4.9522722E+00  0.0000000E+00
 4.9601958E+00  0.0000000E+00
 4.9681195E+00  0.0000000E+00
 4.9760431E+00  0.0000000E+00
 4.9839667E+00  0.0000000E+00
 4.9918904E+00  0.0000000E+00
 4.9998140E+00  0.0000000E+00
 5.0077377E+00  0.0000000E+00
 5.0156613E+00  0.0000000E+00
 5.0235849E+00  0.0000000E+00
 5.0315086E+00  0.0000000E+00
 5.0394322E+00  0.0000000E+00
 5.0473558E+00  0.0000000E+00
 5.0552795E+00  0.0000000E+00
 5.0632031E+00  0.0000000E+00
 5.0711267E+00  0.0000000E+00
 5.0790504E+00  0.0000000E+00
 5.0869740E+00  0.0000000E+00
 5.0948976E+00  0.0000000E+00
 5.1028213E+00  0.0000000E+00
 5.1107449E+00  0.0000000E+00
 5.1186686E+00  0.0000000E+00
 5.1265922E+00  0.0000000E+00
 5.1345158E+00  0.0000000E+00
 5.1424395E+00  0.0000000E+00
 5.1503631E+00  0.0000000E+00
 5.1582867E+00  0.0000000E+00
 5.1662104E+00  0.0000000E+00
 5.1741340E+00  0.0000000E+00
 5.1820576E+00  0.0000000E+00
 5.1899813E+00  0.0000000E+00
 5.1979049E+00  0.0000000E+00
 5.2058285E+00  0.0000000E+00
 5.2137522E+00  0.0000000E+00
 5.2216758E+00  0.0000000E+00
 5.2295994E+00  0.0000000E+00
 5.2375231E+00  0.0000000E+00
 5.2454467E+00  0.0000000E+00
 5.2533704E+00  0.0000000E+00
 5.2612940E+00  0.0000000E+00
 5.2692176E+00  0.0000000E+00
 5.2771413E+00  0.0000000E+00
 5.2850649E+00  0.0000000E+00
 5.2929885E+00  0.0000000E+00
 5.3009122E+00  0.0000000E+00
 5.3088358E+00  0.0000000E+00
 5.3167594E+00  0.0000000E+00
 5.3246831E+00  0.0000000E+00
 5.3326067E+00  0.0000000E+00
 5.3405303E+00  0.0000000E+00
 5.3484540E+00  0.0000000E+00
 5.3563776E+00  0.0000000E+00
 5.3643013E+00  0.0000000E+00
 5.3722249E+00  0.0000000E+00
 5.3801485E+00  0.0000000E+00
 5.3880722E+00  0.0000000E+00
 5.3959958E+00  0.0000000E+00
 5.4039194E+00  0.0000000E+00
 5.4118431E+00  0.0000000E+00
 5.4197667E+00  0.0000000E+00
 5.4276903E+00  0.0000000E+00
 5.4356140E+00  0.0000000E+00
 5.4435376E+00  0.0000000E+00
 5.4514612E+00  0.0000000E+00
 5.4593849E+00  0.0000000E+00
 5.4673085E+00  0.0000000E+00
 5.4752322E+00  0.0000000E+00
 5.4831558E+00  0.0000000E+00
 5.4910794E+00  0.0000000E+00
 5.4990031E+00  0.0000000E+00
 5.5069267E+00  0.0000000E+00
 5.5148503E+00  0.0000000E+00
 5.5227740E+00  0.0000000E+00
 5.5306976E+00  0.0000000E+00
 5.5386212E+00  0.0000000E+00
 5.5465449E+00  0.0000000E+00
 5.5544685E+00  0.0000000E+00
 5.5623921E+00  0.0000000E+00
 5.5703158E+00  0.0000000E+00
 5.5782394E+00  0.0000000E+00
 5.5861630E+00  0.0000000E+00
 5.5940867E+00  0.0000000E+00
 5.6020103E+00  0.0000000E+00
 5.6099340E+00  0.0000000E+00
 5.6178576E+00  0.0000000E+00
 5.6257812E+00  0.0000000E+00
 5.6337049E+00  0.0000000E+00
 5.6416285E+00  0.0000000E+00
 5.6495521E+00  0.0000000E+00
 5.6574758E+00  0.0000000E+00
 5.6653994E+00  0.0000000E+00
 5.6733230E+00  0.0000000E+00
 5.6812467E+00  0.0000000E+00
 5.6891703E+00  0.0000000E+00
 5.6908512E+00  4.5976442E+04
 5.6925320E+00  4.6008611E+04
 5.6942129E+00  4.6008611E+04
 5.6958938E+00  4.6156942E+04
 5.6975747E+00  4.6262671E+04
 5.6992555E+00  4.6365042E+04
 5.7009364E+00  4.6365042E+04
 5.7026173E+00  4.6466575E+04
 5.7042981E+00  4.6568053E+04
 5.7059790E+00  4.6669553E+04
 5.7076599E+00  4.6669553E+04
 5.7093407E+00  4.6771295E+04
 5.7110216E+00  4.6873336E+04
 5.7127025E+00  4.6975616E+04
 5.7143834E+00  4.6975616E+04
 5.7160642E+00  4.7078153E+04
 5.7177451E+00  4.7181068E+04
 5.7194260E+00  4.7284372E+04
 5.7211068E+00  4.7284372E+04
 5.7227877E+00  4.7388073E+04
 5.7244686E+00  4.7492070E+04
 5.7261494E+00  4.7596378E+04
 5.7278303E+00  4.7596378E+04
 5.7295112E+00  4.7701105E+04
 5.7311920E+00  4.7806252E+04
 5.7328729E+00  4.7911715E+04
 5.7345538E+00  4.7911715E+04
 5.7362347E+00  4.8017605E+04
 5.7379155E+00  4.8123828E+04
 5.7395964E+00  4.8230487E+04
 5.7412773E+00  4.8230487E+04
 5.7429581E+00  4.8337474E+04
 5.7446390E+00  4.8444902E+04
 5.7463199E+00  4.8552774E+04
 5.7480007E+00  4.8552774E+04
 5.7496816E+00  4.8660992E+04
 5.7513625E+00  4.8769548E+04
 5.7530433E+00  4.8878558E+04
 5.7547242E+00  4.8878558E+04
 5.7564051E+00  4.8988024E+04
 5.7580860E+00  4.9097948E+04
 5.7597668E+00  4.9097948E+04
 5.7614477E+00  4.9208217E+04
 5.7631286E+00  4.9318846E+04
 5.7648094E+00  4.9429942E+04
 5.7664903E+00  4.9429942E+04
 5.7681712E+00  4.9541509E+04
 5.7698520E+00  4.9653430E+04
 5.7715329E+00  4.9765825E+04
 5.7732138E+00  4.9765825E+04
 5.7748947E+00  4.9878591E+04
 5.7765755E+00  4.9991839E+04
 5.7782564E+00  5.0105450E+04
 5.7799373E+00  5.0105450E+04
 5.7816181E+00  5.0219547E+04
 5.7832990E+00  5.0334133E+04
 5.7849799E+00  5.0449088E+04
 5.7866607E+00  5.0449088E+04
 5.7883416E+00  5.0564427E+04
 5.7900225E+00  5.0680264E+04
 5.7917033E+00  5.0796600E+04
 5.7933842E+00  5.0796600E+04
 5.7950651E+00  5.0913316E+04
 5.7967460E+00  5.1030536E+04
 5.7984268E+00  5.1148152E+04
 5.8001077E+00  5.1148152E+04
 5.8017886E+00  5.1266281E+04
 5.8034694E+00  5.1384797E+04
 5.8051503E+00  5.1503830E+04
 5.8068312E+00  5.1503830E+04
 5.8085120E+00  5.1623384E+04
 5.8101929E+00  5.1743345E+04
 5.8118738E+00  5.1863705E+04
 5.8135547E+00  5.1863705E+04
 5.8152355E+00  5.1984593E+04
 5.8169164E+00  5.2106014E+04
 5.8185973E+00  5.2227853E+04
 5.8202781E+00  5.2227853E+04
 5.8219590E+00  5.2350099E+04
 5.8236399E+00  5.2472887E+04
 5.8253207E+00  5.2596219E+04
 5.8270016E+00  5.2596219E+04
 5.8286825E+00  5.2720100E+04
 5.8303633E+00  5.2844398E+04
 5.8320442E+00  5.2969128E+04
 5.8337251E+00  5.2969128E+04
 5.8354060E+00  5.3094416E+04
 5.8370868E+00  5.3220265E+04
 5.8387677E+00  5.3346541E+04
 5.8404486E+00  5.3346541E+04
 5.8421294E+00  5.3473384E+04
 5.8438103E+00  5.3600673E+04
 5.8454912E+00  5.3728537E+04
 5.8471720E+00  5.3728537E+04
 5.8488529E+00  5.3856838E+04
 5.8505338E+00  5.3985719E+04
 5.8522146E+00  5.4115185E+04
 5.8538955E+00  5.4115185E+04
 5.8555764E+00  5.4245111E+04
 5.8572573E+00  5.4375485E+04
 5.8589381E+00  5.4506454E+04
 5.8606190E+00  5.4506454E+04
 5.8622999E+00  5.4638020E+04
 5.8639807E+00  5.4770189E+04
 5.8656616E+00  5.4902816E+04
 5.8673425E+00  5.4902816E+04
 5.8690233E+00  5.5035921E+04
 5.8707042E+00  5.5169638E+04
 5.8723851E+00  5.5303972E+04
 5.8740660E+00  5.5303972E+04
 5.8757468E+00  5.5438776E+04
 5.8774277E+00  5.5574203E+04
 5.8791086E+00  5.5710122E+04
 5.8807894E+00  5.5710122E+04
 5.8824703E+00  5.5846673E+04
 5.8841512E+00  5.5983706E+04
 5.8858320E+00  5.6121378E+04
 5.8875129E+00  5.6121378E+04
 5.8891938E+00  5.6259692E+04
 5.8908746E+00  5.6398514E+04
 5.8925555E+00  5.6537831E+04
 5.8942364E+00  5.6537831E+04
 5.8959173E+00  5.6677802E+04
 5.8975981E+00  5.6818431E+04
 5.8992790E+00  5.6959722E+04
 5.9009599E+00  5.6959722E+04
 5.9026407E+00  5.7101521E+04
 5.9043216E+00  5.7243847E+04
 5.9060025E+00  5.7386847E+04
 5.9076833E+00  5.7386847E+04
 5.9093642E+00  5.7530526E+04
 5.9110451E+00  5.7674726E+04
 5.9127259E+00  5.7819612E+04
 5.9144068E+00  5.7819612E+04
 5.9160877E+00  5.7965042E+04
 5.9177686E+00  5.8111169E+04
 5.9194494E+00  5.8257829E+04
 5.9211303E+00  5.8257829E+04
 5.9228112E+00  5.8405193E+04
 5.9244920E+00  5.8553265E+04
 5.9261729E+00  5.8701901E+04
 5.9278538E+00  5.8701901E+04
 5.9295346E+00  5.8851083E+04
 5.9312155E+00  5.9000988E+04
 5.9328964E+00  5.9151618E+04
 5.9345773E+00  5.9151618E+04
 5.9362581E+00  5.9302980E+04
 5.9379390E+00  5.9454903E+04
 5.9396199E+00  5.9607411E+04
 5.9413007E+00  5.9607411E+04
 5.9429816E+00  5.9760664E+04
 5.9446625E+00  5.9914667E+04
 5.9463433E+00  6.0069247E+04
 5.9480242E+00  6.0069247E+04
 5.9497051E+00  6.0224585E+04
 5.9513859E+00  6.0380528E+04
 5.9530668E+00  6.0537240E+04
 5.9547477E+00  6.0694544E+04
 5.9564286E+00  6.0694544E+04
 5.9581094E+00  6.0852626E+04
 5.9597903E+00  6.1011492E+04
 5.9614712E+00  6.1170983E+04
 5.9631520E+00  6.1170983E+04
 5.9648329E+00  6.1331082E+04
 5.9665138E+00  6.1491979E+04
 5.9681946E+00  6.1653680E+04
 5.9698755E+00  6.1653680E+04
 5.9715564E+00  6.1816191E+04
 5.9732372E+00  6.1979326E+04
 5.9749181E+00  6.2143112E+04
 5.9765990E+00  6.2143112E+04
 5.9782799E+00  6.2307722E+04
 5.9799607E+00  6.2473163E+04
 5.9816416E+00  6.2639246E+04
 5.9833225E+00  6.2639246E+04
 5.9850033E+00  6.2806170E+04
 5.9866842E+00  6.2973766E+04
 5.9883651E+00  6.3142216E+04
 5.9900459E+00  6.3142216E+04
 5.9917268E+00  6.3311324E+04
 5.9934077E+00  6.3481295E+04
 5.9950886E+00  6.3652136E+04
 5.9967694E+00  6.3652136E+04
 5.9984503E+00  6.3823674E+04
 6.0001312E+00  6.3995889E+04
 6.0018120E+00  6.4168990E+04
 6.0034929E+00  6.4168990E+04
 6.0051738E+00  6.4342983E+04
 6.0068546E+00  6.4517877E+04
 6.0085355E+00  6.4693466E+04
 6.0102164E+00  6.4693466E+04
 6.0118972E+00  6.4869781E+04
 6.0135781E+00  6.5047012E+04
 6.0152590E+00  6.5225167E+04
 6.0169399E+00  6.5404038E+04
 6.0186207E+00  6.5404038E+04
 6.0203016E+00  6.5583844E+04
 6.0219825E+00  6.5764401E+04
 6.0236633E+00  6.5945908E+04
 6.0253442E+00  6.5945908E+04
 6.0270251E+00  6.6128150E+04
 6.0287059E+00  6.6311353E+04
 6.0303868E+00  6.6495524E+04
 6.0320677E+00  6.6495524E+04
 6.0337485E+00  6.6680473E+04
 6.0354294E+00  6.6866180E+04
 6.0371103E+00  6.7052874E+04
 6.0387912E+00  6.7052874E+04
 6.0404720E+00  6.7240562E+04
 6.0421529E+00  6.7429253E+04
 6.0438338E+00  6.7618751E+04
 6.0455146E+00  6.7618751E+04
 6.0471955E+00  6.7809033E+04
 6.0488764E+00  6.8000339E+04
 6.0505572E+00  6.8192674E+04
 6.0522381E+00  6.8192674E+04
 6.0539190E+00  6.8386048E+04
 6.0555999E+00  6.8580229E+04
 6.0572807E+00  6.8775253E+04
 6.0589616E+00  6.8971336E+04
 6.0606425E+00  6.8971336E+04
 6.0623233E+00  6.9168486E+04
 6.0640042E+00  6.9366468E+04
 6.0656851E+00  6.9565531E+04
 6.0673659E+00  6.9565531E+04
 6.0690468E+00  6.9765469E+04
 6.0707277E+00  6.9966504E+04
 6.0724085E+00  7.0168395E+04
 6.0740894E+00  7.0168395E+04
 6.0757703E+00  7.0371398E+04
 6.0774512E+00  7.0575523E+04
 6.0791320E+00  7.0780554E+04
 6.0808129E+00  7.0780554E+04
 6.0824938E+00  7.0986467E+04
 6.0841746E+00  7.1193525E+04
 6.0858555E+00  7.1401735E+04
 6.0875364E+00  7.1611108E+04
 6.0892172E+00  7.1611108E+04
 6.0908981E+00  7.1821390E+04
 6.0925790E+00  7.2032620E+04
 6.0942599E+00  7.2245036E+04
 6.0959407E+00  7.2245036E+04
 6.0976216E+00  7.2458648E+04
 6.0993025E+00  7.2673197E+04
 6.1009833E+00  7.2888958E+04
 6.1026642E+00  7.2888958E+04
 6.1043451E+00  7.3105704E+04
 6.1060259E+00  7.3323680E+04
 6.1077068E+00  7.3542622E+04
 6.1093877E+00  7.3542622E+04
 6.1110685E+00  7.3762812E+04
 6.1127494E+00  7.3984261E+04
 6.1144303E+00  7.4206733E+04
 6.1161112E+00  7.4430199E+04
 6.1177920E+00  7.4430199E+04
 6.1194729E+00  7.4654950E+04
 6.1211538E+00  7.4880998E+04
 6.1228346E+00  7.5108352E+04
 6.1245155E+00  7.5108352E+04
 6.1261964E+00  7.5336770E+04
 6.1278772E+00  7.5566222E+04
 6.1295581E+00  7.5797009E+04
 6.1312390E+00  7.5797009E+04
 6.1329198E+00  7.6029142E+04
 6.1346007E+00  7.6262633E+04
 6.1362816E+00  7.6497191E+04
 6.1379625E+00  7.6497191E+04
 6.1396433E+00  7.6732862E+04
 6.1413242E+00  7.6969921E+04
 6.1430051E+00  7.7208378E+04
 6.1446859E+00  7.7447936E+04
 6.1463668E+00  7.7447936E+04
 6.1480477E+00  7.7688914E+04
 6.1497285E+00  7.7931051E+04
 6.1514094E+00  7.8174628E+04
 6.1530903E+00  7.8174628E+04
 6.1547712E+00  7.8419343E+04
 6.1564520E+00  7.8665520E+04
 6.1581329E+00  7.8913172E+04
 6.1598138E+00  7.8913172E+04
 6.1614946E+00  7.9162313E+04
 6.1631755E+00  7.9412627E+04
 6.1648564E+00  7.9664168E+04
 6.1665372E+00  7.9917229E+04
 6.1682181E+00  7.9917229E+04
 6.1698990E+00  8.0171824E+04
 6.1715798E+00  8.0427633E+04
 6.1732607E+00  8.0684999E+04
 6.1749416E+00  8.0684999E+04
 6.1766225E+00  8.0943641E+04
 6.1783033E+00  8.1203866E+04
 6.1799842E+00  8.1465688E+04
 6.1816651E+00  8.1728773E+04
 6.1833459E+00  8.1728773E+04
 6.1850268E+00  8.1993480E+04
 6.1867077E+00  8.2259517E+04
 6.1883885E+00  8.2527202E+04
 6.1900694E+00  8.2527202E+04
 6.1917503E+00  8.2796193E+04
 6.1934311E+00  8.3066857E+04
 6.1951120E+00  8.3339210E+04
 6.1967929E+00  8.3339210E+04
 6.1984738E+00  8.3612949E+04
 6.2001546E+00  8.3888037E+04
 6.2018355E+00  8.4164854E+04
 6.2035164E+00  8.4443412E+04
 6.2051972E+00  8.4443412E+04
 6.2068781E+00  8.4723730E+04
 6.2085590E+00  8.5005444E+04
 6.2102398E+00  8.5288616E+04
 6.2119207E+00  8.5288616E+04
 6.2136016E+00  8.5573587E+04
 6.2152825E+00  8.5860375E+04
 6.2169633E+00  8.6148995E+04
 6.2186442E+00  8.6439074E+04
 6.2203251E+00  8.6439074E+04
 6.2220059E+00  8.6730674E+04
 6.2236868E+00  8.7024151E+04
 6.2253677E+00  8.7319522E+04
 6.2270485E+00  8.7319522E+04
 6.2287294E+00  8.7616401E+04
 6.2304103E+00  8.7915205E+04
 6.2320911E+00  8.8215598E+04
 6.2337720E+00  8.8517948E+04
 6.2354529E+00  8.8517948E+04
 6.2371338E+00  8.8821859E+04
 6.2388146E+00  8.9127760E+04
 6.2404955E+00  8.9435668E+04
 6.2421764E+00  8.9435668E+04
 6.2438572E+00  8.9745237E+04
 6.2455381E+00  9.0056421E+04
 6.2472190E+00  9.0369664E+04
 6.2488998E+00  9.0684982E+04
 6.2505807E+00  9.0684982E+04
 6.2522616E+00  9.1002396E+04
 6.2539424E+00  9.1321547E+04
 6.2556233E+00  9.1642388E+04
 6.2573042E+00  9.1642388E+04
 6.2589851E+00  9.1965377E+04
 6.2606659E+00  9.2290534E+04
 6.2623468E+00  9.2617881E+04
 6.2640277E+00  9.2946981E+04
 6.2657085E+00  9.2946981E+04
 6.2673894E+00  9.3278309E+04
 6.2690703E+00  9.3611484E+04
 6.2707511E+00  9.3946926E+04
 6.2724320E+00  9.3946926E+04
 6.2741129E+00  9.4284185E+04
 6.2757938E+00  9.4623749E+04
 6.2774746E+00  9.4965641E+04
 6.2791555E+00  9.5309467E+04
 6.2808364E+00  9.5309467E+04
 6.2825172E+00  9.5655178E+04
 6.2841981E+00  9.6003276E+04
 6.2858790E+00  9.6353784E+04
 6.2875598E+00  9.6706726E+04
 6.2892407E+00  9.6706726E+04
 6.2909216E+00  9.7061695E+04
 6.2926024E+00  9.7418638E+04
 6.2942833E+00  9.7778080E+04
 6.2959642E+00  9.7778080E+04
 6.2976451E+00  9.8140043E+04
 6.2993259E+00  9.8504553E+04
 6.3010068E+00  9.8871115E+04
 6.3026877E+00  9.9239820E+04
 6.3043685E+00  9.9239820E+04
 6.3060494E+00  9.9611139E+04
 6.3077303E+00  9.9985099E+04
 6.3094111E+00  1.0036119E+05
 6.3110920E+00  1.0073997E+05
 6.3127729E+00  1.0073997E+05
 6.3144537E+00  1.0112099E+05
 6.3161346E+00  1.0150476E+05
 6.3178155E+00  1.0189129E+05
 6.3194964E+00  1.0189129E+05
 6.3211772E+00  1.0228005E+05
 6.3228581E+00  1.0267163E+05
 6.3245390E+00  1.0306557E+05
 6.3262198E+00  1.0346239E+05
 6.3279007E+00  1.0346239E+05
 6.3295816E+00  1.0386152E+05
 6.3312624E+00  1.0426358E+05
 6.3329433E+00  1.0466859E+05
 6.3346242E+00  1.0507659E+05
 6.3363051E+00  1.0507659E+05
 6.3379859E+00  1.0548709E+05
 6.3396668E+00  1.0590003E+05
 6.3413477E+00  1.0631604E+05
 6.3430285E+00  1.0673515E+05
 6.3447094E+00  1.0673515E+05
 6.3463903E+00  1.0715739E+05
 6.3480711E+00  1.0758217E+05
 6.3497520E+00  1.0800961E+05
 6.3514329E+00  1.0844027E+05
 6.3531137E+00  1.0844027E+05
 6.3547946E+00  1.0887418E+05
 6.3564755E+00  1.0931074E+05
 6.3581564E+00  1.0975061E+05
 6.3598372E+00  1.0975061E+05
 6.3615181E+00  1.1019328E+05
 6.3631990E+00  1.1063933E+05
 6.3648798E+00  1.1108880E+05
 6.3665607E+00  1.1154105E+05
 6.3682416E+00  1.1154105E+05
 6.3699224E+00  1.1199679E+05
 6.3716033E+00  1.1245547E+05
 6.3732842E+00  1.1291771E+05
 6.3749651E+00  1.1338284E+05
 6.3766459E+00  1.1338284E+05
 6.3783268E+00  1.1385160E+05
 6.3800077E+00  1.1432403E+05
 6.3816885E+00  1.1480016E+05
 6.3833694E+00  1.1527943E+05
 6.3850503E+00  1.1527943E+05
 6.3867311E+00  1.1576175E+05
 6.3884120E+00  1.1624789E+05
 6.3900929E+00  1.1673788E+05
 6.3917737E+00  1.1723178E+05
 6.3934546E+00  1.1723178E+05
 6.3951355E+00  1.1772887E+05
 6.3968164E+00  1.1822929E+05
 6.3984972E+00  1.1873374E+05
 6.4001781E+00  1.1924224E+05
 6.4018590E+00  1.1924224E+05
 6.4035398E+00  1.1975486E+05
 6.4052207E+00  1.2027084E+05
 6.4069016E+00  1.2079035E+05
 6.4085824E+00  1.2131409E+05
 6.4102633E+00  1.2131409E+05
 6.4119442E+00  1.2184212E+05
 6.4136250E+00  1.2237366E+05
 6.4153059E+00  1.2290957E+05
 6.4169868E+00  1.2344920E+05
 6.4186677E+00  1.2344920E+05
 6.4203485E+00  1.2399330E+05
 6.4220294E+00  1.2454191E+05
 6.4237103E+00  1.2509424E+05
 6.4253911E+00  1.2565119E+05
 6.4270720E+00  1.2565119E+05
 6.4287529E+00  1.2621280E+05
 6.4304337E+00  1.2677839E+05
 6.4321146E+00  1.2734787E+05
 6.4337955E+00  1.2792216E+05
 6.4354764E+00  1.2792216E+05
 6.4371572E+00  1.2850132E+05
 6.4388381E+00  1.2908541E+05
 6.4405190E+00  1.2967372E+05
 6.4421998E+00  1.3026613E+05
 6.4438807E+00  1.3026613E+05
 6.4455616E+00  1.3086364E+05
 6.4472424E+00  1.3146629E+05
 6.4489233E+00  1.3207416E+05
 6.4506042E+00  1.3268633E+05
 6.4522850E+00  1.3268633E+05
 6.4539659E+00  1.3330301E+05
 6.4556468E+00  1.3392507E+05
 6.4573277E+00  1.3455258E+05
 6.4590085E+00  1.3518560E+05
 6.4606894E+00  1.3518560E+05
 6.4623703E+00  1.3582319E+05
 6.4640511E+00  1.3646556E+05
 6.4657320E+00  1.3711363E+05
 6.4674129E+00  1.3776747E+05
 6.4690937E+00  1.3776747E+05
 6.4707746E+00  1.3842714E+05
 6.4724555E+00  1.3909166E+05
 6.4741363E+00  1.3976216E+05
 6.4758172E+00  1.4043779E+05
 6.4774981E+00  1.4043779E+05
 6.4791790E+00  1.4111953E+05
 6.4808598E+00  1.4180636E+05
 6.4825407E+00  1.4249944E+05
 6.4842216E+00  1.4249944E+05
 6.4859024E+00  1.4319885E+05
 6.4875833E+00  1.4390372E+05
 6.4892642E+00  1.4461508E+05
 6.4909450E+00  1.4533183E+05
 6.4926259E+00  1.4533183E+05
 6.4943068E+00  1.4605522E+05
 6.4959877E+00  1.4678533E+05
 6.4976685E+00  1.4752125E+05
 6.4993494E+00  1.4826405E+05
 6.5010303E+00  1.4826405E+05
 6.5027111E+00  1.4901260E+05
 6.5043920E+00  1.4976820E+05
 6.5060729E+00  1.5053094E+05
 6.5077537E+00  1.5130091E+05
 6.5094346E+00  1.5130091E+05
 6.5111155E+00  1.5207693E+05
 6.5127963E+00  1.5285928E+05
 6.5144772E+00  1.5364914E+05
 6.5161581E+00  1.5364914E+05
 6.5178390E+00  1.5444658E+05
 6.5195198E+00  1.5525172E+05
 6.5212007E+00  1.5606330E+05
 6.5228816E+00  1.5688164E+05
 6.5245624E+00  1.5688164E+05
 6.5262433E+00  1.5770796E+05
 6.5279242E+00  1.5854236E+05
 6.5296050E+00  1.5938496E+05
 6.5312859E+00  1.5938496E+05
 6.5329668E+00  1.6023442E+05
 6.5346476E+00  1.6109230E+05
 6.5363285E+00  1.6195748E+05
 6.5380094E+00  1.6195748E+05
 6.5396903E+00  1.6283128E+05
 6.5413711E+00  1.6371381E+05
 6.5430520E+00  1.6460368E+05
 6.5447329E+00  1.6460368E+05
 6.5464137E+00  1.6550253E+05
 6.5480946E+00  1.6640917E+05
 6.5497755E+00  1.6732501E+05
 6.5514563E+00  1.6732501E+05
 6.5531372E+00  1.6825017E+05
 6.5548181E+00  1.6918318E+05
 6.5564990E+00  1.7012576E+05
 6.5581798E+00  1.7012576E+05
 6.5598607E+00  1.7107669E+05
 6.5615416E+00  1.7203744E+05
 6.5632224E+00  1.7203744E+05
 6.5649033E+00  1.7300646E+05
 6.5665842E+00  1.7398556E+05
 6.5682650E+00  1.7398556E+05
 6.5699459E+00  1.7497488E+05
 6.5716268E+00  1.7597456E+05
 6.5733076E+00  1.7597456E+05
 6.5749885E+00  1.7698332E+05
 6.5766694E+00  1.7800094E+05
 6.5783503E+00  1.7800094E+05
 6.5800311E+00  1.7902936E+05
 6.5817120E+00  1.8006870E+05
 6.5833929E+00  1.8006870E+05
 6.5850737E+00  1.8111913E+05
 6.5867546E+00  1.8217929E+05
 6.5884355E+00  1.8217929E+05
 6.5901163E+00  1.8324896E+05
 6.5917972E+00  1.8324896E+05
 6.5934781E+00  1.8433019E+05
 6.5951590E+00  1.8433019E+05
 6.5968398E+00  1.8542311E+05
 6.5985207E+00  1.8652792E+05
 6.6002016E+00  1.8652792E+05
 6.6018824E+00  1.8764480E+05
 6.6035633E+00  1.8764480E+05
 6.6052442E+00  1.8877190E+05
 6.6069250E+00  1.8877190E+05
 6.6086059E+00  1.8877190E+05
 6.6102868E+00  1.8990976E+05
 6.6119676E+00  1.8990976E+05
 6.6136485E+00  1.9106019E+05
 6.6153294E+00  1.9106019E+05
 6.6170103E+00  1.9106019E+05
 6.6186911E+00  1.9222335E+05
 6.6203720E+00  1.9222335E+05
 6.6220529E+00  1.9222335E+05
 6.6237337E+00  1.9339946E+05
 6.6254146E+00  1.9339946E+05
 6.6270955E+00  1.9339946E+05
 6.6287763E+00  1.9339946E+05
 6.6304572E+00  1.9458656E+05
 6.6321381E+00  1.9458656E+05
 6.6338189E+00  1.9458656E+05
 6.6354998E+00  1.9458656E+05
 6.6371807E+00  1.9458656E+05
 6.6388616E+00  1.9458656E+05
 6.6405424E+00  1.9458656E+05
 6.6422233E+00  1.9458656E+05
 6.6439042E+00  1.9458656E+05
 6.6455850E+00  1.9458656E+05
 6.6472659E+00  1.9458656E+05
 6.6489468E+00  1.9458656E+05
 6.6506276E+00  1.9458656E+05
 6.6523085E+00  1.9339946E+05
 6.6539894E+00  1.9339946E+05
 6.6556703E+00  1.9339946E+05
 6.6573511E+00  1.9222335E+05
 6.6590320E+00  1.9222335E+05
 6.6607129E+00  1.9106019E+05
 6.6623937E+00  1.9106019E+05
 6.6640746E+00  1.8990976E+05
 6.6657555E+00  1.8877190E+05
 6.6674363E+00  1.8764480E+05
 6.6691172E+00  1.8764480E+05
 6.6707981E+00  1.8764480E+05
 6.6724789E+00  1.8764480E+05
 6.6741598E+00  1.8764480E+05
 6.6758407E+00  1.8764480E+05
 6.6775216E+00  1.8764480E+05
 6.6792024E+00  1.8764480E+05
 6.6808833E+00  1.8764480E+05
 6.6825642E+00  1.8764480E+05
 6.6842450E+00  1.8764480E+05
 6.6859259E+00  1.8764480E+05
 6.6876068E+00  1.8764480E+05
 6.6892876E+00  1.8764480E+05
 6.6909685E+00  1.8764480E+05
 6.6926494E+00  1.8764480E+05
 6.6943302E+00  1.8764480E+05
 6.6960111E+00  1.8764480E+05
 6.6976920E+00  1.8764480E+05
 6.6993729E+00  1.8764480E+05
 6.7010537E+00  1.8764480E+05
 6.7027346E+00  1.8764480E+05
 6.7044155E+00  1.8764480E+05
 6.7060963E+00  1.8764480E+05
 6.7077772E+00  1.8764480E+05
 6.7094581E+00  1.8764480E+05
 6.7111389E+00  1.8764480E+05
 6.7128198E+00  1.8764480E+05
 6.7145007E+00  1.8764480E+05
 6.7161816E+00  1.8764480E+05
 6.7178624E+00  1.8764480E+05
 6.7195433E+00  1.8764480E+05
 6.7212242E+00  1.8764480E+05
 6.7229050E+00  1.8764480E+05
 6.7245859E+00  1.8764480E+05
 6.7262668E+00  1.8764480E+05
 6.7279476E+00  1.8764480E+05
 6.7296285E+00  1.8764480E+05
 6.7313094E+00  1.8764480E+05
 6.7329902E+00  1.8764480E+05
 6.7346711E+00  1.8764480E+05
 6.7363520E+00  1.8764480E+05
 6.7380329E+00  1.8764480E+05
 6.7397137E+00  1.8764480E+05
 6.7413946E+00  1.8764480E+05
 6.7430755E+00  1.8764480E+05
 6.7447563E+00  1.8764480E+05
 6.7464372E+00  1.8764480E+05
 6.7481181E+00  1.8764480E+05
 6.7497989E+00  1.8764480E+05
 6.7514798E+00  1.8764480E+05
 6.7531607E+00  1.8764480E+05
 6.7548415E+00  1.8764480E+05
 6.7565224E+00  1.8764480E+05
 6.7582033E+00  1.8764480E+05
 6.7598842E+00  1.8764480E+05
 6.7615650E+00  1.8764480E+05
 6.7632459E+00  1.8764480E+05
 6.7649268E+00  1.8764480E+05
 6.7666076E+00  1.8764480E+05
 6.7682885E+00  1.8764480E+05
 6.7699694E+00  1.8764480E+05
 6.7716502E+00  1.8764480E+05
 6.7733311E+00  1.8764480E+05
 6.7750120E+00  1.8764480E+05
 6.7766929E+00  1.8764480E+05
 6.7783737E+00  1.8764480E+05
 6.7800546E+00  1.8764480E+05
 6.7817355E+00  1.8764480E+05
 6.7834163E+00  1.8764480E+05
 6.7850972E+00  1.8764480E+05
 6.7867781E+00  1.8764480E+05
 6.7884589E+00  1.8764480E+05
 6.7901398E+00  1.8764480E+05
 6.7918207E+00  1.8764480E+05
 6.7935015E+00  1.8764480E+05
 6.7951824E+00  1.8764480E+05
 6.7968633E+00  1.8764480E+05
 6.7985442E+00  1.8764480E+05
 6.8002250E+00  1.8764480E+05
 6.8019059E+00  1.8764480E+05
 6.8035868E+00  1.8764480E+05
 6.8052676E+00  1.8764480E+05
 6.8069485E+00  1.8764480E+05
 6.8086294E+00  1.8764480E+05
 6.8103102E+00  1.8764480E+05
 6.8119911E+00  1.8764480E+05
 6.8136720E+00  1.8764480E+05
 6.8153528E+00  1.8764480E+05
 6.8170337E+00  1.8764480E+05
 6.8187146E+00  1.8764480E+05
 6.8203955E+00  1.8764480E+05
 6.8220763E+00  1.8764480E+05
 6.8237572E+00  1.8764480E+05
 6.8254381E+00  1.8764480E+05
 6.8271189E+00  1.8764480E+05
 6.8287998E+00  1.8764480E+05
 6.8304807E+00  1.8764480E+05
 6.8321615E+00  1.8764480E+05
 6.8338424E+00  1.8764480E+05
 6.8355233E+00  1.8764480E+05
 6.8372042E+00  1.8764480E+05
 6.8388850E+00  1.8764480E+05
 6.8405659E+00  1.8764480E+05
 6.8422468E+00  1.8764480E+05
 6.8439276E+00  1.8764480E+05
 6.8456085E+00  1.8764480E+05
 6.8472894E+00  1.8764480E+05
 6.8489702E+00  1.8764480E+05
 6.8506511E+00  1.8764480E+05
 6.8523320E+00  1.8764480E+05
 6.8540128E+00  1.8764480E+05
 6.8556937E+00  1.8764480E+05
 6.8573746E+00  1.8764480E+05
 6.8590555E+00  1.8764480E+05
 6.8607363E+00  1.8764480E+05
 6.8624172E+00  1.8764480E+05
 6.8640981E+00  1.8764480E+05
 6.8657789E+00  1.8764480E+05
 6.8674598E+00  1.8764480E+05
 6.8691407E+00  1.8764480E+05
 6.8708215E+00  1.8764480E+05
 6.8725024E+00  1.8764480E+05
 6.8741833E+00  1.8764480E+05
 6.8758642E+00  1.8764480E+05
 6.8775450E+00  1.8764480E+05
 6.8792259E+00  1.8764480E+05
 6.8809068E+00  1.8764480E+05
 6.8825876E+00  1.8764480E+05
 6.8842685E+00  1.8764480E+05
 6.8859494E+00  1.8764480E+05
 6.8876302E+00  1.8764480E+05
 6.8893111E+00  1.8764480E+05
 6.8909920E+00  1.8764480E+05
 6.8926728E+00  1.8764480E+05
 6.8943537E+00  1.8764480E+05
 6.8960346E+00  1.8764480E+05
 6.8977155E+00  1.8764480E+05
 6.8993963E+00  1.8764480E+05
 6.9010772E+00  1.8764480E+05
 6.9027581E+00  1.8764480E+05
 6.9044389E+00  1.8764480E+05
 6.9061198E+00  1.8764480E+05
 6.9078007E+00  1.8764480E+05
 6.9094815E+00  1.8764480E+05
 6.9111624E+00  1.8764480E+05
 6.9128433E+00  1.8764480E+05
 6.9145241E+00  1.8764480E+05
 6.9162050E+00  1.8764480E+05
 6.9178859E+00  1.8764480E+05
 6.9195668E+00  1.8764480E+05
 6.9212476E+00  1.8764480E+05
 6.9229285E+00  1.8764480E+05
 6.9246094E+00  1.8764480E+05
 6.9262902E+00  1.8764480E+05
 6.9279711E+00  1.8764480E+05
 6.9296520E+00  1.8764480E+05
 6.9313328E+00  1.8764480E+05
 6.9330137E+00  1.8764480E+05
 6.9346946E+00  1.8764480E+05
 6.9363755E+00  1.8764480E+05
 6.9380563E+00  1.8764480E+05
 6.9397372E+00  1.8764480E+05
 6.9414181E+00  1.8764480E+05
 6.9430989E+00  1.8764480E+05
 6.9447798E+00  1.8764480E+05
 6.9464607E+00  1.8764480E+05
 6.9481415E+00  1.8764480E+05
 6.9498224E+00  1.8764480E+05
 6.9515033E+00  1.8764480E+05
 6.9531841E+00  1.8764480E+05
 6.9548650E+00  1.8764480E+05
 6.9565459E+00  1.8764480E+05
 6.9582268E+00  1.8764480E+05
 6.9599076E+00  1.8764480E+05
 6.9615885E+00  1.8764480E+05
 6.9632694E+00  1.8764480E+05
 6.9649502E+00  1.8764480E+05
 6.9666311E+00  1.8764480E+05
 6.9683120E+00  1.8764480E+05
 6.9699928E+00  1.8764480E+05
 6.9716737E+00  1.8764480E+05
 6.9733546E+00  1.8764480E+05
 6.9750354E+00  1.8764480E+05
 6.9767163E+00  1.8764480E+05
 6.9783972E+00  1.8764480E+05
 6.9800781E+00  1.8764480E+05
 6.9817589E+00  1.8764480E+05
 6.9834398E+00  1.8764480E+05
 6.9851207E+00  1.8764480E+05
 6.9868015E+00  1.8764480E+05
 6.9884824E+00  1.8764480E+05
 6.9901633E+00  1.8764480E+05
 6.9918441E+00  1.8764480E+05
 6.9935250E+00  1.8764480E+05
 6.9952059E+00  1.8764480E+05
 6.9968868E+00  1.8764480E+05
 6.9985676E+00  1.8764480E+05
 7.0002485E+00  1.8764480E+05
 7.0019294E+00  1.8764480E+05
 7.0036102E+00  1.8764480E+05
 7.0052911E+00  1.8764480E+05
 7.0069720E+00  1.8764480E+05
 7.0086528E+00  1.8764480E+05
 7.0103337E+00  1.8764480E+05
 7.0120146E+00  1.8764480E+05
 7.0136954E+00  1.8764480E+05
 7.0153763E+00  1.8764480E+05
 7.0170572E+00  1.8764480E+05
 7.0187381E+00  1.8764480E+05
 7.0204189E+00  1.8764480E+05
 7.0220998E+00  1.8764480E+05
 7.0237807E+00  1.8764480E+05
 7.0254615E+00  1.8764480E+05
 7.0271424E+00  1.8764480E+05
 7.0271424E+00  4.2588437E+05
 7.0274786E+00  4.2588437E+05
 7.0278147E+00  4.2583417E+05
 7.0281509E+00  4.2578398E+05
 7.0284871E+00  4.2573380E+05
 7.0288233E+00  4.2568362E+05
 7.0291594E+00  4.2563345E+05
 7.0294956E+00  4.2558328E+05
 7.0298318E+00  4.2553312E+05
 7.0301680E+00  4.2548297E+05
 7.0305041E+00  4.2543282E+05
 7.0308403E+00  4.2538268E+05
 7.0311765E+00  4.2533255E+05
 7.0315127E+00  4.2528242E+05
 7.0318488E+00  4.2523230E+05
 7.0321850E+00  4.2518219E+05
 7.0325212E+00  4.2513208E+05
 7.0328574E+00  4.2508198E+05
 7.0331935E+00  4.2503188E+05
 7.0335297E+00  4.2498179E+05
 7.0338659E+00  4.2493171E+05
 7.0342021E+00  4.2488164E+05
 7.0345382E+00  4.2483157E+05
 7.0348744E+00  4.2478150E+05
 7.0352106E+00  4.2473145E+05
 7.0355467E+00  4.2468140E+05
 7.0358829E+00  4.2463135E+05
 7.0362191E+00  4.2458131E+05
 7.0365553E+00  4.2453128E+05
 7.0368914E+00  4.2448126E+05
 7.0372276E+00  4.2443124E+05
 7.0375638E+00  4.2438123E+05
 7.0379000E+00  4.2433122E+05
 7.0382361E+00  4.2428122E+05
 7.0385723E+00  4.2423123E+05
 7.0389085E+00  4.2418124E+05
 7.0392447E+00  4.2413126E+05
 7.0395808E+00  4.2408129E+05
 7.0399170E+00  4.2403132E+05
 7.0402532E+00  4.2398136E+05
 7.0405894E+00  4.2393141E+05
 7.0409255E+00  4.2388146E+05
 7.0412617E+00  4.2383152E+05
 7.0415979E+00  4.2378158E+05
 7.0419341E+00  4.2373165E+05
 7.0422702E+00  4.2368173E+05
 7.0426064E+00  4.2363182E+05
 7.0429426E+00  4.2358191E+05
 7.0432787E+00  4.2353200E+05
 7.0436149E+00  4.2348211E+05
 7.0439511E+00  4.2343222E+05
 7.0442873E+00  4.2338233E+05
 7.0446234E+00  4.2333246E+05
 7.0449596E+00  4.2328259E+05
 7.0452958E+00  4.2323272E+05
 7.0456320E+00  4.2318287E+05
 7.0459681E+00  4.2313302E+05
 7.0463043E+00  4.2308317E+05
 7.0466405E+00  4.2303333E+05
 7.0469767E+00  4.2298350E+05
 7.0473128E+00  4.2293368E+05
 7.0476490E+00  4.2288386E+05
 7.0479852E+00  4.2283405E+05
 7.0483214E+00  4.2278424E+05
 7.0486575E+00  4.2273444E+05
 7.0489937E+00  4.2268465E+05
 7.0493299E+00  4.2263486E+05
 7.0496661E+00  4.2258508E+05
 7.0500022E+00  4.2253531E+05
 7.0503384E+00  4.2248554E+05
 7.0506746E+00  4.2243578E+05
 7.0510107E+00  4.2238603E+05
 7.0513469E+00  4.2233628E+05
 7.0516831E+00  4.2228654E+05
 7.0520193E+00  4.2223681E+05
 7.0523554E+00  4.2218708E+05
 7.0526916E+00  4.2213736E+05
 7.0530278E+00  4.2208765E+05
 7.0533640E+00  4.2203794E+05
 7.0537001E+00  4.2198824E+05
 7.0540363E+00  4.2193854E+05
 7.0543725E+00  4.2188885E+05
 7.0547087E+00  4.2183917E+05
 7.0550448E+00  4.2178950E+05
 7.0553810E+00  4.2173983E+05
 7.0557172E+00  4.2169017E+05
 7.0560534E+00  4.2164051E+05
 7.0563895E+00  4.2159086E+05
 7.0567257E+00  4.2154122E+05
 7.0570619E+00  4.2149158E+05
 7.0573981E+00  4.2144195E+05
 7.0577342E+00  4.2139233E+05
 7.0580704E+00  4.2134271E+05
 7.0584066E+00  4.2129310E+05
 7.0587427E+00  4.2124350E+05
 7.0590789E+00  4.2119390E+05
 7.0594151E+00  4.2114431E+05
 7.0597513E+00  4.2109473E+05
 7.0600874E+00  4.2104515E+05
 7.0604236E+00  4.2099558E+05
 7.0607598E+00  4.2094602E+05
 7.0610960E+00  4.2089646E+05
 7.0614321E+00  4.2084691E+05
 7.0617683E+00  4.2079737E+05
 7.0621045E+00  4.2074783E+05
 7.0624407E+00  4.2069830E+05
 7.0627768E+00  4.2064878E+05
 7.0631130E+00  4.2059926E+05
 7.0634492E+00  4.2054975E+05
 7.0637854E+00  4.2050024E+05
 7.0641215E+00  4.2045075E+05
 7.0644577E+00  4.2040126E+05
 7.0647939E+00  4.2035177E+05
 7.0651301E+00  4.2030229E+05
 7.0654662E+00  4.2025282E+05
 7.0658024E+00  4.2020336E+05
 7.0661386E+00  4.2015390E+05
 7.0664747E+00  4.2010445E+05
 7.0668109E+00  4.2005500E+05
 7.0671471E+00  4.2000556E+05
 7.0674833E+00  4.1995613E+05
 7.0678194E+00  4.1990671E+05
 7.0681556E+00  4.1985729E+05
 7.0684918E+00  4.1980788E+05
 7.0688280E+00  4.1975847E+05
 7.0691641E+00  4.1970907E+05
 7.0695003E+00  4.1965968E+05
 7.0698365E+00  4.1961030E+05
 7.0701727E+00  4.1956092E+05
 7.0705088E+00  4.1951154E+05
 7.0708450E+00  4.1946218E+05
 7.0711812E+00  4.1941282E+05
 7.0715174E+00  4.1936347E+05
 7.0718535E+00  4.1931412E+05
 7.0721897E+00  4.1926478E+05
 7.0725259E+00  4.1921545E+05
 7.0728621E+00  4.1916613E+05
 7.0731982E+00  4.1911681E+05
 7.0735344E+00  4.1906749E+05
 7.0738706E+00  4.1901819E+05
 7.0742067E+00  4.1896889E+05
 7.0745429E+00  4.1891960E+05
 7.0748791E+00  4.1887031E+05
 7.0752153E+00  4.1882103E+05
 7.0755514E+00  4.1877176E+05
 7.0758876E+00  4.1872250E+05
 7.0762238E+00  4.1867324E+05
 7.0765600E+00  4.1862398E+05
 7.0768961E+00  4.1857474E+05
 7.0772323E+00  4.1852550E+05
 7.0775685E+00  4.1847627E+05
 7.0779047E+00  4.1842704E+05
 7.0782408E+00  4.1837782E+05
 7.0785770E+00  4.1832861E+05
 7.0789132E+00  4.1827941E+05
 7.0792494E+00  4.1823021E+05
 7.0795855E+00  4.1818101E+05
 7.0799217E+00  4.1813183E+05
 7.0802579E+00  4.1808265E+05
 7.0805941E+00  4.1803348E+05
 7.0809302E+00  4.1798431E+05
 7.0812664E+00  4.1793515E+05
 7.0816026E+00  4.1788600E+05
 7.0819387E+00  4.1783686E+05
 7.0822749E+00  4.1778772E+05
 7.0826111E+00  4.1773859E+05
 7.0829473E+00  4.1768946E+05
 7.0832834E+00  4.1764034E+05
 7.0836196E+00  4.1759123E+05
 7.0839558E+00  4.1754212E+05
 7.0842920E+00  4.1749303E+05
 7.0846281E+00  4.1744393E+05
 7.0849643E+00  4.1739485E+05
 7.0853005E+00  4.1734577E+05
 7.0856367E+00  4.1729670E+05
 7.0859728E+00  4.1724763E+05
 7.0863090E+00  4.1719858E+05
 7.0866452E+00  4.1714952E+05
 7.0869814E+00  4.1710048E+05
 7.0873175E+00  4.1705144E+05
 7.0876537E+00  4.1700241E+05
 7.0879899E+00  4.1695339E+05
 7.0883261E+00  4.1690437E+05
 7.0886622E+00  4.1685536E+05
 7.0889984E+00  4.1680635E+05
 7.0893346E+00  4.1675735E+05
 7.0896707E+00  4.1670836E+05
 7.0900069E+00  4.1665938E+05
 7.0903431E+00  4.1661040E+05
 7.0906793E+00  4.1656143E+05
 7.0910154E+00  4.1651247E+05
 7.0913516E+00  4.1646351E+05
 7.0916878E+00  4.1641456E+05
 7.0920240E+00  4.1636562E+05
 7.0923601E+00  4.1631668E+05
 7.0926963E+00  4.1626775E+05
 7.0930325E+00  4.1621883E+05
 7.0933687E+00  4.1616991E+05
 7.0937048E+00  4.1612100E+05
 7.0940410E+00  4.1607210E+05
 7.0943772E+00  4.1602320E+05
 7.0947134E+00  4.1597431E+05
 7.0950495E+00  4.1592543E+05
 7.0953857E+00  4.1587655E+05
 7.0957219E+00  4.1582768E+05
 7.0960580E+00  4.1577882E+05
 7.0963942E+00  4.1572996E+05
 7.0967304E+00  4.1568111E+05
 7.0970666E+00  4.1563227E+05
 7.0974027E+00  4.1558343E+05
 7.0977389E+00  4.1553461E+05
 7.0980751E+00  4.1548578E+05
 7.0984113E+00  4.1543697E+05
 7.0987474E+00  4.1538816E+05
 7.0990836E+00  4.1533936E+05
 7.0994198E+00  4.1529056E+05
 7.0997560E+00  4.1524177E+05
 7.1000921E+00  4.1519299E+05
 7.1004283E+00  4.1514422E+05
 7.1007645E+00  4.1509545E+05
 7.1011007E+00  4.1504669E+05
 7.1014368E+00  4.1499793E+05
 7.1017730E+00  4.1494919E+05
 7.1021092E+00  4.1490045E+05
 7.1024454E+00  4.1485171E+05
 7.1027815E+00  4.1480298E+05
 7.1031177E+00  4.1475426E+05
 7.1034539E+00  4.1470555E+05
 7.1037900E+00  4.1465684E+05
 7.1041262E+00  4.1460814E+05
 7.1044624E+00  4.1455945E+05
 7.1047986E+00  4.1451076E+05
 7.1051347E+00  4.1446208E+05
 7.1054709E+00  4.1441341E+05
 7.1058071E+00  4.1436475E+05
 7.1061433E+00  4.1431609E+05
 7.1064794E+00  4.1426743E+05
 7.1068156E+00  4.1421879E+05
 7.1071518E+00  4.1417015E+05
 7.1074880E+00  4.1412152E+05
 7.1078241E+00  4.1407289E+05
 7.1081603E+00  4.1402427E+05
 7.1084965E+00  4.1397566E+05
 7.1088327E+00  4.1392706E+05
 7.1091688E+00  4.1387846E+05
 7.1095050E+00  4.1382987E+05
 7.1098412E+00  4.1378128E+05
 7.1101774E+00  4.1373271E+05
 7.1105135E+00  4.1368413E+05
 7.1108497E+00  4.1363557E+05
 7.1111859E+00  4.1358701E+05
 7.1115220E+00  4.1353846E+05
 7.1118582E+00  4.1348992E+05
 7.1121944E+00  4.1344138E+05
 7.1125306E+00  4.1339285E+05
 7.1128667E+00  4.1334433E+05
 7.1132029E+00  4.1329581E+05
 7.1135391E+00  4.1324730E+05
 7.1138753E+00  4.1319880E+05
 7.1142114E+00  4.1315031E+05
 7.1145476E+00  4.1310182E+05
 7.1148838E+00  4.1305333E+05
 7.1152200E+00  4.1300486E+05
 7.1155561E+00  4.1295639E+05
 7.1158923E+00  4.1290793E+05
 7.1162285E+00  4.1285947E+05
 7.1165647E+00  4.1281103E+05
 7.1169008E+00  4.1276259E+05
 7.1172370E+00  4.1271415E+05
 7.1175732E+00  4.1266572E+05
 7.1179094E+00  4.1261730E+05
 7.1182455E+00  4.1256889E+05
 7.1185817E+00  4.1252048E+05
 7.1189179E+00  4.1247208E+05
 7.1192540E+00  4.1242369E+05
 7.1195902E+00  4.1237530E+05
 7.1199264E+00  4.1232692E+05
 7.1202626E+00  4.1227855E+05
 7.1205987E+00  4.1223018E+05
 7.1209349E+00  4.1218183E+05
 7.1212711E+00  4.1213347E+05
 7.1216073E+00  4.1208513E+05
 7.1219434E+00  4.1203679E+05
 7.1222796E+00  4.1198846E+05
 7.1226158E+00  4.1194013E+05
 7.1229520E+00  4.1189181E+05
 7.1232881E+00  4.1184350E+05
 7.1236243E+00  4.1179520E+05
 7.1239605E+00  4.1174690E+05
 7.1242967E+00  4.1169861E+05
 7.1246328E+00  4.1165033E+05
 7.1249690E+00  4.1160205E+05
 7.1253052E+00  4.1155378E+05
 7.1256414E+00  4.1150552E+05
 7.1259775E+00  4.1145726E+05
 7.1263137E+00  4.1140901E+05
 7.1266499E+00  4.1136077E+05
 7.1269860E+00  4.1131253E+05
 7.1273222E+00  4.1126431E+05
 7.1276584E+00  4.1121608E+05
 7.1279946E+00  4.1116787E+05
 7.1283307E+00  4.1111966E+05
 7.1286669E+00  4.1107146E+05
 7.1290031E+00  4.1102327E+05
 7.1293393E+00  4.1097508E+05
 7.1296754E+00  4.1092690E+05
 7.1300116E+00  4.1087872E+05
 7.1303478E+00  4.1083056E+05
 7.1306840E+00  4.1078240E+05
 7.1310201E+00  4.1073424E+05
 7.1313563E+00  4.1068610E+05
 7.1316925E+00  4.1063796E+05
 7.1320287E+00  4.1058982E+05
 7.1323648E+00  4.1054170E+05
 7.1327010E+00  4.1049358E+05
 7.1330372E+00  4.1044547E+05
 7.1333734E+00  4.1039736E+05
 7.1337095E+00  4.1034927E+05
 7.1340457E+00  4.1030117E+05
 7.1343819E+00  4.1025309E+05
 7.1347180E+00  4.1020501E+05
 7.1350542E+00  4.1015694E+05
 7.1353904E+00  4.1010888E+05
 7.1357266E+00  4.1006082E+05
 7.1360627E+00  4.1001277E+05
 7.1363989E+00  4.0996473E+05
 7.1367351E+00  4.0991669E+05
 7.1370713E+00  4.0986866E+05
 7.1374074E+00  4.0982064E+05
 7.1377436E+00  4.0977262E+05
 7.1380798E+00  4.0972462E+05
 7.1384160E+00  4.0967661E+05
 7.1387521E+00  4.0962862E+05
 7.1390883E+00  4.0958063E+05
 7.1394245E+00  4.0953265E+05
 7.1397607E+00  4.0948468E+05
 7.1400968E+00  4.0943671E+05
 7.1404330E+00  4.0938875E+05
 7.1407692E+00  4.0934079E+05
 7.1411054E+00  4.0929285E+05
 7.1414415E+00  4.0924491E+05
 7.1417777E+00  4.0919698E+05
 7.1421139E+00  4.0914905E+05
 7.1424500E+00  4.0910113E+05
 7.1427862E+00  4.0905322E+05
 7.1431224E+00  4.0900531E+05
 7.1434586E+00  4.0895742E+05
 7.1437947E+00  4.0890952E+05
 7.1441309E+00  4.0886164E+05
 7.1444671E+00  4.0881376E+05
 7.1448033E+00  4.0876589E+05
 7.1451394E+00  4.0871803E+05
 7.1454756E+00  4.0867017E+05
 7.1458118E+00  4.0862232E+05
 7.1461480E+00  4.0857448E+05
 7.1464841E+00  4.0852664E+05
 7.1468203E+00  4.0847881E+05
 7.1471565E+00  4.0843099E+05
 7.1474927E+00  4.0838317E+05
 7.1478288E+00  4.0833537E+05
 7.1481650E+00  4.0828756E+05
 7.1485012E+00  4.0823977E+05
 7.1488374E+00  4.0819198E+05
 7.1491735E+00  4.0814420E+05
 7.1495097E+00  4.0809643E+05
 7.1498459E+00  4.0804866E+05
 7.1501820E+00  4.0800090E+05
 7.1505182E+00  4.0795315E+05
 7.1508544E+00  4.0790540E+05
 7.1511906E+00  4.0785766E+05
 7.1515267E+00  4.0780993E+05
 7.1518629E+00  4.0776220E+05
 7.1521991E+00  4.0771448E+05
 7.1525353E+00  4.0766677E+05
 7.1528714E+00  4.0761907E+05
 7.1532076E+00  4.0757137E+05
 7.1535438E+00  4.0752368E+05
 7.1538800E+00  4.0747599E+05
 7.1542161E+00  4.0742832E+05
 7.1545523E+00  4.0738065E+05
 7.1548885E+00  4.0733298E+05
 7.1552247E+00  4.0728533E+05
 7.1555608E+00  4.0723768E+05
 7.1558970E+00  4.0719003E+05
 7.1562332E+00  4.0714240E+05
 7.1565694E+00  4.0709477E+05
 7.1569055E+00  4.0704715E+05
 7.1572417E+00  4.0699953E+05
 7.1575779E+00  4.0695192E+05
 7.1579140E+00  4.0690432E+05
 7.1582502E+00  4.0685673E+05
 7.1585864E+00  4.0680914E+05
 7.1589226E+00  4.0676156E+05
 7.1592587E+00  4.0671399E+05
 7.1595949E+00  4.0666642E+05
 7.1599311E+00  4.0661886E+05
 7.1602673E+00  4.0657131E+05
 7.1606034E+00  4.0652376E+05
 7.1609396E+00  4.0647623E+05
 7.1612758E+00  4.0642869E+05
 7.1616120E+00  4.0638117E+05
 7.1619481E+00  4.0633365E+05
 7.1622843E+00  4.0628614E+05
 7.1626205E+00  4.0623864E+05
 7.1629567E+00  4.0619114E+05
 7.1632928E+00  4.0614365E+05
 7.1636290E+00  4.0609617E+05
 7.1639652E+00  4.0604869E+05
 7.1643013E+00  4.0600122E+05
 7.1646375E+00  4.0595376E+05
 7.1649737E+00  4.0590630E+05
 7.1653099E+00  4.0585885E+05
 7.1656460E+00  4.0581141E+05
 7.1659822E+00  4.0576398E+05
 7.1663184E+00  4.0571655E+05
 7.1666546E+00  4.0566913E+05
 7.1669907E+00  4.0562171E+05
 7.1673269E+00  4.0557431E+05
 7.1676631E+00  4.0552691E+05
 7.1679993E+00  4.0547951E+05
 7.1683354E+00  4.0543213E+05
 7.1686716E+00  4.0538475E+05
 7.1690078E+00  4.0533738E+05
 7.1693440E+00  4.0529001E+05
 7.1696801E+00  4.0524265E+05
 7.1700163E+00  4.0519530E+05
 7.1703525E+00  4.0514796E+05
 7.1706887E+00  4.0510062E+05
 7.1710248E+00  4.0505329E+05
 7.1713610E+00  4.0500596E+05
 7.1716972E+00  4.0495865E+05
 7.1720333E+00  4.0491134E+05
 7.1723695E+00  4.0486403E+05
 7.1727057E+00  4.0481674E+05
 7.1730419E+00  4.0476945E+05
 7.1733780E+00  4.0472217E+05
 7.1737142E+00  4.0467489E+05
 7.1740504E+00  4.0462762E+05
 7.1743866E+00  4.0458036E+05
 7.1747227E+00  4.0453311E+05
 7.1750589E+00  4.0448586E+05
 7.1753951E+00  4.0443862E+05
 7.1757313E+00  4.0439138E+05
 7.1760674E+00  4.0434416E+05
 7.1764036E+00  4.0429694E+05
 7.1767398E+00  4.0424973E+05
 7.1770760E+00  4.0420252E+05
 7.1774121E+00  4.0415532E+05
 7.1777483E+00  4.0410813E+05
 7.1780845E+00  4.0406094E+05
 7.1784207E+00  4.0401377E+05
 7.1787568E+00  4.0396659E+05
 7.1790930E+00  4.0391943E+05
 7.1794292E+00  4.0387227E+05
 7.1797653E+00  4.0382512E+05
 7.1801015E+00  4.0377798E+05
 7.1804377E+00  4.0373084E+05
 7.1807739E+00  4.0368371E+05
 7.1811100E+00  4.0363659E+05
 7.1814462E+00  4.0358948E+05
 7.1817824E+00  4.0354237E+05
 7.1821186E+00  4.0349526E+05
 7.1824547E+00  4.0344817E+05
 7.1827909E+00  4.0340108E+05
 7.1831271E+00  4.0335400E+05
 7.1834633E+00  4.0330693E+05
 7.1837994E+00  4.0325986E+05
 7.1841356E+00  4.0321280E+05
 7.1844718E+00  4.0316575E+05
 7.1848080E+00  4.0311870E+05
 7.1851441E+00  4.0307166E+05
 7.1854803E+00  4.0302463E+05
 7.1858165E+00  4.0297760E+05
 7.1861527E+00  4.0293059E+05
 7.1864888E+00  4.0288357E+05
 7.1868250E+00  4.0283657E+05
 7.1871612E+00  4.0278957E+05
 7.1874973E+00  4.0274258E+05
 7.1878335E+00  4.0269560E+05
 7.1881697E+00  4.0264862E+05
 7.1885059E+00  4.0260165E+05
 7.1888420E+00  4.0255469E+05
 7.1891782E+00  4.0250773E+05
 7.1895144E+00  4.0246078E+05
 7.1898506E+00  4.0241384E+05
 7.1901867E+00  4.0236691E+05
 7.1905229E+00  4.0231998E+05
 7.1908591E+00  4.0227306E+05
 7.1911953E+00  4.0222614E+05
 7.1915314E+00  4.0217924E+05
 7.1918676E+00  4.0213234E+05
 7.1922038E+00  4.0208544E+05
 7.1925400E+00  4.0203856E+05
 7.1928761E+00  4.0199168E+05
 7.1932123E+00  4.0194480E+05
 7.1935485E+00  4.0189794E+05
 7.1938847E+00  4.0185108E+05
 7.1942208E+00  4.0180423E+05
 7.1945570E+00  4.0175738E+05
 7.1948932E+00  4.0171055E+05
 7.1952293E+00  4.0166371E+05
 7.1955655E+00  4.0161689E+05
 7.1959017E+00  4.0157007E+05
 7.1962379E+00  4.0152326E+05
 7.1965740E+00  4.0147646E+05
 7.1969102E+00  4.0142966E+05
 7.1972464E+00  4.0138288E+05
 7.1975826E+00  4.0133609E+05
 7.1979187E+00  4.0128932E+05
 7.1982549E+00  4.0124255E+05
 7.1985911E+00  4.0119579E+05
 7.1989273E+00  4.0114903E+05
 7.1992634E+00  4.0110229E+05
 7.1995996E+00  4.0105555E+05
 7.1999358E+00  4.0100881E+05
 7.2002720E+00  4.0096209E+05
 7.2006081E+00  4.0091537E+05
 7.2009443E+00  4.0086865E+05
 7.2012805E+00  4.0082195E+05
 7.2016167E+00  4.0077525E+05
 7.2019528E+00  4.0072856E+05
 7.2022890E+00  4.0068187E+05
 7.2026252E+00  4.0063519E+05
 7.2029613E+00  4.0058852E+05
 7.2032975E+00  4.0054186E+05
 7.2036337E+00  4.0049520E+05
 7.2039699E+00  4.0044855E+05
 7.2043060E+00  4.0040191E+05
 7.2046422E+00  4.0035527E+05
 7.2049784E+00  4.0030864E+05
 7.2053146E+00  4.0026202E+05
 7.2056507E+00  4.0021540E+05
 7.2059869E+00  4.0016879E+05
 7.2063231E+00  4.0012219E+05
 7.2066593E+00  4.0007560E+05
 7.2069954E+00  4.0002901E+05
 7.2073316E+00  3.9998243E+05
 7.2076678E+00  3.9993586E+05
 7.2080040E+00  3.9988929E+05
 7.2083401E+00  3.9984273E+05
 7.2086763E+00  3.9979618E+05
 7.2090125E+00  3.9974963E+05
 7.2093487E+00  3.9970309E+05
 7.2096848E+00  3.9965656E+05
 7.2100210E+00  3.9961003E+05
 7.2103572E+00  3.9956351E+05
 7.2106933E+00  3.9951700E+05
 7.2110295E+00  3.9947050E+05
 7.2113657E+00  3.9942400E+05
 7.2117019E+00  3.9937751E+05
 7.2120380E+00  3.9933103E+05
 7.2123742E+00  3.9928455E+05
 7.2127104E+00  3.9923808E+05
 7.2130466E+00  3.9919162E+05
 7.2133827E+00  3.9914516E+05
 7.2137189E+00  3.9909871E+05
 7.2140551E+00  3.9905227E+05
 7.2143913E+00  3.9900584E+05
 7.2147274E+00  3.9895941E+05
 7.2150636E+00  3.9891299E+05
 7.2153998E+00  3.9886657E+05
 7.2157360E+00  3.9882016E+05
 7.2160721E+00  3.9877376E+05
 7.2164083E+00  3.9872737E+05
 7.2167445E+00  3.9868098E+05
 7.2170807E+00  3.9863461E+05
 7.2174168E+00  3.9858823E+05
 7.2177530E+00  3.9854187E+05
 7.2180892E+00  3.9849551E+05
 7.2184253E+00  3.9844916E+05
 7.2187615E+00  3.9840281E+05
 7.2190977E+00  3.9835647E+05
 7.2194339E+00  3.9831014E+05
 7.2197700E+00  3.9826382E+05
 7.2201062E+00  3.9821750E+05
 7.2204424E+00  3.9817119E+05
 7.2207786E+00  3.9812489E+05
 7.2211147E+00  3.9807859E+05
 7.2214509E+00  3.9803230E+05
 7.2217871E+00  3.9798602E+05
 7.2221233E+00  3.9793974E+05
 7.2224594E+00  3.9789348E+05
 7.2227956E+00  3.9784721E+05
 7.2231318E+00  3.9780096E+05
 7.2234680E+00  3.9775471E+05
 7.2238041E+00  3.9770847E+05
 7.2241403E+00  3.9766224E+05
 7.2244765E+00  3.9761601E+05
 7.2248127E+00  3.9756979E+05
 7.2251488E+00  3.9752358E+05
 7.2254850E+00  3.9747737E+05
 7.2258212E+00  3.9743117E+05
 7.2261573E+00  3.9738498E+05
 7.2264935E+00  3.9733879E+05
 7.2268297E+00  3.9729262E+05
 7.2271659E+00  3.9724644E+05
 7.2275020E+00  3.9720028E+05
 7.2278382E+00  3.9715412E+05
 7.2281744E+00  3.9710797E+05
 7.2285106E+00  3.9706183E+05
 7.2288467E+00  3.9701569E+05
 7.2291829E+00  3.9696956E+05
 7.2295191E+00  3.9692344E+05
 7.2298553E+00  3.9687732E+05
 7.2301914E+00  3.9683121E+05
 7.2305276E+00  3.9678511E+05
 7.2308638E+00  3.9673901E+05
 7.2312000E+00  3.9669293E+05
 7.2315361E+00  3.9664684E+05
 7.2318723E+00  3.9660077E+05
 7.2322085E+00  3.9655470E+05
 7.2325447E+00  3.9650864E+05
 7.2328808E+00  3.9646259E+05
 7.2332170E+00  3.9641654E+05
 7.2335532E+00  3.9637050E+05
 7.2338893E+00  3.9632447E+05
 7.2342255E+00  3.9627844E+05
 7.2345617E+00  3.9623242E+05
 7.2348979E+00  3.9618641E+05
 7.2352340E+00  3.9614041E+05
 7.2355702E+00  3.9609441E+05
 7.2359064E+00  3.9604842E+05
 7.2362426E+00  3.9600243E+05
 7.2365787E+00  3.9595645E+05
 7.2369149E+00  3.9591048E+05
 7.2372511E+00  3.9586452E+05
 7.2375873E+00  3.9581856E+05
 7.2379234E+00  3.9577261E+05
 7.2382596E+00  3.9572667E+05
 7.2385958E+00  3.9568073E+05
 7.2584049E+00  0.0000000E+00
 7.2782140E+00  0.0000000E+00
 7.2980230E+00  0.0000000E+00
 7.3178321E+00  0.0000000E+00
 7.3376412E+00  0.0000000E+00
 7.3574503E+00  0.0000000E+00
 7.3772594E+00  0.0000000E+00
 7.3970685E+00  0.0000000E+00
 7.4168776E+00  0.0000000E+00
 7.4366867E+00  0.0000000E+00
 7.4564958E+00  0.0000000E+00
 7.4763048E+00  0.0000000E+00
 7.4961139E+00  0.0000000E+00
 7.5159230E+00  0.0000000E+00
 7.5357321E+00  0.0000000E+00
 7.5555412E+00  0.0000000E+00
 7.5753503E+00  0.0000000E+00
 7.5951594E+00  0.0000000E+00
 7.6149685E+00  0.0000000E+00
 7.6347775E+00  0.0000000E+00
 7.6545866E+00  0.0000000E+00
 7.6743957E+00  0.0000000E+00
 7.6942048E+00  0.0000000E+00
 7.7140139E+00  0.0000000E+00
 7.7338230E+00  0.0000000E+00
 7.7536321E+00  0.0000000E+00
 7.7734412E+00  0.0000000E+00
 7.7932503E+00  0.0000000E+00
 7.8130593E+00  0.0000000E+00
 7.8328684E+00  0.0000000E+00
 7.8526775E+00  0.0000000E+00
 7.8724866E+00  0.0000000E+00
 7.8922957E+00  0.0000000E+00
 7.9121048E+00  0.0000000E+00
 7.9319139E+00  0.0000000E+00
 7.9517230E+00  0.0000000E+00
 7.9715321E+00  0.0000000E+00
 7.9913411E+00  0.0000000E+00
 8.0111502E+00  0.0000000E+00
 8.0309593E+00  0.0000000E+00
 8.0507684E+00  0.0000000E+00
 8.0705775E+00  0.0000000E+00
 8.0903866E+00  0.0000000E+00
 8.1101957E+00  0.0000000E+00
 8.1300048E+00  0.0000000E+00
 8.1498138E+00  0.0000000E+00
 8.1696229E+00  0.0000000E+00
 8.1894320E+00  0.0000000E+00
 8.2092411E+00  0.0000000E+00
 8.2290502E+00  0.0000000E+00
 8.2488593E+00  0.0000000E+00
 8.2686684E+00  0.0000000E+00
 8.2884775E+00  0.0000000E+00
 8.3082866E+00  0.0000000E+00
 8.3280956E+00  0.0000000E+00
 8.3479047E+00  0.0000000E+00
 8.3677138E+00  0.0000000E+00
 8.3875229E+00  0.0000000E+00
 8.4073320E+00  0.0000000E+00
 8.4271411E+00  0.0000000E+00
 8.4469502E+00  0.0000000E+00
 8.4667593E+00  0.0000000E+00
 8.4865683E+00  0.0000000E+00
 8.5063774E+00  0.0000000E+00
 8.5261865E+00  0.0000000E+00
 8.5459956E+00  0.0000000E+00
 8.5658047E+00  0.0000000E+00
 8.5856138E+00  0.0000000E+00
 8.6054229E+00  0.0000000E+00
 8.6252320E+00  0.0000000E+00
 8.6450411E+00  0.0000000E+00
 8.6648501E+00  0.0000000E+00
 8.6846592E+00  0.0000000E+00
 8.7044683E+00  0.0000000E+00
 8.7242774E+00  0.0000000E+00
 8.7440865E+00  0.0000000E+00
 8.7638956E+00  0.0000000E+00
 8.7837047E+00  0.0000000E+00
 8.8035138E+00  0.0000000E+00
 8.8233229E+00  0.0000000E+00
 8.8431319E+00  0.0000000E+00
 8.8629410E+00  0.0000000E+00
 8.8827501E+00  0.0000000E+00
 8.9025592E+00  0.0000000E+00
 8.9223683E+00  0.0000000E+00
 8.9421774E+00  0.0000000E+00
 8.9619865E+00  0.0000000E+00
 8.9817956E+00  0.0000000E+00
 9.0016046E+00  0.0000000E+00
 9.0214137E+00  0.0000000E+00
 9.0412228E+00  0.0000000E+00
 9.0610319E+00  0.0000000E+00
 9.0808410E+00  0.0000000E+00
 9.1006501E+00  0.0000000E+00
 9.1204592E+00  0.0000000E+00
 9.1402683E+00  0.0000000E+00
 9.1600774E+00  0.0000000E+00
 9.1798864E+00  0.0000000E+00
 9.1996955E+00  0.0000000E+00
 9.2195046E+00  0.0000000E+00
 9.2393137E+00  0.0000000E+00
 9.2591228E+00  0.0000000E+00
 9.2789319E+00  0.0000000E+00
 9.2987410E+00  0.0000000E+00
 9.3185501E+00  0.0000000E+00
 9.3383591E+00  0.0000000E+00
 9.3581682E+00  0.0000000E+00
 9.3779773E+00  0.0000000E+00
 9.3977864E+00  0.0000000E+00
 9.4175955E+00  0.0000000E+00
 9.4374046E+00  0.0000000E+00
 9.4572137E+00  0.0000000E+00
 9.4770228E+00  0.0000000E+00
 9.4968319E+00  0.0000000E+00
 9.5166409E+00  0.0000000E+00
 9.5364500E+00  0.0000000E+00
 9.5562591E+00  0.0000000E+00
 9.5760682E+00  0.0000000E+00
 9.5958773E+00  0.0000000E+00
 9.6156864E+00  0.0000000E+00
 9.6354955E+00  0.0000000E+00
 9.6553046E+00  0.0000000E+00
 9.6751137E+00  0.0000000E+00
 9.6949227E+00  0.0000000E+00
 9.7147318E+00  0.0000000E+00
 9.7345409E+00  0.0000000E+00
 9.7543500E+00  0.0000000E+00
 9.7741591E+00  0.0000000E+00
 9.7939682E+00  0.0000000E+00
 9.8137773E+00  0.0000000E+00
 9.8335864E+00  0.0000000E+00
 9.8533954E+00  0.0000000E+00
 9.8732045E+00  0.0000000E+00
 9.8930136E+00  0.0000000E+00
 9.9128227E+00  0.0000000E+00
