 7.9236355E-03  2.2755368E-08
 1.5847271E-02  2.0475774E-07
 2.3770907E-02  8.8699049E-07
 3.1694542E-02  2.4951242E-06
 3.9618178E-02  5.6649426E-06
 4.7541813E-02  1.1172962E-05
 5.5465449E-02  1.9952744E-05
 6.3389084E-02  3.3094193E-05
 7.1312720E-02  5.1843251E-05
 7.9236355E-02  7.7601617E-05
 8.7159991E-02  1.1192648E-04
 9.5083626E-02  1.5653024E-04
 1.0300726E-01  2.1328022E-04
 1.1093090E-01  2.8419839E-04
 1.1885453E-01  3.7146104E-04
 1.2677817E-01  4.7739852E-04
 1.3470180E-01  6.0449488E-04
 1.4262544E-01  7.5538757E-04
 1.5054908E-01  9.3286712E-04
 1.5847271E-01  1.1398768E-03
 1.6639635E-01  1.3795122E-03
 1.7431998E-01  1.6550212E-03
 1.8224362E-01  1.9698030E-03
 1.9016725E-01  2.3274084E-03
 1.9809089E-01  2.7315391E-03
 2.0601452E-01  3.1860472E-03
 2.1393816E-01  3.6949352E-03
 2.2186179E-01  4.2623554E-03
 2.2978543E-01  4.8926092E-03
 2.3770907E-01  5.5901474E-03
 2.4563270E-01  6.3595690E-03
 2.5355634E-01  7.2056214E-03
 2.6147997E-01  8.1331995E-03
 2.6940361E-01  9.1473457E-03
 2.7732724E-01  1.0253249E-02
 2.8525088E-01  1.1456245E-02
 2.9317451E-01  1.2761815E-02
 3.0109815E-01  1.4175587E-02
 3.0902179E-01  1.5703331E-02
 3.1694542E-01  1.7350964E-02
 3.2486906E-01  1.9124548E-02
 3.3279269E-01  2.1030285E-02
 3.4071633E-01  2.3074523E-02
 3.4863996E-01  2.5263752E-02
 3.5656360E-01  2.7604602E-02
 3.6448723E-01  3.0103848E-02
 3.7241087E-01  3.2768402E-02
 3.8033451E-01  3.5605321E-02
 3.8825814E-01  3.8621797E-02
 3.9618178E-01  4.1825166E-02
 4.0410541E-01  4.5222899E-02
 4.1202905E-01  4.8822607E-02
 4.1995268E-01  5.2632040E-02
 4.2787632E-01  5.6659082E-02
 4.3579995E-01  6.0911755E-02
 4.4372359E-01  6.5398219E-02
 4.5164723E-01  7.0126767E-02
 4.5957086E-01  7.5105827E-02
 4.6749450E-01  8.0343961E-02
 4.7541813E-01  8.5849865E-02
 4.8334177E-01  9.1632369E-02
 4.9126540E-01  9.7700434E-02
 4.9918904E-01  1.0406315E-01
 5.0711267E-01  1.1072975E-01
 5.1503631E-01  1.1770958E-01
 5.2295994E-01  1.2501213E-01
 5.3088358E-01  1.3264701E-01
 5.3880722E-01  1.4062396E-01
 5.4673085E-01  1.4895285E-01
 5.5465449E-01  1.5764368E-01
 5.6257812E-01  1.6670658E-01
 5.7050176E-01  1.7615178E-01
 5.7842539E-01  1.8598968E-01
 5.8634903E-01  1.9623075E-01
 5.9427266E-01  2.0688564E-01
 6.0219630E-01  2.1796508E-01
 6.1011994E-01  2.2947994E-01
 6.1804357E-01  2.4144121E-01
 6.2596721E-01  2.5386000E-01
 6.3389084E-01  2.6674755E-01
 6.4181448E-01  2.8011519E-01
 6.4973811E-01  2.9397441E-01
 6.5766175E-01  3.0833678E-01
 6.6558538E-01  3.2321401E-01
 6.7350902E-01  3.3861792E-01
 6.8143266E-01  3.5456045E-01
 6.8935629E-01  3.7105365E-01
 6.9727993E-01  3.8810968E-01
 7.0520356E-01  4.0574083E-01
 7.1312720E-01  4.2395947E-01
 7.2105083E-01  4.4277813E-01
 7.2897447E-01  4.6220940E-01
 7.3689810E-01  4.8226602E-01
 7.4482174E-01  5.0296082E-01
 7.5274538E-01  5.2430674E-01
 7.6066901E-01  5.4631683E-01
 7.6859265E-01  5.6900426E-01
 7.7651628E-01  5.9238228E-01
 7.8443992E-01  6.1646426E-01
 7.9236355E-01  6.4126368E-01
 8.0028719E-01  6.6679412E-01
 8.0821082E-01  6.9306925E-01
 8.1613446E-01  7.2010287E-01
 8.2405810E-01  7.4790885E-01
 8.3198173E-01  7.7650118E-01
 8.3990537E-01  8.0589395E-01
 8.4782900E-01  8.3610133E-01
 8.5575264E-01  8.6713762E-01
 8.6367627E-01  8.9901718E-01
 8.7159991E-01  9.3175449E-01
 8.7952354E-01  9.6536413E-01
 8.8744718E-01  9.9986076E-01
 8.9537081E-01  1.0352591E+00
 9.0329445E-01  1.0715741E+00
 9.1121809E-01  1.1088206E+00
 9.1914172E-01  1.1470137E+00
 9.2706536E-01  1.1861684E+00
 9.3498899E-01  1.2263001E+00
 9.4291263E-01  1.2674240E+00
 9.5083626E-01  1.3095555E+00
 9.5875990E-01  1.3527101E+00
 9.6668353E-01  1.3969033E+00
 9.7460717E-01  1.4421507E+00
 9.8253081E-01  1.4884682E+00
 9.9045444E-01  1.5358715E+00
 9.9837808E-01  1.5843765E+00
 1.0063017E+00  1.6339993E+00
 1.0142253E+00  1.6847557E+00
 1.0221490E+00  1.7366620E+00
 1.0300726E+00  1.7897344E+00
 1.0379963E+00  1.8439892E+00
 1.0459199E+00  1.8994428E+00
 1.0538435E+00  1.9561115E+00
 1.0617672E+00  2.0140119E+00
 1.0696908E+00  2.0731606E+00
 1.0776144E+00  2.1335743E+00
 1.0855381E+00  2.1952697E+00
 1.0934617E+00  2.2582635E+00
 1.1013853E+00  2.3225727E+00
 1.1093090E+00  2.3882142E+00
 1.1172326E+00  2.4552051E+00
 1.1251562E+00  2.5235623E+00
 1.1330799E+00  2.5933030E+00
 1.1410035E+00  2.6644446E+00
 1.1489272E+00  2.7370041E+00
 1.1568508E+00  2.8109989E+00
 1.1647744E+00  2.8864466E+00
 1.1726981E+00  2.9633644E+00
 1.1806217E+00  3.0417699E+00
 1.1885453E+00  3.1216808E+00
 1.1964690E+00  3.2031146E+00
 1.2043926E+00  3.2860890E+00
 1.2123162E+00  3.3706218E+00
 1.2202399E+00  3.4567307E+00
 1.2281635E+00  3.5444337E+00
 1.2360871E+00  3.6337487E+00
 1.2440108E+00  3.7246936E+00
 1.2519344E+00  3.8172863E+00
 1.2598580E+00  3.9115451E+00
 1.2677817E+00  4.0074880E+00
 1.2757053E+00  4.1051331E+00
 1.2836290E+00  4.2044987E+00
 1.2915526E+00  4.3056031E+00
 1.2994762E+00  4.4084645E+00
 1.3073999E+00  4.5131012E+00
 1.3153235E+00  4.6195317E+00
 1.3232471E+00  4.7277744E+00
 1.3311708E+00  4.8378477E+00
 1.3390944E+00  4.9497703E+00
 1.3470180E+00  5.0635605E+00
 1.3549417E+00  5.1792371E+00
 1.3628653E+00  5.2968186E+00
 1.3707889E+00  5.4163236E+00
 1.3787126E+00  5.5377710E+00
 1.3866362E+00  5.6611794E+00
 1.3945599E+00  5.7865676E+00
 1.4024835E+00  5.9139544E+00
 1.4104071E+00  6.0433586E+00
 1.4183308E+00  6.1747991E+00
 1.4262544E+00  6.3082947E+00
 1.4341780E+00  6.4438645E+00
 1.4421017E+00  6.5815272E+00
 1.4500253E+00  6.7213019E+00
 1.4579489E+00  6.8632076E+00
 1.4658726E+00  7.0072632E+00
 1.4737962E+00  7.1534880E+00
 1.4817198E+00  7.3019008E+00
 1.4896435E+00  7.4525207E+00
 1.4975671E+00  7.6053670E+00
 1.5054908E+00  7.7604587E+00
 1.5134144E+00  7.9178149E+00
 1.5213380E+00  8.0774548E+00
 1.5292617E+00  8.2393976E+00
 1.5371853E+00  8.4036625E+00
 1.5451089E+00  8.5702686E+00
 1.5530326E+00  8.7392352E+00
 1.5609562E+00  8.9105815E+00
 1.5688798E+00  9.0843268E+00
 1.5768035E+00  9.2604902E+00
 1.5847271E+00  9.4390911E+00
 1.5926507E+00  9.6201487E+00
 1.6005744E+00  9.8036823E+00
 1.6084980E+00  9.9897111E+00
 1.6164216E+00  1.0178254E+01
 1.6243453E+00  1.0369332E+01
 1.6322689E+00  1.0562962E+01
 1.6401926E+00  1.0759165E+01
 1.6481162E+00  1.0957959E+01
 1.6560398E+00  1.1159365E+01
 1.6639635E+00  1.1363400E+01
 1.6718871E+00  1.1570086E+01
 1.6798107E+00  1.1779440E+01
 1.6877344E+00  1.1991482E+01
 1.6956580E+00  1.2206232E+01
 1.7035816E+00  1.2423708E+01
 1.7115053E+00  1.2643930E+01
 1.7194289E+00  1.2866918E+01
 1.7273525E+00  1.3092690E+01
 1.7352762E+00  1.3321265E+01
 1.7431998E+00  1.3552664E+01
 1.7511235E+00  1.3786904E+01
 1.7590471E+00  1.4024006E+01
 1.7669707E+00  1.4263989E+01
 1.7748944E+00  1.4506871E+01
 1.7828180E+00  1.4752672E+01
 1.7907416E+00  1.5001411E+01
 1.7986653E+00  1.5253107E+01
 1.8065889E+00  1.5507779E+01
 1.8145125E+00  1.5765446E+01
 1.8224362E+00  1.6026128E+01
 1.8303598E+00  1.6289843E+01
 1.8382834E+00  1.6556611E+01
 1.8462071E+00  1.6826450E+01
 1.8541307E+00  1.7099379E+01
 1.8620543E+00  1.7375418E+01
 1.8699780E+00  1.7654584E+01
 1.8779016E+00  1.7936898E+01
 1.8858253E+00  1.8222378E+01
 1.8937489E+00  1.8511043E+01
 1.9016725E+00  1.8802911E+01
 1.9095962E+00  1.9098001E+01
 1.9175198E+00  1.9396333E+01
 1.9254434E+00  1.9697924E+01
 1.9333671E+00  2.0002794E+01
 1.9412907E+00  2.0310961E+01
 1.9492143E+00  2.0622444E+01
 1.9571380E+00  2.0937261E+01
 1.9650616E+00  2.1255430E+01
 1.9729852E+00  2.1576972E+01
 1.9809089E+00  2.1901902E+01
 1.9888325E+00  2.2230241E+01
 1.9967562E+00  2.2562007E+01
 2.0046798E+00  2.2897217E+01
 2.0126034E+00  2.3235890E+01
 2.0205271E+00  2.3578045E+01
 2.0284507E+00  2.3923699E+01
 2.0363743E+00  2.4272871E+01
 2.0442980E+00  2.4625578E+01
 2.0522216E+00  2.4981840E+01
 2.0601452E+00  2.5341673E+01
 2.0680689E+00  2.5705096E+01
 2.0759925E+00  2.6072127E+01
 2.0839161E+00  2.6442783E+01
 2.0918398E+00  2.6817083E+01
 2.0997634E+00  2.7195044E+01
 2.1076871E+00  2.7576683E+01
 2.1156107E+00  2.7962019E+01
 2.1235343E+00  2.8351069E+01
 2.1314580E+00  2.8743851E+01
 2.1393816E+00  2.9140381E+01
 2.1473052E+00  2.9540678E+01
 2.1552289E+00  2.9944759E+01
 2.1631525E+00  3.0352641E+01
 2.1710761E+00  3.0764341E+01
 2.1789998E+00  3.1179876E+01
 2.1869234E+00  3.1599265E+01
 2.1948470E+00  3.2022522E+01
 2.2027707E+00  3.2449667E+01
 2.2106943E+00  3.2880715E+01
 2.2186179E+00  3.3315683E+01
 2.2265416E+00  3.3754588E+01
 2.2344652E+00  3.4197448E+01
 2.2423889E+00  3.4644278E+01
 2.2503125E+00  3.5095095E+01
 2.2582361E+00  3.5549916E+01
 2.2661598E+00  3.6008756E+01
 2.2740834E+00  3.6471634E+01
 2.2820070E+00  3.6938564E+01
 2.2899307E+00  3.7409563E+01
 2.2978543E+00  3.7884647E+01
 2.3057779E+00  3.8363832E+01
 2.3137016E+00  3.8847135E+01
 2.3216252E+00  3.9334571E+01
 2.3295488E+00  3.9826156E+01
 2.3374725E+00  4.0321906E+01
 2.3453961E+00  4.0821836E+01
 2.3533198E+00  4.1325963E+01
 2.3612434E+00  4.1834301E+01
 2.3691670E+00  4.2346866E+01
 2.3770907E+00  4.2863674E+01
 2.3850143E+00  4.3384740E+01
 2.3929379E+00  4.3910079E+01
 2.4008616E+00  4.4439706E+01
 2.4087852E+00  4.4973636E+01
 2.4167088E+00  4.5511885E+01
 2.4246325E+00  4.6054466E+01
 2.4325561E+00  4.6601396E+01
 2.4404797E+00  4.7152688E+01
 2.4484034E+00  4.7708357E+01
 2.4563270E+00  4.8268419E+01
 2.4642506E+00  4.8832886E+01
 2.4721743E+00  4.9401774E+01
 2.4800979E+00  4.9975097E+01
 2.4880216E+00  5.0552869E+01
 2.4959452E+00  5.1135104E+01
 2.5038688E+00  5.1721817E+01
 2.5117925E+00  5.2313020E+01
 2.5197161E+00  5.2908729E+01
 2.5276397E+00  5.3508956E+01
 2.5355634E+00  5.4113715E+01
 2.5434870E+00  5.4723020E+01
 2.5514106E+00  5.5336884E+01
 2.5593343E+00  5.5955320E+01
 2.5672579E+00  5.6578343E+01
 2.5751815E+00  5.7205964E+01
 2.5831052E+00  5.7838197E+01
 2.5910288E+00  5.8475056E+01
 2.5989525E+00  5.9116552E+01
 2.6068761E+00  5.9762698E+01
 2.6147997E+00  6.0413508E+01
 2.6227234E+00  6.1068994E+01
 2.6306470E+00  6.1729168E+01
 2.6385706E+00  6.2394042E+01
 2.6464943E+00  6.3063629E+01
 2.6544179E+00  6.3737941E+01
 2.6623415E+00  6.4416990E+01
 2.6702652E+00  6.5100788E+01
 2.6781888E+00  6.5789347E+01
 2.6861124E+00  6.6482678E+01
 2.6940361E+00  6.7180793E+01
 2.7019597E+00  6.7883704E+01
 2.7098834E+00  6.8591422E+01
 2.7178070E+00  6.9303958E+01
 2.7257306E+00  7.0021324E+01
 2.7336543E+00  7.0743530E+01
 2.7415779E+00  7.1470588E+01
 2.7495015E+00  7.2202509E+01
 2.7574252E+00  7.2939302E+01
 2.7653488E+00  7.3680980E+01
 2.7732724E+00  7.4427552E+01
 2.7811961E+00  7.5179028E+01
 2.7891197E+00  7.5935420E+01
 2.7970433E+00  7.6696737E+01
 2.8049670E+00  7.7462990E+01
 2.8128906E+00  7.8234188E+01
 2.8208142E+00  7.9010341E+01
 2.8287379E+00  7.9791460E+01
 2.8366615E+00  8.0577553E+01
 2.8445852E+00  8.1368630E+01
 2.8525088E+00  8.2164701E+01
 2.8604324E+00  8.2965775E+01
 2.8683561E+00  8.3771861E+01
 2.8762797E+00  8.4582968E+01
 2.8842033E+00  8.5399105E+01
 2.8921270E+00  8.6220281E+01
 2.9000506E+00  8.7046504E+01
 2.9079742E+00  8.7877784E+01
 2.9158979E+00  8.8714129E+01
 2.9238215E+00  8.9555547E+01
 2.9317451E+00  9.0402046E+01
 2.9396688E+00  9.1253634E+01
 2.9475924E+00  9.2110320E+01
 2.9555161E+00  9.2972111E+01
 2.9634397E+00  9.3839015E+01
 2.9713633E+00  9.4711040E+01
 2.9792870E+00  9.5588193E+01
 2.9872106E+00  9.6470481E+01
 2.9951342E+00  9.7357913E+01
 3.0030579E+00  9.8250495E+01
 3.0109815E+00  9.9148233E+01
 3.0189051E+00  1.0005114E+02
 3.0268288E+00  1.0095921E+02
 3.0347524E+00  1.0187246E+02
 3.0426760E+00  1.0279089E+02
 3.0505997E+00  1.0371452E+02
 3.0585233E+00  1.0464334E+02
 3.0664469E+00  1.0557737E+02
 3.0743706E+00  1.0651660E+02
 3.0822942E+00  1.0746105E+02
 3.0902179E+00  1.0841072E+02
 3.0981415E+00  1.0936561E+02
 3.1060651E+00  1.1032574E+02
 3.1139888E+00  1.1129111E+02
 3.1219124E+00  1.1226171E+02
 3.1298360E+00  1.1323757E+02
 3.1377597E+00  1.1421867E+02
 3.1456833E+00  1.1520504E+02
 3.1536069E+00  1.1619667E+02
 3.1615306E+00  1.1719356E+02
 3.1694542E+00  1.1819573E+02
 3.1773778E+00  1.1920317E+02
 3.1853015E+00  1.2021589E+02
 3.1932251E+00  1.2123390E+02
 3.2011488E+00  1.2225720E+02
 3.2090724E+00  1.2328579E+02
 3.2169960E+00  1.2431967E+02
 3.2249197E+00  1.2535885E+02
 3.2328433E+00  1.2640334E+02
 3.2407669E+00  1.2745314E+02
 3.2486906E+00  1.2850824E+02
 3.2566142E+00  1.2956866E+02
 3.2645378E+00  1.3063439E+02
 3.2724615E+00  1.3170544E+02
 3.2803851E+00  1.3278182E+02
 3.2883087E+00  1.3386352E+02
 3.2962324E+00  1.3495054E+02
 3.3041560E+00  1.3604290E+02
 3.3120797E+00  1.3714058E+02
 3.3200033E+00  1.3824360E+02
 3.3279269E+00  1.3935196E+02
 3.3358506E+00  1.4046565E+02
 3.3437742E+00  1.4158468E+02
 3.3516978E+00  1.4270905E+02
 3.3596215E+00  1.4383877E+02
 3.3675451E+00  1.4497382E+02
 3.3754687E+00  1.4611423E+02
 3.3833924E+00  1.4725997E+02
 3.3913160E+00  1.4841107E+02
 3.3992396E+00  1.4956751E+02
 3.4071633E+00  1.5072930E+02
 3.4150869E+00  1.5189643E+02
 3.4230105E+00  1.5306892E+02
 3.4309342E+00  1.5424675E+02
 3.4388578E+00  1.5542994E+02
 3.4467815E+00  1.5661847E+02
 3.4547051E+00  1.5781236E+02
 3.4626287E+00  1.5901159E+02
 3.4705524E+00  1.6021617E+02
 3.4784760E+00  1.6142610E+02
 3.4863996E+00  1.6264137E+02
 3.4943233E+00  1.6386199E+02
 3.5022469E+00  1.6508796E+02
 3.5101705E+00  1.6631927E+02
 3.5180942E+00  1.6755593E+02
 3.5260178E+00  1.6879793E+02
 3.5339414E+00  1.7004527E+02
 3.5418651E+00  1.7129794E+02
 3.5497887E+00  1.7255596E+02
 3.5577124E+00  1.7381931E+02
 3.5656360E+00  1.7508800E+02
 3.5735596E+00  1.7636201E+02
 3.5814833E+00  1.7764136E+02
 3.5894069E+00  1.7892603E+02
 3.5973305E+00  1.8021603E+02
 3.6052542E+00  1.8151135E+02
 3.6131778E+00  1.8281199E+02
 3.6211014E+00  1.8411795E+02
 3.6290251E+00  1.8542922E+02
 3.6369487E+00  1.8674580E+02
 3.6448723E+00  1.8806768E+02
 3.6527960E+00  1.8939487E+02
 3.6607196E+00  1.9072736E+02
 3.6686433E+00  1.9206515E+02
 3.6765669E+00  1.9340823E+02
 3.6844905E+00  1.9475660E+02
 3.6924142E+00  1.9611026E+02
 3.7003378E+00  1.9746919E+02
 3.7082614E+00  1.9883341E+02
 3.7161851E+00  2.0020289E+02
 3.7241087E+00  2.0157765E+02
 3.7320323E+00  2.0295766E+02
 3.7399560E+00  2.0434293E+02
 3.7478796E+00  2.0573346E+02
 3.7558032E+00  2.0712924E+02
 3.7637269E+00  2.0853026E+02
 3.7716505E+00  2.0993651E+02
 3.7795741E+00  2.1134800E+02
 3.7874978E+00  2.1276472E+02
 3.7954214E+00  2.1418666E+02
 3.8033451E+00  2.1561381E+02
 3.8112687E+00  2.1704617E+02
 3.8191923E+00  2.1848374E+02
 3.8271160E+00  2.1992651E+02
 3.8350396E+00  2.2137446E+02
 3.8429632E+00  2.2282760E+02
 3.8508869E+00  2.2428592E+02
 3.8588105E+00  2.2574941E+02
 3.8667341E+00  2.2721806E+02
 3.8746578E+00  2.2869188E+02
 3.8825814E+00  2.3017084E+02
 3.8905050E+00  2.3165495E+02
 3.8984287E+00  2.3314419E+02
 3.9063523E+00  2.3463856E+02
 3.9142760E+00  2.3613806E+02
 3.9221996E+00  2.3764266E+02
 3.9301232E+00  2.3915238E+02
 3.9380469E+00  2.4066719E+02
 3.9459705E+00  2.4218709E+02
 3.9538941E+00  2.4371208E+02
 3.9618178E+00  2.4524213E+02
 3.9697414E+00  2.4677726E+02
 3.9776650E+00  2.4831744E+02
 3.9855887E+00  2.4986267E+02
 3.9935123E+00  2.5141294E+02
 4.0014359E+00  2.5296824E+02
 4.0093596E+00  2.5452856E+02
 4.0172832E+00  2.5609389E+02
 4.0252068E+00  2.5766423E+02
 4.0331305E+00  2.5923956E+02
 4.0410541E+00  2.6081988E+02
 4.0489778E+00  2.6240517E+02
 4.0569014E+00  2.6399543E+02
 4.0648250E+00  2.6559064E+02
 4.0727487E+00  2.6719080E+02
 4.0806723E+00  2.6879589E+02
 4.0885959E+00  2.7040591E+02
 4.0965196E+00  2.7202085E+02
 4.1044432E+00  2.7364069E+02
 4.1123668E+00  2.7526543E+02
 4.1202905E+00  2.7689505E+02
 4.1282141E+00  2.7852954E+02
 4.1361377E+00  2.8016890E+02
 4.1440614E+00  2.8181310E+02
 4.1519850E+00  2.8346215E+02
 4.1599087E+00  2.8511603E+02
 4.1678323E+00  2.8677473E+02
 4.1757559E+00  2.8843823E+02
 4.1836796E+00  2.9010653E+02
 4.1916032E+00  2.9177961E+02
 4.1995268E+00  2.9345746E+02
 4.2074505E+00  2.9514007E+02
 4.2153741E+00  2.9682744E+02
 4.2232977E+00  2.9851953E+02
 4.2312214E+00  3.0021636E+02
 4.2391450E+00  3.0191789E+02
 4.2470686E+00  3.0362412E+02
 4.2549923E+00  3.0533505E+02
 4.2629159E+00  3.0705064E+02
 4.2708396E+00  3.0877090E+02
 4.2787632E+00  3.1049580E+02
 4.2866868E+00  3.1222534E+02
 4.2946105E+00  3.1395951E+02
 4.3025341E+00  3.1569828E+02
 4.3104577E+00  3.1744166E+02
 4.3183814E+00  3.1918961E+02
 4.3263050E+00  3.2094214E+02
 4.3342286E+00  3.2269922E+02
 4.3421523E+00  3.2446084E+02
 4.3500759E+00  3.2622700E+02
 4.3579995E+00  3.2799767E+02
 4.3659232E+00  3.2977284E+02
 4.3738468E+00  3.3155250E+02
 4.3817704E+00  3.3333663E+02
 4.3896941E+00  3.3512522E+02
 4.3976177E+00  3.3691826E+02
 4.4055414E+00  3.3871572E+02
 4.4134650E+00  3.4051760E+02
 4.4213886E+00  3.4232389E+02
 4.4293123E+00  3.4413456E+02
 4.4372359E+00  3.4594960E+02
 4.4451595E+00  3.4776900E+02
 4.4530832E+00  3.4959274E+02
 4.4610068E+00  3.5142081E+02
 4.4689304E+00  3.5325319E+02
 4.4768541E+00  3.5508986E+02
 4.4847777E+00  3.5693082E+02
 4.4927013E+00  3.5877604E+02
 4.5006250E+00  3.6062552E+02
 4.5085486E+00  3.6247922E+02
 4.5164723E+00  3.6433715E+02
 4.5243959E+00  3.6619928E+02
 4.5323195E+00  3.6806559E+02
 4.5402432E+00  3.6993608E+02
 4.5481668E+00  3.7181072E+02
 4.5560904E+00  3.7368950E+02
 4.5640141E+00  3.7557240E+02
 4.5719377E+00  3.7745940E+02
 4.5798613E+00  3.7935050E+02
 4.5877850E+00  3.8124567E+02
 4.5957086E+00  3.8314490E+02
 4.6036322E+00  3.8504816E+02
 4.6115559E+00  3.8695545E+02
 4.6194795E+00  3.8886674E+02
 4.6274031E+00  3.9078203E+02
 4.6353268E+00  3.9270128E+02
 4.6432504E+00  3.9462449E+02
 4.6511741E+00  3.9655164E+02
 4.6590977E+00  3.9848271E+02
 4.6670213E+00  4.0041768E+02
 4.6749450E+00  4.0235653E+02
 4.6828686E+00  4.0429926E+02
 4.6907922E+00  4.0624583E+02
 4.6987159E+00  4.0819624E+02
 4.7066395E+00  4.1015046E+02
 4.7145631E+00  4.1210848E+02
 4.7224868E+00  4.1407027E+02
 4.7304104E+00  4.1603583E+02
 4.7383340E+00  4.1800513E+02
 4.7462577E+00  4.1997816E+02
 4.7541813E+00  4.2195489E+02
 4.7621050E+00  4.2393531E+02
 4.7700286E+00  4.2591940E+02
 4.7779522E+00  4.2790715E+02
 4.7858759E+00  4.2989852E+02
 4.7937995E+00  4.3189351E+02
 4.8017231E+00  4.3389209E+02
 4.8096468E+00  4.3589426E+02
 4.8175704E+00  4.3789998E+02
 4.8254940E+00  4.3990923E+02
 4.8334177E+00  4.4192201E+02
 4.8413413E+00  4.4393829E+02
 4.8492649E+00  4.4595806E+02
 4.8571886E+00  4.4798128E+02
 4.8651122E+00  4.5000795E+02
 4.8730359E+00  4.5203804E+02
 4.8809595E+00  4.5407154E+02
 4.8888831E+00  4.5610842E+02
 4.8968068E+00  4.5814867E+02
 4.9047304E+00  4.6019227E+02
 4.9126540E+00  4.6223919E+02
 4.9205777E+00  4.6428943E+02
 4.9285013E+00  4.6634294E+02
 4.9364249E+00  4.6839973E+02
 4.9443486E+00  4.7045976E+02
 4.9522722E+00  4.7252302E+02
 4.9601958E+00  4.7458949E+02
 4.9681195E+00  4.7665915E+02
 4.9760431E+00  4.7873198E+02
 4.9839667E+00  4.8080795E+02
 4.9918904E+00  4.8288705E+02
 4.9998140E+00  4.8496926E+02
 5.0077377E+00  4.8705455E+02
 5.0156613E+00  4.8914291E+02
 5.0235849E+00  4.9123432E+02
 5.0315086E+00  4.9332875E+02
 5.0394322E+00  4.9542619E+02
 5.0473558E+00  4.9752661E+02
 5.0552795E+00  4.9963000E+02
 5.0632031E+00  5.0173632E+02
 5.0711267E+00  5.0384557E+02
 5.0790504E+00  5.0595772E+02
 5.0869740E+00  5.0807276E+02
 5.0948976E+00  5.1019065E+02
 5.1028213E+00  5.1231138E+02
 5.1107449E+00  5.1443493E+02
 5.1186686E+00  5.1656127E+02
 5.1265922E+00  5.1869039E+02
 5.1345158E+00  5.2082226E+02
 5.1424395E+00  5.2295687E+02
 5.1503631E+00  5.2509419E+02
 5.1582867E+00  5.2723420E+02
 5.1662104E+00  5.2937688E+02
 5.1741340E+00  5.3152220E+02
 5.1820576E+00  5.3367016E+02
 5.1899813E+00  5.3582071E+02
 5.1979049E+00  5.3797386E+02
 5.2058285E+00  5.4012956E+02
 5.2137522E+00  5.4228780E+02
 5.2216758E+00  5.4444856E+02
 5.2295994E+00  5.4661182E+02
 5.2375231E+00  5.4877756E+02
 5.2454467E+00  5.5094574E+02
 5.2533704E+00  5.5311636E+02
 5.2612940E+00  5.5528939E+02
 5.2692176E+00  5.5746481E+02
 5.2771413E+00  5.5964259E+02
 5.2850649E+00  5.6182272E+02
 5.2929885E+00  5.6400517E+02
 5.3009122E+00  5.6618992E+02
 5.3088358E+00  5.6837695E+02
 5.3167594E+00  5.7056623E+02
 5.3246831E+00  5.7275775E+02
 5.3326067E+00  5.7495148E+02
 5.3405303E+00  5.7714741E+02
 5.3484540E+00  5.7934549E+02
 5.3563776E+00  5.8154573E+02
 5.3643013E+00  5.8374808E+02
 5.3722249E+00  5.8595254E+02
 5.3801485E+00  5.8815908E+02
 5.3880722E+00  5.9036767E+02
 5.3959958E+00  5.9257830E+02
 5.4039194E+00  5.9479093E+02
 5.4118431E+00  5.9700556E+02
 5.4197667E+00  5.9922215E+02
 5.4276903E+00  6.0144069E+02
 5.4356140E+00  6.0366115E+02
 5.4435376E+00  6.0588351E+02
 5.4514612E+00  6.0810774E+02
 5.4593849E+00  6.1033383E+02
 5.4673085E+00  6.1256175E+02
 5.4752322E+00  6.1479148E+02
 5.4831558E+00  6.1702300E+02
 5.4910794E+00  6.1925628E+02
 5.4990031E+00  6.2149130E+02
 5.5069267E+00  6.2372803E+02
 5.5148503E+00  6.2596647E+02
 5.5227740E+00  6.2820658E+02
 5.5306976E+00  6.3044833E+02
 5.5386212E+00  6.3269172E+02
 5.5465449E+00  6.3493671E+02
 5.5544685E+00  6.3718328E+02
 5.5623921E+00  6.3943141E+02
 5.5703158E+00  6.4168108E+02
 5.5782394E+00  6.4393226E+02
 5.5861630E+00  6.4618493E+02
 5.5940867E+00  6.4843907E+02
 5.6020103E+00  6.5069465E+02
 5.6099340E+00  6.5295166E+02
 5.6178576E+00  6.5521006E+02
 5.6257812E+00  6.5746984E+02
 5.6337049E+00  6.5973098E+02
 5.6416285E+00  6.6199345E+02
 5.6495521E+00  6.6425722E+02
 5.6574758E+00  6.6652228E+02
 5.6653994E+00  6.6878860E+02
 5.6733230E+00  6.7105616E+02
 5.6812467E+00  6.7332493E+02
 5.6891703E+00  6.7559490E+02
 5.6908512E+00  6.7582049E+02
 5.6925320E+00  6.7604822E+02
 5.6942129E+00  6.7627655E+02
 5.6958938E+00  6.7650620E+02
 5.6975747E+00  6.7673708E+02
 5.6992555E+00  6.7696920E+02
 5.7009364E+00  6.7720232E+02
 5.7026173E+00  6.7743668E+02
 5.7042981E+00  6.7767229E+02
 5.7059790E+00  6.7790915E+02
 5.7076599E+00  6.7814701E+02
 5.7093407E+00  6.7838614E+02
 5.7110216E+00  6.7862654E+02
 5.7127025E+00  6.7886821E+02
 5.7143834E+00  6.7911090E+02
 5.7160642E+00  6.7935486E+02
 5.7177451E+00  6.7960011E+02
 5.7194260E+00  6.7984665E+02
 5.7211068E+00  6.8009422E+02
 5.7227877E+00  6.8034310E+02
 5.7244686E+00  6.8059327E+02
 5.7261494E+00  6.8084475E+02
 5.7278303E+00  6.8109727E+02
 5.7295112E+00  6.8135112E+02
 5.7311920E+00  6.8160629E+02
 5.7328729E+00  6.8186278E+02
 5.7345538E+00  6.8212032E+02
 5.7362347E+00  6.8237921E+02
 5.7379155E+00  6.8263944E+02
 5.7395964E+00  6.8290103E+02
 5.7412773E+00  6.8316368E+02
 5.7429581E+00  6.8342768E+02
 5.7446390E+00  6.8369305E+02
 5.7463199E+00  6.8395979E+02
 5.7480007E+00  6.8422761E+02
 5.7496816E+00  6.8449682E+02
 5.7513625E+00  6.8476739E+02
 5.7530433E+00  6.8503936E+02
 5.7547242E+00  6.8531243E+02
 5.7564051E+00  6.8558689E+02
 5.7580860E+00  6.8586277E+02
 5.7597668E+00  6.8613975E+02
 5.7614477E+00  6.8641813E+02
 5.7631286E+00  6.8669794E+02
 5.7648094E+00  6.8697917E+02
 5.7664903E+00  6.8726153E+02
 5.7681712E+00  6.8754532E+02
 5.7698520E+00  6.8783054E+02
 5.7715329E+00  6.8811721E+02
 5.7732138E+00  6.8840502E+02
 5.7748947E+00  6.8869429E+02
 5.7765755E+00  6.8898503E+02
 5.7782564E+00  6.8927722E+02
 5.7799373E+00  6.8957055E+02
 5.7816181E+00  6.8986537E+02
 5.7832990E+00  6.9016169E+02
 5.7849799E+00  6.9045947E+02
 5.7866607E+00  6.9075842E+02
 5.7883416E+00  6.9105887E+02
 5.7900225E+00  6.9136084E+02
 5.7917033E+00  6.9166433E+02
 5.7933842E+00  6.9196900E+02
 5.7950651E+00  6.9227517E+02
 5.7967460E+00  6.9258288E+02
 5.7984268E+00  6.9289214E+02
 5.8001077E+00  6.9320259E+02
 5.8017886E+00  6.9351460E+02
 5.8034694E+00  6.9382813E+02
 5.8051503E+00  6.9414323E+02
 5.8068312E+00  6.9445955E+02
 5.8085120E+00  6.9477744E+02
 5.8101929E+00  6.9509692E+02
 5.8118738E+00  6.9541796E+02
 5.8135547E+00  6.9574022E+02
 5.8152355E+00  6.9606409E+02
 5.8169164E+00  6.9638958E+02
 5.8185973E+00  6.9671668E+02
 5.8202781E+00  6.9704503E+02
 5.8219590E+00  6.9737496E+02
 5.8236399E+00  6.9770653E+02
 5.8253207E+00  6.9803975E+02
 5.8270016E+00  6.9837423E+02
 5.8286825E+00  6.9871037E+02
 5.8303633E+00  6.9904812E+02
 5.8320442E+00  6.9938755E+02
 5.8337251E+00  6.9972825E+02
 5.8354060E+00  7.0007064E+02
 5.8370868E+00  7.0041471E+02
 5.8387677E+00  7.0076044E+02
 5.8404486E+00  7.0110746E+02
 5.8421294E+00  7.0145619E+02
 5.8438103E+00  7.0180664E+02
 5.8454912E+00  7.0215882E+02
 5.8471720E+00  7.0251231E+02
 5.8488529E+00  7.0286748E+02
 5.8505338E+00  7.0322440E+02
 5.8522146E+00  7.0358307E+02
 5.8538955E+00  7.0394308E+02
 5.8555764E+00  7.0430485E+02
 5.8572573E+00  7.0466834E+02
 5.8589381E+00  7.0503360E+02
 5.8606190E+00  7.0540022E+02
 5.8622999E+00  7.0576864E+02
 5.8639807E+00  7.0613885E+02
 5.8656616E+00  7.0651082E+02
 5.8673425E+00  7.0688415E+02
 5.8690233E+00  7.0725931E+02
 5.8707042E+00  7.0763630E+02
 5.8723851E+00  7.0801514E+02
 5.8740660E+00  7.0839536E+02
 5.8757468E+00  7.0877736E+02
 5.8774277E+00  7.0916123E+02
 5.8791086E+00  7.0954698E+02
 5.8807894E+00  7.0993413E+02
 5.8824703E+00  7.1032316E+02
 5.8841512E+00  7.1071402E+02
 5.8858320E+00  7.1110678E+02
 5.8875129E+00  7.1150096E+02
 5.8891938E+00  7.1189706E+02
 5.8908746E+00  7.1229509E+02
 5.8925555E+00  7.1269498E+02
 5.8942364E+00  7.1309631E+02
 5.8959173E+00  7.1349959E+02
 5.8975981E+00  7.1390483E+02
 5.8992790E+00  7.1431203E+02
 5.9009599E+00  7.1472071E+02
 5.9026407E+00  7.1513128E+02
 5.9043216E+00  7.1554384E+02
 5.9060025E+00  7.1595840E+02
 5.9076833E+00  7.1637445E+02
 5.9093642E+00  7.1679252E+02
 5.9110451E+00  7.1721252E+02
 5.9127259E+00  7.1763456E+02
 5.9144068E+00  7.1805810E+02
 5.9160877E+00  7.1848370E+02
 5.9177686E+00  7.1891135E+02
 5.9194494E+00  7.1934098E+02
 5.9211303E+00  7.1977214E+02
 5.9228112E+00  7.2020539E+02
 5.9244920E+00  7.2064072E+02
 5.9261729E+00  7.2107816E+02
 5.9278538E+00  7.2151716E+02
 5.9295346E+00  7.2195818E+02
 5.9312155E+00  7.2240132E+02
 5.9328964E+00  7.2284661E+02
 5.9345773E+00  7.2329347E+02
 5.9362581E+00  7.2374249E+02
 5.9379390E+00  7.2419357E+02
 5.9396199E+00  7.2464682E+02
 5.9413007E+00  7.2510168E+02
 5.9429816E+00  7.2555873E+02
 5.9446625E+00  7.2601799E+02
 5.9463433E+00  7.2647934E+02
 5.9480242E+00  7.2694232E+02
 5.9497051E+00  7.2740753E+02
 5.9513859E+00  7.2787499E+02
 5.9530668E+00  7.2834469E+02
 5.9547477E+00  7.2881654E+02
 5.9564286E+00  7.2929005E+02
 5.9581094E+00  7.2976584E+02
 5.9597903E+00  7.3024392E+02
 5.9614712E+00  7.3072430E+02
 5.9631520E+00  7.3120637E+02
 5.9648329E+00  7.3169064E+02
 5.9665138E+00  7.3217723E+02
 5.9681946E+00  7.3266617E+02
 5.9698755E+00  7.3315682E+02
 5.9715564E+00  7.3364983E+02
 5.9732372E+00  7.3414508E+02
 5.9749181E+00  7.3464272E+02
 5.9765990E+00  7.3514209E+02
 5.9782799E+00  7.3564387E+02
 5.9799607E+00  7.3614806E+02
 5.9816416E+00  7.3665454E+02
 5.9833225E+00  7.3716279E+02
 5.9850033E+00  7.3767348E+02
 5.9866842E+00  7.3818663E+02
 5.9883651E+00  7.3870224E+02
 5.9900459E+00  7.3921966E+02
 5.9917268E+00  7.3973941E+02
 5.9934077E+00  7.4026167E+02
 5.9950886E+00  7.4078644E+02
 5.9967694E+00  7.4131303E+02
 5.9984503E+00  7.4184216E+02
 6.0001312E+00  7.4237368E+02
 6.0018120E+00  7.4290776E+02
 6.0034929E+00  7.4344369E+02
 6.0051738E+00  7.4398220E+02
 6.0068546E+00  7.4452330E+02
 6.0085355E+00  7.4506685E+02
 6.0102164E+00  7.4561228E+02
 6.0118972E+00  7.4616034E+02
 6.0135781E+00  7.4671103E+02
 6.0152590E+00  7.4726438E+02
 6.0169399E+00  7.4782023E+02
 6.0186207E+00  7.4837800E+02
 6.0203016E+00  7.4893846E+02
 6.0219825E+00  7.4950161E+02
 6.0236633E+00  7.5006749E+02
 6.0253442E+00  7.5063532E+02
 6.0270251E+00  7.5120571E+02
 6.0287059E+00  7.5177885E+02
 6.0303868E+00  7.5235476E+02
 6.0320677E+00  7.5293265E+02
 6.0337485E+00  7.5351333E+02
 6.0354294E+00  7.5409663E+02
 6.0371103E+00  7.5468275E+02
 6.0387912E+00  7.5527089E+02
 6.0404720E+00  7.5586186E+02
 6.0421529E+00  7.5645569E+02
 6.0438338E+00  7.5705240E+02
 6.0455146E+00  7.5765115E+02
 6.0471955E+00  7.5825261E+02
 6.0488764E+00  7.5885697E+02
 6.0505572E+00  7.5946426E+02
 6.0522381E+00  7.6007364E+02
 6.0539190E+00  7.6068597E+02
 6.0555999E+00  7.6130106E+02
 6.0572807E+00  7.6191912E+02
 6.0589616E+00  7.6254018E+02
 6.0606425E+00  7.6316338E+02
 6.0623233E+00  7.6378960E+02
 6.0640042E+00  7.6441864E+02
 6.0656851E+00  7.6505074E+02
 6.0673659E+00  7.6568501E+02
 6.0690468E+00  7.6632235E+02
 6.0707277E+00  7.6696280E+02
 6.0724085E+00  7.6760613E+02
 6.0740894E+00  7.6825167E+02
 6.0757703E+00  7.6890035E+02
 6.0774512E+00  7.6955218E+02
 6.0791320E+00  7.7020718E+02
 6.0808129E+00  7.7086444E+02
 6.0824938E+00  7.7152466E+02
 6.0841746E+00  7.7218810E+02
 6.0858555E+00  7.7285477E+02
 6.0875364E+00  7.7352469E+02
 6.0892172E+00  7.7419691E+02
 6.0908981E+00  7.7487217E+02
 6.0925790E+00  7.7555073E+02
 6.0942599E+00  7.7623260E+02
 6.0959407E+00  7.7691681E+02
 6.0976216E+00  7.7760437E+02
 6.0993025E+00  7.7829504E+02
 6.1009833E+00  7.7898909E+02
 6.1026642E+00  7.7968552E+02
 6.1043451E+00  7.8038536E+02
 6.1060259E+00  7.8108863E+02
 6.1077068E+00  7.8179509E+02
 6.1093877E+00  7.8250397E+02
 6.1110685E+00  7.8321633E+02
 6.1127494E+00  7.8393219E+02
 6.1144303E+00  7.8465157E+02
 6.1161112E+00  7.8537420E+02
 6.1177920E+00  7.8609933E+02
 6.1194729E+00  7.8682802E+02
 6.1211538E+00  7.8756030E+02
 6.1228346E+00  7.8829619E+02
 6.1245155E+00  7.8903461E+02
 6.1261964E+00  7.8977667E+02
 6.1278772E+00  7.9052211E+02
 6.1295581E+00  7.9127123E+02
 6.1312390E+00  7.9202292E+02
 6.1329198E+00  7.9277834E+02
 6.1346007E+00  7.9353749E+02
 6.1362816E+00  7.9430010E+02
 6.1379625E+00  7.9506534E+02
 6.1396433E+00  7.9583437E+02
 6.1413242E+00  7.9660721E+02
 6.1430051E+00  7.9738390E+02
 6.1446859E+00  7.9816412E+02
 6.1463668E+00  7.9894704E+02
 6.1480477E+00  7.9973385E+02
 6.1497285E+00  8.0052458E+02
 6.1514094E+00  8.0131925E+02
 6.1530903E+00  8.0211666E+02
 6.1547712E+00  8.0291773E+02
 6.1564520E+00  8.0372279E+02
 6.1581329E+00  8.0453187E+02
 6.1598138E+00  8.0534375E+02
 6.1614946E+00  8.0615970E+02
 6.1631755E+00  8.0697938E+02
 6.1648564E+00  8.0780317E+02
 6.1665372E+00  8.0863110E+02
 6.1682181E+00  8.0946189E+02
 6.1698990E+00  8.1029686E+02
 6.1715798E+00  8.1113567E+02
 6.1732607E+00  8.1197870E+02
 6.1749416E+00  8.1282465E+02
 6.1766225E+00  8.1367487E+02
 6.1783033E+00  8.1452938E+02
 6.1799842E+00  8.1538819E+02
 6.1816651E+00  8.1625097E+02
 6.1833459E+00  8.1711676E+02
 6.1850268E+00  8.1798693E+02
 6.1867077E+00  8.1886151E+02
 6.1883885E+00  8.1974052E+02
 6.1900694E+00  8.2062260E+02
 6.1917503E+00  8.2150876E+02
 6.1934311E+00  8.2239943E+02
 6.1951120E+00  8.2329463E+02
 6.1967929E+00  8.2419296E+02
 6.1984738E+00  8.2509587E+02
 6.2001546E+00  8.2600297E+02
 6.2018355E+00  8.2691470E+02
 6.2035164E+00  8.2783110E+02
 6.2051972E+00  8.2875071E+02
 6.2068781E+00  8.2967503E+02
 6.2085590E+00  8.3060365E+02
 6.2102398E+00  8.3153704E+02
 6.2119207E+00  8.3247372E+02
 6.2136016E+00  8.3341521E+02
 6.2152825E+00  8.3436154E+02
 6.2169633E+00  8.3531275E+02
 6.2186442E+00  8.3626841E+02
 6.2203251E+00  8.3722745E+02
 6.2220059E+00  8.3819145E+02
 6.2236868E+00  8.3916043E+02
 6.2253677E+00  8.4013443E+02
 6.2270485E+00  8.4111188E+02
 6.2287294E+00  8.4209393E+02
 6.2304103E+00  8.4308108E+02
 6.2320911E+00  8.4407336E+02
 6.2337720E+00  8.4507080E+02
 6.2354529E+00  8.4607180E+02
 6.2371338E+00  8.4707753E+02
 6.2388146E+00  8.4808851E+02
 6.2404955E+00  8.4910477E+02
 6.2421764E+00  8.5012466E+02
 6.2438572E+00  8.5114990E+02
 6.2455381E+00  8.5218000E+02
 6.2472190E+00  8.5321551E+02
 6.2488998E+00  8.5425646E+02
 6.2505807E+00  8.5530115E+02
 6.2522616E+00  8.5635134E+02
 6.2539424E+00  8.5740708E+02
 6.2556233E+00  8.5846786E+02
 6.2573042E+00  8.5953245E+02
 6.2589851E+00  8.6060268E+02
 6.2606659E+00  8.6167858E+02
 6.2623468E+00  8.6276019E+02
 6.2640277E+00  8.6384700E+02
 6.2657085E+00  8.6493774E+02
 6.2673894E+00  8.6603429E+02
 6.2690703E+00  8.6713668E+02
 6.2707511E+00  8.6824497E+02
 6.2724320E+00  8.6935728E+02
 6.2741129E+00  8.7047497E+02
 6.2757938E+00  8.7159864E+02
 6.2774746E+00  8.7272835E+02
 6.2791555E+00  8.7386413E+02
 6.2808364E+00  8.7500406E+02
 6.2825172E+00  8.7614952E+02
 6.2841981E+00  8.7730117E+02
 6.2858790E+00  8.7845904E+02
 6.2875598E+00  8.7962318E+02
 6.2892407E+00  8.8079159E+02
 6.2909216E+00  8.8196635E+02
 6.2926024E+00  8.8314686E+02
 6.2942833E+00  8.8433379E+02
 6.2959642E+00  8.8552509E+02
 6.2976451E+00  8.8672290E+02
 6.2993259E+00  8.8792725E+02
 6.3010068E+00  8.8913753E+02
 6.3026877E+00  8.9035444E+02
 6.3043685E+00  8.9157587E+02
 6.3060494E+00  8.9280401E+02
 6.3077303E+00  8.9403891E+02
 6.3094111E+00  8.9527993E+02
 6.3110920E+00  8.9652780E+02
 6.3127729E+00  8.9778033E+02
 6.3144537E+00  8.9903980E+02
 6.3161346E+00  9.0030625E+02
 6.3178155E+00  9.0157974E+02
 6.3194964E+00  9.0285800E+02
 6.3211772E+00  9.0414266E+02
 6.3228581E+00  9.0543449E+02
 6.3245390E+00  9.0673353E+02
 6.3262198E+00  9.0803984E+02
 6.3279007E+00  9.0935109E+02
 6.3295816E+00  9.1066895E+02
 6.3312624E+00  9.1199421E+02
 6.3329433E+00  9.1332693E+02
 6.3346242E+00  9.1466718E+02
 6.3363051E+00  9.1601253E+02
 6.3379859E+00  9.1736550E+02
 6.3396668E+00  9.1872533E+02
 6.3413477E+00  9.2009289E+02
 6.3430285E+00  9.2146823E+02
 6.3447094E+00  9.2284883E+02
 6.3463903E+00  9.2423733E+02
 6.3480711E+00  9.2563293E+02
 6.3497520E+00  9.2703651E+02
 6.3514329E+00  9.2844815E+02
 6.3531137E+00  9.2986524E+02
 6.3547946E+00  9.3129050E+02
 6.3564755E+00  9.3272309E+02
 6.3581564E+00  9.3416396E+02
 6.3598372E+00  9.3561043E+02
 6.3615181E+00  9.3706528E+02
 6.3631990E+00  9.3852856E+02
 6.3648798E+00  9.4000036E+02
 6.3665607E+00  9.4147981E+02
 6.3682416E+00  9.4296506E+02
 6.3699224E+00  9.4445899E+02
 6.3716033E+00  9.4596166E+02
 6.3732842E+00  9.4747315E+02
 6.3749651E+00  9.4899256E+02
 6.3766459E+00  9.5051797E+02
 6.3783268E+00  9.5205239E+02
 6.3800077E+00  9.5359586E+02
 6.3816885E+00  9.5514847E+02
 6.3833694E+00  9.5671029E+02
 6.3850503E+00  9.5827832E+02
 6.3867311E+00  9.5985468E+02
 6.3884120E+00  9.6144044E+02
 6.3900929E+00  9.6303567E+02
 6.3917737E+00  9.6464045E+02
 6.3934546E+00  9.6625167E+02
 6.3951355E+00  9.6787152E+02
 6.3968164E+00  9.6950112E+02
 6.3984972E+00  9.7114053E+02
 6.4001781E+00  9.7278986E+02
 6.4018590E+00  9.7444585E+02
 6.4035398E+00  9.7611190E+02
 6.4052207E+00  9.7778696E+02
 6.4069016E+00  9.7947221E+02
 6.4085824E+00  9.8116774E+02
 6.4102633E+00  9.8287018E+02
 6.4119442E+00  9.8458306E+02
 6.4136250E+00  9.8630527E+02
 6.4153059E+00  9.8803807E+02
 6.4169868E+00  9.8978153E+02
 6.4186677E+00  9.9153217E+02
 6.4203485E+00  9.9329364E+02
 6.4220294E+00  9.9506600E+02
 6.4237103E+00  9.9684813E+02
 6.4253911E+00  9.9864135E+02
 6.4270720E+00  1.0004420E+03
 6.4287529E+00  1.0022539E+03
 6.4304337E+00  1.0040771E+03
 6.4321146E+00  1.0059105E+03
 6.4337955E+00  1.0077553E+03
 6.4354764E+00  1.0096079E+03
 6.4371572E+00  1.0114722E+03
 6.4388381E+00  1.0133482E+03
 6.4405190E+00  1.0152361E+03
 6.4421998E+00  1.0171345E+03
 6.4438807E+00  1.0190410E+03
 6.4455616E+00  1.0209596E+03
 6.4472424E+00  1.0228905E+03
 6.4489233E+00  1.0248336E+03
 6.4506042E+00  1.0267878E+03
 6.4522850E+00  1.0287502E+03
 6.4539659E+00  1.0307253E+03
 6.4556468E+00  1.0327130E+03
 6.4573277E+00  1.0347135E+03
 6.4590085E+00  1.0367270E+03
 6.4606894E+00  1.0387490E+03
 6.4623703E+00  1.0407827E+03
 6.4640511E+00  1.0428295E+03
 6.4657320E+00  1.0448896E+03
 6.4674129E+00  1.0469632E+03
 6.4690937E+00  1.0490456E+03
 6.4707746E+00  1.0511417E+03
 6.4724555E+00  1.0532498E+03
 6.4741363E+00  1.0553718E+03
 6.4758172E+00  1.0575077E+03
 6.4774981E+00  1.0596528E+03
 6.4791790E+00  1.0618120E+03
 6.4808598E+00  1.0639838E+03
 6.4825407E+00  1.0661700E+03
 6.4842216E+00  1.0683656E+03
 6.4859024E+00  1.0705757E+03
 6.4875833E+00  1.0728005E+03
 6.4892642E+00  1.0750399E+03
 6.4909450E+00  1.0772925E+03
 6.4926259E+00  1.0795549E+03
 6.4943068E+00  1.0818324E+03
 6.4959877E+00  1.0841250E+03
 6.4976685E+00  1.0864328E+03
 6.4993494E+00  1.0887560E+03
 6.5010303E+00  1.0910894E+03
 6.5027111E+00  1.0934365E+03
 6.5043920E+00  1.0957993E+03
 6.5060729E+00  1.0981778E+03
 6.5077537E+00  1.1005723E+03
 6.5094346E+00  1.1029771E+03
 6.5111155E+00  1.1053962E+03
 6.5127963E+00  1.1078315E+03
 6.5144772E+00  1.1102830E+03
 6.5161581E+00  1.1127451E+03
 6.5178390E+00  1.1152237E+03
 6.5195198E+00  1.1177189E+03
 6.5212007E+00  1.1202287E+03
 6.5228816E+00  1.1227553E+03
 6.5245624E+00  1.1252927E+03
 6.5262433E+00  1.1278471E+03
 6.5279242E+00  1.1304184E+03
 6.5296050E+00  1.1330069E+03
 6.5312859E+00  1.1356062E+03
 6.5329668E+00  1.1382207E+03
 6.5346476E+00  1.1408526E+03
 6.5363285E+00  1.1435018E+03
 6.5380094E+00  1.1461619E+03
 6.5396903E+00  1.1488396E+03
 6.5413711E+00  1.1515349E+03
 6.5430520E+00  1.1542455E+03
 6.5447329E+00  1.1569670E+03
 6.5464137E+00  1.1597063E+03
 6.5480946E+00  1.1624632E+03
 6.5497755E+00  1.1652378E+03
 6.5514563E+00  1.1680232E+03
 6.5531372E+00  1.1708265E+03
 6.5548181E+00  1.1736451E+03
 6.5564990E+00  1.1764815E+03
 6.5581798E+00  1.1793283E+03
 6.5598607E+00  1.1821929E+03
 6.5615416E+00  1.1850752E+03
 6.5632224E+00  1.1879676E+03
 6.5649033E+00  1.1908751E+03
 6.5665842E+00  1.1938001E+03
 6.5682650E+00  1.1967348E+03
 6.5699459E+00  1.1996868E+03
 6.5716268E+00  1.2026559E+03
 6.5733076E+00  1.2056341E+03
 6.5749885E+00  1.2086292E+03
 6.5766694E+00  1.2116384E+03
 6.5783503E+00  1.2146559E+03
 6.5800311E+00  1.2176898E+03
 6.5817120E+00  1.2207396E+03
 6.5833929E+00  1.2237968E+03
 6.5850737E+00  1.2268696E+03
 6.5867546E+00  1.2299573E+03
 6.5884355E+00  1.2330514E+03
 6.5901163E+00  1.2361574E+03
 6.5917972E+00  1.2392689E+03
 6.5934781E+00  1.2423941E+03
 6.5951590E+00  1.2455236E+03
 6.5968398E+00  1.2486658E+03
 6.5985207E+00  1.2518199E+03
 6.6002016E+00  1.2549766E+03
 6.6018824E+00  1.2581442E+03
 6.6035633E+00  1.2613131E+03
 6.6052442E+00  1.2644890E+03
 6.6069250E+00  1.2676647E+03
 6.6086059E+00  1.2708395E+03
 6.6102868E+00  1.2740215E+03
 6.6119676E+00  1.2772005E+03
 6.6136485E+00  1.2803849E+03
 6.6153294E+00  1.2835643E+03
 6.6170103E+00  1.2867380E+03
 6.6186911E+00  1.2899139E+03
 6.6203720E+00  1.2930816E+03
 6.6220529E+00  1.2962400E+03
 6.6237337E+00  1.2993971E+03
 6.6254146E+00  1.3025421E+03
 6.6270955E+00  1.3056740E+03
 6.6287763E+00  1.3087914E+03
 6.6304572E+00  1.3118999E+03
 6.6321381E+00  1.3149906E+03
 6.6338189E+00  1.3180624E+03
 6.6354998E+00  1.3211137E+03
 6.6371807E+00  1.3241429E+03
 6.6388616E+00  1.3271484E+03
 6.6405424E+00  1.3301285E+03
 6.6422233E+00  1.3330817E+03
 6.6439042E+00  1.3360061E+03
 6.6455850E+00  1.3389001E+03
 6.6472659E+00  1.3417620E+03
 6.6489468E+00  1.3445901E+03
 6.6506276E+00  1.3473826E+03
 6.6523085E+00  1.3501306E+03
 6.6539894E+00  1.3528402E+03
 6.6556703E+00  1.3555092E+03
 6.6573511E+00  1.3581281E+03
 6.6590320E+00  1.3607039E+03
 6.6607129E+00  1.3632269E+03
 6.6623937E+00  1.3657041E+03
 6.6640746E+00  1.3681260E+03
 6.6657555E+00  1.3704922E+03
 6.6674363E+00  1.3728020E+03
 6.6691172E+00  1.3750613E+03
 6.6707981E+00  1.3772846E+03
 6.6724789E+00  1.3795096E+03
 6.6741598E+00  1.3817344E+03
 6.6758407E+00  1.3839592E+03
 6.6775216E+00  1.3861838E+03
 6.6792024E+00  1.3884084E+03
 6.6808833E+00  1.3906329E+03
 6.6825642E+00  1.3928572E+03
 6.6842450E+00  1.3950814E+03
 6.6859259E+00  1.3973055E+03
 6.6876068E+00  1.3995295E+03
 6.6892876E+00  1.4017533E+03
 6.6909685E+00  1.4039770E+03
 6.6926494E+00  1.4062006E+03
 6.6943302E+00  1.4084240E+03
 6.6960111E+00  1.4106472E+03
 6.6976920E+00  1.4128703E+03
 6.6993729E+00  1.4150931E+03
 6.7010537E+00  1.4173159E+03
 6.7027346E+00  1.4195384E+03
 6.7044155E+00  1.4217607E+03
 6.7060963E+00  1.4239829E+03
 6.7077772E+00  1.4262048E+03
 6.7094581E+00  1.4284265E+03
 6.7111389E+00  1.4306481E+03
 6.7128198E+00  1.4328694E+03
 6.7145007E+00  1.4350904E+03
 6.7161816E+00  1.4373113E+03
 6.7178624E+00  1.4395319E+03
 6.7195433E+00  1.4417522E+03
 6.7212242E+00  1.4439724E+03
 6.7229050E+00  1.4461922E+03
 6.7245859E+00  1.4484118E+03
 6.7262668E+00  1.4506312E+03
 6.7279476E+00  1.4528503E+03
 6.7296285E+00  1.4550691E+03
 6.7313094E+00  1.4572876E+03
 6.7329902E+00  1.4595058E+03
 6.7346711E+00  1.4617238E+03
 6.7363520E+00  1.4639414E+03
 6.7380329E+00  1.4661588E+03
 6.7397137E+00  1.4683758E+03
 6.7413946E+00  1.4705925E+03
 6.7430755E+00  1.4728090E+03
 6.7447563E+00  1.4750250E+03
 6.7464372E+00  1.4772408E+03
 6.7481181E+00  1.4794562E+03
 6.7497989E+00  1.4816713E+03
 6.7514798E+00  1.4838861E+03
 6.7531607E+00  1.4861005E+03
 6.7548415E+00  1.4883145E+03
 6.7565224E+00  1.4905282E+03
 6.7582033E+00  1.4927416E+03
 6.7598842E+00  1.4949545E+03
 6.7615650E+00  1.4971671E+03
 6.7632459E+00  1.4993793E+03
 6.7649268E+00  1.5015912E+03
 6.7666076E+00  1.5038026E+03
 6.7682885E+00  1.5060137E+03
 6.7699694E+00  1.5082243E+03
 6.7716502E+00  1.5104346E+03
 6.7733311E+00  1.5126444E+03
 6.7750120E+00  1.5148539E+03
 6.7766929E+00  1.5170629E+03
 6.7783737E+00  1.5192715E+03
 6.7800546E+00  1.5214797E+03
 6.7817355E+00  1.5236874E+03
 6.7834163E+00  1.5258947E+03
 6.7850972E+00  1.5281016E+03
 6.7867781E+00  1.5303080E+03
 6.7884589E+00  1.5325140E+03
 6.7901398E+00  1.5347195E+03
 6.7918207E+00  1.5369246E+03
 6.7935015E+00  1.5391292E+03
 6.7951824E+00  1.5413334E+03
 6.7968633E+00  1.5435371E+03
 6.7985442E+00  1.5457403E+03
 6.8002250E+00  1.5479430E+03
 6.8019059E+00  1.5501452E+03
 6.8035868E+00  1.5523470E+03
 6.8052676E+00  1.5545482E+03
 6.8069485E+00  1.5567490E+03
 6.8086294E+00  1.5589493E+03
 6.8103102E+00  1.5611490E+03
 6.8119911E+00  1.5633483E+03
 6.8136720E+00  1.5655470E+03
 6.8153528E+00  1.5677452E+03
 6.8170337E+00  1.5699429E+03
 6.8187146E+00  1.5721401E+03
 6.8203955E+00  1.5743368E+03
 6.8220763E+00  1.5765329E+03
 6.8237572E+00  1.5787284E+03
 6.8254381E+00  1.5809235E+03
 6.8271189E+00  1.5831180E+03
 6.8287998E+00  1.5853119E+03
 6.8304807E+00  1.5875053E+03
 6.8321615E+00  1.5896981E+03
 6.8338424E+00  1.5918904E+03
 6.8355233E+00  1.5940821E+03
 6.8372042E+00  1.5962732E+03
 6.8388850E+00  1.5984637E+03
 6.8405659E+00  1.6006537E+03
 6.8422468E+00  1.6028431E+03
 6.8439276E+00  1.6050319E+03
 6.8456085E+00  1.6072201E+03
 6.8472894E+00  1.6094078E+03
 6.8489702E+00  1.6115948E+03
 6.8506511E+00  1.6137812E+03
 6.8523320E+00  1.6159671E+03
 6.8540128E+00  1.6181523E+03
 6.8556937E+00  1.6203369E+03
 6.8573746E+00  1.6225209E+03
 6.8590555E+00  1.6247043E+03
 6.8607363E+00  1.6268870E+03
 6.8624172E+00  1.6290691E+03
 6.8640981E+00  1.6312506E+03
 6.8657789E+00  1.6334315E+03
 6.8674598E+00  1.6356117E+03
 6.8691407E+00  1.6377913E+03
 6.8708215E+00  1.6399702E+03
 6.8725024E+00  1.6421485E+03
 6.8741833E+00  1.6443262E+03
 6.8758642E+00  1.6465032E+03
 6.8775450E+00  1.6486795E+03
 6.8792259E+00  1.6508552E+03
 6.8809068E+00  1.6530302E+03
 6.8825876E+00  1.6552045E+03
 6.8842685E+00  1.6573782E+03
 6.8859494E+00  1.6595512E+03
 6.8876302E+00  1.6617235E+03
 6.8893111E+00  1.6638951E+03
 6.8909920E+00  1.6660661E+03
 6.8926728E+00  1.6682363E+03
 6.8943537E+00  1.6704059E+03
 6.8960346E+00  1.6725748E+03
 6.8977155E+00  1.6747429E+03
 6.8993963E+00  1.6769104E+03
 6.9010772E+00  1.6790772E+03
 6.9027581E+00  1.6812432E+03
 6.9044389E+00  1.6834086E+03
 6.9061198E+00  1.6855732E+03
 6.9078007E+00  1.6877371E+03
 6.9094815E+00  1.6899003E+03
 6.9111624E+00  1.6920628E+03
 6.9128433E+00  1.6942245E+03
 6.9145241E+00  1.6963856E+03
 6.9162050E+00  1.6985458E+03
 6.9178859E+00  1.7007054E+03
 6.9195668E+00  1.7028642E+03
 6.9212476E+00  1.7050223E+03
 6.9229285E+00  1.7071796E+03
 6.9246094E+00  1.7093361E+03
 6.9262902E+00  1.7114920E+03
 6.9279711E+00  1.7136470E+03
 6.9296520E+00  1.7158013E+03
 6.9313328E+00  1.7179549E+03
 6.9330137E+00  1.7201077E+03
 6.9346946E+00  1.7222597E+03
 6.9363755E+00  1.7244109E+03
 6.9380563E+00  1.7265614E+03
 6.9397372E+00  1.7287111E+03
 6.9414181E+00  1.7308600E+03
 6.9430989E+00  1.7330082E+03
 6.9447798E+00  1.7351556E+03
 6.9464607E+00  1.7373021E+03
 6.9481415E+00  1.7394479E+03
 6.9498224E+00  1.7415929E+03
 6.9515033E+00  1.7437371E+03
 6.9531841E+00  1.7458805E+03
 6.9548650E+00  1.7480231E+03
 6.9565459E+00  1.7501649E+03
 6.9582268E+00  1.7523059E+03
 6.9599076E+00  1.7544461E+03
 6.9615885E+00  1.7565855E+03
 6.9632694E+00  1.7587241E+03
 6.9649502E+00  1.7608618E+03
 6.9666311E+00  1.7629987E+03
 6.9683120E+00  1.7651348E+03
 6.9699928E+00  1.7672701E+03
 6.9716737E+00  1.7694046E+03
 6.9733546E+00  1.7715382E+03
 6.9750354E+00  1.7736710E+03
 6.9767163E+00  1.7758030E+03
 6.9783972E+00  1.7779341E+03
 6.9800781E+00  1.7800644E+03
 6.9817589E+00  1.7821938E+03
 6.9834398E+00  1.7843224E+03
 6.9851207E+00  1.7864501E+03
 6.9868015E+00  1.7885770E+03
 6.9884824E+00  1.7907031E+03
 6.9901633E+00  1.7928283E+03
 6.9918441E+00  1.7949526E+03
 6.9935250E+00  1.7970761E+03
 6.9952059E+00  1.7991987E+03
 6.9968868E+00  1.8013205E+03
 6.9985676E+00  1.8034413E+03
 7.0002485E+00  1.8055613E+03
 7.0019294E+00  1.8076805E+03
 7.0036102E+00  1.8097988E+03
 7.0052911E+00  1.8119161E+03
 7.0069720E+00  1.8140327E+03
 7.0086528E+00  1.8161483E+03
 7.0103337E+00  1.8182630E+03
 7.0120146E+00  1.8203769E+03
 7.0136954E+00  1.8224899E+03
 7.0153763E+00  1.8246019E+03
 7.0170572E+00  1.8267131E+03
 7.0187381E+00  1.8288234E+03
 7.0204189E+00  1.8309328E+03
 7.0220998E+00  1.8330413E+03
 7.0237807E+00  1.8351489E+03
 7.0254615E+00  1.8372556E+03
 7.0271424E+00  1.8393614E+03
 7.0271424E+00  1.8401520E+03
 7.0274786E+00  1.8409432E+03
 7.0278147E+00  1.8417343E+03
 7.0281509E+00  1.8425254E+03
 7.0284871E+00  1.8433165E+03
 7.0288233E+00  1.8441077E+03
 7.0291594E+00  1.8448988E+03
 7.0294956E+00  1.8456898E+03
 7.0298318E+00  1.8464809E+03
 7.0301680E+00  1.8472720E+03
 7.0305041E+00  1.8480630E+03
 7.0308403E+00  1.8488540E+03
 7.0311765E+00  1.8496451E+03
 7.0315127E+00  1.8504361E+03
 7.0318488E+00  1.8512271E+03
 7.0321850E+00  1.8520180E+03
 7.0325212E+00  1.8528090E+03
 7.0328574E+00  1.8535999E+03
 7.0331935E+00  1.8543909E+03
 7.0335297E+00  1.8551818E+03
 7.0338659E+00  1.8559727E+03
 7.0342021E+00  1.8567636E+03
 7.0345382E+00  1.8575545E+03
 7.0348744E+00  1.8583453E+03
 7.0352106E+00  1.8591362E+03
 7.0355467E+00  1.8599270E+03
 7.0358829E+00  1.8607178E+03
 7.0362191E+00  1.8615086E+03
 7.0365553E+00  1.8622993E+03
 7.0368914E+00  1.8630901E+03
 7.0372276E+00  1.8638808E+03
 7.0375638E+00  1.8646715E+03
 7.0379000E+00  1.8654622E+03
 7.0382361E+00  1.8662529E+03
 7.0385723E+00  1.8670436E+03
 7.0389085E+00  1.8678342E+03
 7.0392447E+00  1.8686249E+03
 7.0395808E+00  1.8694155E+03
 7.0399170E+00  1.8702061E+03
 7.0402532E+00  1.8709966E+03
 7.0405894E+00  1.8717872E+03
 7.0409255E+00  1.8725777E+03
 7.0412617E+00  1.8733682E+03
 7.0415979E+00  1.8741587E+03
 7.0419341E+00  1.8749491E+03
 7.0422702E+00  1.8757396E+03
 7.0426064E+00  1.8765300E+03
 7.0429426E+00  1.8773204E+03
 7.0432787E+00  1.8781108E+03
 7.0436149E+00  1.8789011E+03
 7.0439511E+00  1.8796915E+03
 7.0442873E+00  1.8804818E+03
 7.0446234E+00  1.8812721E+03
 7.0449596E+00  1.8820623E+03
 7.0452958E+00  1.8828526E+03
 7.0456320E+00  1.8836428E+03
 7.0459681E+00  1.8844330E+03
 7.0463043E+00  1.8852232E+03
 7.0466405E+00  1.8860133E+03
 7.0469767E+00  1.8868035E+03
 7.0473128E+00  1.8875936E+03
 7.0476490E+00  1.8883836E+03
 7.0479852E+00  1.8891737E+03
 7.0483214E+00  1.8899637E+03
 7.0486575E+00  1.8907537E+03
 7.0489937E+00  1.8915437E+03
 7.0493299E+00  1.8923336E+03
 7.0496661E+00  1.8931235E+03
 7.0500022E+00  1.8939134E+03
 7.0503384E+00  1.8947033E+03
 7.0506746E+00  1.8954931E+03
 7.0510107E+00  1.8962830E+03
 7.0513469E+00  1.8970727E+03
 7.0516831E+00  1.8978625E+03
 7.0520193E+00  1.8986522E+03
 7.0523554E+00  1.8994419E+03
 7.0526916E+00  1.9002316E+03
 7.0530278E+00  1.9010213E+03
 7.0533640E+00  1.9018109E+03
 7.0537001E+00  1.9026005E+03
 7.0540363E+00  1.9033900E+03
 7.0543725E+00  1.9041796E+03
 7.0547087E+00  1.9049691E+03
 7.0550448E+00  1.9057586E+03
 7.0553810E+00  1.9065480E+03
 7.0557172E+00  1.9073374E+03
 7.0560534E+00  1.9081268E+03
 7.0563895E+00  1.9089162E+03
 7.0567257E+00  1.9097055E+03
 7.0570619E+00  1.9104948E+03
 7.0573981E+00  1.9112840E+03
 7.0577342E+00  1.9120733E+03
 7.0580704E+00  1.9128625E+03
 7.0584066E+00  1.9136516E+03
 7.0587427E+00  1.9144408E+03
 7.0590789E+00  1.9152299E+03
 7.0594151E+00  1.9160189E+03
 7.0597513E+00  1.9168080E+03
 7.0600874E+00  1.9175970E+03
 7.0604236E+00  1.9183859E+03
 7.0607598E+00  1.9191749E+03
 7.0610960E+00  1.9199638E+03
 7.0614321E+00  1.9207527E+03
 7.0617683E+00  1.9215415E+03
 7.0621045E+00  1.9223303E+03
 7.0624407E+00  1.9231191E+03
 7.0627768E+00  1.9239078E+03
 7.0631130E+00  1.9246965E+03
 7.0634492E+00  1.9254852E+03
 7.0637854E+00  1.9262738E+03
 7.0641215E+00  1.9270624E+03
 7.0644577E+00  1.9278510E+03
 7.0647939E+00  1.9286395E+03
 7.0651301E+00  1.9294280E+03
 7.0654662E+00  1.9302164E+03
 7.0658024E+00  1.9310048E+03
 7.0661386E+00  1.9317932E+03
 7.0664747E+00  1.9325816E+03
 7.0668109E+00  1.9333699E+03
 7.0671471E+00  1.9341581E+03
 7.0674833E+00  1.9349464E+03
 7.0678194E+00  1.9357346E+03
 7.0681556E+00  1.9365227E+03
 7.0684918E+00  1.9373108E+03
 7.0688280E+00  1.9380989E+03
 7.0691641E+00  1.9388870E+03
 7.0695003E+00  1.9396750E+03
 7.0698365E+00  1.9404629E+03
 7.0701727E+00  1.9412508E+03
 7.0705088E+00  1.9420387E+03
 7.0708450E+00  1.9428266E+03
 7.0711812E+00  1.9436144E+03
 7.0715174E+00  1.9444021E+03
 7.0718535E+00  1.9451899E+03
 7.0721897E+00  1.9459776E+03
 7.0725259E+00  1.9467652E+03
 7.0728621E+00  1.9475528E+03
 7.0731982E+00  1.9483404E+03
 7.0735344E+00  1.9491279E+03
 7.0738706E+00  1.9499154E+03
 7.0742067E+00  1.9507028E+03
 7.0745429E+00  1.9514902E+03
 7.0748791E+00  1.9522776E+03
 7.0752153E+00  1.9530649E+03
 7.0755514E+00  1.9538521E+03
 7.0758876E+00  1.9546394E+03
 7.0762238E+00  1.9554266E+03
 7.0765600E+00  1.9562137E+03
 7.0768961E+00  1.9570008E+03
 7.0772323E+00  1.9577879E+03
 7.0775685E+00  1.9585749E+03
 7.0779047E+00  1.9593618E+03
 7.0782408E+00  1.9601488E+03
 7.0785770E+00  1.9609357E+03
 7.0789132E+00  1.9617225E+03
 7.0792494E+00  1.9625093E+03
 7.0795855E+00  1.9632960E+03
 7.0799217E+00  1.9640827E+03
 7.0802579E+00  1.9648694E+03
 7.0805941E+00  1.9656560E+03
 7.0809302E+00  1.9664426E+03
 7.0812664E+00  1.9672291E+03
 7.0816026E+00  1.9680156E+03
 7.0819387E+00  1.9688020E+03
 7.0822749E+00  1.9695884E+03
 7.0826111E+00  1.9703747E+03
 7.0829473E+00  1.9711610E+03
 7.0832834E+00  1.9719473E+03
 7.0836196E+00  1.9727335E+03
 7.0839558E+00  1.9735196E+03
 7.0842920E+00  1.9743057E+03
 7.0846281E+00  1.9750918E+03
 7.0849643E+00  1.9758778E+03
 7.0853005E+00  1.9766637E+03
 7.0856367E+00  1.9774496E+03
 7.0859728E+00  1.9782355E+03
 7.0863090E+00  1.9790213E+03
 7.0866452E+00  1.9798071E+03
 7.0869814E+00  1.9805928E+03
 7.0873175E+00  1.9813785E+03
 7.0876537E+00  1.9821641E+03
 7.0879899E+00  1.9829497E+03
 7.0883261E+00  1.9837352E+03
 7.0886622E+00  1.9845206E+03
 7.0889984E+00  1.9853061E+03
 7.0893346E+00  1.9860914E+03
 7.0896707E+00  1.9868767E+03
 7.0900069E+00  1.9876620E+03
 7.0903431E+00  1.9884472E+03
 7.0906793E+00  1.9892324E+03
 7.0910154E+00  1.9900175E+03
 7.0913516E+00  1.9908026E+03
 7.0916878E+00  1.9915876E+03
 7.0920240E+00  1.9923725E+03
 7.0923601E+00  1.9931574E+03
 7.0926963E+00  1.9939423E+03
 7.0930325E+00  1.9947271E+03
 7.0933687E+00  1.9955119E+03
 7.0937048E+00  1.9962966E+03
 7.0940410E+00  1.9970812E+03
 7.0943772E+00  1.9978658E+03
 7.0947134E+00  1.9986503E+03
 7.0950495E+00  1.9994348E+03
 7.0953857E+00  2.0002192E+03
 7.0957219E+00  2.0010036E+03
 7.0960580E+00  2.0017879E+03
 7.0963942E+00  2.0025722E+03
 7.0967304E+00  2.0033564E+03
 7.0970666E+00  2.0041406E+03
 7.0974027E+00  2.0049247E+03
 7.0977389E+00  2.0057087E+03
 7.0980751E+00  2.0064927E+03
 7.0984113E+00  2.0072767E+03
 7.0987474E+00  2.0080606E+03
 7.0990836E+00  2.0088444E+03
 7.0994198E+00  2.0096282E+03
 7.0997560E+00  2.0104119E+03
 7.1000921E+00  2.0111955E+03
 7.1004283E+00  2.0119791E+03
 7.1007645E+00  2.0127627E+03
 7.1011007E+00  2.0135462E+03
 7.1014368E+00  2.0143296E+03
 7.1017730E+00  2.0151130E+03
 7.1021092E+00  2.0158963E+03
 7.1024454E+00  2.0166796E+03
 7.1027815E+00  2.0174628E+03
 7.1031177E+00  2.0182459E+03
 7.1034539E+00  2.0190290E+03
 7.1037900E+00  2.0198120E+03
 7.1041262E+00  2.0205950E+03
 7.1044624E+00  2.0213779E+03
 7.1047986E+00  2.0221608E+03
 7.1051347E+00  2.0229436E+03
 7.1054709E+00  2.0237263E+03
 7.1058071E+00  2.0245090E+03
 7.1061433E+00  2.0252916E+03
 7.1064794E+00  2.0260742E+03
 7.1068156E+00  2.0268566E+03
 7.1071518E+00  2.0276391E+03
 7.1074880E+00  2.0284215E+03
 7.1078241E+00  2.0292038E+03
 7.1081603E+00  2.0299860E+03
 7.1084965E+00  2.0307682E+03
 7.1088327E+00  2.0315504E+03
 7.1091688E+00  2.0323324E+03
 7.1095050E+00  2.0331145E+03
 7.1098412E+00  2.0338964E+03
 7.1101774E+00  2.0346783E+03
 7.1105135E+00  2.0354601E+03
 7.1108497E+00  2.0362419E+03
 7.1111859E+00  2.0370236E+03
 7.1115220E+00  2.0378052E+03
 7.1118582E+00  2.0385868E+03
 7.1121944E+00  2.0393683E+03
 7.1125306E+00  2.0401498E+03
 7.1128667E+00  2.0409312E+03
 7.1132029E+00  2.0417125E+03
 7.1135391E+00  2.0424938E+03
 7.1138753E+00  2.0432750E+03
 7.1142114E+00  2.0440561E+03
 7.1145476E+00  2.0448372E+03
 7.1148838E+00  2.0456182E+03
 7.1152200E+00  2.0463991E+03
 7.1155561E+00  2.0471800E+03
 7.1158923E+00  2.0479608E+03
 7.1162285E+00  2.0487416E+03
 7.1165647E+00  2.0495222E+03
 7.1169008E+00  2.0503029E+03
 7.1172370E+00  2.0510834E+03
 7.1175732E+00  2.0518639E+03
 7.1179094E+00  2.0526443E+03
 7.1182455E+00  2.0534247E+03
 7.1185817E+00  2.0542050E+03
 7.1189179E+00  2.0549852E+03
 7.1192540E+00  2.0557654E+03
 7.1195902E+00  2.0565455E+03
 7.1199264E+00  2.0573255E+03
 7.1202626E+00  2.0581055E+03
 7.1205987E+00  2.0588854E+03
 7.1209349E+00  2.0596652E+03
 7.1212711E+00  2.0604449E+03
 7.1216073E+00  2.0612246E+03
 7.1219434E+00  2.0620043E+03
 7.1222796E+00  2.0627838E+03
 7.1226158E+00  2.0635633E+03
 7.1229520E+00  2.0643427E+03
 7.1232881E+00  2.0651221E+03
 7.1236243E+00  2.0659014E+03
 7.1239605E+00  2.0666806E+03
 7.1242967E+00  2.0674597E+03
 7.1246328E+00  2.0682388E+03
 7.1249690E+00  2.0690178E+03
 7.1253052E+00  2.0697967E+03
 7.1256414E+00  2.0705756E+03
 7.1259775E+00  2.0713544E+03
 7.1263137E+00  2.0721331E+03
 7.1266499E+00  2.0729118E+03
 7.1269860E+00  2.0736904E+03
 7.1273222E+00  2.0744689E+03
 7.1276584E+00  2.0752474E+03
 7.1279946E+00  2.0760257E+03
 7.1283307E+00  2.0768041E+03
 7.1286669E+00  2.0775823E+03
 7.1290031E+00  2.0783605E+03
 7.1293393E+00  2.0791386E+03
 7.1296754E+00  2.0799166E+03
 7.1300116E+00  2.0806945E+03
 7.1303478E+00  2.0814724E+03
 7.1306840E+00  2.0822502E+03
 7.1310201E+00  2.0830280E+03
 7.1313563E+00  2.0838056E+03
 7.1316925E+00  2.0845832E+03
 7.1320287E+00  2.0853607E+03
 7.1323648E+00  2.0861382E+03
 7.1327010E+00  2.0869156E+03
 7.1330372E+00  2.0876929E+03
 7.1333734E+00  2.0884701E+03
 7.1337095E+00  2.0892472E+03
 7.1340457E+00  2.0900243E+03
 7.1343819E+00  2.0908013E+03
 7.1347180E+00  2.0915783E+03
 7.1350542E+00  2.0923551E+03
 7.1353904E+00  2.0931319E+03
 7.1357266E+00  2.0939086E+03
 7.1360627E+00  2.0946853E+03
 7.1363989E+00  2.0954618E+03
 7.1367351E+00  2.0962383E+03
 7.1370713E+00  2.0970147E+03
 7.1374074E+00  2.0977911E+03
 7.1377436E+00  2.0985673E+03
 7.1380798E+00  2.0993435E+03
 7.1384160E+00  2.1001196E+03
 7.1387521E+00  2.1008957E+03
 7.1390883E+00  2.1016716E+03
 7.1394245E+00  2.1024475E+03
 7.1397607E+00  2.1032233E+03
 7.1400968E+00  2.1039991E+03
 7.1404330E+00  2.1047747E+03
 7.1407692E+00  2.1055503E+03
 7.1411054E+00  2.1063258E+03
 7.1414415E+00  2.1071012E+03
 7.1417777E+00  2.1078766E+03
 7.1421139E+00  2.1086518E+03
 7.1424500E+00  2.1094270E+03
 7.1427862E+00  2.1102021E+03
 7.1431224E+00  2.1109772E+03
 7.1434586E+00  2.1117521E+03
 7.1437947E+00  2.1125270E+03
 7.1441309E+00  2.1133018E+03
 7.1444671E+00  2.1140766E+03
 7.1448033E+00  2.1148512E+03
 7.1451394E+00  2.1156258E+03
 7.1454756E+00  2.1164003E+03
 7.1458118E+00  2.1171747E+03
 7.1461480E+00  2.1179490E+03
 7.1464841E+00  2.1187233E+03
 7.1468203E+00  2.1194974E+03
 7.1471565E+00  2.1202715E+03
 7.1474927E+00  2.1210455E+03
 7.1478288E+00  2.1218195E+03
 7.1481650E+00  2.1225933E+03
 7.1485012E+00  2.1233671E+03
 7.1488374E+00  2.1241408E+03
 7.1491735E+00  2.1249144E+03
 7.1495097E+00  2.1256880E+03
 7.1498459E+00  2.1264614E+03
 7.1501820E+00  2.1272348E+03
 7.1505182E+00  2.1280081E+03
 7.1508544E+00  2.1287813E+03
 7.1511906E+00  2.1295544E+03
 7.1515267E+00  2.1303275E+03
 7.1518629E+00  2.1311004E+03
 7.1521991E+00  2.1318733E+03
 7.1525353E+00  2.1326461E+03
 7.1528714E+00  2.1334188E+03
 7.1532076E+00  2.1341915E+03
 7.1535438E+00  2.1349640E+03
 7.1538800E+00  2.1357365E+03
 7.1542161E+00  2.1365089E+03
 7.1545523E+00  2.1372812E+03
 7.1548885E+00  2.1380534E+03
 7.1552247E+00  2.1388256E+03
 7.1555608E+00  2.1395976E+03
 7.1558970E+00  2.1403696E+03
 7.1562332E+00  2.1411415E+03
 7.1565694E+00  2.1419133E+03
 7.1569055E+00  2.1426850E+03
 7.1572417E+00  2.1434567E+03
 7.1575779E+00  2.1442282E+03
 7.1579140E+00  2.1449997E+03
 7.1582502E+00  2.1457711E+03
 7.1585864E+00  2.1465424E+03
 7.1589226E+00  2.1473136E+03
 7.1592587E+00  2.1480847E+03
 7.1595949E+00  2.1488558E+03
 7.1599311E+00  2.1496267E+03
 7.1602673E+00  2.1503976E+03
 7.1606034E+00  2.1511684E+03
 7.1609396E+00  2.1519391E+03
 7.1612758E+00  2.1527097E+03
 7.1616120E+00  2.1534803E+03
 7.1619481E+00  2.1542507E+03
 7.1622843E+00  2.1550211E+03
 7.1626205E+00  2.1557914E+03
 7.1629567E+00  2.1565616E+03
 7.1632928E+00  2.1573317E+03
 7.1636290E+00  2.1581017E+03
 7.1639652E+00  2.1588716E+03
 7.1643013E+00  2.1596415E+03
 7.1646375E+00  2.1604112E+03
 7.1649737E+00  2.1611809E+03
 7.1653099E+00  2.1619505E+03
 7.1656460E+00  2.1627200E+03
 7.1659822E+00  2.1634894E+03
 7.1663184E+00  2.1642587E+03
 7.1666546E+00  2.1650279E+03
 7.1669907E+00  2.1657971E+03
 7.1673269E+00  2.1665661E+03
 7.1676631E+00  2.1673351E+03
 7.1679993E+00  2.1681040E+03
 7.1683354E+00  2.1688728E+03
 7.1686716E+00  2.1696415E+03
 7.1690078E+00  2.1704101E+03
 7.1693440E+00  2.1711786E+03
 7.1696801E+00  2.1719470E+03
 7.1700163E+00  2.1727154E+03
 7.1703525E+00  2.1734836E+03
 7.1706887E+00  2.1742518E+03
 7.1710248E+00  2.1750199E+03
 7.1713610E+00  2.1757879E+03
 7.1716972E+00  2.1765558E+03
 7.1720333E+00  2.1773236E+03
 7.1723695E+00  2.1780913E+03
 7.1727057E+00  2.1788589E+03
 7.1730419E+00  2.1796264E+03
 7.1733780E+00  2.1803939E+03
 7.1737142E+00  2.1811612E+03
 7.1740504E+00  2.1819285E+03
 7.1743866E+00  2.1826957E+03
 7.1747227E+00  2.1834628E+03
 7.1750589E+00  2.1842297E+03
 7.1753951E+00  2.1849966E+03
 7.1757313E+00  2.1857635E+03
 7.1760674E+00  2.1865302E+03
 7.1764036E+00  2.1872968E+03
 7.1767398E+00  2.1880633E+03
 7.1770760E+00  2.1888298E+03
 7.1774121E+00  2.1895961E+03
 7.1777483E+00  2.1903624E+03
 7.1780845E+00  2.1911285E+03
 7.1784207E+00  2.1918946E+03
 7.1787568E+00  2.1926606E+03
 7.1790930E+00  2.1934264E+03
 7.1794292E+00  2.1941922E+03
 7.1797653E+00  2.1949579E+03
 7.1801015E+00  2.1957235E+03
 7.1804377E+00  2.1964890E+03
 7.1807739E+00  2.1972545E+03
 7.1811100E+00  2.1980198E+03
 7.1814462E+00  2.1987850E+03
 7.1817824E+00  2.1995502E+03
 7.1821186E+00  2.2003152E+03
 7.1824547E+00  2.2010801E+03
 7.1827909E+00  2.2018450E+03
 7.1831271E+00  2.2026097E+03
 7.1834633E+00  2.2033744E+03
 7.1837994E+00  2.2041390E+03
 7.1841356E+00  2.2049035E+03
 7.1844718E+00  2.2056678E+03
 7.1848080E+00  2.2064321E+03
 7.1851441E+00  2.2071963E+03
 7.1854803E+00  2.2079604E+03
 7.1858165E+00  2.2087244E+03
 7.1861527E+00  2.2094883E+03
 7.1864888E+00  2.2102521E+03
 7.1868250E+00  2.2110158E+03
 7.1871612E+00  2.2117794E+03
 7.1874973E+00  2.2125429E+03
 7.1878335E+00  2.2133064E+03
 7.1881697E+00  2.2140697E+03
 7.1885059E+00  2.2148329E+03
 7.1888420E+00  2.2155960E+03
 7.1891782E+00  2.2163591E+03
 7.1895144E+00  2.2171220E+03
 7.1898506E+00  2.2178849E+03
 7.1901867E+00  2.2186476E+03
 7.1905229E+00  2.2194102E+03
 7.1908591E+00  2.2201728E+03
 7.1911953E+00  2.2209352E+03
 7.1915314E+00  2.2216976E+03
 7.1918676E+00  2.2224599E+03
 7.1922038E+00  2.2232220E+03
 7.1925400E+00  2.2239841E+03
 7.1928761E+00  2.2247460E+03
 7.1932123E+00  2.2255079E+03
 7.1935485E+00  2.2262697E+03
 7.1938847E+00  2.2270313E+03
 7.1942208E+00  2.2277929E+03
 7.1945570E+00  2.2285544E+03
 7.1948932E+00  2.2293157E+03
 7.1952293E+00  2.2300770E+03
 7.1955655E+00  2.2308382E+03
 7.1959017E+00  2.2315992E+03
 7.1962379E+00  2.2323602E+03
 7.1965740E+00  2.2331211E+03
 7.1969102E+00  2.2338819E+03
 7.1972464E+00  2.2346425E+03
 7.1975826E+00  2.2354031E+03
 7.1979187E+00  2.2361636E+03
 7.1982549E+00  2.2369240E+03
 7.1985911E+00  2.2376842E+03
 7.1989273E+00  2.2384444E+03
 7.1992634E+00  2.2392045E+03
 7.1995996E+00  2.2399645E+03
 7.1999358E+00  2.2407243E+03
 7.2002720E+00  2.2414841E+03
 7.2006081E+00  2.2422438E+03
 7.2009443E+00  2.2430033E+03
 7.2012805E+00  2.2437628E+03
 7.2016167E+00  2.2445222E+03
 7.2019528E+00  2.2452814E+03
 7.2022890E+00  2.2460406E+03
 7.2026252E+00  2.2467996E+03
 7.2029613E+00  2.2475586E+03
 7.2032975E+00  2.2483175E+03
 7.2036337E+00  2.2490762E+03
 7.2039699E+00  2.2498349E+03
 7.2043060E+00  2.2505934E+03
 7.2046422E+00  2.2513519E+03
 7.2049784E+00  2.2521102E+03
 7.2053146E+00  2.2528685E+03
 7.2056507E+00  2.2536266E+03
 7.2059869E+00  2.2543846E+03
 7.2063231E+00  2.2551426E+03
 7.2066593E+00  2.2559004E+03
 7.2069954E+00  2.2566581E+03
 7.2073316E+00  2.2574157E+03
 7.2076678E+00  2.2581733E+03
 7.2080040E+00  2.2589307E+03
 7.2083401E+00  2.2596880E+03
 7.2086763E+00  2.2604452E+03
 7.2090125E+00  2.2612023E+03
 7.2093487E+00  2.2619593E+03
 7.2096848E+00  2.2627162E+03
 7.2100210E+00  2.2634730E+03
 7.2103572E+00  2.2642297E+03
 7.2106933E+00  2.2649863E+03
 7.2110295E+00  2.2657428E+03
 7.2113657E+00  2.2664991E+03
 7.2117019E+00  2.2672554E+03
 7.2120380E+00  2.2680116E+03
 7.2123742E+00  2.2687676E+03
 7.2127104E+00  2.2695236E+03
 7.2130466E+00  2.2702794E+03
 7.2133827E+00  2.2710352E+03
 7.2137189E+00  2.2717908E+03
 7.2140551E+00  2.2725463E+03
 7.2143913E+00  2.2733018E+03
 7.2147274E+00  2.2740571E+03
 7.2150636E+00  2.2748123E+03
 7.2153998E+00  2.2755674E+03
 7.2157360E+00  2.2763224E+03
 7.2160721E+00  2.2770773E+03
 7.2164083E+00  2.2778321E+03
 7.2167445E+00  2.2785868E+03
 7.2170807E+00  2.2793414E+03
 7.2174168E+00  2.2800958E+03
 7.2177530E+00  2.2808502E+03
 7.2180892E+00  2.2816044E+03
 7.2184253E+00  2.2823586E+03
 7.2187615E+00  2.2831126E+03
 7.2190977E+00  2.2838666E+03
 7.2194339E+00  2.2846204E+03
 7.2197700E+00  2.2853741E+03
 7.2201062E+00  2.2861277E+03
 7.2204424E+00  2.2868812E+03
 7.2207786E+00  2.2876346E+03
 7.2211147E+00  2.2883879E+03
 7.2214509E+00  2.2891411E+03
 7.2217871E+00  2.2898942E+03
 7.2221233E+00  2.2906471E+03
 7.2224594E+00  2.2914000E+03
 7.2227956E+00  2.2921527E+03
 7.2231318E+00  2.2929054E+03
 7.2234680E+00  2.2936579E+03
 7.2238041E+00  2.2944103E+03
 7.2241403E+00  2.2951626E+03
 7.2244765E+00  2.2959148E+03
 7.2248127E+00  2.2966669E+03
 7.2251488E+00  2.2974189E+03
 7.2254850E+00  2.2981708E+03
 7.2258212E+00  2.2989225E+03
 7.2261573E+00  2.2996742E+03
 7.2264935E+00  2.3004257E+03
 7.2268297E+00  2.3011772E+03
 7.2271659E+00  2.3019285E+03
 7.2275020E+00  2.3026797E+03
 7.2278382E+00  2.3034308E+03
 7.2281744E+00  2.3041818E+03
 7.2285106E+00  2.3049327E+03
 7.2288467E+00  2.3056835E+03
 7.2291829E+00  2.3064341E+03
 7.2295191E+00  2.3071847E+03
 7.2298553E+00  2.3079351E+03
 7.2301914E+00  2.3086854E+03
 7.2305276E+00  2.3094357E+03
 7.2308638E+00  2.3101858E+03
 7.2312000E+00  2.3109358E+03
 7.2315361E+00  2.3116856E+03
 7.2318723E+00  2.3124354E+03
 7.2322085E+00  2.3131851E+03
 7.2325447E+00  2.3139346E+03
 7.2328808E+00  2.3146841E+03
 7.2332170E+00  2.3154334E+03
 7.2335532E+00  2.3161826E+03
 7.2338893E+00  2.3169317E+03
 7.2342255E+00  2.3176807E+03
 7.2345617E+00  2.3184296E+03
 7.2348979E+00  2.3191783E+03
 7.2352340E+00  2.3199270E+03
 7.2355702E+00  2.3206755E+03
 7.2359064E+00  2.3214240E+03
 7.2362426E+00  2.3221723E+03
 7.2365787E+00  2.3229205E+03
 7.2369149E+00  2.3236686E+03
 7.2372511E+00  2.3244165E+03
 7.2375873E+00  2.3251644E+03
 7.2379234E+00  2.3259122E+03
 7.2382596E+00  2.3266598E+03
 7.2385958E+00  2.3274073E+03
 7.2584049E+00  0.0000000E+00
 7.2782140E+00  0.0000000E+00
 7.2980230E+00  0.0000000E+00
 7.3178321E+00  0.0000000E+00
 7.3376412E+00  0.0000000E+00
 7.3574503E+00  0.0000000E+00
 7.3772594E+00  0.0000000E+00
 7.3970685E+00  0.0000000E+00
 7.4168776E+00  0.0000000E+00
 7.4366867E+00  0.0000000E+00
 7.4564958E+00  0.0000000E+00
 7.4763048E+00  0.0000000E+00
 7.4961139E+00  0.0000000E+00
 7.5159230E+00  0.0000000E+00
 7.5357321E+00  0.0000000E+00
 7.5555412E+00  0.0000000E+00
 7.5753503E+00  0.0000000E+00
 7.5951594E+00  0.0000000E+00
 7.6149685E+00  0.0000000E+00
 7.6347775E+00  0.0000000E+00
 7.6545866E+00  0.0000000E+00
 7.6743957E+00  0.0000000E+00
 7.6942048E+00  0.0000000E+00
 7.7140139E+00  0.0000000E+00
 7.7338230E+00  0.0000000E+00
 7.7536321E+00  0.0000000E+00
 7.7734412E+00  0.0000000E+00
 7.7932503E+00  0.0000000E+00
 7.8130593E+00  0.0000000E+00
 7.8328684E+00  0.0000000E+00
 7.8526775E+00  0.0000000E+00
 7.8724866E+00  0.0000000E+00
 7.8922957E+00  0.0000000E+00
 7.9121048E+00  0.0000000E+00
 7.9319139E+00  0.0000000E+00
 7.9517230E+00  0.0000000E+00
 7.9715321E+00  0.0000000E+00
 7.9913411E+00  0.0000000E+00
 8.0111502E+00  0.0000000E+00
 8.0309593E+00  0.0000000E+00
 8.0507684E+00  0.0000000E+00
 8.0705775E+00  0.0000000E+00
 8.0903866E+00  0.0000000E+00
 8.1101957E+00  0.0000000E+00
 8.1300048E+00  0.0000000E+00
 8.1498138E+00  0.0000000E+00
 8.1696229E+00  0.0000000E+00
 8.1894320E+00  0.0000000E+00
 8.2092411E+00  0.0000000E+00
 8.2290502E+00  0.0000000E+00
 8.2488593E+00  0.0000000E+00
 8.2686684E+00  0.0000000E+00
 8.2884775E+00  0.0000000E+00
 8.3082866E+00  0.0000000E+00
 8.3280956E+00  0.0000000E+00
 8.3479047E+00  0.0000000E+00
 8.3677138E+00  0.0000000E+00
 8.3875229E+00  0.0000000E+00
 8.4073320E+00  0.0000000E+00
 8.4271411E+00  0.0000000E+00
 8.4469502E+00  0.0000000E+00
 8.4667593E+00  0.0000000E+00
 8.4865683E+00  0.0000000E+00
 8.5063774E+00  0.0000000E+00
 8.5261865E+00  0.0000000E+00
 8.5459956E+00  0.0000000E+00
 8.5658047E+00  0.0000000E+00
 8.5856138E+00  0.0000000E+00
 8.6054229E+00  0.0000000E+00
 8.6252320E+00  0.0000000E+00
 8.6450411E+00  0.0000000E+00
 8.6648501E+00  0.0000000E+00
 8.6846592E+00  0.0000000E+00
 8.7044683E+00  0.0000000E+00
 8.7242774E+00  0.0000000E+00
 8.7440865E+00  0.0000000E+00
 8.7638956E+00  0.0000000E+00
 8.7837047E+00  0.0000000E+00
 8.8035138E+00  0.0000000E+00
 8.8233229E+00  0.0000000E+00
 8.8431319E+00  0.0000000E+00
 8.8629410E+00  0.0000000E+00
 8.8827501E+00  0.0000000E+00
 8.9025592E+00  0.0000000E+00
 8.9223683E+00  0.0000000E+00
 8.9421774E+00  0.0000000E+00
 8.9619865E+00  0.0000000E+00
 8.9817956E+00  0.0000000E+00
 9.0016046E+00  0.0000000E+00
 9.0214137E+00  0.0000000E+00
 9.0412228E+00  0.0000000E+00
 9.0610319E+00  0.0000000E+00
 9.0808410E+00  0.0000000E+00
 9.1006501E+00  0.0000000E+00
 9.1204592E+00  0.0000000E+00
 9.1402683E+00  0.0000000E+00
 9.1600774E+00  0.0000000E+00
 9.1798864E+00  0.0000000E+00
 9.1996955E+00  0.0000000E+00
 9.2195046E+00  0.0000000E+00
 9.2393137E+00  0.0000000E+00
 9.2591228E+00  0.0000000E+00
 9.2789319E+00  0.0000000E+00
 9.2987410E+00  0.0000000E+00
 9.3185501E+00  0.0000000E+00
 9.3383591E+00  0.0000000E+00
 9.3581682E+00  0.0000000E+00
 9.3779773E+00  0.0000000E+00
 9.3977864E+00  0.0000000E+00
 9.4175955E+00  0.0000000E+00
 9.4374046E+00  0.0000000E+00
 9.4572137E+00  0.0000000E+00
 9.4770228E+00  0.0000000E+00
 9.4968319E+00  0.0000000E+00
 9.5166409E+00  0.0000000E+00
 9.5364500E+00  0.0000000E+00
 9.5562591E+00  0.0000000E+00
 9.5760682E+00  0.0000000E+00
 9.5958773E+00  0.0000000E+00
 9.6156864E+00  0.0000000E+00
 9.6354955E+00  0.0000000E+00
 9.6553046E+00  0.0000000E+00
 9.6751137E+00  0.0000000E+00
 9.6949227E+00  0.0000000E+00
 9.7147318E+00  0.0000000E+00
 9.7345409E+00  0.0000000E+00
 9.7543500E+00  0.0000000E+00
 9.7741591E+00  0.0000000E+00
 9.7939682E+00  0.0000000E+00
 9.8137773E+00  0.0000000E+00
 9.8335864E+00  0.0000000E+00
 9.8533954E+00  0.0000000E+00
 9.8732045E+00  0.0000000E+00
 9.8930136E+00  0.0000000E+00
 9.9128227E+00  0.0000000E+00
