 3.4512166E-01            NaN -8.0771643E-09  3.8752127E+01 -1.3777699E-09  6.9529774-310 -5.7020722E+06  1.2418011E-09
 3.4513103E-01            NaN -1.6157900E-08  3.8752127E+01 -2.7561489E-09  6.9529774-310 -5.7045931E+06  2.4847003E-02
 3.4514040E-01            NaN -2.4246549E-08  3.8767107E+01 -4.1360173E-09  6.9529774-310 -5.7039480E+06  4.9706279E-02
 3.4514977E-01            NaN -3.2343118E-08  3.8782088E+01 -5.5173763E-09  6.9529774-310 -5.7033032E+06  7.4577827E-02
 3.4515914E-01            NaN -4.0447611E-08  3.8797068E+01 -6.9002269E-09  6.9529774-310 -5.7026587E+06  9.9461640E-02
 3.4516851E-01            NaN -4.8560031E-08  3.8812048E+01 -8.2845702E-09  6.9529774-310 -5.7020146E+06  1.2435771E-01
 3.4517788E-01            NaN -5.6680385E-08  3.8827029E+01 -9.6704073E-09  6.9529774-310 -5.7013709E+06  1.4926604E-01
 3.4518725E-01            NaN -6.4808675E-08  3.8842009E+01 -1.1057739E-08  6.9529774-310 -5.7007275E+06  1.7418663E-01
 3.4519662E-01            NaN -7.2944908E-08  3.8856990E+01 -1.2446567E-08  6.9529774-310 -5.7000845E+06  1.9911946E-01
 3.4520600E-01            NaN -8.1089086E-08  3.8871970E+01 -1.3836892E-08  6.9529774-310 -5.6994418E+06  2.2406453E-01
 3.4521537E-01            NaN -8.9241216E-08  3.8886951E+01 -1.5228715E-08  6.9529774-310 -5.6987995E+06  2.4902183E-01
 3.4522474E-01            NaN -9.7401301E-08  3.8901932E+01 -1.6622037E-08  6.9529774-310 -5.6981576E+06  2.7399137E-01
 3.4523411E-01            NaN -1.0556935E-07  3.8916913E+01 -1.8016859E-08  6.9529774-310 -5.6975160E+06  2.9897314E-01
 3.4524348E-01            NaN -1.1374536E-07  3.8931894E+01 -1.9413182E-08  6.9529774-310 -5.6968747E+06  3.2396713E-01
 3.4525285E-01            NaN -1.2192933E-07  3.8946875E+01 -2.0811008E-08  6.9529774-310 -5.6962338E+06  3.4897334E-01
 3.4526222E-01            NaN -1.3012129E-07  3.8961856E+01 -2.2210337E-08  6.9529774-310 -5.6955933E+06  3.7399177E-01
 3.4527159E-01            NaN -1.3832122E-07  3.8976837E+01 -2.3611171E-08  6.9529774-310 -5.6949531E+06  3.9902240E-01
 3.4528096E-01            NaN -1.4652913E-07  3.8991819E+01 -2.5013510E-08  6.9529774-310 -5.6943132E+06  4.2406523E-01
 3.4529033E-01            NaN -1.5474503E-07  3.9006800E+01 -2.6417356E-08  6.9529774-310 -5.6936737E+06  4.4912026E-01
 3.4529970E-01            NaN -1.6296892E-07  3.9021781E+01 -2.7822710E-08  6.9529774-310 -5.6930346E+06  4.7418749E-01
 3.4530907E-01            NaN -1.7120081E-07  3.9036763E+01 -2.9229573E-08  6.9529774-310 -5.6923957E+06  4.9926690E-01
 3.4531844E-01            NaN -1.7944070E-07  3.9051744E+01 -3.0637945E-08  6.9529774-310 -5.6917573E+06  5.2435850E-01
 3.4532781E-01            NaN -1.8768859E-07  3.9066726E+01 -3.2047828E-08  6.9529774-310 -5.6911192E+06  5.4946228E-01
 3.4533718E-01            NaN -1.9594449E-07  3.9081708E+01 -3.3459224E-08  6.9529774-310 -5.6904814E+06  5.7457823E-01
 3.4534655E-01            NaN -2.0420841E-07  3.9096690E+01 -3.4872132E-08  6.9529774-310 -5.6898440E+06  5.9970636E-01
 3.4535593E-01            NaN -2.1248035E-07  3.9111671E+01 -3.6286555E-08  6.9529774-310 -5.6892069E+06  6.2484664E-01
 3.4536530E-01            NaN -2.2076031E-07  3.9126653E+01 -3.7702493E-08  6.9529774-310 -5.6885702E+06  6.4999909E-01
 3.4537467E-01            NaN -2.2904830E-07  3.9141635E+01 -3.9119948E-08  6.9529774-310 -5.6879338E+06  6.7516369E-01
 3.4538404E-01            NaN -2.3734432E-07  3.9156617E+01 -4.0538919E-08  6.9529774-310 -5.6872978E+06  7.0034044E-01
 3.4539341E-01            NaN -2.4564837E-07  3.9171599E+01 -4.1959410E-08  6.9529774-310 -5.6866620E+06  7.2552934E-01
 3.4540278E-01            NaN -2.5396047E-07  3.9186581E+01 -4.3381420E-08  6.9529774-310 -5.6860267E+06  7.5073037E-01
 3.4541215E-01            NaN -2.6228062E-07  3.9201564E+01 -4.4804950E-08  6.9529774-310 -5.6853917E+06  7.7594354E-01
 3.4542152E-01            NaN -2.7060881E-07  3.9216546E+01 -4.6230003E-08  6.9529774-310 -5.6847570E+06  8.0116884E-01
 3.4543089E-01            NaN -2.7894506E-07  3.9231528E+01 -4.7656578E-08  6.9529774-310 -5.6841226E+06  8.2640627E-01
 3.4544026E-01            NaN -2.8728937E-07  3.9246511E+01 -4.9084677E-08  6.9529774-310 -5.6834886E+06  8.5165581E-01
 3.4544963E-01            NaN -2.9564175E-07  3.9261493E+01 -5.0514301E-08  6.9529774-310 -5.6828550E+06  8.7691747E-01
 3.4545900E-01            NaN -3.0400219E-07  3.9276476E+01 -5.1945451E-08  6.9529774-310 -5.6822216E+06  9.0219124E-01
 3.4546837E-01            NaN -3.1237071E-07  3.9291458E+01 -5.3378128E-08  6.9529774-310 -5.6815886E+06  9.2747712E-01
 3.4547774E-01            NaN -3.2074730E-07  3.9306441E+01 -5.4812334E-08  6.9529774-310 -5.6809560E+06  9.5277509E-01
 3.4548711E-01            NaN -3.2913198E-07  3.9321423E+01 -5.6248068E-08  6.9529774-310 -5.6803237E+06  9.7808516E-01
 3.4549648E-01            NaN -3.3752474E-07  3.9336406E+01 -5.7685334E-08  6.9529774-310 -5.6796917E+06  1.0034073E+00
 3.4550586E-01            NaN -3.4592560E-07  3.9351389E+01 -5.9124130E-08  6.9529774-310 -5.6790600E+06  1.0287416E+00
 3.4551523E-01            NaN -3.5433455E-07  3.9366372E+01 -6.0564460E-08  6.9529774-310 -5.6784287E+06  1.0540879E+00
 3.4552460E-01            NaN -3.6275160E-07  3.9381355E+01 -6.2006322E-08  6.9529774-310 -5.6777977E+06  1.0794463E+00
 3.4553397E-01            NaN -3.7117676E-07  3.9396337E+01 -6.3449720E-08  6.9529774-310 -5.6771671E+06  1.1048168E+00
 3.4554334E-01            NaN -3.7961002E-07  3.9411320E+01 -6.4894653E-08  6.9529774-310 -5.6765368E+06  1.1301993E+00
 3.4555271E-01            NaN -3.8805140E-07  3.9426303E+01 -6.6341124E-08  6.9529774-310 -5.6759068E+06  1.1555939E+00
 3.4556208E-01            NaN -3.9650090E-07  3.9441287E+01 -6.7789132E-08  6.9529774-310 -5.6752771E+06  1.1810005E+00
 3.4557145E-01            NaN -4.0495852E-07  3.9456270E+01 -6.9238679E-08  6.9529774-310 -5.6746478E+06  1.2064192E+00
 3.4558082E-01            NaN -4.1342427E-07  3.9471253E+01 -7.0689766E-08  6.9529774-310 -5.6740188E+06  1.2318500E+00
 3.4559019E-01            NaN -4.2189815E-07  3.9486236E+01 -7.2142395E-08  6.9529774-310 -5.6733901E+06  1.2572928E+00
 3.4559956E-01            NaN -4.3038017E-07  3.9501219E+01 -7.3596566E-08  6.9529774-310 -5.6727618E+06  1.2827476E+00
 3.4560893E-01            NaN -4.3887032E-07  3.9516203E+01 -7.5052280E-08  6.9529774-310 -5.6721337E+06  1.3082144E+00
 3.4561830E-01            NaN -4.4736863E-07  3.9531186E+01 -7.6509539E-08  6.9529774-310 -5.6715061E+06  1.3336933E+00
 3.4562767E-01            NaN -4.5587508E-07  3.9546169E+01 -7.7968343E-08  6.9529774-310 -5.6708787E+06  1.3591842E+00
 3.4563704E-01            NaN -4.6438969E-07  3.9561153E+01 -7.9428694E-08  6.9529774-310 -5.6702516E+06  1.3846871E+00
 3.4564641E-01            NaN -4.7291246E-07  3.9576136E+01 -8.0890593E-08  6.9529774-310 -5.6696249E+06  1.4102020E+00
 3.4565579E-01            NaN -4.8144339E-07  3.9591120E+01 -8.2354040E-08  6.9529774-310 -5.6689985E+06  1.4357289E+00
 3.4566516E-01            NaN -4.8998249E-07  3.9606103E+01 -8.3819038E-08  6.9529774-310 -5.6683725E+06  1.4612678E+00
 3.4567453E-01            NaN -4.9852976E-07  3.9621087E+01 -8.5285586E-08  6.9529774-310 -5.6677467E+06  1.4868187E+00
 3.4568390E-01            NaN -5.0708521E-07  3.9636071E+01 -8.6753687E-08  6.9529774-310 -5.6671213E+06  1.5123816E+00
 3.4569327E-01            NaN -5.1564884E-07  3.9651054E+01 -8.8223340E-08  6.9529774-310 -5.6664962E+06  1.5379565E+00
 3.4570264E-01            NaN -5.2422066E-07  3.9666038E+01 -8.9694548E-08  6.9529774-310 -5.6658714E+06  1.5635433E+00
 3.4571201E-01            NaN -5.3280066E-07  3.9681022E+01 -9.1167311E-08  6.9529774-310 -5.6652470E+06  1.5891422E+00
 3.4572138E-01            NaN -5.4138887E-07  3.9696005E+01 -9.2641630E-08  6.9529774-310 -5.6646228E+06  1.6147529E+00
 3.4573075E-01            NaN -5.4998527E-07  3.9710989E+01 -9.4117507E-08  6.9529774-310 -5.6639990E+06  1.6403757E+00
 3.4574012E-01            NaN -5.5858988E-07  3.9725973E+01 -9.5594943E-08  6.9529774-310 -5.6633755E+06  1.6660104E+00
 3.4574949E-01            NaN -5.6720269E-07  3.9740957E+01 -9.7073938E-08  6.9529774-310 -5.6627523E+06  1.6916571E+00
 3.4575886E-01            NaN -5.7582372E-07  3.9755941E+01 -9.8554494E-08  6.9529774-310 -5.6621295E+06  1.7173157E+00
 3.4576823E-01            NaN -5.8445297E-07  3.9770925E+01 -1.0003661E-07  6.9529774-310 -5.6615069E+06  1.7429862E+00
 3.4577760E-01            NaN -5.9309044E-07  3.9785909E+01 -1.0152029E-07  6.9529774-310 -5.6608847E+06  1.7686687E+00
 3.4578697E-01            NaN -6.0173613E-07  3.9800893E+01 -1.0300554E-07  6.9529774-310 -5.6602628E+06  1.7943631E+00
 3.4579634E-01            NaN -6.1039006E-07  3.9815877E+01 -1.0449235E-07  6.9529774-310 -5.6596412E+06  1.8200695E+00
 3.4580572E-01            NaN -6.1905223E-07  3.9830861E+01 -1.0598072E-07  6.9529774-310 -5.6590199E+06  1.8457877E+00
 3.4581509E-01            NaN -6.2772263E-07  3.9845845E+01 -1.0747067E-07  6.9529774-310 -5.6583989E+06  1.8715179E+00
 3.4582446E-01            NaN -6.3640128E-07  3.9860829E+01 -1.0896218E-07  6.9529774-310 -5.6577782E+06  1.8972600E+00
 3.4583383E-01            NaN -6.4508818E-07  3.9875813E+01 -1.1045526E-07  6.9529774-310 -5.6571579E+06  1.9230140E+00
 3.4584320E-01            NaN -6.5378333E-07  3.9890798E+01 -1.1194991E-07  6.9529774-310 -5.6565379E+06  1.9487799E+00
 3.4585257E-01            NaN -6.6248674E-07  3.9905782E+01 -1.1344614E-07  6.9529774-310 -5.6559181E+06  1.9745577E+00
 3.4586194E-01            NaN -6.7119841E-07  3.9920766E+01 -1.1494393E-07  6.9529774-310 -5.6552987E+06  2.0003473E+00
 3.4587131E-01            NaN -6.7991835E-07  3.9935750E+01 -1.1644330E-07  6.9529774-310 -5.6546796E+06  2.0261489E+00
 3.4588068E-01            NaN -6.8864657E-07  3.9950735E+01 -1.1794425E-07  6.9529774-310 -5.6540608E+06  2.0519623E+00
 3.4589005E-01            NaN -6.9738305E-07  3.9965719E+01 -1.1944677E-07  6.9529774-310 -5.6534423E+06  2.0777876E+00
 3.4589942E-01            NaN -7.0612782E-07  3.9980703E+01 -1.2095086E-07  6.9529774-310 -5.6528242E+06  2.1036248E+00
 3.4590879E-01            NaN -7.1488088E-07  3.9995687E+01 -1.2245654E-07  6.9529774-310 -5.6522063E+06  2.1294738E+00
 3.4591816E-01            NaN -7.2364222E-07  4.0010672E+01 -1.2396380E-07  6.9529774-310 -5.6515887E+06  2.1553347E+00
 3.4592753E-01            NaN -7.3241186E-07  4.0025656E+01 -1.2547263E-07  6.9529774-310 -5.6509715E+06  2.1812074E+00
 3.4593690E-01            NaN -7.4118980E-07  4.0040641E+01 -1.2698305E-07  6.9529774-310 -5.6503545E+06  2.2070920E+00
 3.4594627E-01            NaN -7.4997604E-07  4.0055625E+01 -1.2849505E-07  6.9529774-310 -5.6497379E+06  2.2329885E+00
 3.4595565E-01            NaN -7.5877059E-07  4.0070609E+01 -1.3000863E-07  6.9529774-310 -5.6491215E+06  2.2588967E+00
 3.4596502E-01            NaN -7.6757346E-07  4.0085594E+01 -1.3152380E-07  6.9529774-310 -5.6485055E+06  2.2848168E+00
 3.4597439E-01            NaN -7.7638464E-07  4.0100578E+01 -1.3304055E-07  6.9529774-310 -5.6478898E+06  2.3107487E+00
 3.4598376E-01            NaN -7.8520414E-07  4.0115563E+01 -1.3455890E-07  6.9529774-310 -5.6472743E+06  2.3366924E+00
 3.4599313E-01            NaN -7.9403196E-07  4.0130547E+01 -1.3607882E-07  6.9529774-310 -5.6466592E+06  2.3626480E+00
 3.4600250E-01            NaN -8.0286812E-07  4.0145532E+01 -1.3760034E-07  6.9529774-310 -5.6460444E+06  2.3886153E+00
 3.4601187E-01            NaN -8.1171261E-07  4.0160516E+01 -1.3912345E-07  6.9529774-310 -5.6454298E+06  2.4145945E+00
 3.4602124E-01            NaN -8.2056544E-07  4.0175501E+01 -1.4064815E-07  6.9529774-310 -5.6448156E+06  2.4405854E+00
 3.4603061E-01            NaN -8.2942662E-07  4.0190486E+01 -1.4217444E-07  6.9529774-310 -5.6442017E+06  2.4665882E+00
 3.4603998E-01            NaN -8.3829614E-07  4.0205470E+01 -1.4370233E-07  6.9529774-310 -5.6435881E+06  2.4926027E+00
 3.4604935E-01            NaN -8.4717402E-07  4.0220455E+01 -1.4523181E-07  6.9529774-310 -5.6429747E+06  2.5186290E+00
 3.4605872E-01            NaN -8.9730222E-07  4.0235439E+01 -1.5383340E-07  7.2879473-310 -5.6423617E+06  2.5446671E+00
 3.4606809E-01            NaN -9.0662676E-07  4.0250424E+01 -1.5543979E-07  7.2914051-310 -5.6417490E+06  2.5707170E+00
 3.4607746E-01            NaN -9.1596010E-07  4.0265408E+01 -1.5704785E-07  7.2948327-310 -5.6411366E+06  2.5967786E+00
 3.4608683E-01            NaN -9.2530224E-07  4.0280393E+01 -1.5865759E-07  7.2982307-310 -5.6405244E+06  2.6228520E+00
 3.4609620E-01            NaN -9.3465319E-07  4.0295378E+01 -1.6026900E-07  7.3015996-310 -5.6399126E+06  2.6489371E+00
 3.4610558E-01            NaN -9.4401295E-07  4.0310362E+01 -1.6188210E-07  7.3049399-310 -5.6393010E+06  2.6750340E+00
 3.4611495E-01            NaN -9.5338152E-07  4.0325347E+01 -1.6349687E-07  7.3082522-310 -5.6386898E+06  2.7011426E+00
 3.4612432E-01            NaN -9.6275892E-07  4.0340332E+01 -1.6511333E-07  7.3115370-310 -5.6380788E+06  2.7272629E+00
 3.4613369E-01            NaN -9.7214514E-07  4.0355316E+01 -1.6673146E-07  7.3147948-310 -5.6374682E+06  2.7533950E+00
 3.4614306E-01            NaN -9.8154019E-07  4.0370301E+01 -1.6835129E-07  7.3180261-310 -5.6368578E+06  2.7795388E+00
 3.4615243E-01            NaN -9.9094407E-07  4.0385285E+01 -1.6997279E-07  7.3212313-310 -5.6362477E+06  2.8056944E+00
 3.4616180E-01            NaN -1.0003568E-06  4.0400270E+01 -1.7159598E-07  7.3244108-310 -5.6356379E+06  2.8318616E+00
 3.4617117E-01            NaN -1.0097784E-06  4.0415255E+01 -1.7322086E-07  7.3275652-310 -5.6350284E+06  2.8580406E+00
 3.4618054E-01            NaN -1.0192088E-06  4.0430239E+01 -1.7484743E-07  7.3306949-310 -5.6344192E+06  2.8842312E+00
 3.4618991E-01            NaN -1.0286480E-06  4.0445224E+01 -1.7647568E-07  7.3338003-310 -5.6338103E+06  2.9104336E+00
 3.4619928E-01            NaN -1.0380962E-06  4.0460209E+01 -1.7810563E-07  7.3368817-310 -5.6332017E+06  2.9366476E+00
 3.4620865E-01            NaN -1.0475532E-06  4.0475193E+01 -1.7973726E-07  7.3399397-310 -5.6325934E+06  2.9628733E+00
 3.4621802E-01            NaN -1.0570190E-06  4.0490178E+01 -1.8137059E-07  7.3429745-310 -5.6319853E+06  2.9891108E+00
 3.4622739E-01            NaN -1.0664938E-06  4.0505163E+01 -1.8300562E-07  7.3459866-310 -5.6313776E+06  3.0153599E+00
 3.4623676E-01            NaN -1.0759774E-06  4.0520147E+01 -1.8464233E-07  7.3489763-310 -5.6307701E+06  3.0416206E+00
 3.4624613E-01            NaN -1.0854699E-06  4.0535132E+01 -1.8628075E-07  7.3519440-310 -5.6301629E+06  3.0678930E+00
 3.4625551E-01            NaN -1.0949712E-06  4.0550117E+01 -1.8792086E-07  7.3548901-310 -5.6295560E+06  3.0941771E+00
 3.4626488E-01            NaN -1.1044815E-06  4.0565101E+01 -1.8956267E-07  7.3578148-310 -5.6289494E+06  3.1204729E+00
 3.4627425E-01            NaN -1.1140007E-06  4.0580086E+01 -1.9120618E-07  7.3607186-310 -5.6283431E+06  3.1467802E+00
 3.4628362E-01            NaN -1.1235287E-06  4.0595070E+01 -1.9285139E-07  7.3636018-310 -5.6277371E+06  3.1730993E+00
 3.4629299E-01            NaN -1.1330657E-06  4.0610055E+01 -1.9449830E-07  7.3664646-310 -5.6271313E+06  3.1994299E+00
 3.4630236E-01            NaN -1.1426116E-06  4.0625040E+01 -1.9614691E-07  7.3693075-310 -5.6265258E+06  3.2257722E+00
 3.4631173E-01            NaN -1.1521664E-06  4.0640024E+01 -1.9779723E-07  7.3721306-310 -5.6259206E+06  3.2521261E+00
 3.4632110E-01            NaN -1.1617301E-06  4.0655009E+01 -1.9944926E-07  7.3749343-310 -5.6253157E+06  3.2784917E+00
 3.4633047E-01            NaN -1.1713027E-06  4.0669993E+01 -2.0110299E-07  7.3777190-310 -5.6247111E+06  3.3048688E+00
 3.4633984E-01            NaN -1.1808843E-06  4.0684978E+01 -2.0275842E-07  7.3804847-310 -5.6241068E+06  3.3312576E+00
 3.4634921E-01            NaN -1.1904748E-06  4.0699962E+01 -2.0441557E-07  7.3832320-310 -5.6235027E+06  3.3576579E+00
 3.4635858E-01            NaN -1.2000743E-06  4.0714947E+01 -2.0607443E-07  7.3859610-310 -5.6228989E+06  3.3840699E+00
 3.4636795E-01            NaN -1.2096827E-06  4.0729931E+01 -2.0773500E-07  7.3886720-310 -5.6222954E+06  3.4104934E+00
 3.4637732E-01            NaN -1.2193000E-06  4.0744916E+01 -2.0939728E-07  7.3913652-310 -5.6216922E+06  3.4369286E+00
 3.4638669E-01            NaN -1.2289263E-06  4.0759901E+01 -2.1106127E-07  7.3940409-310 -5.6210892E+06  3.4633753E+00
 3.4639606E-01            NaN -1.2385615E-06  4.0774885E+01 -2.1272698E-07  7.3966994-310 -5.6204866E+06  3.4898336E+00
 3.4640544E-01            NaN -1.2482057E-06  4.0789869E+01 -2.1439440E-07  7.3993410-310 -5.6198842E+06  3.5163034E+00
 3.4641481E-01            NaN -1.2578589E-06  4.0804854E+01 -2.1606354E-07  7.4019657-310 -5.6192820E+06  3.5427848E+00
 3.4642418E-01            NaN -1.2675211E-06  4.0819838E+01 -2.1773440E-07  7.4045740-310 -5.6186802E+06  3.5692778E+00
 3.4643355E-01            NaN -1.2771922E-06  4.0834823E+01 -2.1940698E-07  7.4071659-310 -5.6180786E+06  3.5957823E+00
 3.4644292E-01            NaN -1.2868723E-06  4.0849807E+01 -2.2108128E-07  7.4097418-310 -5.6174774E+06  3.6222984E+00
 3.4645229E-01            NaN -1.2965614E-06  4.0864792E+01 -2.2275730E-07  7.4123018-310 -5.6168763E+06  3.6488260E+00
 3.4646166E-01            NaN -1.3062595E-06  4.0879776E+01 -2.2443504E-07  7.4148462-310 -5.6162756E+06  3.6753651E+00
 3.4647103E-01            NaN -1.3159666E-06  4.0894760E+01 -2.2611450E-07  7.4173752-310 -5.6156751E+06  3.7019158E+00
 3.4648040E-01            NaN -1.3256827E-06  4.0909745E+01 -2.2779570E-07  7.4198890-310 -5.6150749E+06  3.7284780E+00
 3.4648977E-01            NaN -1.3354077E-06  4.0924729E+01 -2.2947861E-07  7.4223877-310 -5.6144750E+06  3.7550517E+00
 3.4649914E-01            NaN -1.3451418E-06  4.0939713E+01 -2.3116326E-07  7.4248717-310 -5.6138754E+06  3.7816369E+00
 3.4650851E-01            NaN -1.3548850E-06  4.0954697E+01 -2.3284963E-07  7.4273410-310 -5.6132760E+06  3.8082336E+00
 3.4651788E-01            NaN -1.3646371E-06  4.0969682E+01 -2.3453773E-07  7.4297959-310 -5.6126769E+06  3.8348418E+00
 3.4652725E-01            NaN -1.3743982E-06  4.0984666E+01 -2.3622757E-07  7.4322366-310 -5.6120781E+06  3.8614615E+00
 3.4653662E-01            NaN -1.3841684E-06  4.0999650E+01 -2.3791913E-07  7.4346632-310 -5.6114795E+06  3.8880927E+00
 3.4654599E-01            NaN -1.3939477E-06  4.1014634E+01 -2.3961243E-07  7.4370760-310 -5.6108812E+06  3.9147354E+00
 3.4655537E-01            NaN -1.4037359E-06  4.1029618E+01 -2.4130746E-07  7.4394750-310 -5.6102832E+06  3.9413895E+00
 3.4656474E-01            NaN -1.4135332E-06  4.1044603E+01 -2.4300423E-07  7.4418605-310 -5.6096854E+06  3.9680552E+00
 3.4657411E-01            NaN -1.4233396E-06  4.1059587E+01 -2.4470274E-07  7.4442327-310 -5.6090879E+06  3.9947322E+00
 3.4658348E-01            NaN -1.4331550E-06  4.1074571E+01 -2.4640298E-07  7.4465916-310 -5.6084907E+06  4.0214208E+00
 3.4659285E-01            NaN -1.4429794E-06  4.1089555E+01 -2.4810496E-07  7.4489376-310 -5.6078937E+06  4.0481208E+00
 3.4660222E-01            NaN -1.4528129E-06  4.1104539E+01 -2.4980868E-07  7.4512706-310 -5.6072970E+06  4.0748322E+00
 3.4661159E-01            NaN -1.4626555E-06  4.1119523E+01 -2.5151414E-07  7.4535910-310 -5.6067006E+06  4.1015551E+00
 3.4662096E-01            NaN -1.4725072E-06  4.1134507E+01 -2.5322135E-07  7.4558988-310 -5.6061044E+06  4.1282894E+00
 3.4663033E-01            NaN -1.4823679E-06  4.1149491E+01 -2.5493030E-07  7.4581942-310 -5.6055085E+06  4.1550352E+00
 3.4663970E-01            NaN -1.4922377E-06  4.1164474E+01 -2.5664099E-07  7.4604774-310 -5.6049129E+06  4.1817923E+00
 3.4664907E-01            NaN -1.5021166E-06  4.1179458E+01 -2.5835343E-07  7.4627484-310 -5.6043175E+06  4.2085609E+00
 3.4665844E-01            NaN -1.5120046E-06  4.1194442E+01 -2.6006762E-07  7.4650075-310 -5.6037224E+06  4.2353409E+00
 3.4666781E-01            NaN -1.5219017E-06  4.1209426E+01 -2.6178355E-07  7.4672548-310 -5.6031276E+06  4.2621323E+00
 3.4667718E-01            NaN -1.5318079E-06  4.1224410E+01 -2.6350123E-07  7.4694903-310 -5.6025330E+06  4.2889351E+00
 3.4668655E-01            NaN -1.5417232E-06  4.1239393E+01 -2.6522067E-07  7.4717144-310 -5.6019387E+06  4.3157493E+00
 3.4669592E-01            NaN -1.5516476E-06  4.1254377E+01 -2.6694185E-07  7.4739270-310 -5.6013446E+06  4.3425749E+00
 3.4670530E-01            NaN -1.5615811E-06  4.1269361E+01 -2.6866479E-07  7.4761283-310 -5.6007508E+06  4.3694118E+00
 3.4671467E-01            NaN -1.5715238E-06  4.1284344E+01 -2.7038949E-07  7.4783185-310 -5.6001573E+06  4.3962602E+00
 3.4672404E-01            NaN -1.5814755E-06  4.1299328E+01 -2.7211593E-07  7.4804977-310 -5.5995640E+06  4.4231199E+00
 3.4673341E-01            NaN -1.5914364E-06  4.1314311E+01 -2.7384414E-07  7.4826659-310 -5.5989710E+06  4.4499909E+00
 3.4674278E-01            NaN -1.6014064E-06  4.1329295E+01 -2.7557410E-07  7.4848234-310 -5.5983782E+06  4.4768733E+00
 3.4675215E-01            NaN -1.6113856E-06  4.1344278E+01 -2.7730582E-07  7.4869702-310 -5.5977857E+06  4.5037671E+00
 3.4676152E-01            NaN -1.6213739E-06  4.1359262E+01 -2.7903930E-07  7.4891065-310 -5.5971934E+06  4.5306722E+00
 3.4677089E-01            NaN -1.6313713E-06  4.1374245E+01 -2.8077454E-07  7.4912323-310 -5.5966014E+06  4.5575887E+00
 3.4678026E-01            NaN -1.6413779E-06  4.1389229E+01 -2.8251155E-07  7.4933479-310 -5.5960097E+06  4.5845165E+00
 3.4678963E-01            NaN -1.6513937E-06  4.1404212E+01 -2.8425032E-07  7.4954532-310 -5.5954182E+06  4.6114556E+00
 3.4679900E-01            NaN -1.6614186E-06  4.1419195E+01 -2.8599085E-07  7.4975485-310 -5.5948270E+06  4.6384060E+00
 3.4680837E-01            NaN -1.6714527E-06  4.1434178E+01 -2.8773314E-07  7.4996338-310 -5.5942360E+06  4.6653678E+00
 3.4681774E-01            NaN -1.6814959E-06  4.1449162E+01 -2.8947721E-07  7.5017092-310 -5.5936453E+06  4.6923409E+00
 3.4682711E-01            NaN -1.6915483E-06  4.1464145E+01 -2.9122304E-07  7.5037749-310 -5.5930548E+06  4.7193252E+00
 3.4683648E-01            NaN -1.7016099E-06  4.1479128E+01 -2.9297064E-07  7.5058309-310 -5.5924646E+06  4.7463209E+00
 3.4684585E-01            NaN -1.7116807E-06  4.1494111E+01 -2.9472001E-07  7.5078773-310 -5.5918746E+06  4.7733279E+00
 3.4685523E-01            NaN -1.7217607E-06  4.1509094E+01 -2.9647116E-07  7.5099143-310 -5.5912849E+06  4.8003461E+00
 3.4686460E-01            NaN -1.7318499E-06  4.1524077E+01 -2.9822407E-07  7.5119419-310 -5.5906955E+06  4.8273756E+00
 3.4687397E-01            NaN -1.7419483E-06  4.1539060E+01 -2.9997876E-07  7.5139603-310 -5.5901063E+06  4.8544164E+00
 3.4688334E-01            NaN -1.7520558E-06  4.1554043E+01 -3.0173523E-07  7.5159695-310 -5.5895173E+06  4.8814685E+00
 3.4689271E-01            NaN -1.7621726E-06  4.1569026E+01 -3.0349347E-07  7.5179696-310 -5.5889286E+06  4.9085318E+00
 3.4690208E-01            NaN -1.7722986E-06  4.1584008E+01 -3.0525349E-07  7.5199608-310 -5.5883401E+06  4.9356064E+00
 3.4691145E-01            NaN -1.7824338E-06  4.1598991E+01 -3.0701528E-07  7.5219431-310 -5.5877519E+06  4.9626922E+00
 3.4692082E-01            NaN -1.7925783E-06  4.1613974E+01 -3.0877886E-07  7.5239166-310 -5.5871640E+06  4.9897893E+00
 3.4693019E-01            NaN -1.8027319E-06  4.1628956E+01 -3.1054422E-07  7.5258813-310 -5.5865763E+06  5.0168976E+00
 3.4693956E-01            NaN -1.8128948E-06  4.1643939E+01 -3.1231136E-07  7.5278375-310 -5.5859888E+06  5.0440171E+00
 3.4694893E-01            NaN -1.8230670E-06  4.1658921E+01 -3.1408028E-07  7.5297851-310 -5.5854016E+06  5.0711479E+00
 3.4695830E-01            NaN -1.8332483E-06  4.1673904E+01 -3.1585099E-07  7.5317243-310 -5.5848146E+06  5.0982898E+00
 3.4696767E-01            NaN -1.8434390E-06  4.1688886E+01 -3.1762348E-07  7.5336551-310 -5.5842279E+06  5.1254430E+00
 3.4697704E-01            NaN -1.8536388E-06  4.1703869E+01 -3.1939776E-07  7.5355777-310 -5.5836414E+06  5.1526074E+00
 3.4698641E-01            NaN -1.8638479E-06  4.1718851E+01 -3.2117383E-07  7.5374920-310 -5.5830552E+06  5.1797830E+00
 3.4699578E-01            NaN -1.8740663E-06  4.1733833E+01 -3.2295168E-07  7.5393982-310 -5.5824692E+06  5.2069698E+00
 3.4700516E-01            NaN -1.8842940E-06  4.1748816E+01 -3.2473133E-07  7.5412964-310 -5.5818834E+06  5.2341678E+00
 3.4701453E-01            NaN -1.8945309E-06  4.1763798E+01 -3.2651277E-07  7.5431866-310 -5.5812979E+06  5.2613770E+00
 3.4702390E-01            NaN -1.9047771E-06  4.1778780E+01 -3.2829600E-07  7.5450689-310 -5.5807127E+06  5.2885973E+00
 3.4703327E-01            NaN -1.9150326E-06  4.1793762E+01 -3.3008102E-07  7.5469434-310 -5.5801276E+06  5.3158288E+00
 3.4704264E-01            NaN -1.9252973E-06  4.1808744E+01 -3.3186784E-07  7.5488102-310 -5.5795429E+06  5.3430715E+00
 3.4705201E-01            NaN -1.9355714E-06  4.1823726E+01 -3.3365646E-07  7.5506693-310 -5.5789583E+06  5.3703253E+00
 3.4706138E-01            NaN -1.9458547E-06  4.1838708E+01 -3.3544687E-07  7.5525208-310 -5.5783740E+06  5.3975903E+00
 3.4707075E-01            NaN -1.9561473E-06  4.1853690E+01 -3.3723908E-07  7.5543648-310 -5.5777900E+06  5.4248664E+00
 3.4708012E-01            NaN -1.9664493E-06  4.1868671E+01 -3.3903309E-07  7.5562013-310 -5.5772061E+06  5.4521536E+00
 3.4708949E-01            NaN -1.9767605E-06  4.1883653E+01 -3.4082890E-07  7.5580305-310 -5.5766226E+06  5.4794520E+00
 3.4709886E-01            NaN -1.9870810E-06  4.1898635E+01 -3.4262652E-07  7.5598523-310 -5.5760392E+06  5.5067615E+00
 3.4710823E-01            NaN -1.9974109E-06  4.1913616E+01 -3.4442593E-07  7.5616669-310 -5.5754561E+06  5.5340822E+00
 3.4711760E-01            NaN -2.0077501E-06  4.1928598E+01 -3.4622715E-07  7.5634743-310 -5.5748733E+06  5.5614139E+00
 3.4712697E-01            NaN -2.0180986E-06  4.1943579E+01 -3.4803018E-07  7.5652746-310 -5.5742907E+06  5.5887568E+00
 3.4713634E-01            NaN -2.0284565E-06  4.1958561E+01 -3.4983501E-07  7.5670679-310 -5.5737083E+06  5.6161107E+00
 3.4714571E-01            NaN -2.0388236E-06  4.1973542E+01 -3.5164165E-07  7.5688541-310 -5.5731261E+06  5.6434758E+00
 3.4715509E-01            NaN -2.0492002E-06  4.1988523E+01 -3.5345010E-07  7.5706335-310 -5.5725442E+06  5.6708519E+00
 3.4716446E-01            NaN -2.0595860E-06  4.2003504E+01 -3.5526036E-07  7.5724059-310 -5.5719625E+06  5.6982391E+00
 3.4717383E-01            NaN -2.0699812E-06  4.2018486E+01 -3.5707243E-07  7.5741716-310 -5.5713811E+06  5.7256374E+00
 3.4718320E-01            NaN -2.0803858E-06  4.2033467E+01 -3.5888632E-07  7.5759305-310 -5.5707999E+06  5.7530468E+00
 3.4719257E-01            NaN -2.0907997E-06  4.2048448E+01 -3.6070201E-07  7.5776828-310 -5.5702189E+06  5.7804672E+00
 3.4720194E-01            NaN -2.1012230E-06  4.2063429E+01 -3.6251952E-07  7.5794284-310 -5.5696382E+06  5.8078987E+00
 3.4721131E-01            NaN -2.1116557E-06  4.2078409E+01 -3.6433885E-07  7.5811675-310 -5.5690576E+06  5.8353413E+00
 3.4722068E-01            NaN -2.1220977E-06  4.2093390E+01 -3.6616000E-07  7.5829000-310 -5.5684774E+06  5.8627949E+00
 3.4723005E-01            NaN -2.1325491E-06  4.2108371E+01 -3.6798296E-07  7.5846261-310 -5.5678973E+06  5.8902595E+00
 3.4723942E-01            NaN -2.1430099E-06  4.2123352E+01 -3.6980774E-07  7.5863458-310 -5.5673175E+06  5.9177351E+00
 3.4724879E-01            NaN -2.1534800E-06  4.2138332E+01 -3.7163435E-07  7.5880592-310 -5.5667379E+06  5.9452218E+00
 3.4725816E-01            NaN -2.1639596E-06  4.2153313E+01 -3.7346277E-07  7.5897663-310 -5.5661586E+06  5.9727195E+00
 3.4726753E-01            NaN -2.1744486E-06  4.2168293E+01 -3.7529302E-07  7.5914671-310 -5.5655795E+06  6.0002282E+00
 3.4727690E-01            NaN -2.1849469E-06  4.2183274E+01 -3.7712510E-07  7.5931618-310 -5.5650006E+06  6.0277479E+00
 3.4728627E-01            NaN -2.1954547E-06  4.2198254E+01 -3.7895900E-07  7.5948503-310 -5.5644219E+06  6.0552787E+00
 3.4729564E-01            NaN -2.2059719E-06  4.2213234E+01 -3.8079472E-07  7.5965328-310 -5.5638435E+06  6.0828204E+00
 3.4730502E-01            NaN -2.2164984E-06  4.2228215E+01 -3.8263227E-07  7.5982092-310 -5.5632653E+06  6.1103731E+00
 3.4731439E-01            NaN -2.2270345E-06  4.2243195E+01 -3.8447166E-07  7.5998796-310 -5.5626873E+06  6.1379368E+00
 3.4732376E-01            NaN -2.2375799E-06  4.2258175E+01 -3.8631287E-07  7.6015442-310 -5.5621095E+06  6.1655114E+00
 3.4733313E-01            NaN -2.2481347E-06  4.2273155E+01 -3.8815591E-07  7.6032028-310 -5.5615320E+06  6.1930970E+00
 3.4734250E-01            NaN -2.2586990E-06  4.2288135E+01 -3.9000079E-07  7.6048556-310 -5.5609547E+06  6.2206936E+00
 3.4735187E-01            NaN -2.2692728E-06  4.2303114E+01 -3.9184750E-07  7.6065027-310 -5.5603777E+06  6.2483012E+00
 3.4736124E-01            NaN -2.2798559E-06  4.2318094E+01 -3.9369604E-07  7.6081440-310 -5.5598008E+06  6.2759197E+00
 3.4737061E-01            NaN -2.2904486E-06  4.2333074E+01 -3.9554642E-07  7.6097796-310 -5.5592242E+06  6.3035491E+00
 3.4737998E-01            NaN -2.3010506E-06  4.2348053E+01 -3.9739864E-07  7.6114096-310 -5.5586478E+06  6.3311895E+00
 3.4738935E-01            NaN -2.3116621E-06  4.2363033E+01 -3.9925269E-07  7.6130340-310 -5.5580716E+06  6.3588408E+00
 3.4739872E-01            NaN -2.3222831E-06  4.2378012E+01 -4.0110859E-07  7.6146528-310 -5.5574957E+06  6.3865030E+00
 3.4740809E-01            NaN -2.3329136E-06  4.2392992E+01 -4.0296633E-07  7.6162661-310 -5.5569200E+06  6.4141762E+00
 3.4741746E-01            NaN -2.3435535E-06  4.2407971E+01 -4.0482590E-07  7.6178740-310 -5.5563445E+06  6.4418602E+00
 3.4742683E-01            NaN -2.3542029E-06  4.2422950E+01 -4.0668733E-07  7.6194764-310 -5.5557692E+06  6.4695552E+00
 3.4743620E-01            NaN -2.3648618E-06  4.2437929E+01 -4.0855059E-07  7.6210735-310 -5.5551941E+06  6.4972610E+00
 3.4744557E-01            NaN -2.3755301E-06  4.2452909E+01 -4.1041570E-07  7.6226652-310 -5.5546193E+06  6.5249778E+00
 3.4745495E-01            NaN -2.3862080E-06  4.2467887E+01 -4.1228266E-07  7.6242517-310 -5.5540447E+06  6.5527054E+00
 3.4746432E-01            NaN -2.3968953E-06  4.2482866E+01 -4.1415146E-07  7.6258329-310 -5.5534703E+06  6.5804440E+00
 3.4747369E-01            NaN -2.4075922E-06  4.2497845E+01 -4.1602212E-07  7.6274088-310 -5.5528961E+06  6.6081933E+00
 3.4748306E-01            NaN -2.4182985E-06  4.2512824E+01 -4.1789462E-07  7.6289796-310 -5.5523221E+06  6.6359536E+00
 3.4749243E-01            NaN -2.4290144E-06  4.2527803E+01 -4.1976898E-07  7.6305453-310 -5.5517484E+06  6.6637247E+00
 3.4750180E-01            NaN -2.4397397E-06  4.2542781E+01 -4.2164519E-07  7.6321059-310 -5.5511749E+06  6.6915067E+00
 3.4751117E-01            NaN -2.4504746E-06  4.2557760E+01 -4.2352325E-07  7.6336614-310 -5.5506016E+06  6.7192995E+00
 3.4752054E-01            NaN -2.4612190E-06  4.2572738E+01 -4.2540317E-07  7.6352119-310 -5.5500285E+06  6.7471032E+00
 3.4752991E-01            NaN -2.4719730E-06  4.2587716E+01 -4.2728494E-07  7.6367575-310 -5.5494556E+06  6.7749177E+00
 3.4753928E-01            NaN -2.4827364E-06  4.2602695E+01 -4.2916857E-07  7.6382981-310 -5.5488830E+06  6.8027430E+00
 3.4754865E-01            NaN -2.4935094E-06  4.2617673E+01 -4.3105406E-07  7.6398338-310 -5.5483105E+06  6.8305791E+00
 3.4755802E-01            NaN -2.5042919E-06  4.2632651E+01 -4.3294141E-07  7.6413646-310 -5.5477383E+06  6.8584261E+00
 3.4756739E-01            NaN -2.5150840E-06  4.2647629E+01 -4.3483062E-07  7.6428906-310 -5.5471663E+06  6.8862838E+00
 3.4757676E-01            NaN -2.5258857E-06  4.2662607E+01 -4.3672169E-07  7.6444119-310 -5.5465945E+06  6.9141524E+00
 3.4758613E-01            NaN -2.5366968E-06  4.2677584E+01 -4.3861462E-07  7.6459283-310 -5.5460230E+06  6.9420317E+00
 3.4759550E-01            NaN -2.5475176E-06  4.2692562E+01 -4.4050942E-07  7.6474401-310 -5.5454516E+06  6.9699219E+00
 3.4760488E-01            NaN -2.5583479E-06  4.2707540E+01 -4.4240609E-07  7.6489471-310 -5.5448805E+06  6.9978228E+00
 3.4761425E-01            NaN -2.5691878E-06  4.2722517E+01 -4.4430462E-07  7.6504495-310 -5.5443095E+06  7.0257345E+00
 3.4762362E-01            NaN -2.5800372E-06  4.2737495E+01 -4.4620502E-07  7.6519473-310 -5.5437388E+06  7.0536570E+00
 3.4763299E-01            NaN -2.5908962E-06  4.2752472E+01 -4.4810728E-07  7.6534405-310 -5.5431683E+06  7.0815902E+00
 3.4764236E-01            NaN -2.6017648E-06  4.2767449E+01 -4.5001142E-07  7.6549291-310 -5.5425980E+06  7.1095342E+00
 3.4765173E-01            NaN -2.6126430E-06  4.2782426E+01 -4.5191743E-07  7.6564133-310 -5.5420279E+06  7.1374890E+00
 3.4766110E-01            NaN -2.6235308E-06  4.2797404E+01 -4.5382531E-07  7.6578929-310 -5.5414580E+06  7.1654544E+00
 3.4767047E-01            NaN -2.6344282E-06  4.2812381E+01 -4.5573507E-07  7.6593681-310 -5.5408884E+06  7.1934306E+00
 3.4767984E-01            NaN -2.6453352E-06  4.2827357E+01 -4.5764670E-07  7.6608389-310 -5.5403189E+06  7.2214176E+00
 3.4768921E-01            NaN -2.6562517E-06  4.2842334E+01 -4.5956021E-07  7.6623053-310 -5.5397497E+06  7.2494153E+00
 3.4769858E-01            NaN -2.6671779E-06  4.2857311E+01 -4.6147559E-07  7.6637673-310 -5.5391806E+06  7.2774236E+00
 3.4770795E-01            NaN -2.6781137E-06  4.2872288E+01 -4.6339286E-07  7.6652250-310 -5.5386118E+06  7.3054427E+00
 3.4771732E-01            NaN -2.6890592E-06  4.2887264E+01 -4.6531200E-07  7.6666784-310 -5.5380432E+06  7.3334725E+00
 3.4772669E-01            NaN -2.7000142E-06  4.2902241E+01 -4.6723302E-07  7.6681275-310 -5.5374748E+06  7.3615130E+00
 3.4773606E-01            NaN -2.7109789E-06  4.2917217E+01 -4.6915593E-07  7.6695724-310 -5.5369066E+06  7.3895642E+00
 3.4774543E-01            NaN -2.7219532E-06  4.2932193E+01 -4.7108072E-07  7.6710130-310 -5.5363386E+06  7.4176261E+00
 3.4775481E-01            NaN -2.7329371E-06  4.2947169E+01 -4.7300739E-07  7.6724495-310 -5.5357708E+06  7.4456986E+00
 3.4776418E-01            NaN -2.7439307E-06  4.2962145E+01 -4.7493595E-07  7.6738819-310 -5.5352032E+06  7.4737818E+00
 3.4777355E-01            NaN -2.7549340E-06  4.2977121E+01 -4.7686640E-07  7.6753101-310 -5.5346358E+06  7.5018757E+00
 3.4778292E-01            NaN -2.7659469E-06  4.2992097E+01 -4.7879873E-07  7.6767342-310 -5.5340686E+06  7.5299803E+00
 3.4779229E-01            NaN -2.7769694E-06  4.3007073E+01 -4.8073295E-07  7.6781543-310 -5.5335017E+06  7.5580954E+00
 3.4780166E-01            NaN -2.7880016E-06  4.3022048E+01 -4.8266907E-07  7.6795703-310 -5.5329349E+06  7.5862213E+00
 3.4781103E-01            NaN -2.7990435E-06  4.3037024E+01 -4.8460707E-07  7.6809824-310 -5.5323683E+06  7.6143577E+00
 3.4782040E-01            NaN -2.8100950E-06  4.3051999E+01 -4.8654697E-07  7.6823904-310 -5.5318020E+06  7.6425048E+00
 3.4782977E-01            NaN -2.8211562E-06  4.3066975E+01 -4.8848876E-07  7.6837945-310 -5.5312358E+06  7.6706625E+00
 3.4783914E-01            NaN -2.8322271E-06  4.3081950E+01 -4.9043245E-07  7.6851946-310 -5.5306699E+06  7.6988309E+00
 3.4784851E-01            NaN -2.8433077E-06  4.3096925E+01 -4.9237803E-07  7.6865909-310 -5.5301041E+06  7.7270098E+00
 3.4785788E-01            NaN -2.8543980E-06  4.3111900E+01 -4.9432551E-07  7.6879832-310 -5.5295386E+06  7.7551994E+00
 3.4786725E-01            NaN -2.8654979E-06  4.3126875E+01 -4.9627489E-07  7.6893718-310 -5.5289732E+06  7.7833995E+00
 3.4787662E-01            NaN -2.8766076E-06  4.3141850E+01 -4.9822617E-07  7.6907565-310 -5.5284081E+06  7.8116102E+00
 3.4788599E-01            NaN -2.8877269E-06  4.3156825E+01 -5.0017935E-07  7.6921373-310 -5.5278431E+06  7.8398316E+00
 3.4789536E-01            NaN -2.8988560E-06  4.3171799E+01 -5.0213444E-07  7.6935145-310 -5.5272784E+06  7.8680635E+00
 3.4790474E-01            NaN -2.9099948E-06  4.3186774E+01 -5.0409142E-07  7.6948878-310 -5.5267138E+06  7.8963059E+00
 3.4791411E-01            NaN -2.9211432E-06  4.3201748E+01 -5.0605031E-07  7.6962575-310 -5.5261495E+06  7.9245590E+00
 3.4792348E-01            NaN -2.9323015E-06  4.3216723E+01 -5.0801111E-07  7.6976234-310 -5.5255853E+06  7.9528225E+00
 3.4793285E-01            NaN -2.9434694E-06  4.3231697E+01 -5.0997381E-07  7.6989857-310 -5.5250214E+06  7.9810967E+00
 3.4794222E-01            NaN -2.9546471E-06  4.3246671E+01 -5.1193843E-07  7.7003443-310 -5.5244576E+06  8.0093814E+00
 3.4795159E-01            NaN -2.9658345E-06  4.3261645E+01 -5.1390495E-07  7.7016992-310 -5.5238941E+06  8.0376766E+00
 3.4796096E-01            NaN -2.9770316E-06  4.3276619E+01 -5.1587338E-07  7.7030506-310 -5.5233307E+06  8.0659823E+00
 3.4797033E-01            NaN -2.9882385E-06  4.3291593E+01 -5.1784372E-07  7.7043984-310 -5.5227675E+06  8.0942986E+00
 3.4797970E-01            NaN -2.9994551E-06  4.3306566E+01 -5.1981598E-07  7.7057426-310 -5.5222046E+06  8.1226254E+00
 3.4798907E-01            NaN -3.0106815E-06  4.3321540E+01 -5.2179015E-07  7.7070833-310 -5.5216418E+06  8.1509626E+00
 3.4799844E-01            NaN -3.0219176E-06  4.3336513E+01 -5.2376624E-07  7.7084205-310 -5.5210792E+06  8.1793104E+00
 3.4800781E-01            NaN -3.0331635E-06  4.3351487E+01 -5.2574424E-07  7.7097541-310 -5.5205168E+06  8.2076687E+00
 3.4801718E-01            NaN -3.0444192E-06  4.3366460E+01 -5.2772416E-07  7.7110843-310 -5.5199546E+06  8.2360375E+00
 3.4802655E-01            NaN -3.0556846E-06  4.3381433E+01 -5.2970600E-07  7.7124111-310 -5.5193926E+06  8.2644168E+00
 3.4803592E-01            NaN -3.0669599E-06  4.3396406E+01 -5.3168976E-07  7.7137344-310 -5.5188308E+06  8.2928065E+00
 3.4804529E-01            NaN -3.0782449E-06  4.3411379E+01 -5.3367544E-07  7.7150543-310 -5.5182692E+06  8.3212067E+00
 3.4805467E-01            NaN -3.0895396E-06  4.3426352E+01 -5.3566304E-07  7.7163709-310 -5.5177078E+06  8.3496174E+00
 3.4806404E-01            NaN -3.1008442E-06  4.3441325E+01 -5.3765257E-07  7.7176840-310 -5.5171466E+06  8.3780385E+00
 3.4807341E-01            NaN -3.1121586E-06  4.3456297E+01 -5.3964402E-07  7.7189939-310 -5.5165855E+06  8.4064701E+00
 3.4808278E-01            NaN -3.1234827E-06  4.3471270E+01 -5.4163740E-07  7.7203004-310 -5.5160247E+06  8.4349121E+00
 3.4809215E-01            NaN -3.1348167E-06  4.3486242E+01 -5.4363270E-07  7.7216036-310 -5.5154640E+06  8.4633645E+00
 3.4810152E-01            NaN -3.1461605E-06  4.3501214E+01 -5.4562993E-07  7.7229035-310 -5.5149036E+06  8.4918274E+00
 3.4811089E-01            NaN -3.1575141E-06  4.3516187E+01 -5.4762910E-07  7.7242001-310 -5.5143433E+06  8.5203007E+00
 3.4812026E-01            NaN -3.1688775E-06  4.3531159E+01 -5.4963019E-07  7.7254936-310 -5.5137832E+06  8.5487844E+00
 3.4812963E-01            NaN -3.1802507E-06  4.3546130E+01 -5.5163322E-07  7.7267838-310 -5.5132233E+06  8.5772785E+00
 3.4813900E-01            NaN -3.1916338E-06  4.3561102E+01 -5.5363817E-07  7.7280707-310 -5.5126636E+06  8.6057831E+00
 3.4814837E-01            NaN -3.2030266E-06  4.3576074E+01 -5.5564507E-07  7.7293545-310 -5.5121041E+06  8.6342980E+00
 3.4815774E-01            NaN -3.2144294E-06  4.3591045E+01 -5.5765390E-07  7.7306352-310 -5.5115448E+06  8.6628233E+00
 3.4816711E-01            NaN -3.2258419E-06  4.3606017E+01 -5.5966466E-07  7.7319127-310 -5.5109857E+06  8.6913590E+00
 3.4817648E-01            NaN -3.2372643E-06  4.3620988E+01 -5.6167737E-07  7.7331870-310 -5.5104267E+06  8.7199050E+00
 3.4818585E-01            NaN -3.2486966E-06  4.3635959E+01 -5.6369201E-07  7.7344583-310 -5.5098679E+06  8.7484614E+00
 3.4819522E-01            NaN -3.2601387E-06  4.3650930E+01 -5.6570859E-07  7.7357265-310 -5.5093094E+06  8.7770282E+00
 3.4820460E-01            NaN -3.2715906E-06  4.3665901E+01 -5.6772712E-07  7.7369916-310 -5.5087510E+06  8.8056053E+00
 3.4821397E-01            NaN -3.2830525E-06  4.3680872E+01 -5.6974758E-07  7.7382536-310 -5.5081928E+06  8.8341928E+00
 3.4822334E-01            NaN -3.2945242E-06  4.3695843E+01 -5.7176999E-07  7.7395126-310 -5.5076347E+06  8.8627906E+00
 3.4823271E-01            NaN -3.3060057E-06  4.3710814E+01 -5.7379435E-07  7.7407686-310 -5.5070769E+06  8.8913988E+00
 3.4824208E-01            NaN -3.3174972E-06  4.3725784E+01 -5.7582065E-07  7.7420216-310 -5.5065193E+06  8.9200173E+00
 3.4825145E-01            NaN -3.3289985E-06  4.3740755E+01 -5.7784890E-07  7.7432716-310 -5.5059618E+06  8.9486460E+00
 3.4826082E-01            NaN -3.3405097E-06  4.3755725E+01 -5.7987910E-07  7.7445187-310 -5.5054045E+06  8.9772852E+00
 3.4827019E-01            NaN -3.3520308E-06  4.3770695E+01 -5.8191125E-07  7.7457628-310 -5.5048474E+06  9.0059346E+00
 3.4827956E-01            NaN -3.3635618E-06  4.3785665E+01 -5.8394535E-07  7.7470039-310 -5.5042905E+06  9.0345943E+00
 3.4828893E-01            NaN -3.3751027E-06  4.3800635E+01 -5.8598140E-07  7.7482422-310 -5.5037337E+06  9.0632643E+00
 3.4829830E-01            NaN -3.3866535E-06  4.3815605E+01 -5.8801941E-07  7.7494775-310 -5.5031772E+06  9.0919445E+00
 3.4830767E-01            NaN -3.3982142E-06  4.3830574E+01 -5.9005937E-07  7.7507100-310 -5.5026208E+06  9.1206351E+00
 3.4831704E-01            NaN -3.4097848E-06  4.3845544E+01 -5.9210128E-07  7.7519396-310 -5.5020646E+06  9.1493359E+00
 3.4832641E-01            NaN -3.4213654E-06  4.3860513E+01 -5.9414516E-07  7.7531664-310 -5.5015086E+06  9.1780470E+00
 3.4833578E-01            NaN -3.4329558E-06  4.3875482E+01 -5.9619099E-07  7.7543903-310 -5.5009528E+06  9.2067683E+00
 3.4834515E-01            NaN -3.4445562E-06  4.3890451E+01 -5.9823878E-07  7.7556114-310 -5.5003971E+06  9.2354999E+00
 3.4835453E-01            NaN -3.4561666E-06  4.3905421E+01 -6.0028853E-07  7.7568298-310 -5.4998416E+06  9.2642418E+00
 3.4836390E-01            NaN -3.4677868E-06  4.3920389E+01 -6.0234024E-07  7.7580453-310 -5.4992864E+06  9.2929938E+00
 3.4837327E-01            NaN -3.4794170E-06  4.3935358E+01 -6.0439392E-07  7.7592581-310 -5.4987312E+06  9.3217561E+00
 3.4838264E-01            NaN -3.4910572E-06  4.3950327E+01 -6.0644956E-07  7.7604681-310 -5.4981763E+06  9.3505287E+00
 3.4839201E-01            NaN -3.5027072E-06  4.3965295E+01 -6.0850717E-07  7.7616754-310 -5.4976215E+06  9.3793114E+00
 3.4840138E-01            NaN -3.5143673E-06  4.3980264E+01 -6.1056674E-07  7.7628799-310 -5.4970670E+06  9.4081043E+00
 3.4841075E-01            NaN -3.5260373E-06  4.3995232E+01 -6.1262828E-07  7.7640818-310 -5.4965126E+06  9.4369075E+00
 3.4842012E-01            NaN -3.5377173E-06  4.4010200E+01 -6.1469179E-07  7.7652809-310 -5.4959583E+06  9.4657208E+00
 3.4842949E-01            NaN -3.5494072E-06  4.4025168E+01 -6.1675727E-07  7.7664774-310 -5.4954043E+06  9.4945443E+00
 3.4843886E-01            NaN -3.5611071E-06  4.4040136E+01 -6.1882472E-07  7.7676712-310 -5.4948504E+06  9.5233780E+00
 3.4844823E-01            NaN -3.5728170E-06  4.4055104E+01 -6.2089414E-07  7.7688624-310 -5.4942967E+06  9.5522219E+00
 3.4845760E-01            NaN -3.5845369E-06  4.4070071E+01 -6.2296554E-07  7.7700509-310 -5.4937432E+06  9.5810759E+00
 3.4846697E-01            NaN -3.5962667E-06  4.4085039E+01 -6.2503891E-07  7.7712369-310 -5.4931898E+06  9.6099401E+00
 3.4847634E-01            NaN -3.6080066E-06  4.4100006E+01 -6.2711426E-07  7.7724202-310 -5.4926367E+06  9.6388145E+00
 3.4848571E-01            NaN -3.6197564E-06  4.4114973E+01 -6.2919159E-07  7.7736009-310 -5.4920837E+06  9.6676990E+00
 3.4849508E-01            NaN -3.6315163E-06  4.4129940E+01 -6.3127089E-07  7.7747791-310 -5.4915308E+06  9.6965936E+00
 3.4850446E-01            NaN -3.6432861E-06  4.4144907E+01 -6.3335218E-07  7.7759546-310 -5.4909782E+06  9.7254983E+00
 3.4851383E-01            NaN -3.6550660E-06  4.4159874E+01 -6.3543544E-07  7.7771277-310 -5.4904257E+06  9.7544132E+00
 3.4852320E-01            NaN -3.6668558E-06  4.4174841E+01 -6.3752069E-07  7.7782982-310 -5.4898734E+06  9.7833382E+00
 3.4853257E-01            NaN -3.6786557E-06  4.4189807E+01 -6.3960792E-07  7.7794662-310 -5.4893213E+06  9.8122733E+00
 3.4854194E-01            NaN -3.6904656E-06  4.4204774E+01 -6.4169713E-07  7.7806316-310 -5.4887693E+06  9.8412185E+00
 3.4855131E-01            NaN -3.7022856E-06  4.4219740E+01 -6.4378834E-07  7.7817946-310 -5.4882175E+06  9.8701738E+00
 3.4856068E-01            NaN -3.7141155E-06  4.4234706E+01 -6.4588152E-07  7.7829551-310 -5.4876659E+06  9.8991392E+00
 3.4857005E-01            NaN -3.7259555E-06  4.4249672E+01 -6.4797670E-07  7.7841132-310 -5.4871144E+06  9.9281147E+00
 3.4857942E-01            NaN -3.7378056E-06  4.4264638E+01 -6.5007387E-07  7.7852687-310 -5.4865631E+06  9.9571002E+00
 3.4858879E-01            NaN -3.7496657E-06  4.4279604E+01 -6.5217302E-07  7.7864219-310 -5.4860120E+06  9.9860958E+00
 3.4859816E-01            NaN -3.7615358E-06  4.4294570E+01 -6.5427417E-07  7.7875726-310 -5.4854611E+06  1.0015101E+01
 3.4860753E-01            NaN -3.7734160E-06  4.4309535E+01 -6.5637731E-07  7.7887209-310 -5.4849103E+06  1.0044117E+01
 3.4861690E-01            NaN -3.7853063E-06  4.4324500E+01 -6.5848245E-07  7.7898667-310 -5.4843597E+06  1.0073143E+01
 3.4862627E-01            NaN -3.7972066E-06  4.4339466E+01 -6.6058958E-07  7.7910102-310 -5.4838093E+06  1.0102179E+01
 3.4863564E-01            NaN -3.8091170E-06  4.4354431E+01 -6.6269870E-07  7.7921514-310 -5.4832590E+06  1.0131225E+01
 3.4864501E-01            NaN -3.8210374E-06  4.4369396E+01 -6.6480983E-07  7.7932901-310 -5.4827089E+06  1.0160280E+01
 3.4865439E-01            NaN -3.8329680E-06  4.4384360E+01 -6.6692295E-07  7.7944265-310 -5.4821590E+06  1.0189346E+01
 3.4866376E-01            NaN -3.8449086E-06  4.4399325E+01 -6.6903808E-07  7.7955605-310 -5.4816092E+06  1.0218422E+01
 3.4867313E-01            NaN -3.8568593E-06  4.4414290E+01 -6.7115520E-07  7.7966923-310 -5.4810596E+06  1.0247508E+01
 3.4868250E-01            NaN -3.8688201E-06  4.4429254E+01 -6.7327433E-07  7.7978217-310 -5.4805102E+06  1.0276604E+01
 3.4869187E-01            NaN -3.8807910E-06  4.4444218E+01 -6.7539546E-07  7.7989488-310 -5.4799609E+06  1.0305710E+01
 3.4870124E-01            NaN -3.8927720E-06  4.4459182E+01 -6.7751860E-07  7.8000736-310 -5.4794118E+06  1.0334826E+01
 3.4871061E-01            NaN -3.9047630E-06  4.4474146E+01 -6.7964374E-07  7.8011961-310 -5.4788629E+06  1.0363952E+01
 3.4871998E-01            NaN -3.9167642E-06  4.4489110E+01 -6.8177089E-07  7.8023163-310 -5.4783141E+06  1.0393087E+01
 3.4872935E-01            NaN -3.9287756E-06  4.4504074E+01 -6.8390005E-07  7.8034343-310 -5.4777655E+06  1.0422233E+01
 3.4873872E-01            NaN -3.9407970E-06  4.4519037E+01 -6.8603122E-07  7.8045501-310 -5.4772170E+06  1.0451389E+01
 3.4874809E-01            NaN -3.9528285E-06  4.4534001E+01 -6.8816440E-07  7.8056636-310 -5.4766687E+06  1.0480554E+01
 3.4875746E-01            NaN -3.9648702E-06  4.4548964E+01 -6.9029959E-07  7.8067748-310 -5.4761206E+06  1.0509730E+01
 3.4876683E-01            NaN -3.9769220E-06  4.4563927E+01 -6.9243679E-07  7.8078839-310 -5.4755727E+06  1.0538916E+01
 3.4877620E-01            NaN -3.9889840E-06  4.4578890E+01 -6.9457601E-07  7.8089908-310 -5.4750249E+06  1.0568111E+01
 3.4878557E-01            NaN -4.0010561E-06  4.4593853E+01 -6.9671725E-07  7.8100954-310 -5.4744772E+06  1.0597316E+01
 3.4879494E-01            NaN -4.0131383E-06  4.4608815E+01 -6.9886050E-07  7.8111979-310 -5.4739298E+06  1.0626532E+01
 3.4880432E-01            NaN -4.0252307E-06  4.4623778E+01 -7.0100577E-07  7.8122982-310 -5.4733824E+06  1.0655757E+01
 3.4881369E-01            NaN -4.0373332E-06  4.4638740E+01 -7.0315306E-07  7.8133964-310 -5.4728353E+06  1.0684992E+01
 3.4882306E-01            NaN -4.0494459E-06  4.4653703E+01 -7.0530237E-07  7.8144924-310 -5.4722883E+06  1.0714237E+01
 3.4883243E-01            NaN -4.0615688E-06  4.4668665E+01 -7.0745370E-07  7.8155863-310 -5.4717415E+06  1.0743492E+01
 3.4884180E-01            NaN -4.0737018E-06  4.4683627E+01 -7.0960706E-07  7.8166780-310 -5.4711948E+06  1.0772756E+01
 3.4885117E-01            NaN -4.0858450E-06  4.4698588E+01 -7.1176244E-07  7.8177676-310 -5.4706483E+06  1.0802031E+01
 3.4886054E-01            NaN -4.0979984E-06  4.4713550E+01 -7.1391984E-07  7.8188551-310 -5.4701019E+06  1.0831315E+01
 3.4886991E-01            NaN -4.1101620E-06  4.4728511E+01 -7.1607927E-07  7.8199405-310 -5.4695557E+06  1.0860610E+01
 3.4887928E-01            NaN -4.1223357E-06  4.4743473E+01 -7.1824073E-07  7.8210239-310 -5.4690097E+06  1.0889914E+01
 3.4888865E-01            NaN -4.1345196E-06  4.4758434E+01 -7.2040422E-07  7.8221051-310 -5.4684638E+06  1.0919228E+01
 3.4889802E-01            NaN -4.1467138E-06  4.4773395E+01 -7.2256974E-07  7.8231843-310 -5.4679181E+06  1.0948552E+01
 3.4890739E-01            NaN -4.1589181E-06  4.4788356E+01 -7.2473729E-07  7.8242614-310 -5.4673725E+06  1.0977885E+01
 3.4891676E-01            NaN -4.1711326E-06  4.4803317E+01 -7.2690687E-07  7.8253365-310 -5.4668271E+06  1.1007229E+01
 3.4892613E-01            NaN -4.1833573E-06  4.4818277E+01 -7.2907849E-07  7.8264095-310 -5.4662819E+06  1.1036582E+01
 3.4893550E-01            NaN -4.1955923E-06  4.4833238E+01 -7.3125214E-07  7.8274805-310 -5.4657368E+06  1.1065945E+01
 3.4894487E-01            NaN -4.2078375E-06  4.4848198E+01 -7.3342782E-07  7.8285495-310 -5.4651918E+06  1.1095318E+01
 3.4895424E-01            NaN -4.2200929E-06  4.4863158E+01 -7.3560555E-07  7.8296165-310 -5.4646471E+06  1.1124700E+01
 3.4896362E-01            NaN -4.2323585E-06  4.4878118E+01 -7.3778531E-07  7.8306815-310 -5.4641024E+06  1.1154093E+01
 3.4897299E-01            NaN -4.2446343E-06  4.4893078E+01 -7.3996712E-07  7.8317445-310 -5.4635580E+06  1.1183495E+01
 3.4898236E-01            NaN -4.2569204E-06  4.4908038E+01 -7.4215096E-07  7.8328055-310 -5.4630136E+06  1.1212907E+01
 3.4899173E-01            NaN -4.2692167E-06  4.4922997E+01 -7.4433685E-07  7.8338646-310 -5.4624695E+06  1.1242329E+01
 3.4900110E-01            NaN -4.2815233E-06  4.4937957E+01 -7.4652478E-07  7.8349217-310 -5.4619255E+06  1.1271760E+01
 3.4901047E-01            NaN -4.2938401E-06  4.4952916E+01 -7.4871475E-07  7.8359768-310 -5.4613816E+06  1.1301201E+01
 3.4901984E-01            NaN -4.3061672E-06  4.4967875E+01 -7.5090677E-07  7.8370300-310 -5.4608379E+06  1.1330652E+01
 3.4902921E-01            NaN -4.3185045E-06  4.4982834E+01 -7.5310084E-07  7.8380812-310 -5.4602943E+06  1.1360113E+01
 3.4903858E-01            NaN -4.3308521E-06  4.4997793E+01 -7.5529696E-07  7.8391306-310 -5.4597509E+06  1.1389583E+01
 3.4904795E-01            NaN -4.3432099E-06  4.5012752E+01 -7.5749512E-07  7.8401780-310 -5.4592077E+06  1.1419063E+01
 3.4905732E-01            NaN -4.3555780E-06  4.5027710E+01 -7.5969534E-07  7.8412235-310 -5.4586646E+06  1.1448553E+01
 3.4906669E-01            NaN -4.3679564E-06  4.5042668E+01 -7.6189760E-07  7.8422671-310 -5.4581216E+06  1.1478053E+01
 3.4907606E-01            NaN -4.3803451E-06  4.5057627E+01 -7.6410193E-07  7.8433088-310 -5.4575788E+06  1.1507562E+01
 3.4908543E-01            NaN -4.3927441E-06  4.5072585E+01 -7.6630830E-07  7.8443487-310 -5.4570362E+06  1.1537081E+01
 3.4909480E-01            NaN -4.4051533E-06  4.5087542E+01 -7.6851673E-07  7.8453866-310 -5.4564937E+06  1.1566609E+01
 3.4910417E-01            NaN -4.4175729E-06  4.5102500E+01 -7.7072722E-07  7.8464227-310 -5.4559513E+06  1.1596148E+01
 3.4911355E-01            NaN -4.4300027E-06  4.5117458E+01 -7.7293977E-07  7.8474570-310 -5.4554091E+06  1.1625696E+01
 3.4912292E-01            NaN -4.4424429E-06  4.5132415E+01 -7.7515437E-07  7.8484894-310 -5.4548671E+06  1.1655253E+01
 3.4913229E-01            NaN -4.4548933E-06  4.5147372E+01 -7.7737103E-07  7.8495199-310 -5.4543252E+06  1.1684820E+01
 3.4914166E-01            NaN -4.4673541E-06  4.5162329E+01 -7.7958976E-07  7.8505487-310 -5.4537834E+06  1.1714397E+01
 3.4915103E-01            NaN -4.4798251E-06  4.5177286E+01 -7.8181055E-07  7.8515756-310 -5.4532418E+06  1.1743984E+01
 3.4916040E-01            NaN -4.4923065E-06  4.5192243E+01 -7.8403340E-07  7.8526007-310 -5.4527004E+06  1.1773580E+01
 3.4916977E-01            NaN -4.5047983E-06  4.5207200E+01 -7.8625832E-07  7.8536240-310 -5.4521591E+06  1.1803185E+01
 3.4917914E-01            NaN -4.5173003E-06  4.5222156E+01 -7.8848531E-07  7.8546455-310 -5.4516179E+06  1.1832801E+01
 3.4918851E-01            NaN -4.5298127E-06  4.5237112E+01 -7.9071436E-07  7.8556652-310 -5.4510769E+06  1.1862426E+01
 3.4919788E-01            NaN -4.5423354E-06  4.5252069E+01 -7.9294548E-07  7.8566831-310 -5.4505360E+06  1.1892060E+01
 3.4920725E-01            NaN -4.5548685E-06  4.5267025E+01 -7.9517867E-07  7.8576993-310 -5.4499953E+06  1.1921704E+01
 3.4921662E-01            NaN -4.5674119E-06  4.5281980E+01 -7.9741393E-07  7.8587137-310 -5.4494547E+06  1.1951358E+01
 3.4922599E-01            NaN -4.5799657E-06  4.5296936E+01 -7.9965127E-07  7.8597263-310 -5.4489143E+06  1.1981021E+01
 3.4923536E-01            NaN -4.5925298E-06  4.5311891E+01 -8.0189068E-07  7.8607372-310 -5.4483740E+06  1.2010694E+01
 3.4924473E-01            NaN -4.6051043E-06  4.5326847E+01 -8.0413216E-07  7.8617463-310 -5.4478338E+06  1.2040377E+01
 3.4925410E-01            NaN -4.6176891E-06  4.5341802E+01 -8.0637572E-07  7.8627537-310 -5.4472938E+06  1.2070069E+01
 3.4926348E-01            NaN -4.6302843E-06  4.5356757E+01 -8.0862135E-07  7.8637594-310 -5.4467540E+06  1.2099770E+01
 3.4927285E-01            NaN -4.6428899E-06  4.5371712E+01 -8.1086907E-07  7.8647634-310 -5.4462143E+06  1.2129481E+01
 3.4928222E-01            NaN -4.6555059E-06  4.5386666E+01 -8.1311886E-07  7.8657656-310 -5.4456747E+06  1.2159202E+01
 3.4929159E-01            NaN -4.6681322E-06  4.5401621E+01 -8.1537074E-07  7.8667661-310 -5.4451353E+06  1.2188932E+01
 3.4930096E-01            NaN -4.6807690E-06  4.5416575E+01 -8.1762470E-07  7.8677650-310 -5.4445960E+06  1.2218671E+01
 3.4931033E-01            NaN -4.6934161E-06  4.5431530E+01 -8.1988074E-07  7.8687621-310 -5.4440568E+06  1.2248420E+01
 3.4931970E-01            NaN -4.7060736E-06  4.5446484E+01 -8.2213886E-07  7.8697576-310 -5.4435178E+06  1.2278179E+01
 3.4932907E-01            NaN -4.7187415E-06  4.5461437E+01 -8.2439907E-07  7.8707514-310 -5.4429790E+06  1.2307947E+01
 3.4933844E-01            NaN -4.7314199E-06  4.5476391E+01 -8.2666137E-07  7.8717436-310 -5.4424402E+06  1.2337725E+01
 3.4934781E-01            NaN -4.7441086E-06  4.5491345E+01 -8.2892576E-07  7.8727340-310 -5.4419017E+06  1.2367512E+01
 3.4935718E-01            NaN -4.7568078E-06  4.5506298E+01 -8.3119223E-07  7.8737229-310 -5.4413632E+06  1.2397308E+01
 3.4936655E-01            NaN -4.7695173E-06  4.5521251E+01 -8.3346080E-07  7.8747100-310 -5.4408249E+06  1.2427114E+01
 3.4937592E-01            NaN -4.7822373E-06  4.5536204E+01 -8.3573146E-07  7.8756956-310 -5.4402868E+06  1.2456930E+01
 3.4938529E-01            NaN -4.7949678E-06  4.5551157E+01 -8.3800421E-07  7.8766795-310 -5.4397488E+06  1.2486755E+01
 3.4939466E-01            NaN -4.8077086E-06  4.5566110E+01 -8.4027905E-07  7.8776618-310 -5.4392109E+06  1.2516589E+01
 3.4940403E-01            NaN -4.8204599E-06  4.5581062E+01 -8.4255599E-07  7.8786424-310 -5.4386731E+06  1.2546433E+01
 3.4941341E-01            NaN -4.8332216E-06  4.5596015E+01 -8.4483503E-07  7.8796215-310 -5.4381355E+06  1.2576286E+01
 3.4942278E-01            NaN -4.8459938E-06  4.5610967E+01 -8.4711616E-07  7.8805989-310 -5.4375981E+06  1.2606149E+01
 3.4943215E-01            NaN -4.8587764E-06  4.5625919E+01 -8.4939940E-07  7.8815748-310 -5.4370607E+06  1.2636021E+01
 3.4944152E-01            NaN -4.8715695E-06  4.5640871E+01 -8.5168473E-07  7.8825490-310 -5.4365235E+06  1.2665902E+01
 3.4945089E-01            NaN -4.8843730E-06  4.5655822E+01 -8.5397216E-07  7.8835217-310 -5.4359865E+06  1.2695793E+01
 3.4946026E-01            NaN -4.8971870E-06  4.5670774E+01 -8.5626170E-07  7.8844928-310 -5.4354496E+06  1.2725693E+01
 3.4946963E-01            NaN -4.9100115E-06  4.5685725E+01 -8.5855334E-07  7.8854623-310 -5.4349128E+06  1.2755603E+01
 3.4947900E-01            NaN -4.9228464E-06  4.5700676E+01 -8.6084709E-07  7.8864303-310 -5.4343761E+06  1.2785522E+01
 3.4948837E-01            NaN -4.9356919E-06  4.5715627E+01 -8.6314294E-07  7.8873967-310 -5.4338396E+06  1.2815450E+01
 3.4949774E-01            NaN -4.9485477E-06  4.5730578E+01 -8.6544090E-07  7.8883616-310 -5.4333033E+06  1.2845388E+01
 3.4950711E-01            NaN -4.9614141E-06  4.5745529E+01 -8.6774097E-07  7.8893249-310 -5.4327670E+06  1.2875335E+01
 3.4951648E-01            NaN -4.9742910E-06  4.5760479E+01 -8.7004315E-07  7.8902866-310 -5.4322309E+06  1.2905292E+01
 3.4952585E-01            NaN -4.9871784E-06  4.5775430E+01 -8.7234744E-07  7.8912469-310 -5.4316949E+06  1.2935257E+01
 3.4953522E-01            NaN -5.0000762E-06  4.5790380E+01 -8.7465385E-07  7.8922056-310 -5.4311591E+06  1.2965232E+01
 3.4954459E-01            NaN -5.0129846E-06  4.5805330E+01 -8.7696236E-07  7.8931628-310 -5.4306234E+06  1.2995217E+01
 3.4955396E-01            NaN -5.0259034E-06  4.5820280E+01 -8.7927299E-07  7.8941185-310 -5.4300878E+06  1.3025210E+01
 3.4956334E-01            NaN -5.0388328E-06  4.5835229E+01 -8.8158574E-07  7.8950726-310 -5.4295524E+06  1.3055213E+01
 3.4957271E-01            NaN -5.0517727E-06  4.5850179E+01 -8.8390060E-07  7.8960253-310 -5.4290171E+06  1.3085226E+01
 3.4958208E-01            NaN -5.0647231E-06  4.5865128E+01 -8.8621759E-07  7.8969765-310 -5.4284819E+06  1.3115247E+01
 3.4959145E-01            NaN -5.0776841E-06  4.5880077E+01 -8.8853669E-07  7.8979262-310 -5.4279469E+06  1.3145278E+01
 3.4960082E-01            NaN -5.0906555E-06  4.5895026E+01 -8.9085791E-07  7.8988744-310 -5.4274120E+06  1.3175318E+01
 3.4961019E-01            NaN -5.1036376E-06  4.5909975E+01 -8.9318126E-07  7.8998211-310 -5.4268772E+06  1.3205368E+01
 3.4961956E-01            NaN -5.1166301E-06  4.5924924E+01 -8.9550672E-07  7.9007664-310 -5.4263426E+06  1.3235427E+01
 3.4962893E-01            NaN -5.1296332E-06  4.5939872E+01 -8.9783432E-07  7.9017102-310 -5.4258080E+06  1.3265495E+01
 3.4963830E-01            NaN -5.1426468E-06  4.5954820E+01 -9.0016403E-07  7.9026525-310 -5.4252737E+06  1.3295572E+01
 3.4964767E-01            NaN -5.1556710E-06  4.5969768E+01 -9.0249588E-07  7.9035934-310 -5.4247394E+06  1.3325658E+01
 3.4965704E-01            NaN -5.1687057E-06  4.5984716E+01 -9.0482985E-07  7.9045329-310 -5.4242053E+06  1.3355754E+01
 3.4966641E-01            NaN -5.1817510E-06  4.5999664E+01 -9.0716596E-07  7.9054709-310 -5.4236713E+06  1.3385859E+01
 3.4967578E-01            NaN -5.1948069E-06  4.6014612E+01 -9.0950419E-07  7.9064074-310 -5.4231374E+06  1.3415973E+01
 3.4968515E-01            NaN -5.2078733E-06  4.6029559E+01 -9.1184455E-07  7.9073426-310 -5.4226037E+06  1.3446096E+01
 3.4969452E-01            NaN -5.2209503E-06  4.6044506E+01 -9.1418705E-07  7.9082763-310 -5.4220701E+06  1.3476229E+01
 3.4970389E-01            NaN -5.2340379E-06  4.6059453E+01 -9.1653168E-07  7.9092086-310 -5.4215366E+06  1.3506370E+01
 3.4971327E-01            NaN -5.2471361E-06  4.6074400E+01 -9.1887845E-07  7.9101394-310 -5.4210032E+06  1.3536521E+01
 3.4972264E-01            NaN -5.2602448E-06  4.6089347E+01 -9.2122735E-07  7.9110689-310 -5.4204700E+06  1.3566681E+01
 3.4973201E-01            NaN -5.2733641E-06  4.6104293E+01 -9.2357840E-07  7.9119970-310 -5.4199369E+06  1.3596851E+01
 3.4974138E-01            NaN -5.2864941E-06  4.6119239E+01 -9.2593158E-07  7.9129236-310 -5.4194040E+06  1.3627029E+01
 3.4975075E-01            NaN -5.2996346E-06  4.6134186E+01 -9.2828690E-07  7.9138489-310 -5.4188711E+06  1.3657217E+01
 3.4976012E-01            NaN -5.3127858E-06  4.6149132E+01 -9.3064436E-07  7.9147728-310 -5.4183384E+06  1.3687413E+01
 3.4976949E-01            NaN -5.3259475E-06  4.6164077E+01 -9.3300397E-07  7.9156954-310 -5.4178058E+06  1.3717619E+01
 3.4977886E-01            NaN -5.3391199E-06  4.6179023E+01 -9.3536571E-07  7.9166165-310 -5.4172734E+06  1.3747834E+01
 3.4978823E-01            NaN -5.3523028E-06  4.6193968E+01 -9.3772961E-07  7.9175363-310 -5.4167410E+06  1.3778058E+01
 3.4979760E-01            NaN -5.3654964E-06  4.6208914E+01 -9.4009565E-07  7.9184547-310 -5.4162088E+06  1.3808291E+01
 3.4980697E-01            NaN -5.3787007E-06  4.6223859E+01 -9.4246384E-07  7.9193717-310 -5.4156767E+06  1.3838534E+01
 3.4981634E-01            NaN -5.3919155E-06  4.6238803E+01 -9.4483417E-07  7.9202874-310 -5.4151447E+06  1.3868785E+01
 3.4982571E-01            NaN -5.4051410E-06  4.6253748E+01 -9.4720666E-07  7.9212018-310 -5.4146129E+06  1.3899046E+01
 3.4983508E-01            NaN -5.4183771E-06  4.6268693E+01 -9.4958130E-07  7.9221148-310 -5.4140812E+06  1.3929315E+01
 3.4984445E-01            NaN -5.4316239E-06  4.6283637E+01 -9.5195809E-07  7.9230265-310 -5.4135496E+06  1.3959594E+01
 3.4985382E-01            NaN -5.4448813E-06  4.6298581E+01 -9.5433703E-07  7.9239368-310 -5.4130181E+06  1.3989882E+01
 3.4986320E-01            NaN -5.4581494E-06  4.6313525E+01 -9.5671813E-07  7.9248458-310 -5.4124868E+06  1.4020179E+01
 3.4987257E-01            NaN -5.4714281E-06  4.6328469E+01 -9.5910139E-07  7.9257535-310 -5.4119556E+06  1.4050484E+01
 3.4988194E-01            NaN -5.4847175E-06  4.6343412E+01 -9.6148680E-07  7.9266599-310 -5.4114245E+06  1.4080799E+01
 3.4989131E-01            NaN -5.4980176E-06  4.6358356E+01 -9.6387437E-07  7.9275650-310 -5.4108935E+06  1.4111123E+01
 3.4990068E-01            NaN -5.5113283E-06  4.6373299E+01 -9.6626410E-07  7.9284687-310 -5.4103626E+06  1.4141456E+01
 3.4991005E-01            NaN -5.5246497E-06  4.6388242E+01 -9.6865599E-07  7.9293712-310 -5.4098319E+06  1.4171798E+01
 3.4991942E-01            NaN -5.5379818E-06  4.6403185E+01 -9.7105004E-07  7.9302723-310 -5.4093013E+06  1.4202149E+01
 3.4992879E-01            NaN -5.5513245E-06  4.6418128E+01 -9.7344626E-07  7.9311722-310 -5.4087708E+06  1.4232509E+01
 3.4993816E-01            NaN -5.5646780E-06  4.6433070E+01 -9.7584464E-07  7.9320708-310 -5.4082404E+06  1.4262879E+01
 3.4994753E-01            NaN -5.5780421E-06  4.6448013E+01 -9.7824519E-07  7.9329681-310 -5.4077102E+06  1.4293257E+01
 3.4995690E-01            NaN -5.5914169E-06  4.6462955E+01 -9.8064790E-07  7.9338641-310 -5.4071800E+06  1.4323644E+01
 3.4996627E-01            NaN -5.6048025E-06  4.6477897E+01 -9.8305278E-07  7.9347588-310 -5.4066500E+06  1.4354040E+01
 3.4997564E-01            NaN -5.6181987E-06  4.6492838E+01 -9.8545983E-07  7.9356523-310 -5.4061201E+06  1.4384445E+01
 3.4998501E-01            NaN -5.6316057E-06  4.6507780E+01 -9.8786906E-07  7.9365445-310 -5.4055903E+06  1.4414859E+01
 3.4999438E-01            NaN -5.6450233E-06  4.6522721E+01 -9.9028045E-07  7.9374355-310 -5.4050607E+06  1.4445281E+01
 3.5000375E-01            NaN -5.6584517E-06  4.6537663E+01 -9.9269402E-07  7.9383252-310 -5.4045311E+06  1.4475713E+01
 3.5001313E-01            NaN -5.6718908E-06  4.6552604E+01 -9.9510976E-07  7.9392136-310 -5.4040017E+06  1.4506154E+01
 3.5002250E-01            NaN -5.6853406E-06  4.6567544E+01 -9.9752768E-07  7.9401008-310 -5.4034724E+06  1.4536604E+01
 3.5003187E-01            NaN -5.6988012E-06  4.6582485E+01 -9.9994777E-07  7.9409868-310 -5.4029432E+06  1.4567063E+01
 3.5004124E-01            NaN -5.7122725E-06  4.6597425E+01 -1.0023700E-06  7.9418715-310 -5.4024142E+06  1.4597530E+01
 3.5005061E-01            NaN -5.7257545E-06  4.6612366E+01 -1.0047945E-06  7.9427550-310 -5.4018852E+06  1.4628007E+01
 3.5005998E-01            NaN -5.7392473E-06  4.6627306E+01 -1.0072211E-06  7.9436373-310 -5.4013564E+06  1.4658492E+01
 3.5006935E-01            NaN -5.7527508E-06  4.6642246E+01 -1.0096499E-06  7.9445184-310 -5.4008277E+06  1.4688986E+01
 3.5007872E-01            NaN -5.7662651E-06  4.6657185E+01 -1.0120809E-06  7.9453982-310 -5.4002991E+06  1.4719489E+01
 3.5008809E-01            NaN -5.7797901E-06  4.6672125E+01 -1.0145141E-06  7.9462768-310 -5.3997706E+06  1.4750002E+01
 3.5009746E-01            NaN -5.7933259E-06  4.6687064E+01 -1.0169495E-06  7.9471543-310 -5.3992422E+06  1.4780522E+01
 3.5010683E-01            NaN -5.8068725E-06  4.6702003E+01 -1.0193870E-06  7.9480305-310 -5.3987140E+06  1.4811052E+01
 3.5011620E-01            NaN -5.8204298E-06  4.6716942E+01 -1.0218268E-06  7.9489055-310 -5.3981858E+06  1.4841591E+01
 3.5012557E-01            NaN -5.8339979E-06  4.6731881E+01 -1.0242687E-06  7.9497793-310 -5.3976578E+06  1.4872138E+01
 3.5013494E-01            NaN -5.8475768E-06  4.6746820E+01 -1.0267128E-06  7.9506519-310 -5.3971299E+06  1.4902695E+01
 3.5014431E-01            NaN -5.8611665E-06  4.6761758E+01 -1.0291591E-06  7.9515234-310 -5.3966021E+06  1.4933260E+01
 3.5015368E-01            NaN -5.8747669E-06  4.6776696E+01 -1.0316076E-06  7.9523936-310 -5.3960744E+06  1.4963834E+01
 3.5016306E-01            NaN -5.8883782E-06  4.6791634E+01 -1.0340583E-06  7.9532627-310 -5.3955468E+06  1.4994417E+01
 3.5017243E-01            NaN -5.9020002E-06  4.6806572E+01 -1.0365112E-06  7.9541306-310 -5.3950194E+06  1.5025008E+01
 3.5018180E-01            NaN -5.9156331E-06  4.6821510E+01 -1.0389663E-06  7.9549973-310 -5.3944920E+06  1.5055609E+01
 3.5019117E-01            NaN -5.9292767E-06  4.6836447E+01 -1.0414236E-06  7.9558629-310 -5.3939648E+06  1.5086218E+01
 3.5020054E-01            NaN -5.9429312E-06  4.6851384E+01 -1.0438831E-06  7.9567273-310 -5.3934377E+06  1.5116836E+01
