 4.0000000E-04  2.2435127E-10
 8.0000000E-04  2.0189741E-09
 1.2000000E-03  8.7475242E-09
 1.6000000E-03  2.4610369E-08
 2.0000000E-03  5.5883353E-08
 2.4000000E-03  1.1023419E-07
 2.8000000E-03  1.9688458E-07
 3.2000000E-03  3.2660439E-07
 3.6000000E-03  5.1170976E-07
 4.0000000E-03  7.6606148E-07
 4.4000000E-03  1.1050635E-06
 4.8000000E-03  1.5456612E-06
 5.2000000E-03  2.1063399E-06
 5.6000000E-03  2.8071232E-06
 6.0000000E-03  3.6695709E-06
 6.4000000E-03  4.7167776E-06
 6.8000000E-03  5.9733703E-06
 7.2000000E-03  7.4655070E-06
 7.6000000E-03  9.2208740E-06
 8.0000000E-03  1.1268684E-05
 8.4000000E-03  1.3639676E-05
 8.8000000E-03  1.6366107E-05
 9.2000000E-03  1.9481759E-05
 9.6000000E-03  2.3021927E-05
 1.0000000E-02  2.7023423E-05
 1.0400000E-02  3.1524572E-05
 1.0800000E-02  3.6565209E-05
 1.1200000E-02  4.2186675E-05
 1.1600000E-02  4.8431816E-05
 1.2000000E-02  5.5344980E-05
 1.2400000E-02  6.2972015E-05
 1.2800000E-02  7.1360265E-05
 1.3200000E-02  8.0558566E-05
 1.3600000E-02  9.0617245E-05
 1.4000000E-02  1.0158812E-04
 1.4400000E-02  1.1352448E-04
 1.4800000E-02  1.2648110E-04
 1.5200000E-02  1.4051426E-04
 1.5600000E-02  1.5568167E-04
 1.6000000E-02  1.7204253E-04
 1.6400000E-02  1.8965752E-04
 1.6800000E-02  2.0858876E-04
 1.7200000E-02  2.2889986E-04
 1.7600000E-02  2.5065584E-04
 1.8000000E-02  2.7392323E-04
 1.8400000E-02  2.9876997E-04
 1.8800000E-02  3.2526545E-04
 1.9200000E-02  3.5348051E-04
 1.9600000E-02  3.8348742E-04
 2.0000000E-02  4.1535990E-04
 2.0400000E-02  4.4917308E-04
 2.0800000E-02  4.8500351E-04
 2.1200000E-02  5.2292919E-04
 2.1600000E-02  5.6302951E-04
 2.2000000E-02  6.0538528E-04
 2.2400000E-02  6.5007872E-04
 2.2800000E-02  6.9719345E-04
 2.3200000E-02  7.4681450E-04
 2.3600000E-02  7.9902827E-04
 2.4000000E-02  8.5392258E-04
 2.4400000E-02  9.1158661E-04
 2.4800000E-02  9.7211093E-04
 2.5200000E-02  1.0355875E-03
 2.5600000E-02  1.1021096E-03
 2.6000000E-02  1.1717720E-03
 2.6400000E-02  1.2446706E-03
 2.6800000E-02  1.3209029E-03
 2.7200000E-02  1.4005676E-03
 2.7600000E-02  1.4837648E-03
 2.8000000E-02  1.5705960E-03
 2.8400000E-02  1.6611639E-03
 2.8800000E-02  1.7555727E-03
 2.9200000E-02  1.8539276E-03
 2.9600000E-02  1.9563355E-03
 3.0000000E-02  2.0629045E-03
 3.0400000E-02  2.1737439E-03
 3.0800000E-02  2.2889643E-03
 3.1200000E-02  2.4086777E-03
 3.1600000E-02  2.5329974E-03
 3.2000000E-02  2.6620379E-03
 3.2400000E-02  2.7959150E-03
 3.2800000E-02  2.9347458E-03
 3.3200000E-02  3.0786487E-03
 3.3600000E-02  3.2277432E-03
 3.4000000E-02  3.3821503E-03
 3.4400000E-02  3.5419921E-03
 3.4800000E-02  3.7073919E-03
 3.5200000E-02  3.8784743E-03
 3.5600000E-02  4.0553652E-03
 3.6000000E-02  4.2381916E-03
 3.6400000E-02  4.4270817E-03
 3.6800000E-02  4.6221652E-03
 3.7200000E-02  4.8235726E-03
 3.7600000E-02  5.0314359E-03
 3.8000000E-02  5.2458881E-03
 3.8400000E-02  5.4670635E-03
 3.8800000E-02  5.6950975E-03
 3.9200000E-02  5.9301268E-03
 3.9600000E-02  6.1722891E-03
 4.0000000E-02  6.4217235E-03
 4.0400000E-02  6.6785699E-03
 4.0800000E-02  6.9429696E-03
 4.1200000E-02  7.2150650E-03
 4.1600000E-02  7.4949995E-03
 4.2000000E-02  7.7829179E-03
 4.2400000E-02  8.0789659E-03
 4.2800000E-02  8.3832903E-03
 4.3200000E-02  8.6960391E-03
 4.3600000E-02  9.0173613E-03
 4.4000000E-02  9.3474071E-03
 4.4400000E-02  9.6863278E-03
 4.4800000E-02  1.0034275E-02
 4.5200000E-02  1.0391404E-02
 4.5600000E-02  1.0757867E-02
 4.6000000E-02  1.1133820E-02
 4.6400000E-02  1.1519420E-02
 4.6800000E-02  1.1914825E-02
 4.7200000E-02  1.2320193E-02
 4.7600000E-02  1.2735683E-02
 4.8000000E-02  1.3161457E-02
 4.8400000E-02  1.3597675E-02
 4.8800000E-02  1.4044501E-02
 4.9200000E-02  1.4502098E-02
 4.9600000E-02  1.4970630E-02
 5.0000000E-02  1.5450264E-02
 5.0400000E-02  1.5941166E-02
 5.0800000E-02  1.6443502E-02
 5.1200000E-02  1.6957443E-02
 5.1600000E-02  1.7483156E-02
 5.2000000E-02  1.8020813E-02
 5.2400000E-02  1.8570584E-02
 5.2800000E-02  1.9132643E-02
 5.3200000E-02  1.9707161E-02
 5.3600000E-02  2.0294312E-02
 5.4000000E-02  2.0894273E-02
 5.4400000E-02  2.1507218E-02
 5.4800000E-02  2.2133324E-02
 5.5200000E-02  2.2772768E-02
 5.5600000E-02  2.3425729E-02
 5.6000000E-02  2.4092386E-02
 5.6400000E-02  2.4772920E-02
 5.6800000E-02  2.5467510E-02
 5.7200000E-02  2.6176339E-02
 5.7600000E-02  2.6899589E-02
 5.8000000E-02  2.7637444E-02
 5.8400000E-02  2.8390087E-02
 5.8800000E-02  2.9157704E-02
 5.9200000E-02  2.9940481E-02
 5.9600000E-02  3.0738603E-02
 6.0000000E-02  3.1552258E-02
 6.0400000E-02  3.2381634E-02
 6.0800000E-02  3.3226919E-02
 6.1200000E-02  3.4088304E-02
 6.1600000E-02  3.4965978E-02
 6.2000000E-02  3.5860133E-02
 6.2400000E-02  3.6770960E-02
 6.2800000E-02  3.7698651E-02
 6.3200000E-02  3.8643399E-02
 6.3600000E-02  3.9605399E-02
 6.4000000E-02  4.0584844E-02
 6.4400000E-02  4.1581930E-02
 6.4800000E-02  4.2596852E-02
 6.5200000E-02  4.3629807E-02
 6.5600000E-02  4.4680991E-02
 6.6000000E-02  4.5750603E-02
 6.6400000E-02  4.6838840E-02
 6.6800000E-02  4.7945902E-02
 6.7200000E-02  4.9071988E-02
 6.7600000E-02  5.0217298E-02
 6.8000000E-02  5.1382033E-02
 6.8400000E-02  5.2566393E-02
 6.8800000E-02  5.3770582E-02
 6.9200000E-02  5.4994800E-02
 6.9600000E-02  5.6239251E-02
 7.0000000E-02  5.7504139E-02
 7.0400000E-02  5.8789667E-02
 7.0800000E-02  6.0096040E-02
 7.1200000E-02  6.1423463E-02
 7.1600000E-02  6.2772142E-02
 7.2000000E-02  6.4142281E-02
 7.2400000E-02  6.5534089E-02
 7.2800000E-02  6.6947771E-02
 7.3200000E-02  6.8383535E-02
 7.3600000E-02  6.9841590E-02
 7.4000000E-02  7.1322142E-02
 7.4400000E-02  7.2825402E-02
 7.4800000E-02  7.4351578E-02
 7.5200000E-02  7.5900879E-02
 7.5600000E-02  7.7473517E-02
 7.6000000E-02  7.9069700E-02
 7.6400000E-02  8.0689640E-02
 7.6800000E-02  8.2333548E-02
 7.7200000E-02  8.4001635E-02
 7.7600000E-02  8.5694114E-02
 7.8000000E-02  8.7411196E-02
 7.8400000E-02  8.9153094E-02
 7.8800000E-02  9.0920020E-02
 7.9200000E-02  9.2712189E-02
 7.9600000E-02  9.4529813E-02
 8.0000000E-02  9.6373107E-02
 8.0400000E-02  9.8242283E-02
 8.0800000E-02  1.0013756E-01
 8.1200000E-02  1.0205914E-01
 8.1600000E-02  1.0400726E-01
 8.2000000E-02  1.0598211E-01
 8.2400000E-02  1.0798393E-01
 8.2800000E-02  1.1001291E-01
 8.3200000E-02  1.1206929E-01
 8.3600000E-02  1.1415327E-01
 8.4000000E-02  1.1626507E-01
 8.4400000E-02  1.1840491E-01
 8.4800000E-02  1.2057300E-01
 8.5200000E-02  1.2276957E-01
 8.5600000E-02  1.2499482E-01
 8.6000000E-02  1.2724898E-01
 8.6400000E-02  1.2953225E-01
 8.6800000E-02  1.3184487E-01
 8.7200000E-02  1.3418705E-01
 8.7600000E-02  1.3655900E-01
 8.8000000E-02  1.3896094E-01
 8.8400000E-02  1.4139309E-01
 8.8800000E-02  1.4385567E-01
 8.9200000E-02  1.4634889E-01
 8.9600000E-02  1.4887298E-01
 9.0000000E-02  1.5142815E-01
 9.0400000E-02  1.5401462E-01
 9.0800000E-02  1.5663261E-01
 9.1200000E-02  1.5928233E-01
 9.1600000E-02  1.6196401E-01
 9.2000000E-02  1.6467786E-01
 9.2400000E-02  1.6742410E-01
 9.2800000E-02  1.7020295E-01
 9.3200000E-02  1.7301462E-01
 9.3600000E-02  1.7585934E-01
 9.4000000E-02  1.7873733E-01
 9.4400000E-02  1.8164879E-01
 9.4800000E-02  1.8459395E-01
 9.5200000E-02  1.8757303E-01
 9.5600000E-02  1.9058624E-01
 9.6000000E-02  1.9363380E-01
 9.6400000E-02  1.9671593E-01
 9.6800000E-02  1.9983285E-01
 9.7200000E-02  2.0298477E-01
 9.7600000E-02  2.0617192E-01
 9.8000000E-02  2.0939450E-01
 9.8400000E-02  2.1265274E-01
 9.8800000E-02  2.1594684E-01
 9.9200000E-02  2.1927704E-01
 9.9600000E-02  2.2264354E-01
 1.0000000E-01  2.2604656E-01
 1.0040000E-01  2.2948632E-01
 1.0080000E-01  2.3296303E-01
 1.0120000E-01  2.3647690E-01
 1.0160000E-01  2.4002816E-01
 1.0200000E-01  2.4361702E-01
 1.0240000E-01  2.4724369E-01
 1.0280000E-01  2.5090839E-01
 1.0320000E-01  2.5461133E-01
 1.0360000E-01  2.5835273E-01
 1.0400000E-01  2.6213279E-01
 1.0440000E-01  2.6595174E-01
 1.0480000E-01  2.6980978E-01
 1.0520000E-01  2.7370713E-01
 1.0560000E-01  2.7764401E-01
 1.0600000E-01  2.8162061E-01
 1.0640000E-01  2.8563716E-01
 1.0680000E-01  2.8969387E-01
 1.0720000E-01  2.9379094E-01
 1.0760000E-01  2.9792860E-01
 1.0800000E-01  3.0210704E-01
 1.0840000E-01  3.0632648E-01
 1.0880000E-01  3.1058712E-01
 1.0920000E-01  3.1488919E-01
 1.0960000E-01  3.1923287E-01
 1.1000000E-01  3.2361840E-01
 1.1040000E-01  3.2804596E-01
 1.1080000E-01  3.3251577E-01
 1.1120000E-01  3.3702804E-01
 1.1160000E-01  3.4158297E-01
 1.1200000E-01  3.4618077E-01
 1.1240000E-01  3.5082164E-01
 1.1280000E-01  3.5550579E-01
 1.1320000E-01  3.6023342E-01
 1.1360000E-01  3.6500474E-01
 1.1400000E-01  3.6981995E-01
 1.1440000E-01  3.7467925E-01
 1.1480000E-01  3.7958285E-01
 1.1520000E-01  3.8453095E-01
 1.1560000E-01  3.8952374E-01
 1.1600000E-01  3.9456144E-01
 1.1640000E-01  3.9964423E-01
 1.1680000E-01  4.0477232E-01
 1.1720000E-01  4.0994591E-01
 1.1760000E-01  4.1516520E-01
 1.1800000E-01  4.2043038E-01
 1.1840000E-01  4.2574165E-01
 1.1880000E-01  4.3109921E-01
 1.1920000E-01  4.3650325E-01
 1.1960000E-01  4.4195397E-01
 1.2000000E-01  4.4745156E-01
 1.2040000E-01  4.5299623E-01
 1.2080000E-01  4.5858815E-01
 1.2120000E-01  4.6422752E-01
 1.2160000E-01  4.6991454E-01
 1.2200000E-01  4.7564939E-01
 1.2240000E-01  4.8143227E-01
 1.2280000E-01  4.8726337E-01
 1.2320000E-01  4.9314287E-01
 1.2360000E-01  4.9907097E-01
 1.2400000E-01  5.0504784E-01
 1.2440000E-01  5.1107369E-01
 1.2480000E-01  5.1714868E-01
 1.2520000E-01  5.2327302E-01
 1.2560000E-01  5.2944688E-01
 1.2600000E-01  5.3567044E-01
 1.2640000E-01  5.4194390E-01
 1.2680000E-01  5.4826743E-01
 1.2720000E-01  5.5464121E-01
 1.2760000E-01  5.6106543E-01
 1.2800000E-01  5.6754026E-01
 1.2840000E-01  5.7406588E-01
 1.2880000E-01  5.8064247E-01
 1.2920000E-01  5.8727021E-01
 1.2960000E-01  5.9394928E-01
 1.3000000E-01  6.0067984E-01
 1.3040000E-01  6.0746208E-01
 1.3080000E-01  6.1429617E-01
 1.3120000E-01  6.2118228E-01
 1.3160000E-01  6.2812058E-01
 1.3200000E-01  6.3511125E-01
 1.3240000E-01  6.4215445E-01
 1.3280000E-01  6.4925035E-01
 1.3320000E-01  6.5639913E-01
 1.3360000E-01  6.6360094E-01
 1.3400000E-01  6.7085596E-01
 1.3440000E-01  6.7816435E-01
 1.3480000E-01  6.8552628E-01
 1.3520000E-01  6.9294191E-01
 1.3560000E-01  7.0041140E-01
 1.3600000E-01  7.0793491E-01
 1.3640000E-01  7.1551261E-01
 1.3680000E-01  7.2314465E-01
 1.3720000E-01  7.3083119E-01
 1.3760000E-01  7.3857240E-01
 1.3800000E-01  7.4636842E-01
 1.3840000E-01  7.5421942E-01
 1.3880000E-01  7.6212554E-01
 1.3920000E-01  7.7008695E-01
 1.3960000E-01  7.7810379E-01
 1.4000000E-01  7.8617621E-01
 1.4040000E-01  7.9430438E-01
 1.4080000E-01  8.0248842E-01
 1.4120000E-01  8.1072851E-01
 1.4160000E-01  8.1902477E-01
 1.4200000E-01  8.2737736E-01
 1.4240000E-01  8.3578643E-01
 1.4280000E-01  8.4425211E-01
 1.4320000E-01  8.5277455E-01
 1.4360000E-01  8.6135390E-01
 1.4400000E-01  8.6999028E-01
 1.4440000E-01  8.7868385E-01
 1.4480000E-01  8.8743475E-01
 1.4520000E-01  8.9624310E-01
 1.4560000E-01  9.0510904E-01
 1.4600000E-01  9.1403272E-01
 1.4640000E-01  9.2301426E-01
 1.4680000E-01  9.3205379E-01
 1.4720000E-01  9.4115146E-01
 1.4760000E-01  9.5030738E-01
 1.4800000E-01  9.5952170E-01
 1.4840000E-01  9.6879453E-01
 1.4880000E-01  9.7812600E-01
 1.4920000E-01  9.8751625E-01
 1.4960000E-01  9.9696539E-01
 1.5000000E-01  1.0064735E+00
 1.5040000E-01  1.0160408E+00
 1.5080000E-01  1.0256674E+00
 1.5120000E-01  1.0353533E+00
 1.5160000E-01  1.0450988E+00
 1.5200000E-01  1.0549038E+00
 1.5240000E-01  1.0647686E+00
 1.5280000E-01  1.0746933E+00
 1.5320000E-01  1.0846779E+00
 1.5360000E-01  1.0947226E+00
 1.5400000E-01  1.1048274E+00
 1.5440000E-01  1.1149926E+00
 1.5480000E-01  1.1252182E+00
 1.5520000E-01  1.1355042E+00
 1.5560000E-01  1.1458509E+00
 1.5600000E-01  1.1562583E+00
 1.5640000E-01  1.1667266E+00
 1.5680000E-01  1.1772558E+00
 1.5720000E-01  1.1878460E+00
 1.5760000E-01  1.1984973E+00
 1.5800000E-01  1.2092099E+00
 1.5840000E-01  1.2199838E+00
 1.5880000E-01  1.2308191E+00
 1.5920000E-01  1.2417159E+00
 1.5960000E-01  1.2526743E+00
 1.6000000E-01  1.2636945E+00
 1.6040000E-01  1.2747764E+00
 1.6080000E-01  1.2859202E+00
 1.6120000E-01  1.2971260E+00
 1.6160000E-01  1.3083938E+00
 1.6200000E-01  1.3197238E+00
 1.6240000E-01  1.3311160E+00
 1.6280000E-01  1.3425705E+00
 1.6320000E-01  1.3540874E+00
 1.6360000E-01  1.3656667E+00
 1.6400000E-01  1.3773086E+00
 1.6440000E-01  1.3890131E+00
 1.6480000E-01  1.4007804E+00
 1.6520000E-01  1.4126104E+00
 1.6560000E-01  1.4245032E+00
 1.6600000E-01  1.4364590E+00
 1.6640000E-01  1.4484777E+00
 1.6680000E-01  1.4605595E+00
 1.6720000E-01  1.4727045E+00
 1.6760000E-01  1.4849126E+00
 1.6800000E-01  1.4971840E+00
 1.6840000E-01  1.5095187E+00
 1.6880000E-01  1.5219167E+00
 1.6920000E-01  1.5343782E+00
 1.6960000E-01  1.5469033E+00
 1.7000000E-01  1.5594918E+00
 1.7040000E-01  1.5721440E+00
 1.7080000E-01  1.5848599E+00
 1.7120000E-01  1.5976394E+00
 1.7160000E-01  1.6104828E+00
 1.7200000E-01  1.6233899E+00
 1.7240000E-01  1.6363610E+00
 1.7280000E-01  1.6493959E+00
 1.7320000E-01  1.6624949E+00
 1.7360000E-01  1.6756578E+00
 1.7400000E-01  1.6888848E+00
 1.7440000E-01  1.7021759E+00
 1.7480000E-01  1.7155311E+00
 1.7520000E-01  1.7289505E+00
 1.7560000E-01  1.7424341E+00
 1.7600000E-01  1.7559820E+00
 1.7640000E-01  1.7695941E+00
 1.7680000E-01  1.7832706E+00
 1.7720000E-01  1.7970114E+00
 1.7760000E-01  1.8108166E+00
 1.7800000E-01  1.8246862E+00
 1.7840000E-01  1.8386202E+00
 1.7880000E-01  1.8526187E+00
 1.7920000E-01  1.8666817E+00
 1.7960000E-01  1.8808091E+00
 1.8000000E-01  1.8950011E+00
 1.8040000E-01  1.9092577E+00
 1.8080000E-01  1.9235788E+00
 1.8120000E-01  1.9379645E+00
 1.8160000E-01  1.9524148E+00
 1.8200000E-01  1.9669298E+00
 1.8240000E-01  1.9815093E+00
 1.8280000E-01  1.9961535E+00
 1.8320000E-01  2.0108623E+00
 1.8360000E-01  2.0256358E+00
 1.8400000E-01  2.0404740E+00
 1.8440000E-01  2.0553768E+00
 1.8480000E-01  2.0703443E+00
 1.8520000E-01  2.0853764E+00
 1.8560000E-01  2.1004733E+00
 1.8600000E-01  2.1156348E+00
 1.8640000E-01  2.1308609E+00
 1.8680000E-01  2.1461518E+00
 1.8720000E-01  2.1615073E+00
 1.8760000E-01  2.1769274E+00
 1.8800000E-01  2.1924122E+00
 1.8840000E-01  2.2079617E+00
 1.8880000E-01  2.2235757E+00
 1.8920000E-01  2.2392544E+00
 1.8960000E-01  2.2549977E+00
 1.9000000E-01  2.2708055E+00
 1.9040000E-01  2.2866779E+00
 1.9080000E-01  2.3026149E+00
 1.9120000E-01  2.3186163E+00
 1.9160000E-01  2.3346823E+00
 1.9200000E-01  2.3508128E+00
 1.9240000E-01  2.3670077E+00
 1.9280000E-01  2.3832671E+00
 1.9320000E-01  2.3995908E+00
 1.9360000E-01  2.4159789E+00
 1.9400000E-01  2.4324314E+00
 1.9440000E-01  2.4489481E+00
 1.9480000E-01  2.4655292E+00
 1.9520000E-01  2.4821745E+00
 1.9560000E-01  2.4988840E+00
 1.9600000E-01  2.5156576E+00
 1.9640000E-01  2.5324954E+00
 1.9680000E-01  2.5493972E+00
 1.9720000E-01  2.5663631E+00
 1.9760000E-01  2.5833930E+00
 1.9800000E-01  2.6004869E+00
 1.9840000E-01  2.6176446E+00
 1.9880000E-01  2.6348662E+00
 1.9920000E-01  2.6521516E+00
 1.9960000E-01  2.6695007E+00
 2.0000000E-01  2.6869136E+00
 2.0040000E-01  2.7043901E+00
 2.0080000E-01  2.7219302E+00
 2.0120000E-01  2.7395338E+00
 2.0160000E-01  2.7572009E+00
 2.0200000E-01  2.7749314E+00
 2.0240000E-01  2.7927252E+00
 2.0280000E-01  2.8105823E+00
 2.0320000E-01  2.8285027E+00
 2.0360000E-01  2.8464862E+00
 2.0400000E-01  2.8645328E+00
 2.0440000E-01  2.8826424E+00
 2.0480000E-01  2.9008149E+00
 2.0520000E-01  2.9190504E+00
 2.0560000E-01  2.9373486E+00
 2.0600000E-01  2.9557095E+00
 2.0640000E-01  2.9741331E+00
 2.0680000E-01  2.9926192E+00
 2.0720000E-01  3.0111679E+00
 2.0760000E-01  3.0297789E+00
 2.0800000E-01  3.0484523E+00
 2.0840000E-01  3.0671879E+00
 2.0880000E-01  3.0859857E+00
 2.0920000E-01  3.1048455E+00
 2.0960000E-01  3.1237673E+00
 2.1000000E-01  3.1427510E+00
 2.1040000E-01  3.1617965E+00
 2.1080000E-01  3.1809037E+00
 2.1120000E-01  3.2000725E+00
 2.1160000E-01  3.2193028E+00
 2.1200000E-01  3.2385945E+00
 2.1240000E-01  3.2579476E+00
 2.1280000E-01  3.2773618E+00
 2.1320000E-01  3.2968372E+00
 2.1360000E-01  3.3163736E+00
 2.1400000E-01  3.3359709E+00
 2.1440000E-01  3.3556290E+00
 2.1480000E-01  3.3753478E+00
 2.1520000E-01  3.3951272E+00
 2.1560000E-01  3.4149671E+00
 2.1600000E-01  3.4348673E+00
 2.1640000E-01  3.4548278E+00
 2.1680000E-01  3.4748484E+00
 2.1720000E-01  3.4949291E+00
 2.1760000E-01  3.5150696E+00
 2.1800000E-01  3.5352700E+00
 2.1840000E-01  3.5555300E+00
 2.1880000E-01  3.5758495E+00
 2.1920000E-01  3.5962285E+00
 2.1960000E-01  3.6166668E+00
 2.2000000E-01  3.6371642E+00
 2.2040000E-01  3.6577207E+00
 2.2080000E-01  3.6783362E+00
 2.2120000E-01  3.6990104E+00
 2.2160000E-01  3.7197432E+00
 2.2200000E-01  3.7405346E+00
 2.2240000E-01  3.7613844E+00
 2.2280000E-01  3.7822924E+00
 2.2320000E-01  3.8032586E+00
 2.2360000E-01  3.8242828E+00
 2.2400000E-01  3.8453648E+00
 2.2440000E-01  3.8665044E+00
 2.2480000E-01  3.8877017E+00
 2.2520000E-01  3.9089564E+00
 2.2560000E-01  3.9302683E+00
 2.2600000E-01  3.9516374E+00
 2.2640000E-01  3.9730635E+00
 2.2680000E-01  3.9945464E+00
 2.2720000E-01  4.0160860E+00
 2.2760000E-01  4.0376821E+00
 2.2800000E-01  4.0593346E+00
 2.2840000E-01  4.0810433E+00
 2.2880000E-01  4.1028082E+00
 2.2920000E-01  4.1246289E+00
 2.2960000E-01  4.1465054E+00
 2.3000000E-01  4.1684374E+00
 2.3040000E-01  4.1904250E+00
 2.3080000E-01  4.2124678E+00
 2.3120000E-01  4.2345657E+00
 2.3160000E-01  4.2567186E+00
 2.3200000E-01  4.2789263E+00
 2.3240000E-01  4.3011885E+00
 2.3280000E-01  4.3235053E+00
 2.3320000E-01  4.3458763E+00
 2.3360000E-01  4.3683015E+00
 2.3400000E-01  4.3907806E+00
 2.3440000E-01  4.4133134E+00
 2.3480000E-01  4.4358999E+00
 2.3520000E-01  4.4585398E+00
 2.3560000E-01  4.4812329E+00
 2.3600000E-01  4.5039791E+00
 2.3640000E-01  4.5267782E+00
 2.3680000E-01  4.5496301E+00
 2.3720000E-01  4.5725344E+00
 2.3760000E-01  4.5954911E+00
 2.3800000E-01  4.6185000E+00
 2.3840000E-01  4.6415608E+00
 2.3880000E-01  4.6646734E+00
 2.3920000E-01  4.6878377E+00
 2.3960000E-01  4.7110534E+00
 2.4000000E-01  4.7343203E+00
 2.4040000E-01  4.7576382E+00
 2.4080000E-01  4.7810070E+00
 2.4120000E-01  4.8044264E+00
 2.4160000E-01  4.8278964E+00
 2.4200000E-01  4.8514165E+00
 2.4240000E-01  4.8749868E+00
 2.4280000E-01  4.8986069E+00
 2.4320000E-01  4.9222767E+00
 2.4360000E-01  4.9459960E+00
 2.4400000E-01  4.9697646E+00
 2.4440000E-01  4.9935822E+00
 2.4480000E-01  5.0174487E+00
 2.4520000E-01  5.0413639E+00
 2.4560000E-01  5.0653275E+00
 2.4600000E-01  5.0893394E+00
 2.4640000E-01  5.1133994E+00
 2.4680000E-01  5.1375072E+00
 2.4720000E-01  5.1616626E+00
 2.4760000E-01  5.1858654E+00
 2.4800000E-01  5.2101155E+00
 2.4840000E-01  5.2344126E+00
 2.4880000E-01  5.2587564E+00
 2.4920000E-01  5.2831468E+00
 2.4960000E-01  5.3075836E+00
 2.5000000E-01  5.3320665E+00
 2.5040000E-01  5.3565954E+00
 2.5080000E-01  5.3811699E+00
 2.5120000E-01  5.4057900E+00
 2.5160000E-01  5.4304553E+00
 2.5200000E-01  5.4551656E+00
 2.5240000E-01  5.4799208E+00
 2.5280000E-01  5.5047205E+00
 2.5320000E-01  5.5295647E+00
 2.5360000E-01  5.5544529E+00
 2.5400000E-01  5.5793851E+00
 2.5440000E-01  5.6043610E+00
 2.5480000E-01  5.6293804E+00
 2.5520000E-01  5.6544430E+00
 2.5560000E-01  5.6795486E+00
 2.5600000E-01  5.7046970E+00
 2.5640000E-01  5.7298879E+00
 2.5680000E-01  5.7551212E+00
 2.5720000E-01  5.7803965E+00
 2.5760000E-01  5.8057136E+00
 2.5800000E-01  5.8310724E+00
 2.5840000E-01  5.8564726E+00
 2.5880000E-01  5.8819138E+00
 2.5920000E-01  5.9073960E+00
 2.5960000E-01  5.9329188E+00
 2.6000000E-01  5.9584821E+00
 2.6040000E-01  5.9840855E+00
 2.6080000E-01  6.0097288E+00
 2.6120000E-01  6.0354119E+00
 2.6160000E-01  6.0611344E+00
 2.6200000E-01  6.0868961E+00
 2.6240000E-01  6.1126967E+00
 2.6280000E-01  6.1385361E+00
 2.6320000E-01  6.1644139E+00
 2.6360000E-01  6.1903300E+00
 2.6400000E-01  6.2162840E+00
 2.6440000E-01  6.2422758E+00
 2.6480000E-01  6.2683050E+00
 2.6520000E-01  6.2943715E+00
 2.6560000E-01  6.3204749E+00
 2.6600000E-01  6.3466150E+00
 2.6640000E-01  6.3727917E+00
 2.6680000E-01  6.3990045E+00
 2.6720000E-01  6.4252533E+00
 2.6760000E-01  6.4515378E+00
 2.6800000E-01  6.4778577E+00
 2.6840000E-01  6.5042128E+00
 2.6880000E-01  6.5306029E+00
 2.6920000E-01  6.5570276E+00
 2.6960000E-01  6.5834868E+00
 2.7000000E-01  6.6099801E+00
 2.7040000E-01  6.6365073E+00
 2.7080000E-01  6.6630682E+00
 2.7120000E-01  6.6896624E+00
 2.7160000E-01  6.7162898E+00
 2.7200000E-01  6.7429500E+00
 2.7240000E-01  6.7696428E+00
 2.7280000E-01  6.7963679E+00
 2.7320000E-01  6.8231251E+00
 2.7360000E-01  6.8499140E+00
 2.7400000E-01  6.8767346E+00
 2.7440000E-01  6.9035863E+00
 2.7480000E-01  6.9304691E+00
 2.7520000E-01  6.9573826E+00
 2.7560000E-01  6.9843266E+00
 2.7600000E-01  7.0113007E+00
 2.7640000E-01  7.0383048E+00
 2.7680000E-01  7.0653385E+00
 2.7720000E-01  7.0924016E+00
 2.7760000E-01  7.1194939E+00
 2.7800000E-01  7.1466149E+00
 2.7840000E-01  7.1737646E+00
 2.7880000E-01  7.2009425E+00
 2.7920000E-01  7.2281484E+00
 2.7960000E-01  7.2553821E+00
 2.8000000E-01  7.2826433E+00
 2.8040000E-01  7.3099317E+00
 2.8080000E-01  7.3372470E+00
 2.8120000E-01  7.3645889E+00
 2.8160000E-01  7.3919573E+00
 2.8200000E-01  7.4193517E+00
 2.8240000E-01  7.4467719E+00
 2.8280000E-01  7.4742177E+00
 2.8320000E-01  7.5016888E+00
 2.8360000E-01  7.5291848E+00
 2.8400000E-01  7.5567055E+00
 2.8440000E-01  7.5842507E+00
 2.8480000E-01  7.6118200E+00
 2.8520000E-01  7.6394132E+00
 2.8560000E-01  7.6670299E+00
 2.8600000E-01  7.6946700E+00
 2.8640000E-01  7.7223331E+00
 2.8680000E-01  7.7500189E+00
 2.8720000E-01  7.7777272E+00
 2.8760000E-01  7.8054576E+00
 2.8800000E-01  7.8332100E+00
 2.8840000E-01  7.8609840E+00
 2.8880000E-01  7.8887793E+00
 2.8920000E-01  7.9165956E+00
 2.8960000E-01  7.9444327E+00
 2.9000000E-01  7.9722903E+00
 2.9040000E-01  8.0001680E+00
 2.9080000E-01  8.0280657E+00
 2.9120000E-01  8.0559830E+00
 2.9160000E-01  8.0839196E+00
 2.9200000E-01  8.1118753E+00
 2.9240000E-01  8.1398497E+00
 2.9280000E-01  8.1678426E+00
 2.9320000E-01  8.1958537E+00
 2.9360000E-01  8.2238826E+00
 2.9400000E-01  8.2519292E+00
 2.9440000E-01  8.2799931E+00
 2.9480000E-01  8.3080741E+00
 2.9520000E-01  8.3361718E+00
 2.9560000E-01  8.3642859E+00
 2.9600000E-01  8.3924163E+00
 2.9640000E-01  8.4205625E+00
 2.9680000E-01  8.4487242E+00
 2.9720000E-01  8.4769013E+00
 2.9760000E-01  8.5050934E+00
 2.9800000E-01  8.5333003E+00
 2.9840000E-01  8.5615215E+00
 2.9880000E-01  8.5897569E+00
 2.9920000E-01  8.6180062E+00
 2.9960000E-01  8.6462690E+00
 3.0000000E-01  8.6745451E+00
 3.0040000E-01  8.7028342E+00
 3.0080000E-01  8.7311359E+00
 3.0120000E-01  8.7594501E+00
 3.0160000E-01  8.7877764E+00
 3.0200000E-01  8.8161145E+00
 3.0240000E-01  8.8444641E+00
 3.0280000E-01  8.8728249E+00
 3.0320000E-01  8.9011967E+00
 3.0360000E-01  8.9295791E+00
 3.0400000E-01  8.9579719E+00
 3.0440000E-01  8.9863748E+00
 3.0480000E-01  9.0147874E+00
 3.0520000E-01  9.0432096E+00
 3.0560000E-01  9.0716409E+00
 3.0600000E-01  9.1000811E+00
 3.0640000E-01  9.1285299E+00
 3.0680000E-01  9.1569871E+00
 3.0720000E-01  9.1854523E+00
 3.0760000E-01  9.2139252E+00
 3.0800000E-01  9.2424055E+00
 3.0840000E-01  9.2708930E+00
 3.0880000E-01  9.2993873E+00
 3.0920000E-01  9.3278883E+00
 3.0960000E-01  9.3563955E+00
 3.1000000E-01  9.3849086E+00
 3.1040000E-01  9.4134275E+00
 3.1080000E-01  9.4419517E+00
 3.1120000E-01  9.4704811E+00
 3.1124685E-01  9.4751742E+00
 3.1129371E-01  9.4798935E+00
 3.1134056E-01  9.4846184E+00
 3.1138741E-01  9.4893622E+00
 3.1143427E-01  9.4941222E+00
 3.1148112E-01  9.4988986E+00
 3.1152797E-01  9.5036857E+00
 3.1157482E-01  9.5084891E+00
 3.1162168E-01  9.5133088E+00
 3.1166853E-01  9.5181449E+00
 3.1171538E-01  9.5229919E+00
 3.1176224E-01  9.5278553E+00
 3.1180909E-01  9.5327354E+00
 3.1185594E-01  9.5376320E+00
 3.1190280E-01  9.5425397E+00
 3.1194965E-01  9.5474640E+00
 3.1199650E-01  9.5524051E+00
 3.1204336E-01  9.5573630E+00
 3.1209021E-01  9.5623321E+00
 3.1213706E-01  9.5673182E+00
 3.1218392E-01  9.5723212E+00
 3.1223077E-01  9.5773413E+00
 3.1227762E-01  9.5823728E+00
 3.1232447E-01  9.5874214E+00
 3.1237133E-01  9.5924873E+00
 3.1241818E-01  9.5975704E+00
 3.1246503E-01  9.6026650E+00
 3.1251189E-01  9.6077770E+00
 3.1255874E-01  9.6129066E+00
 3.1260559E-01  9.6180538E+00
 3.1265245E-01  9.6232126E+00
 3.1269930E-01  9.6283890E+00
 3.1274615E-01  9.6335831E+00
 3.1279301E-01  9.6387951E+00
 3.1283986E-01  9.6440190E+00
 3.1288671E-01  9.6492608E+00
 3.1293357E-01  9.6545204E+00
 3.1298042E-01  9.6597982E+00
 3.1302727E-01  9.6650879E+00
 3.1307412E-01  9.6703959E+00
 3.1312098E-01  9.6757222E+00
 3.1316783E-01  9.6810607E+00
 3.1321468E-01  9.6864173E+00
 3.1326154E-01  9.6917924E+00
 3.1330839E-01  9.6971861E+00
 3.1335524E-01  9.7025921E+00
 3.1340210E-01  9.7080169E+00
 3.1344895E-01  9.7134601E+00
 3.1349580E-01  9.7189222E+00
 3.1354266E-01  9.7243968E+00
 3.1358951E-01  9.7298903E+00
 3.1363636E-01  9.7354030E+00
 3.1368322E-01  9.7409345E+00
 3.1373007E-01  9.7464786E+00
 3.1377692E-01  9.7520420E+00
 3.1382377E-01  9.7576248E+00
 3.1387063E-01  9.7632267E+00
 3.1391748E-01  9.7688414E+00
 3.1396433E-01  9.7744757E+00
 3.1401119E-01  9.7801297E+00
 3.1405804E-01  9.7858034E+00
 3.1410489E-01  9.7914901E+00
 3.1415175E-01  9.7971964E+00
 3.1419860E-01  9.8029226E+00
 3.1424545E-01  9.8086688E+00
 3.1429231E-01  9.8144283E+00
 3.1433916E-01  9.8202080E+00
 3.1438601E-01  9.8260075E+00
 3.1443287E-01  9.8318274E+00
 3.1447972E-01  9.8376606E+00
 3.1452657E-01  9.8435144E+00
 3.1457342E-01  9.8493889E+00
 3.1462028E-01  9.8552835E+00
 3.1466713E-01  9.8611917E+00
 3.1471398E-01  9.8671208E+00
 3.1476084E-01  9.8730708E+00
 3.1480769E-01  9.8790418E+00
 3.1485454E-01  9.8850266E+00
 3.1490140E-01  9.8910320E+00
 3.1494825E-01  9.8970588E+00
 3.1499510E-01  9.9031069E+00
 3.1504196E-01  9.9091689E+00
 3.1508881E-01  9.9152525E+00
 3.1513566E-01  9.9213572E+00
 3.1518252E-01  9.9274835E+00
 3.1522937E-01  9.9336241E+00
 3.1527622E-01  9.9397865E+00
 3.1532307E-01  9.9459708E+00
 3.1536993E-01  9.9521767E+00
 3.1541678E-01  9.9583969E+00
 3.1546363E-01  9.9646393E+00
 3.1551049E-01  9.9709041E+00
 3.1555734E-01  9.9771913E+00
 3.1560419E-01  9.9834931E+00
 3.1565105E-01  9.9898168E+00
 3.1569790E-01  9.9961632E+00
 3.1574475E-01  1.0002532E+01
 3.1579161E-01  1.0008916E+01
 3.1583846E-01  1.0015323E+01
 3.1588531E-01  1.0021753E+01
 3.1593217E-01  1.0028205E+01
 3.1597902E-01  1.0034673E+01
 3.1602587E-01  1.0041164E+01
 3.1607272E-01  1.0047678E+01
 3.1611958E-01  1.0054215E+01
 3.1616643E-01  1.0060768E+01
 3.1621328E-01  1.0067344E+01
 3.1626014E-01  1.0073944E+01
 3.1630699E-01  1.0080568E+01
 3.1635384E-01  1.0087207E+01
 3.1640070E-01  1.0093870E+01
 3.1644755E-01  1.0100557E+01
 3.1649440E-01  1.0107269E+01
 3.1654126E-01  1.0113996E+01
 3.1658811E-01  1.0120747E+01
 3.1663496E-01  1.0127523E+01
 3.1668182E-01  1.0134323E+01
 3.1672867E-01  1.0141139E+01
 3.1677552E-01  1.0147981E+01
 3.1682237E-01  1.0154847E+01
 3.1686923E-01  1.0161737E+01
 3.1691608E-01  1.0168644E+01
 3.1696293E-01  1.0175576E+01
 3.1700979E-01  1.0182534E+01
 3.1705664E-01  1.0189517E+01
 3.1710349E-01  1.0196517E+01
 3.1715035E-01  1.0203542E+01
 3.1719720E-01  1.0210592E+01
 3.1724405E-01  1.0217669E+01
 3.1729091E-01  1.0224762E+01
 3.1733776E-01  1.0231882E+01
 3.1738461E-01  1.0239027E+01
 3.1743147E-01  1.0246199E+01
 3.1747832E-01  1.0253388E+01
 3.1752517E-01  1.0260603E+01
 3.1757202E-01  1.0267845E+01
 3.1761888E-01  1.0275113E+01
 3.1766573E-01  1.0282399E+01
 3.1771258E-01  1.0289711E+01
 3.1775944E-01  1.0297051E+01
 3.1780629E-01  1.0304419E+01
 3.1785314E-01  1.0311804E+01
 3.1790000E-01  1.0319215E+01
 3.1794685E-01  1.0326655E+01
 3.1799370E-01  1.0334122E+01
 3.1804056E-01  1.0341607E+01
 3.1808741E-01  1.0349121E+01
 3.1813426E-01  1.0356661E+01
 3.1818112E-01  1.0364230E+01
 3.1822797E-01  1.0371817E+01
 3.1827482E-01  1.0379433E+01
 3.1832167E-01  1.0387078E+01
 3.1836853E-01  1.0394750E+01
 3.1841538E-01  1.0402452E+01
 3.1846223E-01  1.0410172E+01
 3.1850909E-01  1.0417921E+01
 3.1855594E-01  1.0425700E+01
 3.1860279E-01  1.0433507E+01
 3.1864965E-01  1.0441333E+01
 3.1869650E-01  1.0449189E+01
 3.1874335E-01  1.0457075E+01
 3.1879021E-01  1.0464991E+01
 3.1883706E-01  1.0472927E+01
 3.1888391E-01  1.0480891E+01
 3.1893076E-01  1.0488886E+01
 3.1897762E-01  1.0496912E+01
 3.1902447E-01  1.0504957E+01
 3.1907132E-01  1.0513034E+01
 3.1911818E-01  1.0521140E+01
 3.1916503E-01  1.0529277E+01
 3.1921188E-01  1.0537434E+01
 3.1925874E-01  1.0545623E+01
 3.1930559E-01  1.0553844E+01
 3.1935244E-01  1.0562095E+01
 3.1939930E-01  1.0570366E+01
 3.1944615E-01  1.0578669E+01
 3.1949300E-01  1.0587005E+01
 3.1953986E-01  1.0595373E+01
 3.1958671E-01  1.0603762E+01
 3.1963356E-01  1.0612182E+01
 3.1968041E-01  1.0620635E+01
 3.1972727E-01  1.0629121E+01
 3.1977412E-01  1.0637628E+01
 3.1982097E-01  1.0646168E+01
 3.1986783E-01  1.0654740E+01
 3.1991468E-01  1.0663346E+01
 3.1996153E-01  1.0671974E+01
 3.2000839E-01  1.0680635E+01
 3.2005524E-01  1.0689331E+01
 3.2010209E-01  1.0698059E+01
 3.2014895E-01  1.0706822E+01
 3.2019580E-01  1.0715607E+01
 3.2024265E-01  1.0724427E+01
 3.2028951E-01  1.0733281E+01
 3.2033636E-01  1.0742169E+01
 3.2038321E-01  1.0751080E+01
 3.2043006E-01  1.0760026E+01
 3.2047692E-01  1.0769008E+01
 3.2052377E-01  1.0778025E+01
 3.2057062E-01  1.0787066E+01
 3.2061748E-01  1.0796141E+01
 3.2066433E-01  1.0805252E+01
 3.2071118E-01  1.0814400E+01
 3.2075804E-01  1.0823571E+01
 3.2080489E-01  1.0832779E+01
 3.2085174E-01  1.0842024E+01
 3.2089860E-01  1.0851305E+01
 3.2094545E-01  1.0860609E+01
 3.2099230E-01  1.0869951E+01
 3.2103916E-01  1.0879331E+01
 3.2108601E-01  1.0888749E+01
 3.2113286E-01  1.0898204E+01
 3.2117971E-01  1.0907682E+01
 3.2122657E-01  1.0917199E+01
 3.2127342E-01  1.0926756E+01
 3.2132027E-01  1.0936351E+01
 3.2136713E-01  1.0945971E+01
 3.2141398E-01  1.0955629E+01
 3.2146083E-01  1.0965326E+01
 3.2150769E-01  1.0975063E+01
 3.2155454E-01  1.0984825E+01
 3.2160139E-01  1.0994628E+01
 3.2164825E-01  1.1004468E+01
 3.2169510E-01  1.1014350E+01
 3.2174195E-01  1.1024257E+01
 3.2178881E-01  1.1034205E+01
 3.2183566E-01  1.1044195E+01
 3.2188251E-01  1.1054224E+01
 3.2192936E-01  1.1064295E+01
 3.2197622E-01  1.1074392E+01
 3.2202307E-01  1.1084532E+01
 3.2206992E-01  1.1094714E+01
 3.2211678E-01  1.1104936E+01
 3.2216363E-01  1.1115185E+01
 3.2221048E-01  1.1125477E+01
 3.2225734E-01  1.1135813E+01
 3.2230419E-01  1.1146192E+01
 3.2235104E-01  1.1156599E+01
 3.2239790E-01  1.1167047E+01
 3.2244475E-01  1.1177540E+01
 3.2249160E-01  1.1188077E+01
 3.2253846E-01  1.1198659E+01
 3.2258531E-01  1.1209270E+01
 3.2263216E-01  1.1219923E+01
 3.2267901E-01  1.1230621E+01
 3.2272587E-01  1.1241365E+01
 3.2277272E-01  1.1252138E+01
 3.2281957E-01  1.1262958E+01
 3.2286643E-01  1.1273821E+01
 3.2291328E-01  1.1284731E+01
 3.2296013E-01  1.1295670E+01
 3.2300699E-01  1.1306657E+01
 3.2305384E-01  1.1317691E+01
 3.2310069E-01  1.1328774E+01
 3.2314755E-01  1.1339901E+01
 3.2319440E-01  1.1351059E+01
 3.2324125E-01  1.1362265E+01
 3.2328811E-01  1.1373521E+01
 3.2333496E-01  1.1384826E+01
 3.2338181E-01  1.1396161E+01
 3.2342866E-01  1.1407543E+01
 3.2347552E-01  1.1418976E+01
 3.2352237E-01  1.1430459E+01
 3.2356922E-01  1.1441973E+01
 3.2361608E-01  1.1453539E+01
 3.2366293E-01  1.1465152E+01
 3.2370978E-01  1.1476816E+01
 3.2375664E-01  1.1488533E+01
 3.2380349E-01  1.1500282E+01
 3.2385034E-01  1.1512084E+01
 3.2389720E-01  1.1523935E+01
 3.2394405E-01  1.1535839E+01
 3.2399090E-01  1.1547776E+01
 3.2403776E-01  1.1559767E+01
 3.2408461E-01  1.1571812E+01
 3.2413146E-01  1.1583908E+01
 3.2417831E-01  1.1596058E+01
 3.2422517E-01  1.1608242E+01
 3.2427202E-01  1.1620482E+01
 3.2431887E-01  1.1632778E+01
 3.2436573E-01  1.1645130E+01
 3.2441258E-01  1.1657517E+01
 3.2445943E-01  1.1669957E+01
 3.2450629E-01  1.1682453E+01
 3.2455314E-01  1.1695007E+01
 3.2459999E-01  1.1707619E+01
 3.2464685E-01  1.1720267E+01
 3.2469370E-01  1.1732969E+01
 3.2474055E-01  1.1745730E+01
 3.2478741E-01  1.1758550E+01
 3.2483426E-01  1.1771407E+01
 3.2488111E-01  1.1784324E+01
 3.2492796E-01  1.1797297E+01
 3.2497482E-01  1.1810330E+01
 3.2502167E-01  1.1823424E+01
 3.2506852E-01  1.1836557E+01
 3.2511538E-01  1.1849752E+01
 3.2516223E-01  1.1863004E+01
 3.2520908E-01  1.1876318E+01
 3.2525594E-01  1.1889672E+01
 3.2530279E-01  1.1903089E+01
 3.2534964E-01  1.1916569E+01
 3.2539650E-01  1.1930115E+01
 3.2544335E-01  1.1943719E+01
 3.2549020E-01  1.1957364E+01
 3.2553706E-01  1.1971074E+01
 3.2558391E-01  1.1984851E+01
 3.2563076E-01  1.1998693E+01
 3.2567761E-01  1.2012578E+01
 3.2572447E-01  1.2026523E+01
 3.2577132E-01  1.2040537E+01
 3.2581817E-01  1.2054618E+01
 3.2586503E-01  1.2068768E+01
 3.2591188E-01  1.2082961E+01
 3.2595873E-01  1.2097217E+01
 3.2600559E-01  1.2111544E+01
 3.2605244E-01  1.2125940E+01
 3.2609929E-01  1.2140408E+01
 3.2614615E-01  1.2154920E+01
 3.2619300E-01  1.2169503E+01
 3.2623985E-01  1.2184153E+01
 3.2628670E-01  1.2198875E+01
 3.2633356E-01  1.2213643E+01
 3.2638041E-01  1.2228485E+01
 3.2642726E-01  1.2243401E+01
 3.2647412E-01  1.2258385E+01
 3.2652097E-01  1.2273444E+01
 3.2656782E-01  1.2288551E+01
 3.2661468E-01  1.2303734E+01
 3.2666153E-01  1.2318993E+01
 3.2670838E-01  1.2334323E+01
 3.2675524E-01  1.2349731E+01
 3.2680209E-01  1.2365187E+01
 3.2684894E-01  1.2380723E+01
 3.2689580E-01  1.2396338E+01
 3.2694265E-01  1.2412033E+01
 3.2698950E-01  1.2427802E+01
 3.2703635E-01  1.2443621E+01
 3.2708321E-01  1.2459522E+01
 3.2713006E-01  1.2475505E+01
 3.2717691E-01  1.2491572E+01
 3.2722377E-01  1.2507690E+01
 3.2727062E-01  1.2523885E+01
 3.2731747E-01  1.2540165E+01
 3.2736433E-01  1.2556529E+01
 3.2741118E-01  1.2572980E+01
 3.2745803E-01  1.2589485E+01
 3.2750489E-01  1.2606069E+01
 3.2755174E-01  1.2622741E+01
 3.2759859E-01  1.2639501E+01
 3.2764545E-01  1.2656351E+01
 3.2769230E-01  1.2673256E+01
 3.2773915E-01  1.2690252E+01
 3.2778600E-01  1.2707330E+01
 3.2783286E-01  1.2724501E+01
 3.2787971E-01  1.2741764E+01
 3.2792656E-01  1.2759085E+01
 3.2797342E-01  1.2776500E+01
 3.2802027E-01  1.2794000E+01
 3.2806712E-01  1.2811596E+01
 3.2811398E-01  1.2829288E+01
 3.2816083E-01  1.2847040E+01
 3.2820768E-01  1.2864890E+01
 3.2825454E-01  1.2882838E+01
 3.2830139E-01  1.2900876E+01
 3.2834824E-01  1.2919014E+01
 3.2839510E-01  1.2937214E+01
 3.2844195E-01  1.2955516E+01
 3.2848880E-01  1.2973919E+01
 3.2853565E-01  1.2992416E+01
 3.2858251E-01  1.3011017E+01
 3.2862936E-01  1.3029683E+01
 3.2867621E-01  1.3048454E+01
 3.2872307E-01  1.3067331E+01
 3.2876992E-01  1.3086315E+01
 3.2881677E-01  1.3105397E+01
 3.2886363E-01  1.3124547E+01
 3.2891048E-01  1.3143807E+01
 3.2895733E-01  1.3163176E+01
 3.2900419E-01  1.3182658E+01
 3.2905104E-01  1.3202240E+01
 3.2909789E-01  1.3221894E+01
 3.2914475E-01  1.3241661E+01
 3.2919160E-01  1.3261543E+01
 3.2923845E-01  1.3281541E+01
 3.2928530E-01  1.3301657E+01
 3.2933216E-01  1.3321846E+01
 3.2937901E-01  1.3342142E+01
 3.2942586E-01  1.3362558E+01
 3.2947272E-01  1.3383094E+01
 3.2951957E-01  1.3403753E+01
 3.2956642E-01  1.3424522E+01
 3.2961328E-01  1.3445369E+01
 3.2966013E-01  1.3466341E+01
 3.2970698E-01  1.3487438E+01
 3.2975384E-01  1.3508663E+01
 3.2980069E-01  1.3530016E+01
 3.2984754E-01  1.3551450E+01
 3.2989440E-01  1.3573001E+01
 3.2994125E-01  1.3594684E+01
 3.2998810E-01  1.3616499E+01
 3.3003495E-01  1.3638447E+01
 3.3008181E-01  1.3660481E+01
 3.3012866E-01  1.3682637E+01
 3.3017551E-01  1.3704930E+01
 3.3022237E-01  1.3727361E+01
 3.3026922E-01  1.3749931E+01
 3.3031607E-01  1.3772590E+01
 3.3036293E-01  1.3795391E+01
 3.3040978E-01  1.3818320E+01
 3.3045663E-01  1.3841394E+01
 3.3050349E-01  1.3864613E+01
 3.3055034E-01  1.3887979E+01
 3.3059719E-01  1.3911438E+01
 3.3064405E-01  1.3935048E+01
 3.3069090E-01  1.3958793E+01
 3.3073775E-01  1.3982689E+01
 3.3078460E-01  1.4006740E+01
 3.3083146E-01  1.4030888E+01
 3.3087831E-01  1.4055193E+01
 3.3092516E-01  1.4079639E+01
 3.3097202E-01  1.4104243E+01
 3.3101887E-01  1.4129008E+01
 3.3106572E-01  1.4153935E+01
 3.3111258E-01  1.4178966E+01
 3.3115943E-01  1.4204161E+01
 3.3120628E-01  1.4229506E+01
 3.3125314E-01  1.4255018E+01
 3.3129999E-01  1.4280699E+01
 3.3134684E-01  1.4306489E+01
 3.3139370E-01  1.4332450E+01
 3.3144055E-01  1.4358586E+01
 3.3148740E-01  1.4384878E+01
 3.3153425E-01  1.4411347E+01
 3.3158111E-01  1.4437995E+01
 3.3162796E-01  1.4464758E+01
 3.3167481E-01  1.4491702E+01
 3.3172167E-01  1.4518829E+01
 3.3176852E-01  1.4546122E+01
 3.3181537E-01  1.4573602E+01
 3.3186223E-01  1.4601201E+01
 3.3190908E-01  1.4628989E+01
 3.3195593E-01  1.4656969E+01
 3.3200279E-01  1.4685122E+01
 3.3204964E-01  1.4713470E+01
 3.3209649E-01  1.4741942E+01
 3.3214335E-01  1.4770613E+01
 3.3219020E-01  1.4799482E+01
 3.3223705E-01  1.4828554E+01
 3.3228390E-01  1.4857807E+01
 3.3233076E-01  1.4887266E+01
 3.3237761E-01  1.4916855E+01
 3.3242446E-01  1.4946652E+01
 3.3247132E-01  1.4976659E+01
 3.3251817E-01  1.5006879E+01
 3.3256502E-01  1.5037289E+01
 3.3261188E-01  1.5067835E+01
 3.3265873E-01  1.5098597E+01
 3.3270558E-01  1.5129578E+01
 3.3275244E-01  1.5160779E+01
 3.3279929E-01  1.5192202E+01
 3.3284614E-01  1.5223765E+01
 3.3289300E-01  1.5255528E+01
 3.3293985E-01  1.5287518E+01
 3.3298670E-01  1.5319736E+01
 3.3303355E-01  1.5352184E+01
 3.3308041E-01  1.5384775E+01
 3.3312726E-01  1.5417598E+01
 3.3317411E-01  1.5450630E+01
 3.3322097E-01  1.5483896E+01
 3.3326782E-01  1.5517308E+01
 3.3331467E-01  1.5550957E+01
 3.3336153E-01  1.5584844E+01
 3.3340838E-01  1.5618971E+01
 3.3345523E-01  1.5653312E+01
 3.3350209E-01  1.5687798E+01
 3.3354894E-01  1.5722527E+01
 3.3359579E-01  1.5757498E+01
 3.3364265E-01  1.5792714E+01
 3.3368950E-01  1.5828073E+01
 3.3373635E-01  1.5863677E+01
 3.3378320E-01  1.5899496E+01
 3.3383006E-01  1.5935560E+01
 3.3387691E-01  1.5971764E+01
 3.3392376E-01  1.6008212E+01
 3.3397062E-01  1.6044903E+01
 3.3401747E-01  1.6081730E+01
 3.3406432E-01  1.6118798E+01
 3.3411118E-01  1.6156076E+01
 3.3415803E-01  1.6193592E+01
 3.3420488E-01  1.6231234E+01
 3.3425174E-01  1.6269111E+01
 3.3429859E-01  1.6307220E+01
 3.3434544E-01  1.6345445E+01
 3.3439229E-01  1.6383896E+01
 3.3443915E-01  1.6422538E+01
 3.3448600E-01  1.6461282E+01
 3.3453285E-01  1.6500241E+01
 3.3457971E-01  1.6539408E+01
 3.3462656E-01  1.6578659E+01
 3.3467341E-01  1.6618109E+01
 3.3472027E-01  1.6657629E+01
 3.3476712E-01  1.6697334E+01
 3.3481397E-01  1.6737092E+01
 3.3486083E-01  1.6776987E+01
 3.3490768E-01  1.6817041E+01
 3.3495453E-01  1.6857118E+01
 3.3500139E-01  1.6897335E+01
 3.3504824E-01  1.6937552E+01
 3.3509509E-01  1.6977885E+01
 3.3514194E-01  1.7018192E+01
 3.3518880E-01  1.7058460E+01
 3.3523565E-01  1.7098803E+01
 3.3528250E-01  1.7139075E+01
 3.3532936E-01  1.7179388E+01
 3.3537621E-01  1.7219595E+01
 3.3542306E-01  1.7259680E+01
 3.3546992E-01  1.7299622E+01
 3.3551677E-01  1.7339505E+01
 3.3556362E-01  1.7379203E+01
 3.3561048E-01  1.7418696E+01
 3.3565733E-01  1.7457962E+01
 3.3570418E-01  1.7496978E+01
 3.3575104E-01  1.7535720E+01
 3.3579789E-01  1.7574164E+01
 3.3584474E-01  1.7612285E+01
 3.3589159E-01  1.7650059E+01
 3.3593845E-01  1.7687460E+01
 3.3598530E-01  1.7724463E+01
 3.3603215E-01  1.7761041E+01
 3.3607901E-01  1.7797170E+01
 3.3612586E-01  1.7832823E+01
 3.3617271E-01  1.7867975E+01
 3.3621957E-01  1.7902601E+01
 3.3626642E-01  1.7936570E+01
 3.3631327E-01  1.7969969E+01
 3.3636013E-01  1.8002661E+01
 3.3640698E-01  1.8034631E+01
 3.3645383E-01  1.8065974E+01
 3.3650069E-01  1.8096562E+01
 3.3654754E-01  1.8126670E+01
 3.3659439E-01  1.8156798E+01
 3.3664124E-01  1.8186934E+01
 3.3668810E-01  1.8217079E+01
 3.3673495E-01  1.8247232E+01
 3.3678180E-01  1.8277395E+01
 3.3682866E-01  1.8307566E+01
 3.3687551E-01  1.8337745E+01
 3.3692236E-01  1.8367933E+01
 3.3696922E-01  1.8398129E+01
 3.3701607E-01  1.8428333E+01
 3.3706292E-01  1.8458546E+01
 3.3710978E-01  1.8488767E+01
 3.3715663E-01  1.8518995E+01
 3.3720348E-01  1.8549232E+01
 3.3725034E-01  1.8579477E+01
 3.3729719E-01  1.8609729E+01
 3.3734404E-01  1.8639989E+01
 3.3739089E-01  1.8670257E+01
 3.3743775E-01  1.8700532E+01
 3.3748460E-01  1.8730815E+01
 3.3753145E-01  1.8761105E+01
 3.3757831E-01  1.8791403E+01
 3.3762516E-01  1.8821708E+01
 3.3767201E-01  1.8852020E+01
 3.3771887E-01  1.8882340E+01
 3.3776572E-01  1.8912666E+01
 3.3781257E-01  1.8943000E+01
 3.3785943E-01  1.8973340E+01
 3.3790628E-01  1.9003687E+01
 3.3795313E-01  1.9034042E+01
 3.3799999E-01  1.9064403E+01
 3.3804684E-01  1.9094770E+01
 3.3809369E-01  1.9125144E+01
 3.3814054E-01  1.9155525E+01
 3.3818740E-01  1.9185913E+01
 3.3823425E-01  1.9216306E+01
 3.3828110E-01  1.9246706E+01
 3.3832796E-01  1.9277113E+01
 3.3837481E-01  1.9307525E+01
 3.3842166E-01  1.9337944E+01
 3.3846852E-01  1.9368369E+01
 3.3851537E-01  1.9398799E+01
 3.3856222E-01  1.9429236E+01
 3.3860908E-01  1.9459679E+01
 3.3865593E-01  1.9490127E+01
 3.3870278E-01  1.9520581E+01
 3.3874964E-01  1.9551041E+01
 3.3879649E-01  1.9581507E+01
 3.3884334E-01  1.9611978E+01
 3.3889019E-01  1.9642455E+01
 3.3893705E-01  1.9672937E+01
 3.3898390E-01  1.9703424E+01
 3.3903075E-01  1.9733917E+01
 3.3907761E-01  1.9764415E+01
 3.3912446E-01  1.9794919E+01
 3.3917131E-01  1.9825427E+01
 3.3921817E-01  1.9855941E+01
 3.3926502E-01  1.9886459E+01
 3.3931187E-01  1.9916983E+01
 3.3935873E-01  1.9947511E+01
 3.3940558E-01  1.9978045E+01
 3.3945243E-01  2.0008583E+01
 3.3949929E-01  2.0039126E+01
 3.3954614E-01  2.0069673E+01
 3.3959299E-01  2.0100225E+01
 3.3963984E-01  2.0130782E+01
 3.3968670E-01  2.0161343E+01
 3.3973355E-01  2.0191909E+01
 3.3978040E-01  2.0222479E+01
 3.3982726E-01  2.0253053E+01
 3.3987411E-01  2.0283632E+01
 3.3992096E-01  2.0314215E+01
 3.3996782E-01  2.0344802E+01
 3.4001467E-01  2.0375393E+01
 3.4006152E-01  2.0405988E+01
 3.4010838E-01  2.0436587E+01
 3.4015523E-01  2.0467191E+01
 3.4020208E-01  2.0497798E+01
 3.4024894E-01  2.0528408E+01
 3.4029579E-01  2.0559023E+01
 3.4034264E-01  2.0589641E+01
 3.4038949E-01  2.0620263E+01
 3.4043635E-01  2.0650889E+01
 3.4048320E-01  2.0681518E+01
 3.4053005E-01  2.0712151E+01
 3.4057691E-01  2.0742787E+01
 3.4062376E-01  2.0773426E+01
 3.4067061E-01  2.0804069E+01
 3.4071747E-01  2.0834715E+01
 3.4076432E-01  2.0865365E+01
 3.4081117E-01  2.0896017E+01
 3.4085803E-01  2.0926673E+01
 3.4090488E-01  2.0957332E+01
 3.4095173E-01  2.0987994E+01
 3.4099859E-01  2.1018659E+01
 3.4104544E-01  2.1049327E+01
 3.4109229E-01  2.1079997E+01
 3.4113914E-01  2.1110671E+01
 3.4118600E-01  2.1141347E+01
 3.4123285E-01  2.1172027E+01
 3.4127970E-01  2.1202708E+01
 3.4132656E-01  2.1233393E+01
 3.4137341E-01  2.1264080E+01
 3.4142026E-01  2.1294769E+01
 3.4146712E-01  2.1325461E+01
 3.4151397E-01  2.1356156E+01
 3.4156082E-01  2.1386853E+01
 3.4160768E-01  2.1417552E+01
 3.4165453E-01  2.1448254E+01
 3.4170138E-01  2.1478957E+01
 3.4174823E-01  2.1509663E+01
 3.4179509E-01  2.1540372E+01
 3.4184194E-01  2.1571082E+01
 3.4188879E-01  2.1601794E+01
 3.4193565E-01  2.1632509E+01
 3.4198250E-01  2.1663225E+01
 3.4202935E-01  2.1693943E+01
 3.4207621E-01  2.1724664E+01
 3.4212306E-01  2.1755386E+01
 3.4216991E-01  2.1786109E+01
 3.4221677E-01  2.1816835E+01
 3.4226362E-01  2.1847562E+01
 3.4231047E-01  2.1878291E+01
 3.4235733E-01  2.1909021E+01
 3.4240418E-01  2.1939754E+01
 3.4245103E-01  2.1970487E+01
 3.4249788E-01  2.2001222E+01
 3.4254474E-01  2.2031959E+01
 3.4259159E-01  2.2062697E+01
 3.4263844E-01  2.2093436E+01
 3.4268530E-01  2.2124176E+01
 3.4273215E-01  2.2154918E+01
 3.4277900E-01  2.2185661E+01
 3.4282586E-01  2.2216405E+01
 3.4287271E-01  2.2247151E+01
 3.4291956E-01  2.2277897E+01
 3.4296642E-01  2.2308644E+01
 3.4301327E-01  2.2339393E+01
 3.4306012E-01  2.2370142E+01
 3.4310698E-01  2.2400892E+01
 3.4315383E-01  2.2431644E+01
 3.4320068E-01  2.2462396E+01
 3.4324753E-01  2.2493148E+01
 3.4329439E-01  2.2523902E+01
 3.4334124E-01  2.2554656E+01
 3.4338809E-01  2.2585411E+01
 3.4343495E-01  2.2616167E+01
 3.4348180E-01  2.2646923E+01
 3.4352865E-01  2.2677680E+01
 3.4357551E-01  2.2708437E+01
 3.4362236E-01  2.2739194E+01
 3.4366921E-01  2.2769952E+01
 3.4371607E-01  2.2800711E+01
 3.4376292E-01  2.2831470E+01
 3.4380977E-01  2.2862229E+01
 3.4385663E-01  2.2892988E+01
 3.4390348E-01  2.2923748E+01
 3.4395033E-01  2.2954508E+01
 3.4399718E-01  2.2985268E+01
 3.4404404E-01  2.3016028E+01
 3.4409089E-01  2.3046788E+01
 3.4413774E-01  2.3077548E+01
 3.4418460E-01  2.3108308E+01
 3.4423145E-01  2.3139068E+01
 3.4427830E-01  2.3169828E+01
 3.4432516E-01  2.3200588E+01
 3.4437201E-01  2.3231348E+01
 3.4441886E-01  2.3262107E+01
 3.4446572E-01  2.3292867E+01
 3.4451257E-01  2.3323626E+01
 3.4455942E-01  2.3354385E+01
 3.4460628E-01  2.3385143E+01
 3.4465313E-01  2.3415901E+01
 3.4469998E-01  2.3446659E+01
 3.4474683E-01  2.3477416E+01
 3.4479369E-01  2.3508173E+01
 3.4484054E-01  2.3538929E+01
 3.4488739E-01  2.3569684E+01
 3.4493425E-01  2.3600439E+01
 3.4498110E-01  2.3631194E+01
 3.4502795E-01  2.3661947E+01
 3.4507481E-01  2.3692700E+01
 3.4512166E-01  2.3723453E+01
 3.4512166E-01  2.3730662E+01
 3.4513103E-01  2.3737871E+01
 3.4514040E-01  2.3745082E+01
 3.4514977E-01  2.3752294E+01
 3.4515914E-01  2.3759507E+01
 3.4516851E-01  2.3766723E+01
 3.4517788E-01  2.3773939E+01
 3.4518725E-01  2.3781157E+01
 3.4519662E-01  2.3788377E+01
 3.4520600E-01  2.3795597E+01
 3.4521537E-01  2.3802820E+01
 3.4522474E-01  2.3810043E+01
 3.4523411E-01  2.3817269E+01
 3.4524348E-01  2.3824495E+01
 3.4525285E-01  2.3831723E+01
 3.4526222E-01  2.3838953E+01
 3.4527159E-01  2.3846184E+01
 3.4528096E-01  2.3853416E+01
 3.4529033E-01  2.3860650E+01
 3.4529970E-01  2.3867885E+01
 3.4530907E-01  2.3875122E+01
 3.4531844E-01  2.3882360E+01
 3.4532781E-01  2.3889600E+01
 3.4533718E-01  2.3896841E+01
 3.4534655E-01  2.3904083E+01
 3.4535593E-01  2.3911327E+01
 3.4536530E-01  2.3918572E+01
 3.4537467E-01  2.3925819E+01
 3.4538404E-01  2.3933067E+01
 3.4539341E-01  2.3940317E+01
 3.4540278E-01  2.3947568E+01
 3.4541215E-01  2.3954820E+01
 3.4542152E-01  2.3962074E+01
 3.4543089E-01  2.3969329E+01
 3.4544026E-01  2.3976586E+01
 3.4544963E-01  2.3983844E+01
 3.4545900E-01  2.3991103E+01
 3.4546837E-01  2.3998364E+01
 3.4547774E-01  2.4005626E+01
 3.4548711E-01  2.4012890E+01
 3.4549648E-01  2.4020155E+01
 3.4550586E-01  2.4027422E+01
 3.4551523E-01  2.4034690E+01
 3.4552460E-01  2.4041959E+01
 3.4553397E-01  2.4049230E+01
 3.4554334E-01  2.4056502E+01
 3.4555271E-01  2.4063776E+01
 3.4556208E-01  2.4071051E+01
 3.4557145E-01  2.4078327E+01
 3.4558082E-01  2.4085605E+01
 3.4559019E-01  2.4092885E+01
 3.4559956E-01  2.4100165E+01
 3.4560893E-01  2.4107447E+01
 3.4561830E-01  2.4114731E+01
 3.4562767E-01  2.4122016E+01
 3.4563704E-01  2.4129302E+01
 3.4564641E-01  2.4136590E+01
 3.4565579E-01  2.4143879E+01
 3.4566516E-01  2.4151169E+01
 3.4567453E-01  2.4158461E+01
 3.4568390E-01  2.4165754E+01
 3.4569327E-01  2.4173049E+01
 3.4570264E-01  2.4180345E+01
 3.4571201E-01  2.4187643E+01
 3.4572138E-01  2.4194942E+01
 3.4573075E-01  2.4202242E+01
 3.4574012E-01  2.4209543E+01
 3.4574949E-01  2.4216846E+01
 3.4575886E-01  2.4224151E+01
 3.4576823E-01  2.4231457E+01
 3.4577760E-01  2.4238764E+01
 3.4578697E-01  2.4246073E+01
 3.4579634E-01  2.4253382E+01
 3.4580572E-01  2.4260694E+01
 3.4581509E-01  2.4268007E+01
 3.4582446E-01  2.4275321E+01
 3.4583383E-01  2.4282636E+01
 3.4584320E-01  2.4289953E+01
 3.4585257E-01  2.4297271E+01
 3.4586194E-01  2.4304591E+01
 3.4587131E-01  2.4311912E+01
 3.4588068E-01  2.4319235E+01
 3.4589005E-01  2.4326558E+01
 3.4589942E-01  2.4333884E+01
 3.4590879E-01  2.4341210E+01
 3.4591816E-01  2.4348538E+01
 3.4592753E-01  2.4355867E+01
 3.4593690E-01  2.4363198E+01
 3.4594627E-01  2.4370530E+01
 3.4595565E-01  2.4377864E+01
 3.4596502E-01  2.4385198E+01
 3.4597439E-01  2.4392534E+01
 3.4598376E-01  2.4399872E+01
 3.4599313E-01  2.4407211E+01
 3.4600250E-01  2.4414551E+01
 3.4601187E-01  2.4421893E+01
 3.4602124E-01  2.4429236E+01
 3.4603061E-01  2.4436580E+01
 3.4603998E-01  2.4443926E+01
 3.4604935E-01  2.4451273E+01
 3.4605872E-01  2.4458621E+01
 3.4606809E-01  2.4465971E+01
 3.4607746E-01  2.4473322E+01
 3.4608683E-01  2.4480675E+01
 3.4609620E-01  2.4488029E+01
 3.4610558E-01  2.4495384E+01
 3.4611495E-01  2.4502741E+01
 3.4612432E-01  2.4510099E+01
 3.4613369E-01  2.4517458E+01
 3.4614306E-01  2.4524819E+01
 3.4615243E-01  2.4532181E+01
 3.4616180E-01  2.4539544E+01
 3.4617117E-01  2.4546909E+01
 3.4618054E-01  2.4554275E+01
 3.4618991E-01  2.4561642E+01
 3.4619928E-01  2.4569011E+01
 3.4620865E-01  2.4576381E+01
 3.4621802E-01  2.4583753E+01
 3.4622739E-01  2.4591126E+01
 3.4623676E-01  2.4598500E+01
 3.4624613E-01  2.4605875E+01
 3.4625551E-01  2.4613252E+01
 3.4626488E-01  2.4620630E+01
 3.4627425E-01  2.4628010E+01
 3.4628362E-01  2.4635391E+01
 3.4629299E-01  2.4642773E+01
 3.4630236E-01  2.4650157E+01
 3.4631173E-01  2.4657541E+01
 3.4632110E-01  2.4664928E+01
 3.4633047E-01  2.4672315E+01
 3.4633984E-01  2.4679704E+01
 3.4634921E-01  2.4687094E+01
 3.4635858E-01  2.4694486E+01
 3.4636795E-01  2.4701879E+01
 3.4637732E-01  2.4709273E+01
 3.4638669E-01  2.4716669E+01
 3.4639606E-01  2.4724066E+01
 3.4640544E-01  2.4731464E+01
 3.4641481E-01  2.4738863E+01
 3.4642418E-01  2.4746264E+01
 3.4643355E-01  2.4753667E+01
 3.4644292E-01  2.4761070E+01
 3.4645229E-01  2.4768475E+01
 3.4646166E-01  2.4775881E+01
 3.4647103E-01  2.4783289E+01
 3.4648040E-01  2.4790697E+01
 3.4648977E-01  2.4798108E+01
 3.4649914E-01  2.4805519E+01
 3.4650851E-01  2.4812932E+01
 3.4651788E-01  2.4820346E+01
 3.4652725E-01  2.4827761E+01
 3.4653662E-01  2.4835178E+01
 3.4654599E-01  2.4842596E+01
 3.4655537E-01  2.4850016E+01
 3.4656474E-01  2.4857436E+01
 3.4657411E-01  2.4864858E+01
 3.4658348E-01  2.4872282E+01
 3.4659285E-01  2.4879706E+01
 3.4660222E-01  2.4887132E+01
 3.4661159E-01  2.4894559E+01
 3.4662096E-01  2.4901988E+01
 3.4663033E-01  2.4909418E+01
 3.4663970E-01  2.4916849E+01
 3.4664907E-01  2.4924282E+01
 3.4665844E-01  2.4931715E+01
 3.4666781E-01  2.4939150E+01
 3.4667718E-01  2.4946587E+01
 3.4668655E-01  2.4954025E+01
 3.4669592E-01  2.4961464E+01
 3.4670530E-01  2.4968904E+01
 3.4671467E-01  2.4976345E+01
 3.4672404E-01  2.4983788E+01
 3.4673341E-01  2.4991233E+01
 3.4674278E-01  2.4998678E+01
 3.4675215E-01  2.5006125E+01
 3.4676152E-01  2.5013573E+01
 3.4677089E-01  2.5021022E+01
 3.4678026E-01  2.5028473E+01
 3.4678963E-01  2.5035925E+01
 3.4679900E-01  2.5043378E+01
 3.4680837E-01  2.5050833E+01
 3.4681774E-01  2.5058289E+01
 3.4682711E-01  2.5065746E+01
 3.4683648E-01  2.5073204E+01
 3.4684585E-01  2.5080664E+01
 3.4685523E-01  2.5088125E+01
 3.4686460E-01  2.5095587E+01
 3.4687397E-01  2.5103051E+01
 3.4688334E-01  2.5110516E+01
 3.4689271E-01  2.5117982E+01
 3.4690208E-01  2.5125449E+01
 3.4691145E-01  2.5132918E+01
 3.4692082E-01  2.5140388E+01
 3.4693019E-01  2.5147859E+01
 3.4693956E-01  2.5155332E+01
 3.4694893E-01  2.5162805E+01
 3.4695830E-01  2.5170280E+01
 3.4696767E-01  2.5177757E+01
 3.4697704E-01  2.5185234E+01
 3.4698641E-01  2.5192713E+01
 3.4699578E-01  2.5200194E+01
 3.4700516E-01  2.5207675E+01
 3.4701453E-01  2.5215158E+01
 3.4702390E-01  2.5222642E+01
 3.4703327E-01  2.5230127E+01
 3.4704264E-01  2.5237614E+01
 3.4705201E-01  2.5245101E+01
 3.4706138E-01  2.5252590E+01
 3.4707075E-01  2.5260081E+01
 3.4708012E-01  2.5267572E+01
 3.4708949E-01  2.5275065E+01
 3.4709886E-01  2.5282559E+01
 3.4710823E-01  2.5290055E+01
 3.4711760E-01  2.5297552E+01
 3.4712697E-01  2.5305049E+01
 3.4713634E-01  2.5312549E+01
 3.4714571E-01  2.5320049E+01
 3.4715509E-01  2.5327551E+01
 3.4716446E-01  2.5335054E+01
 3.4717383E-01  2.5342558E+01
 3.4718320E-01  2.5350063E+01
 3.4719257E-01  2.5357570E+01
 3.4720194E-01  2.5365078E+01
 3.4721131E-01  2.5372587E+01
 3.4722068E-01  2.5380098E+01
 3.4723005E-01  2.5387610E+01
 3.4723942E-01  2.5395123E+01
 3.4724879E-01  2.5402637E+01
 3.4725816E-01  2.5410152E+01
 3.4726753E-01  2.5417669E+01
 3.4727690E-01  2.5425187E+01
 3.4728627E-01  2.5432706E+01
 3.4729564E-01  2.5440227E+01
 3.4730502E-01  2.5447748E+01
 3.4731439E-01  2.5455271E+01
 3.4732376E-01  2.5462796E+01
 3.4733313E-01  2.5470321E+01
 3.4734250E-01  2.5477848E+01
 3.4735187E-01  2.5485376E+01
 3.4736124E-01  2.5492905E+01
 3.4737061E-01  2.5500435E+01
 3.4737998E-01  2.5507967E+01
 3.4738935E-01  2.5515500E+01
 3.4739872E-01  2.5523034E+01
 3.4740809E-01  2.5530569E+01
 3.4741746E-01  2.5538106E+01
 3.4742683E-01  2.5545644E+01
 3.4743620E-01  2.5553183E+01
 3.4744557E-01  2.5560723E+01
 3.4745495E-01  2.5568264E+01
 3.4746432E-01  2.5575807E+01
 3.4747369E-01  2.5583351E+01
 3.4748306E-01  2.5590896E+01
 3.4749243E-01  2.5598443E+01
 3.4750180E-01  2.5605990E+01
 3.4751117E-01  2.5613539E+01
 3.4752054E-01  2.5621089E+01
 3.4752991E-01  2.5628641E+01
 3.4753928E-01  2.5636193E+01
 3.4754865E-01  2.5643747E+01
 3.4755802E-01  2.5651302E+01
 3.4756739E-01  2.5658858E+01
 3.4757676E-01  2.5666416E+01
 3.4758613E-01  2.5673974E+01
 3.4759550E-01  2.5681534E+01
 3.4760488E-01  2.5689095E+01
 3.4761425E-01  2.5696657E+01
 3.4762362E-01  2.5704221E+01
 3.4763299E-01  2.5711786E+01
 3.4764236E-01  2.5719351E+01
 3.4765173E-01  2.5726919E+01
 3.4766110E-01  2.5734487E+01
 3.4767047E-01  2.5742056E+01
 3.4767984E-01  2.5749627E+01
 3.4768921E-01  2.5757199E+01
 3.4769858E-01  2.5764772E+01
 3.4770795E-01  2.5772347E+01
 3.4771732E-01  2.5779922E+01
 3.4772669E-01  2.5787499E+01
 3.4773606E-01  2.5795077E+01
 3.4774543E-01  2.5802656E+01
 3.4775481E-01  2.5810237E+01
 3.4776418E-01  2.5817818E+01
 3.4777355E-01  2.5825401E+01
 3.4778292E-01  2.5832985E+01
 3.4779229E-01  2.5840570E+01
 3.4780166E-01  2.5848157E+01
 3.4781103E-01  2.5855744E+01
 3.4782040E-01  2.5863333E+01
 3.4782977E-01  2.5870923E+01
 3.4783914E-01  2.5878514E+01
 3.4784851E-01  2.5886107E+01
 3.4785788E-01  2.5893700E+01
 3.4786725E-01  2.5901295E+01
 3.4787662E-01  2.5908891E+01
 3.4788599E-01  2.5916488E+01
 3.4789536E-01  2.5924086E+01
 3.4790474E-01  2.5931686E+01
 3.4791411E-01  2.5939287E+01
 3.4792348E-01  2.5946888E+01
 3.4793285E-01  2.5954492E+01
 3.4794222E-01  2.5962096E+01
 3.4795159E-01  2.5969701E+01
 3.4796096E-01  2.5977308E+01
 3.4797033E-01  2.5984916E+01
 3.4797970E-01  2.5992525E+01
 3.4798907E-01  2.6000135E+01
 3.4799844E-01  2.6007746E+01
 3.4800781E-01  2.6015359E+01
 3.4801718E-01  2.6022972E+01
 3.4802655E-01  2.6030587E+01
 3.4803592E-01  2.6038203E+01
 3.4804529E-01  2.6045821E+01
 3.4805467E-01  2.6053439E+01
 3.4806404E-01  2.6061058E+01
 3.4807341E-01  2.6068679E+01
 3.4808278E-01  2.6076301E+01
 3.4809215E-01  2.6083924E+01
 3.4810152E-01  2.6091548E+01
 3.4811089E-01  2.6099174E+01
 3.4812026E-01  2.6106800E+01
 3.4812963E-01  2.6114428E+01
 3.4813900E-01  2.6122057E+01
 3.4814837E-01  2.6129687E+01
 3.4815774E-01  2.6137318E+01
 3.4816711E-01  2.6144951E+01
 3.4817648E-01  2.6152584E+01
 3.4818585E-01  2.6160219E+01
 3.4819522E-01  2.6167855E+01
 3.4820460E-01  2.6175492E+01
 3.4821397E-01  2.6183130E+01
 3.4822334E-01  2.6190770E+01
 3.4823271E-01  2.6198410E+01
 3.4824208E-01  2.6206052E+01
 3.4825145E-01  2.6213695E+01
 3.4826082E-01  2.6221339E+01
 3.4827019E-01  2.6228984E+01
 3.4827956E-01  2.6236630E+01
 3.4828893E-01  2.6244278E+01
 3.4829830E-01  2.6251926E+01
 3.4830767E-01  2.6259576E+01
 3.4831704E-01  2.6267227E+01
 3.4832641E-01  2.6274879E+01
 3.4833578E-01  2.6282532E+01
 3.4834515E-01  2.6290187E+01
 3.4835453E-01  2.6297842E+01
 3.4836390E-01  2.6305499E+01
 3.4837327E-01  2.6313156E+01
 3.4838264E-01  2.6320815E+01
 3.4839201E-01  2.6328475E+01
 3.4840138E-01  2.6336137E+01
 3.4841075E-01  2.6343799E+01
 3.4842012E-01  2.6351462E+01
 3.4842949E-01  2.6359127E+01
 3.4843886E-01  2.6366793E+01
 3.4844823E-01  2.6374460E+01
 3.4845760E-01  2.6382128E+01
 3.4846697E-01  2.6389797E+01
 3.4847634E-01  2.6397467E+01
 3.4848571E-01  2.6405139E+01
 3.4849508E-01  2.6412811E+01
 3.4850446E-01  2.6420485E+01
 3.4851383E-01  2.6428160E+01
 3.4852320E-01  2.6435836E+01
 3.4853257E-01  2.6443513E+01
 3.4854194E-01  2.6451191E+01
 3.4855131E-01  2.6458870E+01
 3.4856068E-01  2.6466551E+01
 3.4857005E-01  2.6474232E+01
 3.4857942E-01  2.6481915E+01
 3.4858879E-01  2.6489599E+01
 3.4859816E-01  2.6497284E+01
 3.4860753E-01  2.6504970E+01
 3.4861690E-01  2.6512657E+01
 3.4862627E-01  2.6520346E+01
 3.4863564E-01  2.6528035E+01
 3.4864501E-01  2.6535726E+01
 3.4865439E-01  2.6543417E+01
 3.4866376E-01  2.6551110E+01
 3.4867313E-01  2.6558804E+01
 3.4868250E-01  2.6566499E+01
 3.4869187E-01  2.6574195E+01
 3.4870124E-01  2.6581892E+01
 3.4871061E-01  2.6589591E+01
 3.4871998E-01  2.6597290E+01
 3.4872935E-01  2.6604991E+01
 3.4873872E-01  2.6612693E+01
 3.4874809E-01  2.6620395E+01
 3.4875746E-01  2.6628099E+01
 3.4876683E-01  2.6635804E+01
 3.4877620E-01  2.6643511E+01
 3.4878557E-01  2.6651218E+01
 3.4879494E-01  2.6658926E+01
 3.4880432E-01  2.6666636E+01
 3.4881369E-01  2.6674346E+01
 3.4882306E-01  2.6682058E+01
 3.4883243E-01  2.6689770E+01
 3.4884180E-01  2.6697484E+01
 3.4885117E-01  2.6705199E+01
 3.4886054E-01  2.6712915E+01
 3.4886991E-01  2.6720633E+01
 3.4887928E-01  2.6728351E+01
 3.4888865E-01  2.6736070E+01
 3.4889802E-01  2.6743791E+01
 3.4890739E-01  2.6751512E+01
 3.4891676E-01  2.6759235E+01
 3.4892613E-01  2.6766958E+01
 3.4893550E-01  2.6774683E+01
 3.4894487E-01  2.6782409E+01
 3.4895424E-01  2.6790136E+01
 3.4896362E-01  2.6797864E+01
 3.4897299E-01  2.6805593E+01
 3.4898236E-01  2.6813324E+01
 3.4899173E-01  2.6821055E+01
 3.4900110E-01  2.6828787E+01
 3.4901047E-01  2.6836521E+01
 3.4901984E-01  2.6844255E+01
 3.4902921E-01  2.6851991E+01
 3.4903858E-01  2.6859728E+01
 3.4904795E-01  2.6867466E+01
 3.4905732E-01  2.6875205E+01
 3.4906669E-01  2.6882945E+01
 3.4907606E-01  2.6890686E+01
 3.4908543E-01  2.6898428E+01
 3.4909480E-01  2.6906171E+01
 3.4910417E-01  2.6913915E+01
 3.4911355E-01  2.6921661E+01
 3.4912292E-01  2.6929407E+01
 3.4913229E-01  2.6937155E+01
 3.4914166E-01  2.6944903E+01
 3.4915103E-01  2.6952653E+01
 3.4916040E-01  2.6960404E+01
 3.4916977E-01  2.6968156E+01
 3.4917914E-01  2.6975908E+01
 3.4918851E-01  2.6983662E+01
 3.4919788E-01  2.6991417E+01
 3.4920725E-01  2.6999174E+01
 3.4921662E-01  2.7006931E+01
 3.4922599E-01  2.7014689E+01
 3.4923536E-01  2.7022448E+01
 3.4924473E-01  2.7030208E+01
 3.4925410E-01  2.7037970E+01
 3.4926348E-01  2.7045732E+01
 3.4927285E-01  2.7053496E+01
 3.4928222E-01  2.7061260E+01
 3.4929159E-01  2.7069026E+01
 3.4930096E-01  2.7076793E+01
 3.4931033E-01  2.7084561E+01
 3.4931970E-01  2.7092329E+01
 3.4932907E-01  2.7100099E+01
 3.4933844E-01  2.7107870E+01
 3.4934781E-01  2.7115642E+01
 3.4935718E-01  2.7123415E+01
 3.4936655E-01  2.7131189E+01
 3.4937592E-01  2.7138964E+01
 3.4938529E-01  2.7146741E+01
 3.4939466E-01  2.7154518E+01
 3.4940403E-01  2.7162296E+01
 3.4941341E-01  2.7170075E+01
 3.4942278E-01  2.7177856E+01
 3.4943215E-01  2.7185637E+01
 3.4944152E-01  2.7193420E+01
 3.4945089E-01  2.7201203E+01
 3.4946026E-01  2.7208988E+01
 3.4946963E-01  2.7216773E+01
 3.4947900E-01  2.7224560E+01
 3.4948837E-01  2.7232348E+01
 3.4949774E-01  2.7240136E+01
 3.4950711E-01  2.7247926E+01
 3.4951648E-01  2.7255717E+01
 3.4952585E-01  2.7263509E+01
 3.4953522E-01  2.7271301E+01
 3.4954459E-01  2.7279095E+01
 3.4955396E-01  2.7286890E+01
 3.4956334E-01  2.7294686E+01
 3.4957271E-01  2.7302483E+01
 3.4958208E-01  2.7310281E+01
 3.4959145E-01  2.7318080E+01
 3.4960082E-01  2.7325880E+01
 3.4961019E-01  2.7333681E+01
 3.4961956E-01  2.7341484E+01
 3.4962893E-01  2.7349287E+01
 3.4963830E-01  2.7357091E+01
 3.4964767E-01  2.7364896E+01
 3.4965704E-01  2.7372702E+01
 3.4966641E-01  2.7380510E+01
 3.4967578E-01  2.7388318E+01
 3.4968515E-01  2.7396127E+01
 3.4969452E-01  2.7403938E+01
 3.4970389E-01  2.7411749E+01
 3.4971327E-01  2.7419561E+01
 3.4972264E-01  2.7427375E+01
 3.4973201E-01  2.7435189E+01
 3.4974138E-01  2.7443005E+01
 3.4975075E-01  2.7450821E+01
 3.4976012E-01  2.7458639E+01
 3.4976949E-01  2.7466457E+01
 3.4977886E-01  2.7474277E+01
 3.4978823E-01  2.7482097E+01
 3.4979760E-01  2.7489919E+01
 3.4980697E-01  2.7497741E+01
 3.4981634E-01  2.7505565E+01
 3.4982571E-01  2.7513389E+01
 3.4983508E-01  2.7521215E+01
 3.4984445E-01  2.7529041E+01
 3.4985382E-01  2.7536869E+01
 3.4986320E-01  2.7544697E+01
 3.4987257E-01  2.7552527E+01
 3.4988194E-01  2.7560358E+01
 3.4989131E-01  2.7568189E+01
 3.4990068E-01  2.7576022E+01
 3.4991005E-01  2.7583855E+01
 3.4991942E-01  2.7591690E+01
 3.4992879E-01  2.7599526E+01
 3.4993816E-01  2.7607362E+01
 3.4994753E-01  2.7615200E+01
 3.4995690E-01  2.7623038E+01
 3.4996627E-01  2.7630878E+01
 3.4997564E-01  2.7638719E+01
 3.4998501E-01  2.7646560E+01
 3.4999438E-01  2.7654403E+01
 3.5000375E-01  2.7662246E+01
 3.5001313E-01  2.7670091E+01
 3.5002250E-01  2.7677936E+01
 3.5003187E-01  2.7685783E+01
 3.5004124E-01  2.7693630E+01
 3.5005061E-01  2.7701479E+01
 3.5005998E-01  2.7709328E+01
 3.5006935E-01  2.7717179E+01
 3.5007872E-01  2.7725030E+01
 3.5008809E-01  2.7732883E+01
 3.5009746E-01  2.7740736E+01
 3.5010683E-01  2.7748591E+01
 3.5011620E-01  2.7756446E+01
 3.5012557E-01  2.7764303E+01
 3.5013494E-01  2.7772160E+01
 3.5014431E-01  2.7780018E+01
 3.5015368E-01  2.7787878E+01
 3.5016306E-01  2.7795738E+01
 3.5017243E-01  2.7803599E+01
 3.5018180E-01  2.7811462E+01
 3.5019117E-01  2.7819325E+01
 3.5020054E-01  2.7827189E+01
 3.5120054E-01  0.0000000E+00
 3.5220054E-01  0.0000000E+00
 3.5320054E-01  0.0000000E+00
 3.5420054E-01  0.0000000E+00
 3.5520054E-01  0.0000000E+00
 3.5620054E-01  0.0000000E+00
 3.5720054E-01  0.0000000E+00
 3.5820054E-01  0.0000000E+00
 3.5920054E-01  0.0000000E+00
 3.6020054E-01  0.0000000E+00
 3.6120054E-01  0.0000000E+00
 3.6220054E-01  0.0000000E+00
 3.6320054E-01  0.0000000E+00
 3.6420054E-01  0.0000000E+00
 3.6520054E-01  0.0000000E+00
 3.6620054E-01  0.0000000E+00
 3.6720054E-01  0.0000000E+00
 3.6820054E-01  0.0000000E+00
 3.6920054E-01  0.0000000E+00
 3.7020054E-01  0.0000000E+00
 3.7120054E-01  0.0000000E+00
 3.7220054E-01  0.0000000E+00
 3.7320054E-01  0.0000000E+00
 3.7420054E-01  0.0000000E+00
 3.7520054E-01  0.0000000E+00
 3.7620054E-01  0.0000000E+00
 3.7720054E-01  0.0000000E+00
 3.7820054E-01  0.0000000E+00
 3.7920054E-01  0.0000000E+00
 3.8020054E-01  0.0000000E+00
 3.8120054E-01  0.0000000E+00
 3.8220054E-01  0.0000000E+00
 3.8320054E-01  0.0000000E+00
 3.8420054E-01  0.0000000E+00
 3.8520054E-01  0.0000000E+00
 3.8620054E-01  0.0000000E+00
 3.8720054E-01  0.0000000E+00
 3.8820054E-01  0.0000000E+00
 3.8920054E-01  0.0000000E+00
 3.9020054E-01  0.0000000E+00
 3.9120054E-01  0.0000000E+00
 3.9220054E-01  0.0000000E+00
 3.9320054E-01  0.0000000E+00
 3.9420054E-01  0.0000000E+00
 3.9520054E-01  0.0000000E+00
 3.9620054E-01  0.0000000E+00
 3.9720054E-01  0.0000000E+00
 3.9820054E-01  0.0000000E+00
 3.9920054E-01  0.0000000E+00
 4.0020054E-01  0.0000000E+00
 4.0120054E-01  0.0000000E+00
 4.0220054E-01  0.0000000E+00
 4.0320054E-01  0.0000000E+00
 4.0420054E-01  0.0000000E+00
 4.0520054E-01  0.0000000E+00
 4.0620054E-01  0.0000000E+00
 4.0720054E-01  0.0000000E+00
 4.0820054E-01  0.0000000E+00
 4.0920054E-01  0.0000000E+00
 4.1020054E-01  0.0000000E+00
 4.1120054E-01  0.0000000E+00
 4.1220054E-01  0.0000000E+00
 4.1320054E-01  0.0000000E+00
 4.1420054E-01  0.0000000E+00
 4.1520054E-01  0.0000000E+00
 4.1620054E-01  0.0000000E+00
 4.1720054E-01  0.0000000E+00
 4.1820054E-01  0.0000000E+00
 4.1920054E-01  0.0000000E+00
 4.2020054E-01  0.0000000E+00
 4.2120054E-01  0.0000000E+00
 4.2220054E-01  0.0000000E+00
 4.2320054E-01  0.0000000E+00
 4.2420054E-01  0.0000000E+00
 4.2520054E-01  0.0000000E+00
 4.2620054E-01  0.0000000E+00
 4.2720054E-01  0.0000000E+00
 4.2820054E-01  0.0000000E+00
 4.2920054E-01  0.0000000E+00
 4.3020054E-01  0.0000000E+00
 4.3120054E-01  0.0000000E+00
 4.3220054E-01  0.0000000E+00
 4.3320054E-01  0.0000000E+00
 4.3420054E-01  0.0000000E+00
 4.3520054E-01  0.0000000E+00
 4.3620054E-01  0.0000000E+00
 4.3720054E-01  0.0000000E+00
 4.3820054E-01  0.0000000E+00
 4.3920054E-01  0.0000000E+00
 4.4020054E-01  0.0000000E+00
 4.4120054E-01  0.0000000E+00
 4.4220054E-01  0.0000000E+00
 4.4320054E-01  0.0000000E+00
 4.4420054E-01  0.0000000E+00
 4.4520054E-01  0.0000000E+00
 4.4620054E-01  0.0000000E+00
 4.4720054E-01  0.0000000E+00
 4.4820054E-01  0.0000000E+00
 4.4920054E-01  0.0000000E+00
 4.5020054E-01  0.0000000E+00
 4.5120054E-01  0.0000000E+00
 4.5220054E-01  0.0000000E+00
 4.5320054E-01  0.0000000E+00
 4.5420054E-01  0.0000000E+00
 4.5520054E-01  0.0000000E+00
 4.5620054E-01  0.0000000E+00
 4.5720054E-01  0.0000000E+00
 4.5820054E-01  0.0000000E+00
 4.5920054E-01  0.0000000E+00
 4.6020054E-01  0.0000000E+00
 4.6120054E-01  0.0000000E+00
 4.6220054E-01  0.0000000E+00
 4.6320054E-01  0.0000000E+00
 4.6420054E-01  0.0000000E+00
 4.6520054E-01  0.0000000E+00
 4.6620054E-01  0.0000000E+00
 4.6720054E-01  0.0000000E+00
 4.6820054E-01  0.0000000E+00
 4.6920054E-01  0.0000000E+00
 4.7020054E-01  0.0000000E+00
 4.7120054E-01  0.0000000E+00
 4.7220054E-01  0.0000000E+00
 4.7320054E-01  0.0000000E+00
 4.7420054E-01  0.0000000E+00
 4.7520054E-01  0.0000000E+00
 4.7620054E-01  0.0000000E+00
 4.7720054E-01  0.0000000E+00
 4.7820054E-01  0.0000000E+00
 4.7920054E-01  0.0000000E+00
 4.8020054E-01  0.0000000E+00
 4.8120054E-01  0.0000000E+00
 4.8220054E-01  0.0000000E+00
 4.8320054E-01  0.0000000E+00
 4.8420054E-01  0.0000000E+00
 4.8520053E-01  0.0000000E+00
 4.8620053E-01  0.0000000E+00
 4.8720053E-01  0.0000000E+00
 4.8820053E-01  0.0000000E+00
 4.8920053E-01  0.0000000E+00
 4.9020053E-01  0.0000000E+00
 4.9120053E-01  0.0000000E+00
 4.9220053E-01  0.0000000E+00
 4.9320053E-01  0.0000000E+00
 4.9420053E-01  0.0000000E+00
 4.9520053E-01  0.0000000E+00
 4.9620053E-01  0.0000000E+00
 4.9720053E-01  0.0000000E+00
 4.9820053E-01  0.0000000E+00
 4.9920053E-01  0.0000000E+00
 5.0020053E-01  0.0000000E+00
